#
# There is insufficient memory for the Java Runtime Environment to continue.
# Native memory allocation (malloc) failed to allocate 37456 bytes for Chunk::new
# Possible reasons:
#   The system is out of physical RAM or swap space
#   In 32 bit mode, the process size limit was hit
# Possible solutions:
#   Reduce memory load on the system
#   Increase physical memory or swap space
#   Check if swap backing store is full
#   Use 64 bit Java on a 64 bit OS
#   Decrease Java heap size (-Xmx/-Xms)
#   Decrease number of Java threads
#   Decrease Java thread stack sizes (-Xss)
#   Set larger code cache with -XX:ReservedCodeCacheSize=
# This output file may be truncated or incomplete.
#
#  Out of Memory Error (allocation.cpp:390), pid=14096, tid=0x00000000000022a0
#
# JRE version: OpenJDK Runtime Environment (8.0_112-b06) (build 1.8.0_112-release-b06)
# Java VM: OpenJDK 64-Bit Server VM (25.112-b06 mixed mode windows-amd64 compressed oops)
# Failed to write core dump. Minidumps are not enabled by default on client versions of Windows
#

---------------  T H R E A D  ---------------

Current thread (0x000000001dfaa800):  JavaThread "C2 CompilerThread0" daemon [_thread_in_native, id=8864, stack(0x000000001f900000,0x000000001fa00000)]

Stack: [0x000000001f900000,0x000000001fa00000]
[error occurred during error reporting (printing stack bounds), id 0xc0000005]

Native frames: (J=compiled Java code, j=interpreted, Vv=VM code, C=native code)


Current CompileTask:
C2:   3463 1072       4       com.android.dx.ssa.SsaBasicBlock::forEachPhiInsn (54 bytes)


---------------  P R O C E S S  ---------------

Java Threads: ( => current thread )
  0x000000001f5cc000 JavaThread "pool-2-thread-4" [_thread_blocked, id=14276, stack(0x0000000020200000,0x0000000020300000)]
  0x000000001f589000 JavaThread "pool-2-thread-3" [_thread_in_Java, id=9136, stack(0x0000000020100000,0x0000000020200000)]
  0x000000001f578000 JavaThread "pool-2-thread-2" [_thread_blocked, id=13272, stack(0x0000000020000000,0x0000000020100000)]
  0x000000001f45f800 JavaThread "pool-3-thread-1" [_thread_blocked, id=4536, stack(0x000000001ff00000,0x0000000020000000)]
  0x000000001f453800 JavaThread "pool-2-thread-1" [_thread_blocked, id=948, stack(0x000000001fe00000,0x000000001ff00000)]
  0x000000001f360000 JavaThread "Service Thread" daemon [_thread_blocked, id=11572, stack(0x000000001fc00000,0x000000001fd00000)]
  0x000000001f359000 JavaThread "C1 CompilerThread2" daemon [_thread_in_native, id=14604, stack(0x000000001fb00000,0x000000001fc00000)]
  0x000000001dfad800 JavaThread "C2 CompilerThread1" daemon [_thread_in_native, id=11300, stack(0x000000001fa00000,0x000000001fb00000)]
=>0x000000001dfaa800 JavaThread "C2 CompilerThread0" daemon [_thread_in_native, id=8864, stack(0x000000001f900000,0x000000001fa00000)]
  0x000000001f308800 JavaThread "Attach Listener" daemon [_thread_blocked, id=2588, stack(0x000000001f800000,0x000000001f900000)]
  0x000000001df46800 JavaThread "Signal Dispatcher" daemon [_thread_blocked, id=1100, stack(0x000000001f700000,0x000000001f800000)]
  0x0000000004876800 JavaThread "Finalizer" daemon [_thread_blocked, id=10008, stack(0x000000001f1a0000,0x000000001f2a0000)]
  0x0000000004871000 JavaThread "Reference Handler" daemon [_thread_blocked, id=4912, stack(0x000000001f0a0000,0x000000001f1a0000)]
  0x0000000004780800 JavaThread "main" [_thread_in_native, id=8088, stack(0x00000000045d0000,0x00000000046d0000)]

Other Threads:
  0x000000001df15800 VMThread [stack: 0x000000001efa0000,0x000000001f0a0000] [id=13300]
  0x000000001f362000 WatcherThread [stack: 0x000000001fd00000,0x000000001fe00000] [id=7192]

VM state:not at safepoint (normal execution)

VM Mutex/Monitor currently owned by a thread: None

Heap:
 PSYoungGen      total 36864K, used 25038K [0x000000076ab00000, 0x000000076d400000, 0x00000007c0000000)
  eden space 31744K, 78% used [0x000000076ab00000,0x000000076c373aa0,0x000000076ca00000)
  from space 5120K, 0% used [0x000000076cf00000,0x000000076cf00000,0x000000076d400000)
  to   space 5120K, 0% used [0x000000076ca00000,0x000000076ca00000,0x000000076cf00000)
 ParOldGen       total 84992K, used 0K [0x00000006c0000000, 0x00000006c5300000, 0x000000076ab00000)
  object space 84992K, 0% used [0x00000006c0000000,0x00000006c0000000,0x00000006c5300000)
 Metaspace       used 5736K, capacity 6896K, committed 7040K, reserved 1056768K
  class space    used 563K, capacity 616K, committed 640K, reserved 1048576K

Card table byte_map: [0x0000000013c40000,0x0000000014450000] byte_map_base: 0x0000000010640000

Marking Bits: (ParMarkBitMap*) 0x00000000688618f0
 Begin Bits: [0x0000000014db0000, 0x0000000018db0000)
 End Bits:   [0x0000000018db0000, 0x000000001cdb0000)

Polling page: 0x0000000002a90000

CodeCache: size=245760Kb used=4411Kb max_used=4413Kb free=241348Kb
 bounds [0x0000000004880000, 0x0000000004ce0000, 0x0000000013880000]
 total_blobs=1337 nmethods=1074 adapters=177
 compilation: enabled

Compilation events (10 events):
Event: 3.450 Thread 0x000000001f359000 1067   !   3       com.android.dx.cf.code.OneLocalsArray::merge (31 bytes)
Event: 3.450 Thread 0x000000001f359000 nmethod 1067 0x0000000004cc7310 code [0x0000000004cc74c0, 0x0000000004cc7888]
Event: 3.450 Thread 0x000000001f359000 1068   !   3       com.android.dx.cf.code.ExecutionStack::merge (31 bytes)
Event: 3.450 Thread 0x000000001f359000 nmethod 1068 0x0000000004cc6b50 code [0x0000000004cc6d00, 0x0000000004cc71a8]
Event: 3.450 Thread 0x000000001dfad800 1069       4       com.android.dx.rop.code.RegisterSpec::intersect (169 bytes)
Event: 3.450 Thread 0x000000001dfaa800 1070       4       com.android.dx.ssa.SsaRenamer$BlockRenamer$1::visitPhiInsn (60 bytes)
Event: 3.453 Thread 0x000000001dfad800 nmethod 1069 0x0000000004cc9a50 code [0x0000000004cc9bc0, 0x0000000004cca130]
Event: 3.455 Thread 0x000000001dfaa800 nmethod 1070 0x0000000004cc8e10 code [0x0000000004cc8f80, 0x0000000004cc94d8]
Event: 3.456 Thread 0x000000001dfad800 1071 %     4       com.android.dx.ssa.SsaMethod::deleteInsns @ 8 (239 bytes)
Event: 3.457 Thread 0x000000001dfaa800 1072       4       com.android.dx.ssa.SsaBasicBlock::forEachPhiInsn (54 bytes)

GC Heap History (0 events):
No events

Deoptimization events (10 events):
Event: 2.865 Thread 0x000000001f578000 Uncommon trap: reason=bimorphic action=maybe_recompile pc=0x0000000004bf96a0 method=com.android.dx.ssa.NormalSsaInsn.accept(Lcom/android/dx/ssa/SsaInsn$Visitor;)V @ 9
Event: 2.866 Thread 0x000000001f578000 Uncommon trap: reason=bimorphic action=maybe_recompile pc=0x0000000004bf96a0 method=com.android.dx.ssa.NormalSsaInsn.accept(Lcom/android/dx/ssa/SsaInsn$Visitor;)V @ 9
Event: 2.866 Thread 0x000000001f578000 Uncommon trap: reason=bimorphic action=maybe_recompile pc=0x0000000004bf96a0 method=com.android.dx.ssa.NormalSsaInsn.accept(Lcom/android/dx/ssa/SsaInsn$Visitor;)V @ 9
Event: 2.867 Thread 0x000000001f578000 Uncommon trap: reason=class_check action=maybe_recompile pc=0x0000000004be6a48 method=com.android.dx.ssa.NormalSsaInsn.accept(Lcom/android/dx/ssa/SsaInsn$Visitor;)V @ 9
Event: 2.869 Thread 0x000000001f578000 Uncommon trap: reason=class_check action=maybe_recompile pc=0x0000000004be6a48 method=com.android.dx.ssa.NormalSsaInsn.accept(Lcom/android/dx/ssa/SsaInsn$Visitor;)V @ 9
Event: 2.872 Thread 0x000000001f578000 Uncommon trap: reason=class_check action=maybe_recompile pc=0x0000000004be6a48 method=com.android.dx.ssa.NormalSsaInsn.accept(Lcom/android/dx/ssa/SsaInsn$Visitor;)V @ 9
Event: 3.256 Thread 0x000000001f589000 Uncommon trap: reason=null_check action=make_not_entrant pc=0x0000000004c02870 method=com.android.dx.rop.type.Type.equals(Ljava/lang/Object;)Z @ 8
Event: 3.259 Thread 0x000000001f589000 Uncommon trap: reason=class_check action=maybe_recompile pc=0x0000000004be6a48 method=com.android.dx.ssa.NormalSsaInsn.accept(Lcom/android/dx/ssa/SsaInsn$Visitor;)V @ 9
Event: 3.456 Thread 0x000000001f589000 Uncommon trap: reason=bimorphic action=maybe_recompile pc=0x0000000004cce10c method=com.android.dx.ssa.SCCP.simulatePhi(Lcom/android/dx/ssa/PhiInsn;)V @ 124
Event: 3.456 Thread 0x000000001f589000 Uncommon trap: reason=bimorphic action=maybe_recompile pc=0x0000000004cce10c method=com.android.dx.ssa.SCCP.simulatePhi(Lcom/android/dx/ssa/PhiInsn;)V @ 124

Internal exceptions (4 events):
Event: 0.562 Thread 0x0000000004780800 Exception <a 'java/lang/NoSuchMethodError': Method sun.misc.Unsafe.defineClass(Ljava/lang/String;[BII)Ljava/lang/Class; name or signature does not match> (0x000000076ab07c78) thrown at [C:\src\android\AOSP-openjdk\external\jetbrains\jdk\hotspot\src\share\v†Á_¤ÿÿá?
Event: 0.562 Thread 0x0000000004780800 Exception <a 'java/lang/NoSuchMethodError': Method sun.misc.Unsafe.prefetchRead(Ljava/lang/Object;J)V name or signature does not match> (0x000000076ab07f60) thrown at [C:\src\android\AOSP-openjdk\external\jetbrains\jdk\hotspot\src\share\vm\prims\jni.cpp, l=dð’@
Event: 2.322 Thread 0x000000001f578000 Implicit null exception at 0x0000000004b5b924 to 0x0000000004b5dbc5
Event: 3.256 Thread 0x000000001f589000 Implicit null exception at 0x0000000004c02762 to 0x0000000004c02862

Events (10 events):
Event: 3.256 Thread 0x000000001f589000 DEOPT UNPACKING pc=0x00000000048c556a sp=0x00000000201fe458 mode 2
Event: 3.259 Thread 0x000000001f589000 Uncommon trap: trap_request=0xffffffde fr.pc=0x0000000004be6a48
Event: 3.259 Thread 0x000000001f589000 DEOPT PACKING pc=0x0000000004be6a48 sp=0x00000000201fe8c0
Event: 3.259 Thread 0x000000001f589000 DEOPT UNPACKING pc=0x00000000048c556a sp=0x00000000201fe8f0 mode 2
Event: 3.456 Thread 0x000000001f589000 Uncommon trap: trap_request=0xffffffc6 fr.pc=0x0000000004cce10c
Event: 3.456 Thread 0x000000001f589000 DEOPT PACKING pc=0x0000000004cce10c sp=0x00000000201fe930
Event: 3.456 Thread 0x000000001f589000 DEOPT UNPACKING pc=0x00000000048c556a sp=0x00000000201fe8e8 mode 2
Event: 3.456 Thread 0x000000001f589000 Uncommon trap: trap_request=0xffffffc6 fr.pc=0x0000000004cce10c
Event: 3.456 Thread 0x000000001f589000 DEOPT PACKING pc=0x0000000004cce10c sp=0x00000000201fe930
Event: 3.456 Thread 0x000000001f589000 DEOPT UNPACKING pc=0x00000000048c556a sp=0x00000000201fe8e8 mode 2


Dynamic libraries:
0x00007ff722430000 - 0x00007ff722461000 	C:\Program Files\Android\Android Studio\jre\bin\java.exe
0x00007fffa0ef0000 - 0x00007fffa10d0000 	C:\WINDOWS\SYSTEM32\ntdll.dll
0x00007fff9e8d0000 - 0x00007fff9e97e000 	C:\WINDOWS\System32\KERNEL32.DLL
0x00007fff9de90000 - 0x00007fff9e0f6000 	C:\WINDOWS\System32\KERNELBASE.dll
0x00007fffa09a0000 - 0x00007fffa0a41000 	C:\WINDOWS\System32\ADVAPI32.dll
0x00007fff9f250000 - 0x00007fff9f2ed000 	C:\WINDOWS\System32\msvcrt.dll
0x00007fff9e5c0000 - 0x00007fff9e61b000 	C:\WINDOWS\System32\sechost.dll
0x00007fffa0be0000 - 0x00007fffa0cff000 	C:\WINDOWS\System32\RPCRT4.dll
0x00007fff9e6d0000 - 0x00007fff9e85f000 	C:\WINDOWS\System32\USER32.dll
0x00007fff9d550000 - 0x00007fff9d570000 	C:\WINDOWS\System32\win32u.dll
0x00007fff9e590000 - 0x00007fff9e5b8000 	C:\WINDOWS\System32\GDI32.dll
0x00007fff9e220000 - 0x00007fff9e3b3000 	C:\WINDOWS\System32\gdi32full.dll
0x00007fff9e100000 - 0x00007fff9e19b000 	C:\WINDOWS\System32\msvcp_win.dll
0x00007fff9d3a0000 - 0x00007fff9d496000 	C:\WINDOWS\System32\ucrtbase.dll
0x00007fff8cf90000 - 0x00007fff8d1f9000 	C:\WINDOWS\WinSxS\amd64_microsoft.windows.common-controls_6595b64144ccf1df_6.0.16299.125_none_15cbcf8893620c09\COMCTL32.dll
0x00007fff9ef40000 - 0x00007fff9f248000 	C:\WINDOWS\System32\combase.dll
0x00007fff9e1a0000 - 0x00007fff9e212000 	C:\WINDOWS\System32\bcryptPrimitives.dll
0x00007fff9e560000 - 0x00007fff9e58d000 	C:\WINDOWS\System32\IMM32.DLL
0x0000000068fc0000 - 0x0000000069092000 	C:\Program Files\Android\Android Studio\jre\jre\bin\msvcr100.dll
0x00000000680a0000 - 0x00000000688dc000 	C:\Program Files\Android\Android Studio\jre\jre\bin\server\jvm.dll
0x00007fff9f2f0000 - 0x00007fff9f2f8000 	C:\WINDOWS\System32\PSAPI.DLL
0x00007fff99350000 - 0x00007fff99373000 	C:\WINDOWS\SYSTEM32\WINMM.dll
0x00007fff9a310000 - 0x00007fff9a31a000 	C:\WINDOWS\SYSTEM32\VERSION.dll
0x00007fff98b70000 - 0x00007fff98b79000 	C:\WINDOWS\SYSTEM32\WSOCK32.dll
0x00007fffa0930000 - 0x00007fffa099c000 	C:\WINDOWS\System32\WS2_32.dll
0x00007fff992f0000 - 0x00007fff9931a000 	C:\WINDOWS\SYSTEM32\winmmbase.dll
0x00007fff9d2f0000 - 0x00007fff9d33a000 	C:\WINDOWS\System32\cfgmgr32.dll
0x00007fff98b60000 - 0x00007fff98b6f000 	C:\Program Files\Android\Android Studio\jre\jre\bin\verify.dll
0x00007fff8e150000 - 0x00007fff8e179000 	C:\Program Files\Android\Android Studio\jre\jre\bin\java.dll
0x00007fff8e440000 - 0x00007fff8e456000 	C:\Program Files\Android\Android Studio\jre\jre\bin\zip.dll
0x00007fff9f3f0000 - 0x00007fffa0826000 	C:\WINDOWS\System32\SHELL32.dll
0x00007fff9e620000 - 0x00007fff9e6c6000 	C:\WINDOWS\System32\shcore.dll
0x00007fff9d740000 - 0x00007fff9de87000 	C:\WINDOWS\System32\windows.storage.dll
0x00007fffa0830000 - 0x00007fffa0881000 	C:\WINDOWS\System32\shlwapi.dll
0x00007fff9d240000 - 0x00007fff9d251000 	C:\WINDOWS\System32\kernel.appcore.dll
0x00007fff9d2a0000 - 0x00007fff9d2ec000 	C:\WINDOWS\System32\powrprof.dll
0x00007fff9d280000 - 0x00007fff9d29b000 	C:\WINDOWS\System32\profapi.dll

VM Arguments:
jvm_args: -Djava.awt.headless=true -Xmx4g -Dfile.encoding=GBK -Duser.country=CN -Duser.language=zh -Duser.variant 
java_command: com.android.dx.command.Main --dex --force-jumbo --num-threads=4 --multi-dex --output D:\works\ZYJXObject\app\build\intermediates\transforms\dex\debug\folders\1000\5\slice_4 D:\works\ZYJXObject\app\build\intermediates\transforms\instantRunSlicer\debug\folders\1\5\slice_4
java_class_path (initial): C:\Users\User\AppData\Local\Android\sdk\build-tools\26.0.0\lib\dx.jar
Launcher Type: SUN_STANDARD

Environment Variables:
JAVA_HOME=C:\Program Files\Java\jdk1.8.0_45
PATH=C:\ProgramData\Oracle\Java\javapath;C:\WINDOWS\system32;C:\WINDOWS;C:\WINDOWS\System32\Wbem;C:\WINDOWS\System32\WindowsPowerShell\v1.0\;C:\Program Files\Java\jdk1.8.0_45\bin;C:\Program Files\Java\jdk1.8.0_45\jre\bin;C:\Program Files (x86)\GtkSharp\2.12\bin;C:\Users\User\AppData\Local\Microsoft\WindowsApps;C:\Users\User\AppData\Local\GitHubDesktop\bin
USERNAME=User
OS=Windows_NT
PROCESSOR_IDENTIFIER=Intel64 Family 6 Model 158 Stepping 9, GenuineIntel



---------------  S Y S T E M  ---------------

OS: Windows 10.0 , 64 bit Build 16299 (10.0.16299.15)

CPU:total 4 (4 cores per cpu, 1 threads per core) family 6 model 158 stepping 9, cmov, cx8, fxsr, mmx, sse, sse2, sse3, ssse3, sse4.1, sse4.2, popcnt, avx, avx2, aes, clmul, erms, 3dnowpref, lzcnt, tsc, tscinvbit, bmi1, bmi2, adx

Memory: 4k page, physical 8071812k(2070328k free), swap 33237636k(4120k free)

vm_info: OpenJDK 64-Bit Server VM (25.112-b06) for windows-amd64 JRE (1.8.0_112-release-b06), built on Dec  8 2016 00:54:26 by "builder" with MS VC++ 10.0 (VS2010)

time: Fri Jan 19 17:31:53 2018
elapsed time: 3 seconds (0d 0h 0m 3s)

