#
# There is insufficient memory for the Java Runtime Environment to continue.
# Native memory allocation (malloc) failed to allocate 735936 bytes for Chunk::new
# Possible reasons:
#   The system is out of physical RAM or swap space
#   In 32 bit mode, the process size limit was hit
# Possible solutions:
#   Reduce memory load on the system
#   Increase physical memory or swap space
#   Check if swap backing store is full
#   Use 64 bit Java on a 64 bit OS
#   Decrease Java heap size (-Xmx/-Xms)
#   Decrease number of Java threads
#   Decrease Java thread stack sizes (-Xss)
#   Set larger code cache with -XX:ReservedCodeCacheSize=
# This output file may be truncated or incomplete.
#
#  Out of Memory Error (allocation.cpp:390), pid=5000, tid=0x0000000000002efc
#
# JRE version: OpenJDK Runtime Environment (8.0_112-b06) (build 1.8.0_112-release-b06)
# Java VM: OpenJDK 64-Bit Server VM (25.112-b06 mixed mode windows-amd64 compressed oops)
# Failed to write core dump. Minidumps are not enabled by default on client versions of Windows
#

---------------  T H R E A D  ---------------

Current thread (0x000000001e8aa800):  JavaThread "C2 CompilerThread1" daemon [_thread_in_native, id=12028, stack(0x00000000202a0000,0x00000000203a0000)]

Stack: [0x00000000202a0000,0x00000000203a0000]
[error occurred during error reporting (printing stack bounds), id 0xc0000005]

Native frames: (J=compiled Java code, j=interpreted, Vv=VM code, C=native code)


Current CompileTask:
C2:   2273 1097   !   4       com.android.dx.cf.code.BytecodeArray::parseInstruction (2764 bytes)


---------------  P R O C E S S  ---------------

Java Threads: ( => current thread )
  0x000000001fdf5000 JavaThread "pool-2-thread-2" [_thread_in_Java, id=13072, stack(0x00000000208a0000,0x00000000209a0000)]
  0x000000001fd23000 JavaThread "pool-3-thread-1" [_thread_blocked, id=7724, stack(0x00000000207a0000,0x00000000208a0000)]
  0x000000001fc06800 JavaThread "Service Thread" daemon [_thread_blocked, id=10248, stack(0x00000000204a0000,0x00000000205a0000)]
  0x000000001fbf9000 JavaThread "C1 CompilerThread2" daemon [_thread_blocked, id=1044, stack(0x00000000203a0000,0x00000000204a0000)]
=>0x000000001e8aa800 JavaThread "C2 CompilerThread1" daemon [_thread_in_native, id=12028, stack(0x00000000202a0000,0x00000000203a0000)]
  0x000000001e845000 JavaThread "C2 CompilerThread0" daemon [_thread_in_native, id=14836, stack(0x00000000201a0000,0x00000000202a0000)]
  0x000000001e8a7800 JavaThread "Attach Listener" daemon [_thread_blocked, id=15176, stack(0x00000000200a0000,0x00000000201a0000)]
  0x000000001e861800 JavaThread "Signal Dispatcher" daemon [_thread_blocked, id=8372, stack(0x000000001ffa0000,0x00000000200a0000)]
  0x000000000517b000 JavaThread "Finalizer" daemon [_thread_blocked, id=6932, stack(0x000000001faa0000,0x000000001fba0000)]
  0x0000000005170000 JavaThread "Reference Handler" daemon [_thread_blocked, id=8104, stack(0x000000001f9a0000,0x000000001faa0000)]
  0x0000000005080800 JavaThread "main" [_thread_blocked, id=3280, stack(0x0000000004ec0000,0x0000000004fc0000)]

Other Threads:
  0x000000001e815800 VMThread [stack: 0x000000001f8a0000,0x000000001f9a0000] [id=7692]
  0x000000001fc07800 WatcherThread [stack: 0x00000000205a0000,0x00000000206a0000] [id=4596]

VM state:not at safepoint (normal execution)

VM Mutex/Monitor currently owned by a thread: None

Heap:
 PSYoungGen      total 36864K, used 28290K [0x000000076ab00000, 0x000000076d400000, 0x00000007c0000000)
  eden space 31744K, 89% used [0x000000076ab00000,0x000000076c6a0a38,0x000000076ca00000)
  from space 5120K, 0% used [0x000000076cf00000,0x000000076cf00000,0x000000076d400000)
  to   space 5120K, 0% used [0x000000076ca00000,0x000000076ca00000,0x000000076cf00000)
 ParOldGen       total 84992K, used 0K [0x00000006c0000000, 0x00000006c5300000, 0x000000076ab00000)
  object space 84992K, 0% used [0x00000006c0000000,0x00000006c0000000,0x00000006c5300000)
 Metaspace       used 5694K, capacity 6800K, committed 7040K, reserved 1056768K
  class space    used 546K, capacity 584K, committed 640K, reserved 1048576K

Card table byte_map: [0x0000000014540000,0x0000000014d50000] byte_map_base: 0x0000000010f40000

Marking Bits: (ParMarkBitMap*) 0x00000000688618f0
 Begin Bits: [0x00000000156b0000, 0x00000000196b0000)
 End Bits:   [0x00000000196b0000, 0x000000001d6b0000)

Polling page: 0x0000000003000000

CodeCache: size=245760Kb used=4650Kb max_used=4650Kb free=241109Kb
 bounds [0x0000000005180000, 0x0000000005610000, 0x0000000014180000]
 total_blobs=1400 nmethods=1137 adapters=177
 compilation: enabled

Compilation events (10 events):
Event: 2.268 Thread 0x000000001fbf9000 1133       3       com.android.dx.ssa.back.LivenessAnalyzer::constructInterferenceGraph (47 bytes)
Event: 2.268 Thread 0x000000001fbf9000 nmethod 1133 0x00000000055f7e50 code [0x00000000055f8000, 0x00000000055f8438]
Event: 2.268 Thread 0x000000001fbf9000 1134       3       com.android.dx.ssa.back.FirstFitLocalCombiningAllocator::handleUnassociatedParameters (60 bytes)
Event: 2.269 Thread 0x000000001fbf9000 nmethod 1134 0x000000000560b150 code [0x000000000560b300, 0x000000000560b9b8]
Event: 2.269 Thread 0x000000001e845000 nmethod 1129 0x000000000560bc50 code [0x000000000560bdc0, 0x000000000560c118]
Event: 2.269 Thread 0x000000001e845000 1130       4       com.android.dx.ssa.MoveParamCombiner$1::visitNonMoveInsn (213 bytes)
Event: 2.269 Thread 0x000000001fbf9000 1135       3       com.android.dx.ssa.SsaBasicBlock::addMoveToEnd (172 bytes)
Event: 2.270 Thread 0x000000001e845000 nmethod 1130 0x00000000055f7910 code [0x00000000055f7a60, 0x00000000055f7bc8]
Event: 2.270 Thread 0x000000001fbf9000 nmethod 1135 0x000000000560c550 code [0x000000000560c8e0, 0x000000000560e868]
Event: 2.270 Thread 0x000000001fbf9000 1136       3       com.android.dx.rop.code.InsnList::contentEquals (54 bytes)

GC Heap History (0 events):
No events

Deoptimization events (7 events):
Event: 0.807 Thread 0x000000001fd1b000 Uncommon trap: reason=unstable_if action=reinterpret pc=0x000000000535c7d4 method=java.util.HashMap.getNode(ILjava/lang/Object;)Ljava/util/HashMap$Node; @ 129
Event: 0.833 Thread 0x0000000005080800 Uncommon trap: reason=bimorphic action=maybe_recompile pc=0x00000000053d07ac method=java.util.HashMap.getNode(ILjava/lang/Object;)Ljava/util/HashMap$Node; @ 126
Event: 1.850 Thread 0x000000001fdf5800 Uncommon trap: reason=unstable_if action=reinterpret pc=0x00000000054090b0 method=java.util.BitSet.ensureCapacity(I)V @ 6
Event: 1.866 Thread 0x000000001fdf5000 Uncommon trap: reason=unstable_if action=reinterpret pc=0x00000000053478b4 method=java.util.BitSet.nextSetBit(I)I @ 87
Event: 1.883 Thread 0x0000000005080800 Uncommon trap: reason=unstable_if action=reinterpret pc=0x00000000053bf138 method=java.util.BitSet.ensureCapacity(I)V @ 6
Event: 2.269 Thread 0x000000001fdf5000 Uncommon trap: reason=class_check action=maybe_recompile pc=0x00000000055b8700 method=com.android.dx.ssa.NormalSsaInsn.accept(Lcom/android/dx/ssa/SsaInsn$Visitor;)V @ 9
Event: 2.269 Thread 0x000000001fdf5000 Uncommon trap: reason=class_check action=maybe_recompile pc=0x00000000054132a8 method=com.android.dx.ssa.NormalSsaInsn.accept(Lcom/android/dx/ssa/SsaInsn$Visitor;)V @ 9

Internal exceptions (2 events):
Event: 0.044 Thread 0x0000000005080800 Exception <a 'java/lang/NoSuchMethodError': Method sun.misc.Unsafe.defineClass(Ljava/lang/String;[BII)Ljava/lang/Class; name or signature does not match> (0x000000076ab07c78) thrown at [C:\src\android\AOSP-openjdk\external\jetbrains\jdk\hotspot\src\share\vI›€çÌ¦?
Event: 0.045 Thread 0x0000000005080800 Exception <a 'java/lang/NoSuchMethodError': Method sun.misc.Unsafe.prefetchRead(Ljava/lang/Object;J)V name or signature does not match> (0x000000076ab07f60) thrown at [C:\src\android\AOSP-openjdk\external\jetbrains\jdk\hotspot\src\share\vm\prims\jni.cpp, l

Events (10 events):
Event: 2.226 Thread 0x000000001fdf5000 DEOPT PACKING pc=0x0000000005406485 sp=0x000000002099ee10
Event: 2.226 Thread 0x000000001fdf5000 DEOPT UNPACKING pc=0x00000000051c75bf sp=0x000000002099ebf0 mode 0
Event: 2.263 Thread 0x000000001fdf5000 DEOPT PACKING pc=0x000000000551f9ed sp=0x000000002099eda0
Event: 2.263 Thread 0x000000001fdf5000 DEOPT UNPACKING pc=0x00000000051c75bf sp=0x000000002099eb38 mode 0
Event: 2.269 Thread 0x000000001fdf5000 Uncommon trap: trap_request=0xffffffde fr.pc=0x00000000055b8700
Event: 2.269 Thread 0x000000001fdf5000 DEOPT PACKING pc=0x00000000055b8700 sp=0x000000002099ede0
Event: 2.269 Thread 0x000000001fdf5000 DEOPT UNPACKING pc=0x00000000051c556a sp=0x000000002099ecf0 mode 2
Event: 2.269 Thread 0x000000001fdf5000 Uncommon trap: trap_request=0xffffffde fr.pc=0x00000000054132a8
Event: 2.269 Thread 0x000000001fdf5000 DEOPT PACKING pc=0x00000000054132a8 sp=0x000000002099ed90
Event: 2.269 Thread 0x000000001fdf5000 DEOPT UNPACKING pc=0x00000000051c556a sp=0x000000002099ece0 mode 2


Dynamic libraries:
0x00007ff722430000 - 0x00007ff722461000 	C:\Program Files\Android\Android Studio\jre\bin\java.exe
0x00007fffa0ef0000 - 0x00007fffa10d0000 	C:\WINDOWS\SYSTEM32\ntdll.dll
0x00007fff9e8d0000 - 0x00007fff9e97e000 	C:\WINDOWS\System32\KERNEL32.DLL
0x00007fff9de90000 - 0x00007fff9e0f6000 	C:\WINDOWS\System32\KERNELBASE.dll
0x00007fffa09a0000 - 0x00007fffa0a41000 	C:\WINDOWS\System32\ADVAPI32.dll
0x00007fff9f250000 - 0x00007fff9f2ed000 	C:\WINDOWS\System32\msvcrt.dll
0x00007fff9e5c0000 - 0x00007fff9e61b000 	C:\WINDOWS\System32\sechost.dll
0x00007fffa0be0000 - 0x00007fffa0cff000 	C:\WINDOWS\System32\RPCRT4.dll
0x00007fff9e6d0000 - 0x00007fff9e85f000 	C:\WINDOWS\System32\USER32.dll
0x00007fff9d550000 - 0x00007fff9d570000 	C:\WINDOWS\System32\win32u.dll
0x00007fff9e590000 - 0x00007fff9e5b8000 	C:\WINDOWS\System32\GDI32.dll
0x00007fff9e220000 - 0x00007fff9e3b3000 	C:\WINDOWS\System32\gdi32full.dll
0x00007fff9e100000 - 0x00007fff9e19b000 	C:\WINDOWS\System32\msvcp_win.dll
0x00007fff9d3a0000 - 0x00007fff9d496000 	C:\WINDOWS\System32\ucrtbase.dll
0x00007fff8cf90000 - 0x00007fff8d1f9000 	C:\WINDOWS\WinSxS\amd64_microsoft.windows.common-controls_6595b64144ccf1df_6.0.16299.125_none_15cbcf8893620c09\COMCTL32.dll
0x00007fff9ef40000 - 0x00007fff9f248000 	C:\WINDOWS\System32\combase.dll
0x00007fff9e1a0000 - 0x00007fff9e212000 	C:\WINDOWS\System32\bcryptPrimitives.dll
0x00007fff9e560000 - 0x00007fff9e58d000 	C:\WINDOWS\System32\IMM32.DLL
0x0000000068fc0000 - 0x0000000069092000 	C:\Program Files\Android\Android Studio\jre\jre\bin\msvcr100.dll
0x00000000680a0000 - 0x00000000688dc000 	C:\Program Files\Android\Android Studio\jre\jre\bin\server\jvm.dll
0x00007fff9f2f0000 - 0x00007fff9f2f8000 	C:\WINDOWS\System32\PSAPI.DLL
0x00007fff98b70000 - 0x00007fff98b79000 	C:\WINDOWS\SYSTEM32\WSOCK32.dll
0x00007fffa0930000 - 0x00007fffa099c000 	C:\WINDOWS\System32\WS2_32.dll
0x00007fff99350000 - 0x00007fff99373000 	C:\WINDOWS\SYSTEM32\WINMM.dll
0x00007fff9a310000 - 0x00007fff9a31a000 	C:\WINDOWS\SYSTEM32\VERSION.dll
0x00007fff992f0000 - 0x00007fff9931a000 	C:\WINDOWS\SYSTEM32\WINMMBASE.dll
0x00007fff9d2f0000 - 0x00007fff9d33a000 	C:\WINDOWS\System32\cfgmgr32.dll
0x00007fff98b60000 - 0x00007fff98b6f000 	C:\Program Files\Android\Android Studio\jre\jre\bin\verify.dll
0x00007fff8e150000 - 0x00007fff8e179000 	C:\Program Files\Android\Android Studio\jre\jre\bin\java.dll
0x00007fff8e440000 - 0x00007fff8e456000 	C:\Program Files\Android\Android Studio\jre\jre\bin\zip.dll
0x00007fff9f3f0000 - 0x00007fffa0826000 	C:\WINDOWS\System32\SHELL32.dll
0x00007fff9e620000 - 0x00007fff9e6c6000 	C:\WINDOWS\System32\shcore.dll
0x00007fff9d740000 - 0x00007fff9de87000 	C:\WINDOWS\System32\windows.storage.dll
0x00007fffa0830000 - 0x00007fffa0881000 	C:\WINDOWS\System32\shlwapi.dll
0x00007fff9d240000 - 0x00007fff9d251000 	C:\WINDOWS\System32\kernel.appcore.dll
0x00007fff9d2a0000 - 0x00007fff9d2ec000 	C:\WINDOWS\System32\powrprof.dll
0x00007fff9d280000 - 0x00007fff9d29b000 	C:\WINDOWS\System32\profapi.dll

VM Arguments:
jvm_args: -Djava.awt.headless=true -Xmx4g -Dfile.encoding=GBK -Duser.country=CN -Duser.language=zh -Duser.variant 
java_command: com.android.dx.command.Main --dex --force-jumbo --num-threads=4 --multi-dex --output D:\works\ZYJXObject\app\build\intermediates\transforms\dex\debug\folders\1000\2\SocialSDK_WeChat_Simplify_6e92716784b282cdde25c72d7acdfc160da5be8a D:\works\ZYJXObject\app\libs\SocialSDK_WeChat_Simplify.jar
java_class_path (initial): C:\Users\User\AppData\Local\Android\sdk\build-tools\26.0.0\lib\dx.jar
Launcher Type: SUN_STANDARD

Environment Variables:
JAVA_HOME=C:\Program Files\Java\jdk1.8.0_45
PATH=C:\ProgramData\Oracle\Java\javapath;C:\WINDOWS\system32;C:\WINDOWS;C:\WINDOWS\System32\Wbem;C:\WINDOWS\System32\WindowsPowerShell\v1.0\;C:\Program Files\Java\jdk1.8.0_45\bin;C:\Program Files\Java\jdk1.8.0_45\jre\bin;C:\Program Files (x86)\GtkSharp\2.12\bin;C:\Users\User\AppData\Local\Microsoft\WindowsApps;C:\Users\User\AppData\Local\GitHubDesktop\bin
USERNAME=User
OS=Windows_NT
PROCESSOR_IDENTIFIER=Intel64 Family 6 Model 158 Stepping 9, GenuineIntel



---------------  S Y S T E M  ---------------

OS: Windows 10.0 , 64 bit Build 16299 (10.0.16299.15)

CPU:total 4 (4 cores per cpu, 1 threads per core) family 6 model 158 stepping 9, cmov, cx8, fxsr, mmx, sse, sse2, sse3, ssse3, sse4.1, sse4.2, popcnt, avx, avx2, aes, clmul, erms, 3dnowpref, lzcnt, tsc, tscinvbit, bmi1, bmi2, adx

Memory: 4k page, physical 8071812k(2012972k free), swap 33237636k(5240k free)

vm_info: OpenJDK 64-Bit Server VM (25.112-b06) for windows-amd64 JRE (1.8.0_112-release-b06), built on Dec  8 2016 00:54:26 by "builder" with MS VC++ 10.0 (VS2010)

time: Fri Jan 19 17:32:38 2018
elapsed time: 2 seconds (0d 0h 0m 2s)

