#
# There is insufficient memory for the Java Runtime Environment to continue.
# Native memory allocation (malloc) failed to allocate 414336 bytes for Chunk::new
# Possible reasons:
#   The system is out of physical RAM or swap space
#   In 32 bit mode, the process size limit was hit
# Possible solutions:
#   Reduce memory load on the system
#   Increase physical memory or swap space
#   Check if swap backing store is full
#   Use 64 bit Java on a 64 bit OS
#   Decrease Java heap size (-Xmx/-Xms)
#   Decrease number of Java threads
#   Decrease Java thread stack sizes (-Xss)
#   Set larger code cache with -XX:ReservedCodeCacheSize=
# This output file may be truncated or incomplete.
#
#  Out of Memory Error (allocation.cpp:390), pid=516, tid=0x0000000000001f04
#
# JRE version: OpenJDK Runtime Environment (8.0_112-b06) (build 1.8.0_112-release-b06)
# Java VM: OpenJDK 64-Bit Server VM (25.112-b06 mixed mode windows-amd64 compressed oops)
# Failed to write core dump. Minidumps are not enabled by default on client versions of Windows
#

---------------  T H R E A D  ---------------

Current thread (0x000000001faa2800):  JavaThread "C2 CompilerThread0" daemon [_thread_in_native, id=7940, stack(0x00000000200a0000,0x00000000201a0000)]

Stack: [0x00000000200a0000,0x00000000201a0000]
[error occurred during error reporting (printing stack bounds), id 0xc0000005]

Native frames: (J=compiled Java code, j=interpreted, Vv=VM code, C=native code)


Current CompileTask:
C2:   3496 1517       4       com.android.dx.ssa.LocalVariableExtractor::processBlock (383 bytes)


---------------  P R O C E S S  ---------------

Java Threads: ( => current thread )
  0x000000001fda4800 JavaThread "pool-2-thread-4" [_thread_in_Java, id=8108, stack(0x00000000209a0000,0x0000000020aa0000)]
  0x000000001fda3800 JavaThread "pool-2-thread-3" [_thread_in_Java, id=1080, stack(0x00000000208a0000,0x00000000209a0000)]
  0x000000001fd9f800 JavaThread "pool-2-thread-2" [_thread_in_Java, id=7920, stack(0x00000000207a0000,0x00000000208a0000)]
  0x000000001fd5e000 JavaThread "pool-3-thread-1" [_thread_blocked, id=11224, stack(0x00000000206a0000,0x00000000207a0000)]
  0x000000001fdae800 JavaThread "pool-2-thread-1" [_thread_blocked, id=14164, stack(0x00000000205a0000,0x00000000206a0000)]
  0x000000001fb11000 JavaThread "Service Thread" daemon [_thread_blocked, id=13172, stack(0x00000000203a0000,0x00000000204a0000)]
  0x000000001fb04000 JavaThread "C1 CompilerThread2" daemon [_thread_in_native, id=3568, stack(0x00000000202a0000,0x00000000203a0000)]
  0x000000001faa5800 JavaThread "C2 CompilerThread1" daemon [_thread_in_native, id=8200, stack(0x00000000201a0000,0x00000000202a0000)]
=>0x000000001faa2800 JavaThread "C2 CompilerThread0" daemon [_thread_in_native, id=7940, stack(0x00000000200a0000,0x00000000201a0000)]
  0x000000001e73e800 JavaThread "Attach Listener" daemon [_thread_blocked, id=3476, stack(0x000000001ffa0000,0x00000000200a0000)]
  0x000000001e6f1000 JavaThread "Signal Dispatcher" daemon [_thread_blocked, id=5160, stack(0x000000001fea0000,0x000000001ffa0000)]
  0x0000000005006800 JavaThread "Finalizer" daemon [_thread_blocked, id=8800, stack(0x000000001f940000,0x000000001fa40000)]
  0x0000000005001000 JavaThread "Reference Handler" daemon [_thread_blocked, id=5820, stack(0x000000001f840000,0x000000001f940000)]
  0x0000000004f10800 JavaThread "main" [_thread_in_Java, id=12104, stack(0x0000000004db0000,0x0000000004eb0000)]

Other Threads:
  0x000000001e6a5800 VMThread [stack: 0x000000001f740000,0x000000001f840000] [id=5904]
  0x000000001fb12000 WatcherThread [stack: 0x00000000204a0000,0x00000000205a0000] [id=3868]

VM state:not at safepoint (normal execution)

VM Mutex/Monitor currently owned by a thread: None

Heap:
 PSYoungGen      total 68608K, used 40602K [0x000000076ab00000, 0x000000076f300000, 0x00000007c0000000)
  eden space 63488K, 55% used [0x000000076ab00000,0x000000076cdaacb8,0x000000076e900000)
  from space 5120K, 99% used [0x000000076ee00000,0x000000076f2fbcb8,0x000000076f300000)
  to   space 5120K, 0% used [0x000000076e900000,0x000000076e900000,0x000000076ee00000)
 ParOldGen       total 84992K, used 2773K [0x00000006c0000000, 0x00000006c5300000, 0x000000076ab00000)
  object space 84992K, 3% used [0x00000006c0000000,0x00000006c02b56f0,0x00000006c5300000)
 Metaspace       used 6012K, capacity 7024K, committed 7296K, reserved 1056768K
  class space    used 565K, capacity 616K, committed 640K, reserved 1048576K

Card table byte_map: [0x00000000143d0000,0x0000000014be0000] byte_map_base: 0x0000000010dd0000

Marking Bits: (ParMarkBitMap*) 0x00000000688618f0
 Begin Bits: [0x0000000015540000, 0x0000000019540000)
 End Bits:   [0x0000000019540000, 0x000000001d540000)

Polling page: 0x00000000009d0000

CodeCache: size=245760Kb used=5928Kb max_used=5928Kb free=239831Kb
 bounds [0x0000000005010000, 0x00000000055f0000, 0x0000000014010000]
 total_blobs=1765 nmethods=1500 adapters=178
 compilation: enabled

Compilation events (10 events):
Event: 3.484 Thread 0x000000001fb04000 nmethod 1541 0x00000000055d3a10 code [0x00000000055d3be0, 0x00000000055d4268]
Event: 3.486 Thread 0x000000001fb04000 1545       2       com.android.dx.ssa.SsaBasicBlock::insertNewPredecessor (134 bytes)
Event: 3.486 Thread 0x000000001fb04000 nmethod 1545 0x00000000055d1950 code [0x00000000055d1b60, 0x00000000055d20f8]
Event: 3.486 Thread 0x000000001fb04000 1546       2       java.util.HashMap$HashIterator::nextNode (100 bytes)
Event: 3.487 Thread 0x000000001fb04000 nmethod 1546 0x00000000055d1210 code [0x00000000055d13a0, 0x00000000055d1738]
Event: 3.488 Thread 0x000000001fb04000 1547       2       com.android.dx.rop.code.Rops::opGetField (97 bytes)
Event: 3.488 Thread 0x000000001fb04000 nmethod 1547 0x00000000055d2fd0 code [0x00000000055d31a0, 0x00000000055d3718]
Event: 3.490 Thread 0x000000001fb04000 1548       2       com.android.dx.rop.cst.CstString::<init> (42 bytes)
Event: 3.491 Thread 0x000000001fb04000 nmethod 1548 0x00000000055d0090 code [0x00000000055d0220, 0x00000000055d0538]
Event: 3.491 Thread 0x000000001fb04000 1549   !   3       com.android.dx.cf.code.Ropper::processBlock (1101 bytes)

GC Heap History (4 events):
Event: 1.845 GC heap before
{Heap before GC invocations=1 (full 0):
 PSYoungGen      total 36864K, used 31744K [0x000000076ab00000, 0x000000076d400000, 0x00000007c0000000)
  eden space 31744K, 100% used [0x000000076ab00000,0x000000076ca00000,0x000000076ca00000)
  from space 5120K, 0% used [0x000000076cf00000,0x000000076cf00000,0x000000076d400000)
  to   space 5120K, 0% used [0x000000076ca00000,0x000000076ca00000,0x000000076cf00000)
 ParOldGen       total 84992K, used 0K [0x00000006c0000000, 0x00000006c5300000, 0x000000076ab00000)
  object space 84992K, 0% used [0x00000006c0000000,0x00000006c0000000,0x00000006c5300000)
 Metaspace       used 5736K, capacity 6832K, committed 7040K, reserved 1056768K
  class space    used 560K, capacity 616K, committed 640K, reserved 1048576K
Event: 1.997 GC heap after
Heap after GC invocations=1 (full 0):
 PSYoungGen      total 36864K, used 5088K [0x000000076ab00000, 0x000000076f300000, 0x00000007c0000000)
  eden space 31744K, 0% used [0x000000076ab00000,0x000000076ab00000,0x000000076ca00000)
  from space 5120K, 99% used [0x000000076ca00000,0x000000076cef83e8,0x000000076cf00000)
  to   space 5120K, 0% used [0x000000076ee00000,0x000000076ee00000,0x000000076f300000)
 ParOldGen       total 84992K, used 262K [0x00000006c0000000, 0x00000006c5300000, 0x000000076ab00000)
  object space 84992K, 0% used [0x00000006c0000000,0x00000006c00418a0,0x00000006c5300000)
 Metaspace       used 5736K, capacity 6832K, committed 7040K, reserved 1056768K
  class space    used 560K, capacity 616K, committed 640K, reserved 1048576K
}
Event: 2.918 GC heap before
{Heap before GC invocations=2 (full 0):
 PSYoungGen      total 36864K, used 36832K [0x000000076ab00000, 0x000000076f300000, 0x00000007c0000000)
  eden space 31744K, 100% used [0x000000076ab00000,0x000000076ca00000,0x000000076ca00000)
  from space 5120K, 99% used [0x000000076ca00000,0x000000076cef83e8,0x000000076cf00000)
  to   space 5120K, 0% used [0x000000076ee00000,0x000000076ee00000,0x000000076f300000)
 ParOldGen       total 84992K, used 262K [0x00000006c0000000, 0x00000006c5300000, 0x000000076ab00000)
  object space 84992K, 0% used [0x00000006c0000000,0x00000006c00418a0,0x00000006c5300000)
 Metaspace       used 5999K, capacity 7024K, committed 7296K, reserved 1056768K
  class space    used 564K, capacity 616K, committed 640K, reserved 1048576K
Event: 2.961 GC heap after
Heap after GC invocations=2 (full 0):
 PSYoungGen      total 68608K, used 5103K [0x000000076ab00000, 0x000000076f300000, 0x00000007c0000000)
  eden space 63488K, 0% used [0x000000076ab00000,0x000000076ab00000,0x000000076e900000)
  from space 5120K, 99% used [0x000000076ee00000,0x000000076f2fbcb8,0x000000076f300000)
  to   space 5120K, 0% used [0x000000076e900000,0x000000076e900000,0x000000076ee00000)
 ParOldGen       total 84992K, used 2773K [0x00000006c0000000, 0x00000006c5300000, 0x000000076ab00000)
  object space 84992K, 3% used [0x00000006c0000000,0x00000006c02b56f0,0x00000006c5300000)
 Metaspace       used 5999K, capacity 7024K, committed 7296K, reserved 1056768K
  class space    used 564K, capacity 616K, committed 640K, reserved 1048576K
}

Deoptimization events (10 events):
Event: 2.070 Thread 0x000000001fda3800 Uncommon trap: reason=class_check action=maybe_recompile pc=0x00000000053cb5f8 method=com.android.dx.ssa.SCCP.setLatticeValueTo(IILcom/android/dx/rop/cst/Constant;)Z @ 43
Event: 2.091 Thread 0x0000000004f10800 Uncommon trap: reason=unstable_if action=reinterpret pc=0x00000000051796b8 method=java.util.regex.Pattern$BnM.optimize(Ljava/util/regex/Pattern$Node;)Ljava/util/regex/Pattern$Node; @ 22
Event: 2.459 Thread 0x000000001fd9f800 Uncommon trap: reason=class_check action=maybe_recompile pc=0x0000000005483a38 method=com.android.dx.ssa.NormalSsaInsn.accept(Lcom/android/dx/ssa/SsaInsn$Visitor;)V @ 9
Event: 2.459 Thread 0x000000001fd9f800 Uncommon trap: reason=class_check action=maybe_recompile pc=0x00000000052ad530 method=com.android.dx.ssa.NormalSsaInsn.accept(Lcom/android/dx/ssa/SsaInsn$Visitor;)V @ 9
Event: 2.459 Thread 0x000000001fd9f800 Uncommon trap: reason=class_check action=maybe_recompile pc=0x00000000052ad530 method=com.android.dx.ssa.NormalSsaInsn.accept(Lcom/android/dx/ssa/SsaInsn$Visitor;)V @ 9
Event: 2.459 Thread 0x000000001fd9f800 Uncommon trap: reason=class_check action=maybe_recompile pc=0x00000000052ad530 method=com.android.dx.ssa.NormalSsaInsn.accept(Lcom/android/dx/ssa/SsaInsn$Visitor;)V @ 9
Event: 2.463 Thread 0x000000001fd9f800 Uncommon trap: reason=class_check action=maybe_recompile pc=0x0000000005483a38 method=com.android.dx.ssa.NormalSsaInsn.accept(Lcom/android/dx/ssa/SsaInsn$Visitor;)V @ 9
Event: 2.667 Thread 0x0000000004f10800 Uncommon trap: reason=class_check action=maybe_recompile pc=0x00000000053050b8 method=com.android.dx.ssa.NormalSsaInsn.accept(Lcom/android/dx/ssa/SsaInsn$Visitor;)V @ 9
Event: 2.995 Thread 0x0000000004f10800 Uncommon trap: reason=unstable_if action=reinterpret pc=0x000000000556f854 method=java.util.HashMap.putVal(ILjava/lang/Object;Ljava/lang/Object;ZZ)Ljava/lang/Object; @ 94
Event: 2.995 Thread 0x000000001fd9f800 Uncommon trap: reason=bimorphic action=maybe_recompile pc=0x0000000005236b34 method=java.util.HashMap.getNode(ILjava/lang/Object;)Ljava/util/HashMap$Node; @ 126

Internal exceptions (2 events):
Event: 0.478 Thread 0x0000000004f10800 Exception <a 'java/lang/NoSuchMethodError': Method sun.misc.Unsafe.defineClass(Ljava/lang/String;[BII)Ljava/lang/Class; name or signature does not match> (0x000000076ab07c78) thrown at [C:\src\android\AOSP-openjdk\external\jetbrains\jdk\hotspot\src\share\vVè/?§ëﬁ?
Event: 0.478 Thread 0x0000000004f10800 Exception <a 'java/lang/NoSuchMethodError': Method sun.misc.Unsafe.prefetchRead(Ljava/lang/Object;J)V name or signature does not match> (0x000000076ab07f60) thrown at [C:\src\android\AOSP-openjdk\external\jetbrains\jdk\hotspot\src\share\vm\prims\jni.cpp, l

Events (10 events):
Event: 2.995 Thread 0x000000001fd9f800 DEOPT PACKING pc=0x0000000005236b34 sp=0x000000002089e670
Event: 2.995 Thread 0x000000001fd9f800 DEOPT UNPACKING pc=0x000000000505556a sp=0x000000002089e5f0 mode 2
Event: 2.996 Thread 0x000000001fd9f800 DEOPT PACKING pc=0x00000000053aff74 sp=0x000000002089e820
Event: 2.996 Thread 0x000000001fd9f800 DEOPT UNPACKING pc=0x00000000050575bf sp=0x000000002089e568 mode 0
Event: 3.027 Thread 0x000000001fda3800 DEOPT PACKING pc=0x0000000005382151 sp=0x000000002099e9d0
Event: 3.027 Thread 0x000000001fda3800 DEOPT UNPACKING pc=0x00000000050575bf sp=0x000000002099e798 mode 0
Event: 3.479 Thread 0x000000001fda4800 DEOPT PACKING pc=0x0000000005382151 sp=0x0000000020a9e870
Event: 3.479 Thread 0x000000001fda4800 DEOPT UNPACKING pc=0x00000000050575bf sp=0x0000000020a9e638 mode 0
Event: 3.485 Thread 0x000000001fda3800 DEOPT PACKING pc=0x000000000538240c sp=0x000000002099e9d0
Event: 3.485 Thread 0x000000001fda3800 DEOPT UNPACKING pc=0x00000000050575bf sp=0x000000002099e798 mode 0


Dynamic libraries:
0x00007ff722430000 - 0x00007ff722461000 	C:\Program Files\Android\Android Studio\jre\bin\java.exe
0x00007fffa0ef0000 - 0x00007fffa10d0000 	C:\WINDOWS\SYSTEM32\ntdll.dll
0x00007fff9e8d0000 - 0x00007fff9e97e000 	C:\WINDOWS\System32\KERNEL32.DLL
0x00007fff9de90000 - 0x00007fff9e0f6000 	C:\WINDOWS\System32\KERNELBASE.dll
0x00007fffa09a0000 - 0x00007fffa0a41000 	C:\WINDOWS\System32\ADVAPI32.dll
0x00007fff9f250000 - 0x00007fff9f2ed000 	C:\WINDOWS\System32\msvcrt.dll
0x00007fff9e5c0000 - 0x00007fff9e61b000 	C:\WINDOWS\System32\sechost.dll
0x00007fffa0be0000 - 0x00007fffa0cff000 	C:\WINDOWS\System32\RPCRT4.dll
0x00007fff9e6d0000 - 0x00007fff9e85f000 	C:\WINDOWS\System32\USER32.dll
0x00007fff9d550000 - 0x00007fff9d570000 	C:\WINDOWS\System32\win32u.dll
0x00007fff9e590000 - 0x00007fff9e5b8000 	C:\WINDOWS\System32\GDI32.dll
0x00007fff9e220000 - 0x00007fff9e3b3000 	C:\WINDOWS\System32\gdi32full.dll
0x00007fff9e100000 - 0x00007fff9e19b000 	C:\WINDOWS\System32\msvcp_win.dll
0x00007fff9d3a0000 - 0x00007fff9d496000 	C:\WINDOWS\System32\ucrtbase.dll
0x00007fff8cf90000 - 0x00007fff8d1f9000 	C:\WINDOWS\WinSxS\amd64_microsoft.windows.common-controls_6595b64144ccf1df_6.0.16299.125_none_15cbcf8893620c09\COMCTL32.dll
0x00007fff9ef40000 - 0x00007fff9f248000 	C:\WINDOWS\System32\combase.dll
0x00007fff9e1a0000 - 0x00007fff9e212000 	C:\WINDOWS\System32\bcryptPrimitives.dll
0x00007fff9e560000 - 0x00007fff9e58d000 	C:\WINDOWS\System32\IMM32.DLL
0x0000000068fc0000 - 0x0000000069092000 	C:\Program Files\Android\Android Studio\jre\jre\bin\msvcr100.dll
0x00000000680a0000 - 0x00000000688dc000 	C:\Program Files\Android\Android Studio\jre\jre\bin\server\jvm.dll
0x00007fff9f2f0000 - 0x00007fff9f2f8000 	C:\WINDOWS\System32\PSAPI.DLL
0x00007fff99350000 - 0x00007fff99373000 	C:\WINDOWS\SYSTEM32\WINMM.dll
0x00007fff9a310000 - 0x00007fff9a31a000 	C:\WINDOWS\SYSTEM32\VERSION.dll
0x00007fff98b70000 - 0x00007fff98b79000 	C:\WINDOWS\SYSTEM32\WSOCK32.dll
0x00007fffa0930000 - 0x00007fffa099c000 	C:\WINDOWS\System32\WS2_32.dll
0x00007fff992f0000 - 0x00007fff9931a000 	C:\WINDOWS\SYSTEM32\winmmbase.dll
0x00007fff9d2f0000 - 0x00007fff9d33a000 	C:\WINDOWS\System32\cfgmgr32.dll
0x00007fff98b60000 - 0x00007fff98b6f000 	C:\Program Files\Android\Android Studio\jre\jre\bin\verify.dll
0x00007fff8e150000 - 0x00007fff8e179000 	C:\Program Files\Android\Android Studio\jre\jre\bin\java.dll
0x00007fff8e440000 - 0x00007fff8e456000 	C:\Program Files\Android\Android Studio\jre\jre\bin\zip.dll
0x00007fff9f3f0000 - 0x00007fffa0826000 	C:\WINDOWS\System32\SHELL32.dll
0x00007fff9e620000 - 0x00007fff9e6c6000 	C:\WINDOWS\System32\shcore.dll
0x00007fff9d740000 - 0x00007fff9de87000 	C:\WINDOWS\System32\windows.storage.dll
0x00007fffa0830000 - 0x00007fffa0881000 	C:\WINDOWS\System32\shlwapi.dll
0x00007fff9d240000 - 0x00007fff9d251000 	C:\WINDOWS\System32\kernel.appcore.dll
0x00007fff9d2a0000 - 0x00007fff9d2ec000 	C:\WINDOWS\System32\powrprof.dll
0x00007fff9d280000 - 0x00007fff9d29b000 	C:\WINDOWS\System32\profapi.dll

VM Arguments:
jvm_args: -Djava.awt.headless=true -Xmx4g -Dfile.encoding=GBK -Duser.country=CN -Duser.language=zh -Duser.variant 
java_command: com.android.dx.command.Main --dex --force-jumbo --num-threads=4 --multi-dex --output D:\works\ZYJXObject\app\build\intermediates\transforms\dex\debug\folders\1000\8\MiPush_SDK_Client_3_4_5_10a932b7103f3abd82ec0abe59ea69d1da6551e6 D:\works\ZYJXObject\easeui\build\intermediates\bundles\default\libs\MiPush_SDK_Client_3_4_5.jar
java_class_path (initial): C:\Users\User\AppData\Local\Android\sdk\build-tools\26.0.0\lib\dx.jar
Launcher Type: SUN_STANDARD

Environment Variables:
JAVA_HOME=C:\Program Files\Java\jdk1.8.0_45
PATH=C:\ProgramData\Oracle\Java\javapath;C:\WINDOWS\system32;C:\WINDOWS;C:\WINDOWS\System32\Wbem;C:\WINDOWS\System32\WindowsPowerShell\v1.0\;C:\Program Files\Java\jdk1.8.0_45\bin;C:\Program Files\Java\jdk1.8.0_45\jre\bin;C:\Program Files (x86)\GtkSharp\2.12\bin;C:\Users\User\AppData\Local\Microsoft\WindowsApps;C:\Users\User\AppData\Local\GitHubDesktop\bin
USERNAME=User
OS=Windows_NT
PROCESSOR_IDENTIFIER=Intel64 Family 6 Model 158 Stepping 9, GenuineIntel



---------------  S Y S T E M  ---------------

OS: Windows 10.0 , 64 bit Build 16299 (10.0.16299.15)

CPU:total 4 (4 cores per cpu, 1 threads per core) family 6 model 158 stepping 9, cmov, cx8, fxsr, mmx, sse, sse2, sse3, ssse3, sse4.1, sse4.2, popcnt, avx, avx2, aes, clmul, erms, 3dnowpref, lzcnt, tsc, tscinvbit, bmi1, bmi2, adx

Memory: 4k page, physical 8071812k(2063948k free), swap 33237636k(2084k free)

vm_info: OpenJDK 64-Bit Server VM (25.112-b06) for windows-amd64 JRE (1.8.0_112-release-b06), built on Dec  8 2016 00:54:26 by "builder" with MS VC++ 10.0 (VS2010)

time: Fri Jan 19 17:31:48 2018
elapsed time: 3 seconds (0d 0h 0m 3s)

