#
# There is insufficient memory for the Java Runtime Environment to continue.
# Native memory allocation (malloc) failed to allocate 349232 bytes for Chunk::new
# Possible reasons:
#   The system is out of physical RAM or swap space
#   In 32 bit mode, the process size limit was hit
# Possible solutions:
#   Reduce memory load on the system
#   Increase physical memory or swap space
#   Check if swap backing store is full
#   Use 64 bit Java on a 64 bit OS
#   Decrease Java heap size (-Xmx/-Xms)
#   Decrease number of Java threads
#   Decrease Java thread stack sizes (-Xss)
#   Set larger code cache with -XX:ReservedCodeCacheSize=
# This output file may be truncated or incomplete.
#
#  Out of Memory Error (allocation.cpp:390), pid=1304, tid=0x0000000000002188
#
# JRE version: OpenJDK Runtime Environment (8.0_112-b06) (build 1.8.0_112-release-b06)
# Java VM: OpenJDK 64-Bit Server VM (25.112-b06 mixed mode windows-amd64 compressed oops)
# Failed to write core dump. Minidumps are not enabled by default on client versions of Windows
#

---------------  T H R E A D  ---------------

Current thread (0x000000001e0fa800):  JavaThread "C2 CompilerThread0" daemon [_thread_in_native, id=8584, stack(0x000000001f9f0000,0x000000001faf0000)]

Stack: [0x000000001f9f0000,0x000000001faf0000]
[error occurred during error reporting (printing stack bounds), id 0xc0000005]

Native frames: (J=compiled Java code, j=interpreted, Vv=VM code, C=native code)


Current CompileTask:
C2:    806  918       4       com.android.dx.dex.code.OutputFinisher::addConstants (134 bytes)


---------------  P R O C E S S  ---------------

Java Threads: ( => current thread )
  0x000000001f562800 JavaThread "pool-1-thread-1" [_thread_in_Java, id=11956, stack(0x0000000020bf0000,0x0000000020cf0000)]
  0x000000001f46a000 JavaThread "Service Thread" daemon [_thread_blocked, id=8768, stack(0x000000001fcf0000,0x000000001fdf0000)]
  0x000000001f449000 JavaThread "C1 CompilerThread2" daemon [_thread_in_native, id=12472, stack(0x000000001fbf0000,0x000000001fcf0000)]
  0x000000001e0fd800 JavaThread "C2 CompilerThread1" daemon [_thread_blocked, id=14672, stack(0x000000001faf0000,0x000000001fbf0000)]
=>0x000000001e0fa800 JavaThread "C2 CompilerThread0" daemon [_thread_in_native, id=8584, stack(0x000000001f9f0000,0x000000001faf0000)]
  0x000000001f3f8800 JavaThread "Attach Listener" daemon [_thread_blocked, id=9752, stack(0x000000001f8f0000,0x000000001f9f0000)]
  0x000000001e096800 JavaThread "Signal Dispatcher" daemon [_thread_blocked, id=720, stack(0x000000001f7f0000,0x000000001f8f0000)]
  0x00000000049c6800 JavaThread "Finalizer" daemon [_thread_blocked, id=4804, stack(0x000000001f2f0000,0x000000001f3f0000)]
  0x00000000049c1000 JavaThread "Reference Handler" daemon [_thread_blocked, id=7376, stack(0x000000001f1f0000,0x000000001f2f0000)]
  0x00000000048d0800 JavaThread "main" [_thread_blocked, id=12236, stack(0x00000000046d0000,0x00000000047d0000)]

Other Threads:
  0x000000001e065800 VMThread [stack: 0x000000001f0f0000,0x000000001f1f0000] [id=15164]
  0x000000001f46c000 WatcherThread [stack: 0x000000001fdf0000,0x000000001fef0000] [id=12804]

VM state:not at safepoint (normal execution)

VM Mutex/Monitor currently owned by a thread: None

Heap:
 PSYoungGen      total 36864K, used 22226K [0x000000076ab00000, 0x000000076d400000, 0x00000007c0000000)
  eden space 31744K, 70% used [0x000000076ab00000,0x000000076c0b4a68,0x000000076ca00000)
  from space 5120K, 0% used [0x000000076cf00000,0x000000076cf00000,0x000000076d400000)
  to   space 5120K, 0% used [0x000000076ca00000,0x000000076ca00000,0x000000076cf00000)
 ParOldGen       total 84992K, used 0K [0x00000006c0000000, 0x00000006c5300000, 0x000000076ab00000)
  object space 84992K, 0% used [0x00000006c0000000,0x00000006c0000000,0x00000006c5300000)
 Metaspace       used 5811K, capacity 6896K, committed 7040K, reserved 1056768K
  class space    used 575K, capacity 616K, committed 640K, reserved 1048576K

Card table byte_map: [0x0000000013d90000,0x00000000145a0000] byte_map_base: 0x0000000010790000

Marking Bits: (ParMarkBitMap*) 0x00000000688618f0
 Begin Bits: [0x0000000014f00000, 0x0000000018f00000)
 End Bits:   [0x0000000018f00000, 0x000000001cf00000)

Polling page: 0x0000000002810000

CodeCache: size=245760Kb used=3782Kb max_used=3793Kb free=241977Kb
 bounds [0x00000000049d0000, 0x0000000004d90000, 0x00000000139d0000]
 total_blobs=1250 nmethods=987 adapters=177
 compilation: enabled

Compilation events (10 events):
Event: 0.797 Thread 0x000000001e0fd800  961       4       java.util.HashMap::get (23 bytes)
Event: 0.799 Thread 0x000000001e0fd800 nmethod 961 0x0000000004d77a10 code [0x0000000004d77b60, 0x0000000004d77df8]
Event: 0.799 Thread 0x000000001f449000  962       1       com.android.dx.dex.code.DalvInsn::getRegisters (5 bytes)
Event: 0.799 Thread 0x000000001f449000 nmethod 962 0x0000000004d77750 code [0x0000000004d778a0, 0x0000000004d779b0]
Event: 0.799 Thread 0x000000001f449000  963       1       com.android.dx.dex.code.DalvInsn::getOpcode (5 bytes)
Event: 0.800 Thread 0x000000001f449000 nmethod 963 0x0000000004d77410 code [0x0000000004d77560, 0x0000000004d77670]
Event: 0.800 Thread 0x000000001f449000  964       1       com.android.dx.dex.code.Dop::getFormat (5 bytes)
Event: 0.800 Thread 0x000000001f449000 nmethod 964 0x0000000004d7cf50 code [0x0000000004d7d0a0, 0x0000000004d7d1b0]
Event: 0.802 Thread 0x000000001f449000  965       3       com.android.dx.rop.code.Insn::canThrow (8 bytes)
Event: 0.802 Thread 0x000000001f449000 nmethod 965 0x0000000004d7c950 code [0x0000000004d7cac0, 0x0000000004d7ce28]

GC Heap History (0 events):
No events

Deoptimization events (7 events):
Event: 0.580 Thread 0x00000000048d0800 Uncommon trap: reason=unstable_if action=reinterpret pc=0x0000000004be3124 method=java.util.HashMap.getNode(ILjava/lang/Object;)Ljava/util/HashMap$Node; @ 129
Event: 0.681 Thread 0x000000001f55a000 Uncommon trap: reason=unstable_if action=reinterpret pc=0x0000000004bf1c74 method=java.util.BitSet.nextSetBit(I)I @ 87
Event: 0.767 Thread 0x000000001f562800 Uncommon trap: reason=bimorphic action=maybe_recompile pc=0x0000000004c7bb04 method=java.util.HashMap.getNode(ILjava/lang/Object;)Ljava/util/HashMap$Node; @ 126
Event: 0.768 Thread 0x000000001f562800 Uncommon trap: reason=bimorphic action=maybe_recompile pc=0x0000000004c7bb04 method=java.util.HashMap.getNode(ILjava/lang/Object;)Ljava/util/HashMap$Node; @ 126
Event: 0.768 Thread 0x000000001f562800 Uncommon trap: reason=bimorphic action=maybe_recompile pc=0x0000000004c7bb04 method=java.util.HashMap.getNode(ILjava/lang/Object;)Ljava/util/HashMap$Node; @ 126
Event: 0.768 Thread 0x000000001f562800 Uncommon trap: reason=bimorphic action=maybe_recompile pc=0x0000000004c7bb04 method=java.util.HashMap.getNode(ILjava/lang/Object;)Ljava/util/HashMap$Node; @ 126
Event: 0.768 Thread 0x000000001f562800 Uncommon trap: reason=bimorphic action=maybe_recompile pc=0x0000000004c52dcc method=java.util.HashMap.getNode(ILjava/lang/Object;)Ljava/util/HashMap$Node; @ 126

Internal exceptions (2 events):
Event: 0.036 Thread 0x00000000048d0800 Exception <a 'java/lang/NoSuchMethodError': Method sun.misc.Unsafe.defineClass(Ljava/lang/String;[BII)Ljava/lang/Class; name or signature does not match> (0x000000076ab07c78) thrown at [C:\src\android\AOSP-openjdk\external\jetbrains\jdk\hotspot\src\share\v(çÈ˙yv¢?
Event: 0.036 Thread 0x00000000048d0800 Exception <a 'java/lang/NoSuchMethodError': Method sun.misc.Unsafe.prefetchRead(Ljava/lang/Object;J)V name or signature does not match> (0x000000076ab07f60) thrown at [C:\src\android\AOSP-openjdk\external\jetbrains\jdk\hotspot\src\share\vm\prims\jni.cpp, l`

Events (10 events):
Event: 0.801 loading class com/android/dx/dex/code/LocalList$MakeState
Event: 0.801 loading class com/android/dx/dex/code/LocalList$MakeState done
Event: 0.801 loading class com/android/dx/dex/code/LocalList$Disposition
Event: 0.801 loading class com/android/dx/dex/code/LocalList$Disposition done
Event: 0.801 loading class com/android/dx/dex/code/LocalList$Entry
Event: 0.801 loading class com/android/dx/dex/code/LocalList$Entry done
Event: 0.802 loading class com/android/dx/dex/code/CatchHandlerList
Event: 0.802 loading class com/android/dx/dex/code/CatchHandlerList done
Event: 0.802 loading class com/android/dx/dex/code/CatchTable
Event: 0.802 loading class com/android/dx/dex/code/CatchTable done


Dynamic libraries:
0x00007ff722430000 - 0x00007ff722461000 	C:\Program Files\Android\Android Studio\jre\bin\java.exe
0x00007fffa0ef0000 - 0x00007fffa10d0000 	C:\WINDOWS\SYSTEM32\ntdll.dll
0x00007fff9e8d0000 - 0x00007fff9e97e000 	C:\WINDOWS\System32\KERNEL32.DLL
0x00007fff9de90000 - 0x00007fff9e0f6000 	C:\WINDOWS\System32\KERNELBASE.dll
0x00007fffa09a0000 - 0x00007fffa0a41000 	C:\WINDOWS\System32\ADVAPI32.dll
0x00007fff9f250000 - 0x00007fff9f2ed000 	C:\WINDOWS\System32\msvcrt.dll
0x00007fff9e5c0000 - 0x00007fff9e61b000 	C:\WINDOWS\System32\sechost.dll
0x00007fffa0be0000 - 0x00007fffa0cff000 	C:\WINDOWS\System32\RPCRT4.dll
0x00007fff9e6d0000 - 0x00007fff9e85f000 	C:\WINDOWS\System32\USER32.dll
0x00007fff9d550000 - 0x00007fff9d570000 	C:\WINDOWS\System32\win32u.dll
0x00007fff9e590000 - 0x00007fff9e5b8000 	C:\WINDOWS\System32\GDI32.dll
0x00007fff9e220000 - 0x00007fff9e3b3000 	C:\WINDOWS\System32\gdi32full.dll
0x00007fff9e100000 - 0x00007fff9e19b000 	C:\WINDOWS\System32\msvcp_win.dll
0x00007fff9d3a0000 - 0x00007fff9d496000 	C:\WINDOWS\System32\ucrtbase.dll
0x00007fff8cf90000 - 0x00007fff8d1f9000 	C:\WINDOWS\WinSxS\amd64_microsoft.windows.common-controls_6595b64144ccf1df_6.0.16299.125_none_15cbcf8893620c09\COMCTL32.dll
0x00007fff9ef40000 - 0x00007fff9f248000 	C:\WINDOWS\System32\combase.dll
0x00007fff9e1a0000 - 0x00007fff9e212000 	C:\WINDOWS\System32\bcryptPrimitives.dll
0x00007fff9e560000 - 0x00007fff9e58d000 	C:\WINDOWS\System32\IMM32.DLL
0x0000000068fc0000 - 0x0000000069092000 	C:\Program Files\Android\Android Studio\jre\jre\bin\msvcr100.dll
0x00000000680a0000 - 0x00000000688dc000 	C:\Program Files\Android\Android Studio\jre\jre\bin\server\jvm.dll
0x00007fff9f2f0000 - 0x00007fff9f2f8000 	C:\WINDOWS\System32\PSAPI.DLL
0x00007fff98b70000 - 0x00007fff98b79000 	C:\WINDOWS\SYSTEM32\WSOCK32.dll
0x00007fffa0930000 - 0x00007fffa099c000 	C:\WINDOWS\System32\WS2_32.dll
0x00007fff99350000 - 0x00007fff99373000 	C:\WINDOWS\SYSTEM32\WINMM.dll
0x00007fff9a310000 - 0x00007fff9a31a000 	C:\WINDOWS\SYSTEM32\VERSION.dll
0x00007fff992f0000 - 0x00007fff9931a000 	C:\WINDOWS\SYSTEM32\WINMMBASE.dll
0x00007fff9d2f0000 - 0x00007fff9d33a000 	C:\WINDOWS\System32\cfgmgr32.dll
0x00007fff98b60000 - 0x00007fff98b6f000 	C:\Program Files\Android\Android Studio\jre\jre\bin\verify.dll
0x00007fff8e150000 - 0x00007fff8e179000 	C:\Program Files\Android\Android Studio\jre\jre\bin\java.dll
0x00007fff8e440000 - 0x00007fff8e456000 	C:\Program Files\Android\Android Studio\jre\jre\bin\zip.dll
0x00007fff9f3f0000 - 0x00007fffa0826000 	C:\WINDOWS\System32\SHELL32.dll
0x00007fff9e620000 - 0x00007fff9e6c6000 	C:\WINDOWS\System32\shcore.dll
0x00007fff9d740000 - 0x00007fff9de87000 	C:\WINDOWS\System32\windows.storage.dll
0x00007fffa0830000 - 0x00007fffa0881000 	C:\WINDOWS\System32\shlwapi.dll
0x00007fff9d240000 - 0x00007fff9d251000 	C:\WINDOWS\System32\kernel.appcore.dll
0x00007fff9d2a0000 - 0x00007fff9d2ec000 	C:\WINDOWS\System32\powrprof.dll
0x00007fff9d280000 - 0x00007fff9d29b000 	C:\WINDOWS\System32\profapi.dll

VM Arguments:
jvm_args: -Djava.awt.headless=true -Xmx4g -Dfile.encoding=GBK -Duser.country=CN -Duser.language=zh -Duser.variant 
java_command: com.android.dx.command.Main --dex --force-jumbo --num-threads=4 --multi-dex --output D:\works\ZYJXObject\app\build\intermediates\transforms\dex\debug\folders\1000\5\slice_8 D:\works\ZYJXObject\app\build\intermediates\transforms\instantRunSlicer\debug\folders\1\5\slice_8
java_class_path (initial): C:\Users\User\AppData\Local\Android\sdk\build-tools\26.0.0\lib\dx.jar
Launcher Type: SUN_STANDARD

Environment Variables:
JAVA_HOME=C:\Program Files\Java\jdk1.8.0_45
PATH=C:\ProgramData\Oracle\Java\javapath;C:\WINDOWS\system32;C:\WINDOWS;C:\WINDOWS\System32\Wbem;C:\WINDOWS\System32\WindowsPowerShell\v1.0\;C:\Program Files\Java\jdk1.8.0_45\bin;C:\Program Files\Java\jdk1.8.0_45\jre\bin;C:\Program Files (x86)\GtkSharp\2.12\bin;C:\Users\User\AppData\Local\Microsoft\WindowsApps;C:\Users\User\AppData\Local\GitHubDesktop\bin
USERNAME=User
OS=Windows_NT
PROCESSOR_IDENTIFIER=Intel64 Family 6 Model 158 Stepping 9, GenuineIntel



---------------  S Y S T E M  ---------------

OS: Windows 10.0 , 64 bit Build 16299 (10.0.16299.15)

CPU:total 4 (4 cores per cpu, 1 threads per core) family 6 model 158 stepping 9, cmov, cx8, fxsr, mmx, sse, sse2, sse3, ssse3, sse4.1, sse4.2, popcnt, avx, avx2, aes, clmul, erms, 3dnowpref, lzcnt, tsc, tscinvbit, bmi1, bmi2, adx

Memory: 4k page, physical 8071812k(1972992k free), swap 33237636k(4296k free)

vm_info: OpenJDK 64-Bit Server VM (25.112-b06) for windows-amd64 JRE (1.8.0_112-release-b06), built on Dec  8 2016 00:54:26 by "builder" with MS VC++ 10.0 (VS2010)

time: Fri Jan 19 17:30:14 2018
elapsed time: 0 seconds (0d 0h 0m 0s)

