#
# There is insufficient memory for the Java Runtime Environment to continue.
# Native memory allocation (malloc) failed to allocate 1076448 bytes for Chunk::new
# Possible reasons:
#   The system is out of physical RAM or swap space
#   In 32 bit mode, the process size limit was hit
# Possible solutions:
#   Reduce memory load on the system
#   Increase physical memory or swap space
#   Check if swap backing store is full
#   Use 64 bit Java on a 64 bit OS
#   Decrease Java heap size (-Xmx/-Xms)
#   Decrease number of Java threads
#   Decrease Java thread stack sizes (-Xss)
#   Set larger code cache with -XX:ReservedCodeCacheSize=
# This output file may be truncated or incomplete.
#
#  Out of Memory Error (allocation.cpp:390), pid=1884, tid=0x00000000000017d8
#
# JRE version: OpenJDK Runtime Environment (8.0_112-b06) (build 1.8.0_112-release-b06)
# Java VM: OpenJDK 64-Bit Server VM (25.112-b06 mixed mode windows-amd64 compressed oops)
# Failed to write core dump. Minidumps are not enabled by default on client versions of Windows
#

---------------  T H R E A D  ---------------

Current thread (0x000000001e5dc000):  JavaThread "C2 CompilerThread0" daemon [_thread_in_native, id=6104, stack(0x000000001ffa0000,0x00000000200a0000)]

Stack: [0x000000001ffa0000,0x00000000200a0000]
[error occurred during error reporting (printing stack bounds), id 0xc0000005]

Native frames: (J=compiled Java code, j=interpreted, Vv=VM code, C=native code)


Current CompileTask:
C2:  19273 2902   !   4       com.android.dx.cf.code.Ropper::processBlock (1101 bytes)


---------------  P R O C E S S  ---------------

Java Threads: ( => current thread )
  0x00000000205e8000 JavaThread "pool-2-thread-4" [_thread_blocked, id=7144, stack(0x00000000210a0000,0x00000000211a0000)]
  0x00000000205e6800 JavaThread "pool-2-thread-3" [_thread_blocked, id=8308, stack(0x0000000020fa0000,0x00000000210a0000)]
  0x00000000205e4800 JavaThread "pool-2-thread-2" [_thread_blocked, id=1260, stack(0x0000000020ea0000,0x0000000020fa0000)]
  0x0000000020737800 JavaThread "pool-3-thread-1" [_thread_blocked, id=13300, stack(0x0000000020da0000,0x0000000020ea0000)]
  0x000000001fca2000 JavaThread "pool-2-thread-1" [_thread_blocked, id=7948, stack(0x0000000020ca0000,0x0000000020da0000)]
  0x000000001f9db800 JavaThread "Service Thread" daemon [_thread_blocked, id=10840, stack(0x00000000202a0000,0x00000000203a0000)]
  0x000000001f9ac800 JavaThread "C1 CompilerThread2" daemon [_thread_blocked, id=2328, stack(0x00000000201a0000,0x00000000202a0000)]
  0x000000001e62b000 JavaThread "C2 CompilerThread1" daemon [_thread_in_native, id=11276, stack(0x00000000200a0000,0x00000000201a0000)]
=>0x000000001e5dc000 JavaThread "C2 CompilerThread0" daemon [_thread_in_native, id=6104, stack(0x000000001ffa0000,0x00000000200a0000)]
  0x000000001e629800 JavaThread "Attach Listener" daemon [_thread_blocked, id=1204, stack(0x000000001fea0000,0x000000001ffa0000)]
  0x000000001f9a8800 JavaThread "Signal Dispatcher" daemon [_thread_blocked, id=3436, stack(0x000000001fda0000,0x000000001fea0000)]
  0x0000000004efc000 JavaThread "Finalizer" daemon [_thread_blocked, id=1012, stack(0x000000001f840000,0x000000001f940000)]
  0x0000000004ef3000 JavaThread "Reference Handler" daemon [_thread_blocked, id=12580, stack(0x000000001f740000,0x000000001f840000)]
  0x0000000004e00800 JavaThread "main" [_thread_in_native, id=9588, stack(0x0000000004d00000,0x0000000004e00000)]

Other Threads:
  0x000000001e594800 VMThread [stack: 0x000000001f640000,0x000000001f740000] [id=10168]
  0x000000001f9dc800 WatcherThread [stack: 0x00000000203a0000,0x00000000204a0000] [id=7704]

VM state:not at safepoint (normal execution)

VM Mutex/Monitor currently owned by a thread: None

Heap:
 PSYoungGen      total 647168K, used 99574K [0x000000076ab00000, 0x000000079ad00000, 0x00000007c0000000)
  eden space 529408K, 5% used [0x000000076ab00000,0x000000076c97b238,0x000000078b000000)
  from space 117760K, 58% used [0x000000078b000000,0x000000078f2c2678,0x0000000792300000)
  to   space 83968K, 0% used [0x0000000792300000,0x0000000792300000,0x0000000797500000)
 ParOldGen       total 441344K, used 335709K [0x00000006c0000000, 0x00000006daf00000, 0x000000076ab00000)
  object space 441344K, 76% used [0x00000006c0000000,0x00000006d47d7488,0x00000006daf00000)
 Metaspace       used 6592K, capacity 7344K, committed 7552K, reserved 1056768K
  class space    used 599K, capacity 616K, committed 640K, reserved 1048576K

Card table byte_map: [0x00000000142c0000,0x0000000014ad0000] byte_map_base: 0x0000000010cc0000

Marking Bits: (ParMarkBitMap*) 0x00000000732318f0
 Begin Bits: [0x0000000015430000, 0x0000000019430000)
 End Bits:   [0x0000000019430000, 0x000000001d430000)

Polling page: 0x0000000002c50000

CodeCache: size=245760Kb used=11637Kb max_used=13046Kb free=234122Kb
 bounds [0x0000000004f00000, 0x0000000005bf0000, 0x0000000013f00000]
 total_blobs=2527 nmethods=2258 adapters=182
 compilation: enabled

Compilation events (10 events):
Event: 18.218 Thread 0x000000001f9ac800 2928       1       com.android.dx.cf.code.ReturnAddress::hashCode (5 bytes)
Event: 18.218 Thread 0x000000001f9ac800 nmethod 2928 0x0000000005463dd0 code [0x0000000005463f20, 0x0000000005464030]
Event: 18.229 Thread 0x000000001f9ac800 2929       2       com.android.dx.cf.code.OneLocalsArray::getPrimary (2 bytes)
Event: 18.229 Thread 0x000000001f9ac800 nmethod 2929 0x00000000052dde50 code [0x00000000052ddfa0, 0x00000000052de0f0]
Event: 18.229 Thread 0x000000001f9ac800 2930       2       com.android.dx.cf.code.ReturnAddress::getType (4 bytes)
Event: 18.229 Thread 0x000000001f9ac800 nmethod 2930 0x00000000054e8c10 code [0x00000000054e8d60, 0x00000000054e8eb0]
Event: 18.248 Thread 0x000000001f9ac800 2932       2       java.util.concurrent.ThreadLocalRandom::getProbe (13 bytes)
Event: 18.249 Thread 0x000000001f9ac800 nmethod 2932 0x00000000054a56d0 code [0x00000000054a5820, 0x00000000054a5970]
Event: 18.249 Thread 0x000000001f9ac800 2934       2       com.android.dx.dex.file.ClassDefItem::addFieldAnnotations (11 bytes)
Event: 18.249 Thread 0x000000001f9ac800 nmethod 2934 0x00000000054b1790 code [0x00000000054b1900, 0x00000000054b1a88]

GC Heap History (10 events):
Event: 6.515 GC heap after
Heap after GC invocations=13 (full 1):
 PSYoungGen      total 541696K, used 53193K [0x000000076ab00000, 0x0000000791280000, 0x00000007c0000000)
  eden space 475648K, 0% used [0x000000076ab00000,0x000000076ab00000,0x0000000787b80000)
  from space 66048K, 80% used [0x000000078c280000,0x000000078f6727f8,0x0000000790300000)
  to   space 72704K, 0% used [0x0000000787b80000,0x0000000787b80000,0x000000078c280000)
 ParOldGen       total 157696K, used 157074K [0x00000006c0000000, 0x00000006c9a00000, 0x000000076ab00000)
  object space 157696K, 99% used [0x00000006c0000000,0x00000006c9964b60,0x00000006c9a00000)
 Metaspace       used 6478K, capacity 7280K, committed 7552K, reserved 1056768K
  class space    used 593K, capacity 616K, committed 640K, reserved 1048576K
}
Event: 6.515 GC heap before
{Heap before GC invocations=14 (full 2):
 PSYoungGen      total 541696K, used 53193K [0x000000076ab00000, 0x0000000791280000, 0x00000007c0000000)
  eden space 475648K, 0% used [0x000000076ab00000,0x000000076ab00000,0x0000000787b80000)
  from space 66048K, 80% used [0x000000078c280000,0x000000078f6727f8,0x0000000790300000)
  to   space 72704K, 0% used [0x0000000787b80000,0x0000000787b80000,0x000000078c280000)
 ParOldGen       total 157696K, used 157074K [0x00000006c0000000, 0x00000006c9a00000, 0x000000076ab00000)
  object space 157696K, 99% used [0x00000006c0000000,0x00000006c9964b60,0x00000006c9a00000)
 Metaspace       used 6478K, capacity 7280K, committed 7552K, reserved 1056768K
  class space    used 593K, capacity 616K, committed 640K, reserved 1048576K
Event: 7.303 GC heap after
Heap after GC invocations=14 (full 2):
 PSYoungGen      total 541696K, used 46169K [0x000000076ab00000, 0x0000000791280000, 0x00000007c0000000)
  eden space 475648K, 0% used [0x000000076ab00000,0x000000076ab00000,0x0000000787b80000)
  from space 66048K, 69% used [0x000000078c280000,0x000000078ef965c8,0x0000000790300000)
  to   space 72704K, 0% used [0x0000000787b80000,0x0000000787b80000,0x000000078c280000)
 ParOldGen       total 273408K, used 157308K [0x00000006c0000000, 0x00000006d0b00000, 0x000000076ab00000)
  object space 273408K, 57% used [0x00000006c0000000,0x00000006c999f238,0x00000006d0b00000)
 Metaspace       used 6478K, capacity 7280K, committed 7552K, reserved 1056768K
  class space    used 593K, capacity 616K, committed 640K, reserved 1048576K
}
Event: 9.153 GC heap before
{Heap before GC invocations=15 (full 2):
 PSYoungGen      total 541696K, used 521817K [0x000000076ab00000, 0x0000000791280000, 0x00000007c0000000)
  eden space 475648K, 100% used [0x000000076ab00000,0x0000000787b80000,0x0000000787b80000)
  from space 66048K, 69% used [0x000000078c280000,0x000000078ef965c8,0x0000000790300000)
  to   space 72704K, 0% used [0x0000000787b80000,0x0000000787b80000,0x000000078c280000)
 ParOldGen       total 273408K, used 157308K [0x00000006c0000000, 0x00000006d0b00000, 0x000000076ab00000)
  object space 273408K, 57% used [0x00000006c0000000,0x00000006c999f238,0x00000006d0b00000)
 Metaspace       used 6495K, capacity 7280K, committed 7552K, reserved 1056768K
  class space    used 594K, capacity 616K, committed 640K, reserved 1048576K
Event: 9.350 GC heap after
Heap after GC invocations=15 (full 2):
 PSYoungGen      total 548352K, used 71104K [0x000000076ab00000, 0x0000000797500000, 0x00000007c0000000)
  eden space 475648K, 0% used [0x000000076ab00000,0x000000076ab00000,0x0000000787b80000)
  from space 72704K, 97% used [0x0000000787b80000,0x000000078c0f0380,0x000000078c280000)
  to   space 83968K, 0% used [0x0000000792300000,0x0000000792300000,0x0000000797500000)
 ParOldGen       total 273408K, used 201971K [0x00000006c0000000, 0x00000006d0b00000, 0x000000076ab00000)
  object space 273408K, 73% used [0x00000006c0000000,0x00000006cc53cdc0,0x00000006d0b00000)
 Metaspace       used 6495K, capacity 7280K, committed 7552K, reserved 1056768K
  class space    used 594K, capacity 616K, committed 640K, reserved 1048576K
}
Event: 14.163 GC heap before
{Heap before GC invocations=16 (full 2):
 PSYoungGen      total 548352K, used 546752K [0x000000076ab00000, 0x0000000797500000, 0x00000007c0000000)
  eden space 475648K, 100% used [0x000000076ab00000,0x0000000787b80000,0x0000000787b80000)
  from space 72704K, 97% used [0x0000000787b80000,0x000000078c0f0380,0x000000078c280000)
  to   space 83968K, 0% used [0x0000000792300000,0x0000000792300000,0x0000000797500000)
 ParOldGen       total 273408K, used 201971K [0x00000006c0000000, 0x00000006d0b00000, 0x000000076ab00000)
  object space 273408K, 73% used [0x00000006c0000000,0x00000006cc53cdc0,0x00000006d0b00000)
 Metaspace       used 6522K, capacity 7280K, committed 7552K, reserved 1056768K
  class space    used 595K, capacity 616K, committed 640K, reserved 1048576K
Event: 14.355 GC heap after
Heap after GC invocations=16 (full 2):
 PSYoungGen      total 613376K, used 83952K [0x000000076ab00000, 0x000000079ad00000, 0x00000007c0000000)
  eden space 529408K, 0% used [0x000000076ab00000,0x000000076ab00000,0x000000078b000000)
  from space 83968K, 99% used [0x0000000792300000,0x00000007974fc3c8,0x0000000797500000)
  to   space 117760K, 0% used [0x000000078b000000,0x000000078b000000,0x0000000792300000)
 ParOldGen       total 273408K, used 254062K [0x00000006c0000000, 0x00000006d0b00000, 0x000000076ab00000)
  object space 273408K, 92% used [0x00000006c0000000,0x00000006cf81bb48,0x00000006d0b00000)
 Metaspace       used 6522K, capacity 7280K, committed 7552K, reserved 1056768K
  class space    used 595K, capacity 616K, committed 640K, reserved 1048576K
}
Event: 14.355 GC heap before
{Heap before GC invocations=17 (full 3):
 PSYoungGen      total 613376K, used 83952K [0x000000076ab00000, 0x000000079ad00000, 0x00000007c0000000)
  eden space 529408K, 0% used [0x000000076ab00000,0x000000076ab00000,0x000000078b000000)
  from space 83968K, 99% used [0x0000000792300000,0x00000007974fc3c8,0x0000000797500000)
  to   space 117760K, 0% used [0x000000078b000000,0x000000078b000000,0x0000000792300000)
 ParOldGen       total 273408K, used 254062K [0x00000006c0000000, 0x00000006d0b00000, 0x000000076ab00000)
  object space 273408K, 92% used [0x00000006c0000000,0x00000006cf81bb48,0x00000006d0b00000)
 Metaspace       used 6522K, capacity 7280K, committed 7552K, reserved 1056768K
  class space    used 595K, capacity 616K, committed 640K, reserved 1048576K
Event: 15.675 GC heap after
Heap after GC invocations=17 (full 3):
 PSYoungGen      total 613376K, used 61712K [0x000000076ab00000, 0x000000079ad00000, 0x00000007c0000000)
  eden space 529408K, 0% used [0x000000076ab00000,0x000000076ab00000,0x000000078b000000)
  from space 83968K, 73% used [0x0000000792300000,0x0000000795f441c0,0x0000000797500000)
  to   space 117760K, 0% used [0x000000078b000000,0x000000078b000000,0x0000000792300000)
 ParOldGen       total 441344K, used 273347K [0x00000006c0000000, 0x00000006daf00000, 0x000000076ab00000)
  object space 441344K, 61% used [0x00000006c0000000,0x00000006d0af0e88,0x00000006daf00000)
 Metaspace       used 6522K, capacity 7280K, committed 7552K, reserved 1056768K
  class space    used 595K, capacity 616K, committed 640K, reserved 1048576K
}
Event: 18.268 GC heap before
{Heap before GC invocations=18 (full 3):
 PSYoungGen      total 613376K, used 591120K [0x000000076ab00000, 0x000000079ad00000, 0x00000007c0000000)
  eden space 529408K, 100% used [0x000000076ab00000,0x000000078b000000,0x000000078b000000)
  from space 83968K, 73% used [0x0000000792300000,0x0000000795f441c0,0x0000000797500000)
  to   space 117760K, 0% used [0x000000078b000000,0x000000078b000000,0x0000000792300000)
 ParOldGen       total 441344K, used 273347K [0x00000006c0000000, 0x00000006daf00000, 0x000000076ab00000)
  object space 441344K, 61% used [0x00000006c0000000,0x00000006d0af0e88,0x00000006daf00000)
 Metaspace       used 6590K, capacity 7344K, committed 7552K, reserved 1056768K
  class space    used 599K, capacity 616K, committed 640K, reserved 1048576K

Deoptimization events (10 events):
Event: 17.855 Thread 0x0000000004e00800 Uncommon trap: reason=unstable_if action=reinterpret pc=0x0000000005b4a6bc method=java.util.concurrent.ConcurrentHashMap.get(Ljava/lang/Object;)Ljava/lang/Object; @ 76
Event: 17.855 Thread 0x0000000004e00800 Uncommon trap: reason=unstable_if action=reinterpret pc=0x000000000501c9c4 method=java.util.concurrent.ConcurrentHashMap.putVal(Ljava/lang/Object;Ljava/lang/Object;Z)Ljava/lang/Object; @ 195
Event: 17.856 Thread 0x0000000004e00800 Uncommon trap: reason=unstable_if action=reinterpret pc=0x0000000005a74fac method=java.util.concurrent.ConcurrentHashMap.get(Ljava/lang/Object;)Ljava/lang/Object; @ 76
Event: 17.866 Thread 0x00000000205e8000 Uncommon trap: reason=class_check action=maybe_recompile pc=0x000000000504c75c method=com.android.dx.cf.code.OneLocalsArray.merge(Lcom/android/dx/cf/code/LocalsArray;)Lcom/android/dx/cf/code/LocalsArray; @ 1
Event: 17.866 Thread 0x00000000205e8000 Uncommon trap: reason=class_check action=maybe_recompile pc=0x000000000504c75c method=com.android.dx.cf.code.OneLocalsArray.merge(Lcom/android/dx/cf/code/LocalsArray;)Lcom/android/dx/cf/code/LocalsArray; @ 1
Event: 17.866 Thread 0x00000000205e8000 Uncommon trap: reason=class_check action=maybe_recompile pc=0x000000000504c75c method=com.android.dx.cf.code.OneLocalsArray.merge(Lcom/android/dx/cf/code/LocalsArray;)Lcom/android/dx/cf/code/LocalsArray; @ 1
Event: 17.999 Thread 0x00000000205e8000 Uncommon trap: reason=class_check action=maybe_recompile pc=0x000000000504c75c method=com.android.dx.cf.code.OneLocalsArray.merge(Lcom/android/dx/cf/code/LocalsArray;)Lcom/android/dx/cf/code/LocalsArray; @ 1
Event: 18.017 Thread 0x00000000205e4800 Uncommon trap: reason=unstable_if action=reinterpret pc=0x00000000056b37ec method=com.android.dx.ssa.SsaBasicBlock.replaceSuccessor(II)V @ 2
Event: 18.026 Thread 0x00000000205e8000 Uncommon trap: reason=bimorphic action=maybe_recompile pc=0x0000000005275bb4 method=com.android.dx.cf.code.BytecodeArray.parseInstruction(ILcom/android/dx/cf/code/BytecodeArray$Visitor;)I @ 1477
Event: 18.026 Thread 0x00000000205e8000 Uncommon trap: reason=bimorphic action=maybe_recompile pc=0x0000000005275bb4 method=com.android.dx.cf.code.BytecodeArray.parseInstruction(ILcom/android/dx/cf/code/BytecodeArray$Visitor;)I @ 1477

Internal exceptions (8 events):
Event: 0.025 Thread 0x0000000004e00800 Exception <a 'java/lang/NoSuchMethodError': Method sun.misc.Unsafe.defineClass(Ljava/lang/String;[BII)Ljava/lang/Class; name or signature does not match> (0x000000076ab07c78) thrown at [C:\src\android\AOSP-openjdk\external\jetbrains\jdk\hotspot\src\share\v¾½Á¯>Y™?
Event: 0.025 Thread 0x0000000004e00800 Exception <a 'java/lang/NoSuchMethodError': Method sun.misc.Unsafe.prefetchRead(Ljava/lang/Object;J)V name or signature does not match> (0x000000076ab07f60) thrown at [C:\src\android\AOSP-openjdk\external\jetbrains\jdk\hotspot\src\share\vm\prims\jni.cpp, l"¦i÷1Kû?
Event: 1.706 Thread 0x0000000004e00800 Implicit null exception at 0x0000000005065438 to 0x0000000005065a51
Event: 2.473 Thread 0x00000000205e6800 Implicit null exception at 0x00000000052100a2 to 0x00000000052101a2
Event: 2.541 Thread 0x00000000205e8000 Exception <a 'java/lang/ArrayIndexOutOfBoundsException': 18> (0x000000076dd0db48) thrown at [C:\src\android\AOSP-openjdk\external\jetbrains\jdk\hotspot\src\share\vm\interpreter\interpreterRuntime.cpp, line 366]
Event: 2.541 Thread 0x00000000205e8000 Exception <a 'java/lang/ArrayIndexOutOfBoundsException': 145> (0x000000076dd0f6c8) thrown at [C:\src\android\AOSP-openjdk\external\jetbrains\jdk\hotspot\src\share\vm\interpreter\interpreterRuntime.cpp, line 366]
Event: 2.542 Thread 0x00000000205e8000 Exception <a 'java/lang/ArrayIndexOutOfBoundsException': 40> (0x000000076dd109b0) thrown at [C:\src\android\AOSP-openjdk\external\jetbrains\jdk\hotspot\src\share\vm\interpreter\interpreterRuntime.cpp, line 366]
Event: 5.371 Thread 0x0000000004e00800 Implicit null exception at 0x000000000506c898 to 0x000000000506d219

Events (10 events):
Event: 18.026 Thread 0x00000000205e8000 DEOPT PACKING pc=0x0000000005275bb4 sp=0x000000002119e790
Event: 18.026 Thread 0x00000000205e8000 DEOPT UNPACKING pc=0x0000000004f4556a sp=0x000000002119e728 mode 2
Event: 18.032 Thread 0x00000000205e4800 DEOPT PACKING pc=0x0000000005451559 sp=0x0000000020f9eb30
Event: 18.032 Thread 0x00000000205e4800 DEOPT UNPACKING pc=0x0000000004f475bf sp=0x0000000020f9e878 mode 0
Event: 18.038 Thread 0x000000001fca2000 DEOPT PACKING pc=0x00000000050806e1 sp=0x0000000020d9e8a0
Event: 18.038 Thread 0x000000001fca2000 DEOPT UNPACKING pc=0x0000000004f475bf sp=0x0000000020d9e630 mode 0
Event: 18.061 loading class java/util/Random
Event: 18.130 loading class java/util/Random done
Event: 18.130 loading class java/util/concurrent/ThreadLocalRandom done
Event: 18.267 Executing VM operation: ParallelGCFailedAllocation


Dynamic libraries:
0x00007ff6572e0000 - 0x00007ff657311000 	C:\Program Files\Android\Android Studio\jre\bin\java.exe
0x00007ff85da90000 - 0x00007ff85dc70000 	C:\WINDOWS\SYSTEM32\ntdll.dll
0x00007ff85af60000 - 0x00007ff85b00e000 	C:\WINDOWS\System32\KERNEL32.DLL
0x00007ff85a180000 - 0x00007ff85a3e6000 	C:\WINDOWS\System32\KERNELBASE.dll
0x00007ff85b2c0000 - 0x00007ff85b361000 	C:\WINDOWS\System32\ADVAPI32.dll
0x00007ff85ba50000 - 0x00007ff85baed000 	C:\WINDOWS\System32\msvcrt.dll
0x00007ff85b520000 - 0x00007ff85b57b000 	C:\WINDOWS\System32\sechost.dll
0x00007ff85b010000 - 0x00007ff85b12f000 	C:\WINDOWS\System32\RPCRT4.dll
0x00007ff85c260000 - 0x00007ff85c3ef000 	C:\WINDOWS\System32\USER32.dll
0x00007ff859f40000 - 0x00007ff859f60000 	C:\WINDOWS\System32\win32u.dll
0x00007ff85b590000 - 0x00007ff85b5b8000 	C:\WINDOWS\System32\GDI32.dll
0x00007ff85adc0000 - 0x00007ff85af53000 	C:\WINDOWS\System32\gdi32full.dll
0x00007ff85aba0000 - 0x00007ff85ac3b000 	C:\WINDOWS\System32\msvcp_win.dll
0x00007ff85acc0000 - 0x00007ff85adb6000 	C:\WINDOWS\System32\ucrtbase.dll
0x00007ff84b3f0000 - 0x00007ff84b659000 	C:\WINDOWS\WinSxS\amd64_microsoft.windows.common-controls_6595b64144ccf1df_6.0.16299.125_none_15cbcf8893620c09\COMCTL32.dll
0x00007ff85bf50000 - 0x00007ff85c258000 	C:\WINDOWS\System32\combase.dll
0x00007ff85ac40000 - 0x00007ff85acb2000 	C:\WINDOWS\System32\bcryptPrimitives.dll
0x00007ff85b5c0000 - 0x00007ff85b5ed000 	C:\WINDOWS\System32\IMM32.DLL
0x0000000073990000 - 0x0000000073a62000 	C:\Program Files\Android\Android Studio\jre\jre\bin\msvcr100.dll
0x0000000072a70000 - 0x00000000732ac000 	C:\Program Files\Android\Android Studio\jre\jre\bin\server\jvm.dll
0x00007ff85b580000 - 0x00007ff85b588000 	C:\WINDOWS\System32\PSAPI.DLL
0x00007ff8500a0000 - 0x00007ff8500a9000 	C:\WINDOWS\SYSTEM32\WSOCK32.dll
0x00007ff84edc0000 - 0x00007ff84edca000 	C:\WINDOWS\SYSTEM32\VERSION.dll
0x00007ff856ec0000 - 0x00007ff856ee3000 	C:\WINDOWS\SYSTEM32\WINMM.dll
0x00007ff85bc00000 - 0x00007ff85bc6c000 	C:\WINDOWS\System32\WS2_32.dll
0x00007ff856e60000 - 0x00007ff856e8a000 	C:\WINDOWS\SYSTEM32\winmmbase.dll
0x00007ff85a130000 - 0x00007ff85a17a000 	C:\WINDOWS\System32\cfgmgr32.dll
0x00007ff84eb00000 - 0x00007ff84eb0f000 	C:\Program Files\Android\Android Studio\jre\jre\bin\verify.dll
0x00007ff835280000 - 0x00007ff8352a9000 	C:\Program Files\Android\Android Studio\jre\jre\bin\java.dll
0x00007ff84c630000 - 0x00007ff84c646000 	C:\Program Files\Android\Android Studio\jre\jre\bin\zip.dll
0x00007ff85c3f0000 - 0x00007ff85d826000 	C:\WINDOWS\System32\SHELL32.dll
0x00007ff85baf0000 - 0x00007ff85bb96000 	C:\WINDOWS\System32\shcore.dll
0x00007ff85a450000 - 0x00007ff85ab97000 	C:\WINDOWS\System32\windows.storage.dll
0x00007ff85bba0000 - 0x00007ff85bbf1000 	C:\WINDOWS\System32\shlwapi.dll
0x00007ff859e50000 - 0x00007ff859e61000 	C:\WINDOWS\System32\kernel.appcore.dll
0x00007ff859e00000 - 0x00007ff859e4c000 	C:\WINDOWS\System32\powrprof.dll
0x00007ff859e70000 - 0x00007ff859e8b000 	C:\WINDOWS\System32\profapi.dll

VM Arguments:
jvm_args: -Djava.awt.headless=true -Xmx4g -Dfile.encoding=GBK -Duser.country=CN -Duser.language=zh -Duser.variant 
java_command: com.android.dx.command.Main --dex --num-threads=4 --multi-dex --main-dex-list D:\works\ZYJXObject\app\build\intermediates\multi-dex\release\maindexlist.txt --output D:\works\ZYJXObject\app\build\intermediates\transforms\dex\release\folders\1000\1f\main D:\works\ZYJXObject\app\build\intermediates\transforms\jarMerging\release\jars\1\1f\combined.jar
java_class_path (initial): C:\Users\User\AppData\Local\Android\sdk\build-tools\26.0.0\lib\dx.jar
Launcher Type: SUN_STANDARD

Environment Variables:
JAVA_HOME=C:\Program Files\Java\jdk1.8.0_45
PATH=C:\ProgramData\Oracle\Java\javapath;C:\WINDOWS\system32;C:\WINDOWS;C:\WINDOWS\System32\Wbem;C:\WINDOWS\System32\WindowsPowerShell\v1.0\;C:\Program Files\Java\jdk1.8.0_45\bin;C:\Program Files\Java\jdk1.8.0_45\jre\bin;C:\Program Files (x86)\GtkSharp\2.12\bin;C:\Users\User\AppData\Local\Microsoft\WindowsApps;C:\Users\User\AppData\Local\GitHubDesktop\bin
USERNAME=User
OS=Windows_NT
PROCESSOR_IDENTIFIER=Intel64 Family 6 Model 158 Stepping 9, GenuineIntel



---------------  S Y S T E M  ---------------

OS: Windows 10.0 , 64 bit Build 16299 (10.0.16299.15)

CPU:total 4 (4 cores per cpu, 1 threads per core) family 6 model 158 stepping 9, cmov, cx8, fxsr, mmx, sse, sse2, sse3, ssse3, sse4.1, sse4.2, popcnt, avx, avx2, aes, clmul, erms, 3dnowpref, lzcnt, tsc, tscinvbit, bmi1, bmi2, adx

Memory: 4k page, physical 8071812k(607668k free), swap 33237636k(940k free)

vm_info: OpenJDK 64-Bit Server VM (25.112-b06) for windows-amd64 JRE (1.8.0_112-release-b06), built on Dec  8 2016 00:54:26 by "builder" with MS VC++ 10.0 (VS2010)

time: Tue Jan 09 17:17:54 2018
elapsed time: 19 seconds (0d 0h 0m 19s)

