#
# There is insufficient memory for the Java Runtime Environment to continue.
# Native memory allocation (malloc) failed to allocate 32744 bytes for ChunkPool::allocate
# Possible reasons:
#   The system is out of physical RAM or swap space
#   In 32 bit mode, the process size limit was hit
# Possible solutions:
#   Reduce memory load on the system
#   Increase physical memory or swap space
#   Check if swap backing store is full
#   Use 64 bit Java on a 64 bit OS
#   Decrease Java heap size (-Xmx/-Xms)
#   Decrease number of Java threads
#   Decrease Java thread stack sizes (-Xss)
#   Set larger code cache with -XX:ReservedCodeCacheSize=
# This output file may be truncated or incomplete.
#
#  Out of Memory Error (allocation.cpp:273), pid=11200, tid=0x0000000000002198
#
# JRE version: OpenJDK Runtime Environment (8.0_112-b06) (build 1.8.0_112-release-b06)
# Java VM: OpenJDK 64-Bit Server VM (25.112-b06 mixed mode windows-amd64 compressed oops)
# Failed to write core dump. Minidumps are not enabled by default on client versions of Windows
#

---------------  T H R E A D  ---------------

Current thread (0x000000001fd5a800):  JavaThread "C1 CompilerThread2" daemon [_thread_in_vm, id=8600, stack(0x0000000020500000,0x0000000020600000)]

Stack: [0x0000000020500000,0x0000000020600000]
[error occurred during error reporting (printing stack bounds), id 0xc0000005]

Native frames: (J=compiled Java code, j=interpreted, Vv=VM code, C=native code)


Current CompileTask:
C1:   3445 1989       2       com.android.dx.dex.file.AnnotationUtils::makeSignature (251 bytes)


---------------  P R O C E S S  ---------------

Java Threads: ( => current thread )
  0x000000002001f800 JavaThread "pool-2-thread-4" [_thread_in_Java, id=13680, stack(0x0000000021400000,0x0000000021500000)]
  0x000000002001c800 JavaThread "pool-2-thread-3" [_thread_in_vm, id=2628, stack(0x0000000021300000,0x0000000021400000)]
  0x0000000020035800 JavaThread "pool-2-thread-2" [_thread_blocked, id=13200, stack(0x0000000021200000,0x0000000021300000)]
  0x00000000200ef800 JavaThread "pool-3-thread-1" [_thread_blocked, id=7872, stack(0x0000000021100000,0x0000000021200000)]
  0x00000000200f1000 JavaThread "pool-2-thread-1" [_thread_blocked, id=2432, stack(0x0000000021000000,0x0000000021100000)]
  0x000000001fd60000 JavaThread "Service Thread" daemon [_thread_blocked, id=11992, stack(0x0000000020600000,0x0000000020700000)]
=>0x000000001fd5a800 JavaThread "C1 CompilerThread2" daemon [_thread_in_vm, id=8600, stack(0x0000000020500000,0x0000000020600000)]
  0x000000001fd53800 JavaThread "C2 CompilerThread1" daemon [_thread_in_native, id=14528, stack(0x0000000020400000,0x0000000020500000)]
  0x000000001e9e8000 JavaThread "C2 CompilerThread0" daemon [_thread_in_native, id=9560, stack(0x0000000020300000,0x0000000020400000)]
  0x000000001e99d800 JavaThread "Attach Listener" daemon [_thread_blocked, id=1572, stack(0x0000000020200000,0x0000000020300000)]
  0x000000001fd08800 JavaThread "Signal Dispatcher" daemon [_thread_blocked, id=200, stack(0x0000000020100000,0x0000000020200000)]
  0x000000000523c000 JavaThread "Finalizer" daemon [_thread_blocked, id=12324, stack(0x000000001fc00000,0x000000001fd00000)]
  0x0000000005231000 JavaThread "Reference Handler" daemon [_thread_blocked, id=13864, stack(0x000000001fb00000,0x000000001fc00000)]
  0x0000000005140800 JavaThread "main" [_thread_in_Java, id=5628, stack(0x0000000004cc0000,0x0000000004dc0000)]

Other Threads:
  0x000000001e955800 VMThread [stack: 0x000000001fa00000,0x000000001fb00000] [id=8016]
  0x000000001fd61000 WatcherThread [stack: 0x0000000020700000,0x0000000020800000] [id=10260]

VM state:not at safepoint (normal execution)

VM Mutex/Monitor currently owned by a thread: None

Heap:
 PSYoungGen      total 132096K, used 67064K [0x000000076ab00000, 0x0000000773100000, 0x00000007c0000000)
  eden space 126976K, 48% used [0x000000076ab00000,0x000000076e7840e8,0x0000000772700000)
  from space 5120K, 99% used [0x0000000772c00000,0x00000007730fa030,0x0000000773100000)
  to   space 5120K, 0% used [0x0000000772700000,0x0000000772700000,0x0000000772c00000)
 ParOldGen       total 84992K, used 22407K [0x00000006c0000000, 0x00000006c5300000, 0x000000076ab00000)
  object space 84992K, 26% used [0x00000006c0000000,0x00000006c15e1d08,0x00000006c5300000)
 Metaspace       used 6257K, capacity 7152K, committed 7296K, reserved 1056768K
  class space    used 584K, capacity 616K, committed 640K, reserved 1048576K

Card table byte_map: [0x0000000014680000,0x0000000014e90000] byte_map_base: 0x0000000011080000

Marking Bits: (ParMarkBitMap*) 0x00000000688618f0
 Begin Bits: [0x00000000157f0000, 0x00000000197f0000)
 End Bits:   [0x00000000197f0000, 0x000000001d7f0000)

Polling page: 0x0000000003480000

CodeCache: size=245760Kb used=7929Kb max_used=7929Kb free=237830Kb
 bounds [0x00000000052c0000, 0x0000000005a90000, 0x00000000142c0000]
 total_blobs=2153 nmethods=1888 adapters=178
 compilation: enabled

Compilation events (10 events):
Event: 3.430 Thread 0x000000001fd5a800 nmethod 1983 0x0000000005a81fd0 code [0x0000000005a82140, 0x0000000005a82328]
Event: 3.431 Thread 0x000000001fd5a800 1984       2       java.util.HashMap$TreeNode::getTreeNode (22 bytes)
Event: 3.431 Thread 0x000000001fd5a800 nmethod 1984 0x0000000005a823d0 code [0x0000000005a82540, 0x0000000005a82728]
Event: 3.434 Thread 0x000000001fd5a800 1985       3       com.android.dx.dex.code.RopTranslator::outputInstructions (69 bytes)
Event: 3.435 Thread 0x000000001fd5a800 nmethod 1985 0x0000000005a82890 code [0x0000000005a82a20, 0x0000000005a82e78]
Event: 3.435 Thread 0x000000001fd5a800 1986       2       com.android.dx.rop.code.Rops::opConv (231 bytes)
Event: 3.436 Thread 0x000000001fd5a800 nmethod 1986 0x0000000005a83050 code [0x0000000005a832e0, 0x0000000005a83e78]
Event: 3.441 Thread 0x000000001fd5a800 1987       2       java.util.concurrent.locks.ReentrantLock$NonfairSync::lock (25 bytes)
Event: 3.442 Thread 0x000000001fd5a800 nmethod 1987 0x0000000005a84b90 code [0x0000000005a84d20, 0x0000000005a84f98]
Event: 3.443 Thread 0x000000001fd5a800 1989       2       com.android.dx.dex.file.AnnotationUtils::makeSignature (251 bytes)

GC Heap History (8 events):
Event: 1.537 GC heap before
{Heap before GC invocations=1 (full 0):
 PSYoungGen      total 36864K, used 31744K [0x000000076ab00000, 0x000000076d400000, 0x00000007c0000000)
  eden space 31744K, 100% used [0x000000076ab00000,0x000000076ca00000,0x000000076ca00000)
  from space 5120K, 0% used [0x000000076cf00000,0x000000076cf00000,0x000000076d400000)
  to   space 5120K, 0% used [0x000000076ca00000,0x000000076ca00000,0x000000076cf00000)
 ParOldGen       total 84992K, used 0K [0x00000006c0000000, 0x00000006c5300000, 0x000000076ab00000)
  object space 84992K, 0% used [0x00000006c0000000,0x00000006c0000000,0x00000006c5300000)
 Metaspace       used 5759K, capacity 6832K, committed 7040K, reserved 1056768K
  class space    used 563K, capacity 616K, committed 640K, reserved 1048576K
Event: 1.617 GC heap after
Heap after GC invocations=1 (full 0):
 PSYoungGen      total 36864K, used 5103K [0x000000076ab00000, 0x000000076f300000, 0x00000007c0000000)
  eden space 31744K, 0% used [0x000000076ab00000,0x000000076ab00000,0x000000076ca00000)
  from space 5120K, 99% used [0x000000076ca00000,0x000000076cefbe30,0x000000076cf00000)
  to   space 5120K, 0% used [0x000000076ee00000,0x000000076ee00000,0x000000076f300000)
 ParOldGen       total 84992K, used 1234K [0x00000006c0000000, 0x00000006c5300000, 0x000000076ab00000)
  object space 84992K, 1% used [0x00000006c0000000,0x00000006c0134a38,0x00000006c5300000)
 Metaspace       used 5759K, capacity 6832K, committed 7040K, reserved 1056768K
  class space    used 563K, capacity 616K, committed 640K, reserved 1048576K
}
Event: 1.905 GC heap before
{Heap before GC invocations=2 (full 0):
 PSYoungGen      total 36864K, used 36847K [0x000000076ab00000, 0x000000076f300000, 0x00000007c0000000)
  eden space 31744K, 100% used [0x000000076ab00000,0x000000076ca00000,0x000000076ca00000)
  from space 5120K, 99% used [0x000000076ca00000,0x000000076cefbe30,0x000000076cf00000)
  to   space 5120K, 0% used [0x000000076ee00000,0x000000076ee00000,0x000000076f300000)
 ParOldGen       total 84992K, used 1234K [0x00000006c0000000, 0x00000006c5300000, 0x000000076ab00000)
  object space 84992K, 1% used [0x00000006c0000000,0x00000006c0134a38,0x00000006c5300000)
 Metaspace       used 5907K, capacity 6960K, committed 7040K, reserved 1056768K
  class space    used 565K, capacity 616K, committed 640K, reserved 1048576K
Event: 1.911 GC heap after
Heap after GC invocations=2 (full 0):
 PSYoungGen      total 68608K, used 5119K [0x000000076ab00000, 0x000000076f300000, 0x00000007c0000000)
  eden space 63488K, 0% used [0x000000076ab00000,0x000000076ab00000,0x000000076e900000)
  from space 5120K, 99% used [0x000000076ee00000,0x000000076f2ffca8,0x000000076f300000)
  to   space 5120K, 0% used [0x000000076e900000,0x000000076e900000,0x000000076ee00000)
 ParOldGen       total 84992K, used 3709K [0x00000006c0000000, 0x00000006c5300000, 0x000000076ab00000)
  object space 84992K, 4% used [0x00000006c0000000,0x00000006c039f4b0,0x00000006c5300000)
 Metaspace       used 5907K, capacity 6960K, committed 7040K, reserved 1056768K
  class space    used 565K, capacity 616K, committed 640K, reserved 1048576K
}
Event: 2.326 GC heap before
{Heap before GC invocations=3 (full 0):
 PSYoungGen      total 68608K, used 68607K [0x000000076ab00000, 0x000000076f300000, 0x00000007c0000000)
  eden space 63488K, 100% used [0x000000076ab00000,0x000000076e900000,0x000000076e900000)
  from space 5120K, 99% used [0x000000076ee00000,0x000000076f2ffca8,0x000000076f300000)
  to   space 5120K, 0% used [0x000000076e900000,0x000000076e900000,0x000000076ee00000)
 ParOldGen       total 84992K, used 5408K [0x00000006c0000000, 0x00000006c5300000, 0x000000076ab00000)
  object space 84992K, 6% used [0x00000006c0000000,0x00000006c05480c8,0x00000006c5300000)
 Metaspace       used 6076K, capacity 7088K, committed 7296K, reserved 1056768K
  class space    used 565K, capacity 616K, committed 640K, reserved 1048576K
Event: 2.349 GC heap after
Heap after GC invocations=3 (full 0):
 PSYoungGen      total 68608K, used 5112K [0x000000076ab00000, 0x0000000773100000, 0x00000007c0000000)
  eden space 63488K, 0% used [0x000000076ab00000,0x000000076ab00000,0x000000076e900000)
  from space 5120K, 99% used [0x000000076e900000,0x000000076edfe020,0x000000076ee00000)
  to   space 5120K, 0% used [0x0000000772c00000,0x0000000772c00000,0x0000000773100000)
 ParOldGen       total 84992K, used 14371K [0x00000006c0000000, 0x00000006c5300000, 0x000000076ab00000)
  object space 84992K, 16% used [0x00000006c0000000,0x00000006c0e08c30,0x00000006c5300000)
 Metaspace       used 6076K, capacity 7088K, committed 7296K, reserved 1056768K
  class space    used 565K, capacity 616K, committed 640K, reserved 1048576K
}
Event: 2.995 GC heap before
{Heap before GC invocations=4 (full 0):
 PSYoungGen      total 68608K, used 68600K [0x000000076ab00000, 0x0000000773100000, 0x00000007c0000000)
  eden space 63488K, 100% used [0x000000076ab00000,0x000000076e900000,0x000000076e900000)
  from space 5120K, 99% used [0x000000076e900000,0x000000076edfe020,0x000000076ee00000)
  to   space 5120K, 0% used [0x0000000772c00000,0x0000000772c00000,0x0000000773100000)
 ParOldGen       total 84992K, used 14372K [0x00000006c0000000, 0x00000006c5300000, 0x000000076ab00000)
  object space 84992K, 16% used [0x00000006c0000000,0x00000006c0e09390,0x00000006c5300000)
 Metaspace       used 6225K, capacity 7152K, committed 7296K, reserved 1056768K
  class space    used 584K, capacity 616K, committed 640K, reserved 1048576K
Event: 3.054 GC heap after
Heap after GC invocations=4 (full 0):
 PSYoungGen      total 132096K, used 5096K [0x000000076ab00000, 0x0000000773100000, 0x00000007c0000000)
  eden space 126976K, 0% used [0x000000076ab00000,0x000000076ab00000,0x0000000772700000)
  from space 5120K, 99% used [0x0000000772c00000,0x00000007730fa030,0x0000000773100000)
  to   space 5120K, 0% used [0x0000000772700000,0x0000000772700000,0x0000000772c00000)
 ParOldGen       total 84992K, used 22407K [0x00000006c0000000, 0x00000006c5300000, 0x000000076ab00000)
  object space 84992K, 26% used [0x00000006c0000000,0x00000006c15e1d08,0x00000006c5300000)
 Metaspace       used 6225K, capacity 7152K, committed 7296K, reserved 1056768K
  class space    used 584K, capacity 616K, committed 640K, reserved 1048576K
}

Deoptimization events (10 events):
Event: 2.405 Thread 0x000000002001c800 Uncommon trap: reason=bimorphic action=maybe_recompile pc=0x00000000059422a4 method=com.android.dx.cf.code.BytecodeArray.parseInstruction(ILcom/android/dx/cf/code/BytecodeArray$Visitor;)I @ 1573
Event: 2.405 Thread 0x000000002001c800 Uncommon trap: reason=bimorphic action=maybe_recompile pc=0x00000000059422a4 method=com.android.dx.cf.code.BytecodeArray.parseInstruction(ILcom/android/dx/cf/code/BytecodeArray$Visitor;)I @ 1573
Event: 2.405 Thread 0x000000002001c800 Uncommon trap: reason=bimorphic action=maybe_recompile pc=0x00000000059422a4 method=com.android.dx.cf.code.BytecodeArray.parseInstruction(ILcom/android/dx/cf/code/BytecodeArray$Visitor;)I @ 1573
Event: 2.405 Thread 0x000000002001c800 Uncommon trap: reason=bimorphic action=maybe_recompile pc=0x00000000059422a4 method=com.android.dx.cf.code.BytecodeArray.parseInstruction(ILcom/android/dx/cf/code/BytecodeArray$Visitor;)I @ 1573
Event: 2.411 Thread 0x000000002001c800 Uncommon trap: reason=unstable_if action=reinterpret pc=0x00000000057b1368 method=java.util.HashMap.getNode(ILjava/lang/Object;)Ljava/util/HashMap$Node; @ 84
Event: 2.960 Thread 0x000000002001f800 Uncommon trap: reason=bimorphic action=maybe_recompile pc=0x00000000059b01a8 method=com.android.dx.cf.code.BytecodeArray.parseInstruction(ILcom/android/dx/cf/code/BytecodeArray$Visitor;)I @ 1327
Event: 2.960 Thread 0x000000002001f800 Uncommon trap: reason=bimorphic action=maybe_recompile pc=0x00000000059b01a8 method=com.android.dx.cf.code.BytecodeArray.parseInstruction(ILcom/android/dx/cf/code/BytecodeArray$Visitor;)I @ 1327
Event: 3.352 Thread 0x0000000005140800 Uncommon trap: reason=unstable_if action=reinterpret pc=0x0000000005996ec0 method=com.android.dx.cf.code.RopperMachine.run(Lcom/android/dx/cf/code/Frame;II)V @ 356
Event: 3.402 Thread 0x0000000005140800 Uncommon trap: reason=bimorphic action=maybe_recompile pc=0x0000000005a4252c method=com.android.dx.cf.code.BytecodeArray.parseInstruction(ILcom/android/dx/cf/code/BytecodeArray$Visitor;)I @ 1224
Event: 3.402 Thread 0x0000000005140800 Uncommon trap: reason=bimorphic action=maybe_recompile pc=0x0000000005a4252c method=com.android.dx.cf.code.BytecodeArray.parseInstruction(ILcom/android/dx/cf/code/BytecodeArray$Visitor;)I @ 1224

Internal exceptions (5 events):
Event: 0.569 Thread 0x0000000005140800 Exception <a 'java/lang/NoSuchMethodError': Method sun.misc.Unsafe.defineClass(Ljava/lang/String;[BII)Ljava/lang/Class; name or signature does not match> (0x000000076ab07c78) thrown at [C:\src\android\AOSP-openjdk\external\jetbrains\jdk\hotspot\src\share\vhècéù2‚?
Event: 0.569 Thread 0x0000000005140800 Exception <a 'java/lang/NoSuchMethodError': Method sun.misc.Unsafe.prefetchRead(Ljava/lang/Object;J)V name or signature does not match> (0x000000076ab07f60) thrown at [C:\src\android\AOSP-openjdk\external\jetbrains\jdk\hotspot\src\share\vm\prims\jni.cpp, lëñÑ
@
Event: 2.380 Thread 0x0000000005140800 Exception <a 'java/lang/ArrayIndexOutOfBoundsException': 18> (0x000000076bc2ca68) thrown at [C:\src\android\AOSP-openjdk\external\jetbrains\jdk\hotspot\src\share\vm\interpreter\interpreterRuntime.cpp, line 366]
Event: 2.380 Thread 0x0000000005140800 Exception <a 'java/lang/ArrayIndexOutOfBoundsException': 145> (0x000000076bc2e5e8) thrown at [C:\src\android\AOSP-openjdk\external\jetbrains\jdk\hotspot\src\share\vm\interpreter\interpreterRuntime.cpp, line 366]
Event: 2.381 Thread 0x0000000005140800 Exception <a 'java/lang/ArrayIndexOutOfBoundsException': 40> (0x000000076bc2f8d0) thrown at [C:\src\android\AOSP-openjdk\external\jetbrains\jdk\hotspot\src\share\vm\interpreter\interpreterRuntime.cpp, line 366]

Events (10 events):
Event: 3.419 Thread 0x0000000020035800 DEOPT UNPACKING pc=0x00000000053075bf sp=0x00000000212fe888 mode 0
Event: 3.420 Thread 0x0000000020035800 DEOPT PACKING pc=0x00000000057dde3f sp=0x00000000212fed20
Event: 3.420 Thread 0x0000000020035800 DEOPT UNPACKING pc=0x00000000053075bf sp=0x00000000212fea70 mode 0
Event: 3.425 Thread 0x0000000020035800 DEOPT PACKING pc=0x00000000056479b8 sp=0x00000000212fe540
Event: 3.425 Thread 0x0000000020035800 DEOPT UNPACKING pc=0x00000000053075bf sp=0x00000000212fe278 mode 0
Event: 3.435 Thread 0x000000002001f800 DEOPT PACKING pc=0x0000000005807915 sp=0x00000000214fece0
Event: 3.435 Thread 0x000000002001f800 DEOPT UNPACKING pc=0x00000000053075bf sp=0x00000000214fea18 mode 0
Event: 3.441 Thread 0x0000000020035800 DEOPT PACKING pc=0x00000000055a589c sp=0x00000000212fea90
Event: 3.441 Thread 0x0000000020035800 DEOPT UNPACKING pc=0x00000000053075bf sp=0x00000000212fe810 mode 0
Event: 3.442 Thread 0x00000000200f1000 DEOPT PACKING pc=0x00000000056479b8 sp=0x00000000210fe460


Dynamic libraries:
0x00007ff722430000 - 0x00007ff722461000 	C:\Program Files\Android\Android Studio\jre\bin\java.exe
0x00007fffa0ef0000 - 0x00007fffa10d0000 	C:\WINDOWS\SYSTEM32\ntdll.dll
0x00007fff9e8d0000 - 0x00007fff9e97e000 	C:\WINDOWS\System32\KERNEL32.DLL
0x00007fff9de90000 - 0x00007fff9e0f6000 	C:\WINDOWS\System32\KERNELBASE.dll
0x00007fffa09a0000 - 0x00007fffa0a41000 	C:\WINDOWS\System32\ADVAPI32.dll
0x00007fff9f250000 - 0x00007fff9f2ed000 	C:\WINDOWS\System32\msvcrt.dll
0x00007fff9e5c0000 - 0x00007fff9e61b000 	C:\WINDOWS\System32\sechost.dll
0x00007fffa0be0000 - 0x00007fffa0cff000 	C:\WINDOWS\System32\RPCRT4.dll
0x00007fff9e6d0000 - 0x00007fff9e85f000 	C:\WINDOWS\System32\USER32.dll
0x00007fff9d550000 - 0x00007fff9d570000 	C:\WINDOWS\System32\win32u.dll
0x00007fff9e590000 - 0x00007fff9e5b8000 	C:\WINDOWS\System32\GDI32.dll
0x00007fff9e220000 - 0x00007fff9e3b3000 	C:\WINDOWS\System32\gdi32full.dll
0x00007fff9e100000 - 0x00007fff9e19b000 	C:\WINDOWS\System32\msvcp_win.dll
0x00007fff9d3a0000 - 0x00007fff9d496000 	C:\WINDOWS\System32\ucrtbase.dll
0x00007fff8cf90000 - 0x00007fff8d1f9000 	C:\WINDOWS\WinSxS\amd64_microsoft.windows.common-controls_6595b64144ccf1df_6.0.16299.125_none_15cbcf8893620c09\COMCTL32.dll
0x00007fff9ef40000 - 0x00007fff9f248000 	C:\WINDOWS\System32\combase.dll
0x00007fff9e1a0000 - 0x00007fff9e212000 	C:\WINDOWS\System32\bcryptPrimitives.dll
0x00007fff9e560000 - 0x00007fff9e58d000 	C:\WINDOWS\System32\IMM32.DLL
0x0000000068fc0000 - 0x0000000069092000 	C:\Program Files\Android\Android Studio\jre\jre\bin\msvcr100.dll
0x00000000680a0000 - 0x00000000688dc000 	C:\Program Files\Android\Android Studio\jre\jre\bin\server\jvm.dll
0x00007fff9f2f0000 - 0x00007fff9f2f8000 	C:\WINDOWS\System32\PSAPI.DLL
0x00007fff99350000 - 0x00007fff99373000 	C:\WINDOWS\SYSTEM32\WINMM.dll
0x00007fff98b70000 - 0x00007fff98b79000 	C:\WINDOWS\SYSTEM32\WSOCK32.dll
0x00007fff9a310000 - 0x00007fff9a31a000 	C:\WINDOWS\SYSTEM32\VERSION.dll
0x00007fffa0930000 - 0x00007fffa099c000 	C:\WINDOWS\System32\WS2_32.dll
0x00007fff992f0000 - 0x00007fff9931a000 	C:\WINDOWS\SYSTEM32\WINMMBASE.dll
0x00007fff9d2f0000 - 0x00007fff9d33a000 	C:\WINDOWS\System32\cfgmgr32.dll
0x00007fff98b60000 - 0x00007fff98b6f000 	C:\Program Files\Android\Android Studio\jre\jre\bin\verify.dll
0x00007fff8e150000 - 0x00007fff8e179000 	C:\Program Files\Android\Android Studio\jre\jre\bin\java.dll
0x00007fff8e440000 - 0x00007fff8e456000 	C:\Program Files\Android\Android Studio\jre\jre\bin\zip.dll
0x00007fff9f3f0000 - 0x00007fffa0826000 	C:\WINDOWS\System32\SHELL32.dll
0x00007fff9e620000 - 0x00007fff9e6c6000 	C:\WINDOWS\System32\shcore.dll
0x00007fff9d740000 - 0x00007fff9de87000 	C:\WINDOWS\System32\windows.storage.dll
0x00007fffa0830000 - 0x00007fffa0881000 	C:\WINDOWS\System32\shlwapi.dll
0x00007fff9d240000 - 0x00007fff9d251000 	C:\WINDOWS\System32\kernel.appcore.dll
0x00007fff9d2a0000 - 0x00007fff9d2ec000 	C:\WINDOWS\System32\powrprof.dll
0x00007fff9d280000 - 0x00007fff9d29b000 	C:\WINDOWS\System32\profapi.dll

VM Arguments:
jvm_args: -Djava.awt.headless=true -Xmx4g -Dfile.encoding=GBK -Duser.country=CN -Duser.language=zh -Duser.variant 
java_command: com.android.dx.command.Main --dex --force-jumbo --num-threads=4 --multi-dex --output D:\works\ZYJXObject\app\build\intermediates\transforms\dex\debug\folders\1000\8\BaiduLBS_Android_e819e1c08187a6cf8686960077d863c364b5309a D:\works\ZYJXObject\easeui\build\intermediates\bundles\default\libs\BaiduLBS_Android.jar
java_class_path (initial): C:\Users\User\AppData\Local\Android\sdk\build-tools\26.0.0\lib\dx.jar
Launcher Type: SUN_STANDARD

Environment Variables:
JAVA_HOME=C:\Program Files\Java\jdk1.8.0_45
PATH=C:\ProgramData\Oracle\Java\javapath;C:\WINDOWS\system32;C:\WINDOWS;C:\WINDOWS\System32\Wbem;C:\WINDOWS\System32\WindowsPowerShell\v1.0\;C:\Program Files\Java\jdk1.8.0_45\bin;C:\Program Files\Java\jdk1.8.0_45\jre\bin;C:\Program Files (x86)\GtkSharp\2.12\bin;C:\Users\User\AppData\Local\Microsoft\WindowsApps;C:\Users\User\AppData\Local\GitHubDesktop\bin
USERNAME=User
OS=Windows_NT
PROCESSOR_IDENTIFIER=Intel64 Family 6 Model 158 Stepping 9, GenuineIntel



---------------  S Y S T E M  ---------------

OS: Windows 10.0 , 64 bit Build 16299 (10.0.16299.15)

CPU:total 4 (4 cores per cpu, 1 threads per core) family 6 model 158 stepping 9, cmov, cx8, fxsr, mmx, sse, sse2, sse3, ssse3, sse4.1, sse4.2, popcnt, avx, avx2, aes, clmul, erms, 3dnowpref, lzcnt, tsc, tscinvbit, bmi1, bmi2, adx

Memory: 4k page, physical 8071812k(2071208k free), swap 33237636k(5136k free)

vm_info: OpenJDK 64-Bit Server VM (25.112-b06) for windows-amd64 JRE (1.8.0_112-release-b06), built on Dec  8 2016 00:54:26 by "builder" with MS VC++ 10.0 (VS2010)

time: Fri Jan 19 17:31:53 2018
elapsed time: 3 seconds (0d 0h 0m 3s)

