#
# There is insufficient memory for the Java Runtime Environment to continue.
# Native memory allocation (malloc) failed to allocate 714736 bytes for Chunk::new
# Possible reasons:
#   The system is out of physical RAM or swap space
#   In 32 bit mode, the process size limit was hit
# Possible solutions:
#   Reduce memory load on the system
#   Increase physical memory or swap space
#   Check if swap backing store is full
#   Use 64 bit Java on a 64 bit OS
#   Decrease Java heap size (-Xmx/-Xms)
#   Decrease number of Java threads
#   Decrease Java thread stack sizes (-Xss)
#   Set larger code cache with -XX:ReservedCodeCacheSize=
# This output file may be truncated or incomplete.
#
#  Out of Memory Error (allocation.cpp:390), pid=4796, tid=0x000000000000226c
#
# JRE version: OpenJDK Runtime Environment (8.0_112-b06) (build 1.8.0_112-release-b06)
# Java VM: OpenJDK 64-Bit Server VM (25.112-b06 mixed mode windows-amd64 compressed oops)
# Failed to write core dump. Minidumps are not enabled by default on client versions of Windows
#

---------------  T H R E A D  ---------------

Current thread (0x000000001f6a7000):  JavaThread "C2 CompilerThread1" daemon [_thread_in_native, id=8812, stack(0x000000001fd50000,0x000000001fe50000)]

Stack: [0x000000001fd50000,0x000000001fe50000]
[error occurred during error reporting (printing stack bounds), id 0xc0000005]

Native frames: (J=compiled Java code, j=interpreted, Vv=VM code, C=native code)


Current CompileTask:
C2:   1959 1076   !   4       com.android.dx.cf.code.BytecodeArray::parseInstruction (2764 bytes)


---------------  P R O C E S S  ---------------

Java Threads: ( => current thread )
  0x000000001f7bc000 JavaThread "pool-2-thread-4" [_thread_blocked, id=7312, stack(0x0000000020550000,0x0000000020650000)]
  0x000000001f7bb000 JavaThread "pool-2-thread-3" [_thread_in_Java, id=13936, stack(0x0000000020450000,0x0000000020550000)]
  0x000000001f7c1000 JavaThread "pool-2-thread-2" [_thread_in_Java, id=2892, stack(0x0000000020350000,0x0000000020450000)]
  0x000000001f7b9800 JavaThread "pool-3-thread-1" [_thread_blocked, id=7360, stack(0x0000000020250000,0x0000000020350000)]
  0x000000001f7b3800 JavaThread "pool-2-thread-1" [_thread_in_Java, id=936, stack(0x0000000020150000,0x0000000020250000)]
  0x000000001f6b0000 JavaThread "Service Thread" daemon [_thread_blocked, id=11456, stack(0x000000001ff50000,0x0000000020050000)]
  0x000000001f6aa800 JavaThread "C1 CompilerThread2" daemon [_thread_in_native, id=7260, stack(0x000000001fe50000,0x000000001ff50000)]
=>0x000000001f6a7000 JavaThread "C2 CompilerThread1" daemon [_thread_in_native, id=8812, stack(0x000000001fd50000,0x000000001fe50000)]
  0x000000001e348000 JavaThread "C2 CompilerThread0" daemon [_thread_in_native, id=12664, stack(0x000000001fc50000,0x000000001fd50000)]
  0x000000001e347800 JavaThread "Attach Listener" daemon [_thread_blocked, id=3012, stack(0x000000001fb50000,0x000000001fc50000)]
  0x000000001e301800 JavaThread "Signal Dispatcher" daemon [_thread_blocked, id=6028, stack(0x000000001fa50000,0x000000001fb50000)]
  0x0000000004c15800 JavaThread "Finalizer" daemon [_thread_blocked, id=8020, stack(0x000000001f550000,0x000000001f650000)]
  0x0000000004c10000 JavaThread "Reference Handler" daemon [_thread_blocked, id=32, stack(0x000000001f450000,0x000000001f550000)]
  0x0000000004b20800 JavaThread "main" [_thread_blocked, id=13036, stack(0x0000000004520000,0x0000000004620000)]

Other Threads:
  0x000000001e2b5800 VMThread [stack: 0x000000001f350000,0x000000001f450000] [id=11388]
  0x000000001f6b2000 WatcherThread [stack: 0x0000000020050000,0x0000000020150000] [id=4760]

VM state:not at safepoint (normal execution)

VM Mutex/Monitor currently owned by a thread: None

Heap:
 PSYoungGen      total 36864K, used 17718K [0x000000076ab00000, 0x000000076d400000, 0x00000007c0000000)
  eden space 31744K, 39% used [0x000000076ab00000,0x000000076b754530,0x000000076ca00000)
  from space 5120K, 99% used [0x000000076ca00000,0x000000076cef9420,0x000000076cf00000)
  to   space 5120K, 0% used [0x000000076cf00000,0x000000076cf00000,0x000000076d400000)
 ParOldGen       total 84992K, used 2470K [0x00000006c0000000, 0x00000006c5300000, 0x000000076ab00000)
  object space 84992K, 2% used [0x00000006c0000000,0x00000006c0269898,0x00000006c5300000)
 Metaspace       used 5766K, capacity 6896K, committed 7040K, reserved 1056768K
  class space    used 565K, capacity 616K, committed 640K, reserved 1048576K

Card table byte_map: [0x0000000013fe0000,0x00000000147f0000] byte_map_base: 0x00000000109e0000

Marking Bits: (ParMarkBitMap*) 0x00000000688618f0
 Begin Bits: [0x0000000015150000, 0x0000000019150000)
 End Bits:   [0x0000000019150000, 0x000000001d150000)

Polling page: 0x00000000029e0000

CodeCache: size=245760Kb used=3983Kb max_used=3983Kb free=241776Kb
 bounds [0x0000000004c20000, 0x0000000005010000, 0x0000000013c20000]
 total_blobs=1316 nmethods=1052 adapters=178
 compilation: enabled

Compilation events (10 events):
Event: 1.954 Thread 0x000000001f6aa800 nmethod 1054 0x0000000004ff9050 code [0x0000000004ff92c0, 0x0000000004ff9de8]
Event: 1.954 Thread 0x000000001f6aa800 1062       2       com.android.dx.rop.code.RegisterSpecList::withFirst (64 bytes)
Event: 1.955 Thread 0x000000001f6aa800 nmethod 1062 0x0000000004ffab50 code [0x0000000004ffad60, 0x0000000004ffb5e8]
Event: 1.955 Thread 0x000000001f6aa800 1097       2       com.android.dx.rop.code.RegisterSpecList::make (17 bytes)
Event: 1.955 Thread 0x000000001f6aa800 nmethod 1097 0x0000000004ffc090 code [0x0000000004ffc220, 0x0000000004ffc648]
Event: 1.955 Thread 0x000000001f6aa800 1085       2       com.android.dx.ssa.SsaRenamer::access$600 (6 bytes)
Event: 1.955 Thread 0x000000001f6aa800 nmethod 1085 0x0000000004fefe90 code [0x0000000004ff0000, 0x0000000004ff0188]
Event: 1.955 Thread 0x000000001f6aa800 1086       2       com.android.dx.ssa.SsaRenamer::equalsHandlesNulls (23 bytes)
Event: 1.955 Thread 0x000000001f6aa800 nmethod 1086 0x0000000004fefb10 code [0x0000000004fefc80, 0x0000000004fefe08]
Event: 1.955 Thread 0x000000001f6aa800 1087       2       com.android.dx.ssa.SsaRenamer$BlockRenamer::visitMoveInsn (271 bytes)

GC Heap History (2 events):
Event: 1.810 GC heap before
{Heap before GC invocations=1 (full 0):
 PSYoungGen      total 36864K, used 31744K [0x000000076ab00000, 0x000000076d400000, 0x00000007c0000000)
  eden space 31744K, 100% used [0x000000076ab00000,0x000000076ca00000,0x000000076ca00000)
  from space 5120K, 0% used [0x000000076cf00000,0x000000076cf00000,0x000000076d400000)
  to   space 5120K, 0% used [0x000000076ca00000,0x000000076ca00000,0x000000076cf00000)
 ParOldGen       total 84992K, used 0K [0x00000006c0000000, 0x00000006c5300000, 0x000000076ab00000)
  object space 84992K, 0% used [0x00000006c0000000,0x00000006c0000000,0x00000006c5300000)
 Metaspace       used 5722K, capacity 6832K, committed 7040K, reserved 1056768K
  class space    used 565K, capacity 616K, committed 640K, reserved 1048576K
Event: 1.876 GC heap after
Heap after GC invocations=1 (full 0):
 PSYoungGen      total 36864K, used 5093K [0x000000076ab00000, 0x000000076d400000, 0x00000007c0000000)
  eden space 31744K, 0% used [0x000000076ab00000,0x000000076ab00000,0x000000076ca00000)
  from space 5120K, 99% used [0x000000076ca00000,0x000000076cef9420,0x000000076cf00000)
  to   space 5120K, 0% used [0x000000076cf00000,0x000000076cf00000,0x000000076d400000)
 ParOldGen       total 84992K, used 2470K [0x00000006c0000000, 0x00000006c5300000, 0x000000076ab00000)
  object space 84992K, 2% used [0x00000006c0000000,0x00000006c0269898,0x00000006c5300000)
 Metaspace       used 5722K, capacity 6832K, committed 7040K, reserved 1056768K
  class space    used 565K, capacity 616K, committed 640K, reserved 1048576K
}

Deoptimization events (10 events):
Event: 1.766 Thread 0x000000001f7c1000 Uncommon trap: reason=unstable_if action=reinterpret pc=0x0000000004f0d104 method=com.android.dx.rop.code.RegisterSpec.equals(ILcom/android/dx/rop/type/TypeBearer;Lcom/android/dx/rop/code/LocalItem;)Z @ 16
Event: 1.768 Thread 0x000000001f7c1000 Uncommon trap: reason=class_check action=maybe_recompile pc=0x0000000004f26de0 method=com.android.dx.ssa.NormalSsaInsn.accept(Lcom/android/dx/ssa/SsaInsn$Visitor;)V @ 9
Event: 1.768 Thread 0x000000001f7c1000 Uncommon trap: reason=unstable_if action=reinterpret pc=0x0000000004e6cbf8 method=com.android.dx.rop.code.RegisterSpec.equals(ILcom/android/dx/rop/type/TypeBearer;Lcom/android/dx/rop/code/LocalItem;)Z @ 16
Event: 1.768 Thread 0x000000001f7c1000 Uncommon trap: reason=class_check action=maybe_recompile pc=0x0000000004f12030 method=com.android.dx.rop.type.Type.equals(Ljava/lang/Object;)Z @ 8
Event: 1.768 Thread 0x000000001f7c1000 Uncommon trap: reason=unstable_if action=reinterpret pc=0x0000000004ee09d4 method=com.android.dx.rop.code.RegisterSpec.equals(ILcom/android/dx/rop/type/TypeBearer;Lcom/android/dx/rop/code/LocalItem;)Z @ 16
Event: 1.770 Thread 0x000000001f7c1000 Uncommon trap: reason=unstable_if action=reinterpret pc=0x0000000004f13564 method=com.android.dx.rop.code.RegisterSpec.equals(ILcom/android/dx/rop/type/TypeBearer;Lcom/android/dx/rop/code/LocalItem;)Z @ 16
Event: 1.896 Thread 0x000000001f7c1000 Uncommon trap: reason=class_check action=maybe_recompile pc=0x0000000004f12030 method=com.android.dx.rop.type.Type.equals(Ljava/lang/Object;)Z @ 8
Event: 1.896 Thread 0x000000001f7c1000 Uncommon trap: reason=class_check action=maybe_recompile pc=0x0000000004f12030 method=com.android.dx.rop.type.Type.equals(Ljava/lang/Object;)Z @ 8
Event: 1.931 Thread 0x0000000004b20800 Uncommon trap: reason=unstable_if action=reinterpret pc=0x0000000004fdccd8 method=com.android.dx.ssa.SsaInsn.getLocalAssignment()Lcom/android/dx/rop/code/RegisterSpec; @ 14
Event: 1.941 Thread 0x000000001f7c1000 Uncommon trap: reason=null_check action=make_not_entrant pc=0x0000000004f273bc method=com.android.dx.ssa.SsaRenamer.getLocalForNewReg(I)Lcom/android/dx/rop/code/LocalItem; @ 19

Internal exceptions (3 events):
Event: 0.244 Thread 0x0000000004b20800 Exception <a 'java/lang/NoSuchMethodError': Method sun.misc.Unsafe.defineClass(Ljava/lang/String;[BII)Ljava/lang/Class; name or signature does not match> (0x000000076ab07c78) thrown at [C:\src\android\AOSP-openjdk\external\jetbrains\jdk\hotspot\src\share\vvRŠý?Ï?
Event: 0.244 Thread 0x0000000004b20800 Exception <a 'java/lang/NoSuchMethodError': Method sun.misc.Unsafe.prefetchRead(Ljava/lang/Object;J)V name or signature does not match> (0x000000076ab07f60) thrown at [C:\src\android\AOSP-openjdk\external\jetbrains\jdk\hotspot\src\share\vm\prims\jni.cpp, lÙÜNÆJÿ?
Event: 1.941 Thread 0x000000001f7c1000 Implicit null exception at 0x0000000004f25d47 to 0x0000000004f27389

Events (10 events):
Event: 1.896 Thread 0x000000001f7c1000 DEOPT UNPACKING pc=0x0000000004c6556a sp=0x000000002044da58 mode 2
Event: 1.896 Thread 0x000000001f7c1000 Uncommon trap: trap_request=0xffffffde fr.pc=0x0000000004f12030
Event: 1.896 Thread 0x000000001f7c1000 DEOPT PACKING pc=0x0000000004f12030 sp=0x000000002044d920
Event: 1.896 Thread 0x000000001f7c1000 DEOPT UNPACKING pc=0x0000000004c6556a sp=0x000000002044d8b8 mode 2
Event: 1.931 Thread 0x0000000004b20800 Uncommon trap: trap_request=0xffffff65 fr.pc=0x0000000004fdccd8
Event: 1.931 Thread 0x0000000004b20800 DEOPT PACKING pc=0x0000000004fdccd8 sp=0x000000000461dda0
Event: 1.931 Thread 0x0000000004b20800 DEOPT UNPACKING pc=0x0000000004c6556a sp=0x000000000461dc98 mode 2
Event: 1.941 Thread 0x000000001f7c1000 Uncommon trap: trap_request=0xfffffff4 fr.pc=0x0000000004f273bc
Event: 1.941 Thread 0x000000001f7c1000 DEOPT PACKING pc=0x0000000004f273bc sp=0x000000002044e670
Event: 1.941 Thread 0x000000001f7c1000 DEOPT UNPACKING pc=0x0000000004c6556a sp=0x000000002044e4c8 mode 2


Dynamic libraries:
0x00007ff722430000 - 0x00007ff722461000 	C:\Program Files\Android\Android Studio\jre\bin\java.exe
0x00007fffa0ef0000 - 0x00007fffa10d0000 	C:\WINDOWS\SYSTEM32\ntdll.dll
0x00007fff9e8d0000 - 0x00007fff9e97e000 	C:\WINDOWS\System32\KERNEL32.DLL
0x00007fff9de90000 - 0x00007fff9e0f6000 	C:\WINDOWS\System32\KERNELBASE.dll
0x00007fffa09a0000 - 0x00007fffa0a41000 	C:\WINDOWS\System32\ADVAPI32.dll
0x00007fff9f250000 - 0x00007fff9f2ed000 	C:\WINDOWS\System32\msvcrt.dll
0x00007fff9e5c0000 - 0x00007fff9e61b000 	C:\WINDOWS\System32\sechost.dll
0x00007fffa0be0000 - 0x00007fffa0cff000 	C:\WINDOWS\System32\RPCRT4.dll
0x00007fff9e6d0000 - 0x00007fff9e85f000 	C:\WINDOWS\System32\USER32.dll
0x00007fff9d550000 - 0x00007fff9d570000 	C:\WINDOWS\System32\win32u.dll
0x00007fff9e590000 - 0x00007fff9e5b8000 	C:\WINDOWS\System32\GDI32.dll
0x00007fff9e220000 - 0x00007fff9e3b3000 	C:\WINDOWS\System32\gdi32full.dll
0x00007fff9e100000 - 0x00007fff9e19b000 	C:\WINDOWS\System32\msvcp_win.dll
0x00007fff9d3a0000 - 0x00007fff9d496000 	C:\WINDOWS\System32\ucrtbase.dll
0x00007fff8cf90000 - 0x00007fff8d1f9000 	C:\WINDOWS\WinSxS\amd64_microsoft.windows.common-controls_6595b64144ccf1df_6.0.16299.125_none_15cbcf8893620c09\COMCTL32.dll
0x00007fff9ef40000 - 0x00007fff9f248000 	C:\WINDOWS\System32\combase.dll
0x00007fff9e1a0000 - 0x00007fff9e212000 	C:\WINDOWS\System32\bcryptPrimitives.dll
0x00007fff9e560000 - 0x00007fff9e58d000 	C:\WINDOWS\System32\IMM32.DLL
0x0000000068fc0000 - 0x0000000069092000 	C:\Program Files\Android\Android Studio\jre\jre\bin\msvcr100.dll
0x00000000680a0000 - 0x00000000688dc000 	C:\Program Files\Android\Android Studio\jre\jre\bin\server\jvm.dll
0x00007fff9f2f0000 - 0x00007fff9f2f8000 	C:\WINDOWS\System32\PSAPI.DLL
0x00007fff98b70000 - 0x00007fff98b79000 	C:\WINDOWS\SYSTEM32\WSOCK32.dll
0x00007fffa0930000 - 0x00007fffa099c000 	C:\WINDOWS\System32\WS2_32.dll
0x00007fff99350000 - 0x00007fff99373000 	C:\WINDOWS\SYSTEM32\WINMM.dll
0x00007fff9a310000 - 0x00007fff9a31a000 	C:\WINDOWS\SYSTEM32\VERSION.dll
0x00007fff992f0000 - 0x00007fff9931a000 	C:\WINDOWS\SYSTEM32\WINMMBASE.dll
0x00007fff9d2f0000 - 0x00007fff9d33a000 	C:\WINDOWS\System32\cfgmgr32.dll
0x00007fff98b60000 - 0x00007fff98b6f000 	C:\Program Files\Android\Android Studio\jre\jre\bin\verify.dll
0x00007fff8e150000 - 0x00007fff8e179000 	C:\Program Files\Android\Android Studio\jre\jre\bin\java.dll
0x00007fff8e440000 - 0x00007fff8e456000 	C:\Program Files\Android\Android Studio\jre\jre\bin\zip.dll
0x00007fff9f3f0000 - 0x00007fffa0826000 	C:\WINDOWS\System32\SHELL32.dll
0x00007fff9e620000 - 0x00007fff9e6c6000 	C:\WINDOWS\System32\shcore.dll
0x00007fff9d740000 - 0x00007fff9de87000 	C:\WINDOWS\System32\windows.storage.dll
0x00007fffa0830000 - 0x00007fffa0881000 	C:\WINDOWS\System32\shlwapi.dll
0x00007fff9d240000 - 0x00007fff9d251000 	C:\WINDOWS\System32\kernel.appcore.dll
0x00007fff9d2a0000 - 0x00007fff9d2ec000 	C:\WINDOWS\System32\powrprof.dll
0x00007fff9d280000 - 0x00007fff9d29b000 	C:\WINDOWS\System32\profapi.dll

VM Arguments:
jvm_args: -Djava.awt.headless=true -Xmx4g -Dfile.encoding=GBK -Duser.country=CN -Duser.language=zh -Duser.variant 
java_command: com.android.dx.command.Main --dex --force-jumbo --num-threads=4 --multi-dex --output D:\works\ZYJXObject\app\build\intermediates\transforms\dex\debug\folders\1000\5\slice_3 D:\works\ZYJXObject\app\build\intermediates\transforms\instantRunSlicer\debug\folders\1\5\slice_3
java_class_path (initial): C:\Users\User\AppData\Local\Android\sdk\build-tools\26.0.0\lib\dx.jar
Launcher Type: SUN_STANDARD

Environment Variables:
JAVA_HOME=C:\Program Files\Java\jdk1.8.0_45
PATH=C:\ProgramData\Oracle\Java\javapath;C:\WINDOWS\system32;C:\WINDOWS;C:\WINDOWS\System32\Wbem;C:\WINDOWS\System32\WindowsPowerShell\v1.0\;C:\Program Files\Java\jdk1.8.0_45\bin;C:\Program Files\Java\jdk1.8.0_45\jre\bin;C:\Program Files (x86)\GtkSharp\2.12\bin;C:\Users\User\AppData\Local\Microsoft\WindowsApps;C:\Users\User\AppData\Local\GitHubDesktop\bin
USERNAME=User
OS=Windows_NT
PROCESSOR_IDENTIFIER=Intel64 Family 6 Model 158 Stepping 9, GenuineIntel



---------------  S Y S T E M  ---------------

OS: Windows 10.0 , 64 bit Build 16299 (10.0.16299.15)

CPU:total 4 (4 cores per cpu, 1 threads per core) family 6 model 158 stepping 9, cmov, cx8, fxsr, mmx, sse, sse2, sse3, ssse3, sse4.1, sse4.2, popcnt, avx, avx2, aes, clmul, erms, 3dnowpref, lzcnt, tsc, tscinvbit, bmi1, bmi2, adx

Memory: 4k page, physical 8071812k(1919236k free), swap 33237636k(3148k free)

vm_info: OpenJDK 64-Bit Server VM (25.112-b06) for windows-amd64 JRE (1.8.0_112-release-b06), built on Dec  8 2016 00:54:26 by "builder" with MS VC++ 10.0 (VS2010)

time: Fri Jan 19 17:31:12 2018
elapsed time: 1 seconds (0d 0h 0m 1s)

