#
# There is insufficient memory for the Java Runtime Environment to continue.
# Native memory allocation (malloc) failed to allocate 786256 bytes for Chunk::new
# Possible reasons:
#   The system is out of physical RAM or swap space
#   In 32 bit mode, the process size limit was hit
# Possible solutions:
#   Reduce memory load on the system
#   Increase physical memory or swap space
#   Check if swap backing store is full
#   Use 64 bit Java on a 64 bit OS
#   Decrease Java heap size (-Xmx/-Xms)
#   Decrease number of Java threads
#   Decrease Java thread stack sizes (-Xss)
#   Set larger code cache with -XX:ReservedCodeCacheSize=
# This output file may be truncated or incomplete.
#
#  Out of Memory Error (allocation.cpp:390), pid=15164, tid=0x00000000000015ec
#
# JRE version: OpenJDK Runtime Environment (8.0_112-b06) (build 1.8.0_112-release-b06)
# Java VM: OpenJDK 64-Bit Server VM (25.112-b06 mixed mode windows-amd64 compressed oops)
# Failed to write core dump. Minidumps are not enabled by default on client versions of Windows
#

---------------  T H R E A D  ---------------

Current thread (0x000000001e3b5000):  JavaThread "C2 CompilerThread0" daemon [_thread_in_native, id=5612, stack(0x000000001fd20000,0x000000001fe20000)]

Stack: [0x000000001fd20000,0x000000001fe20000]
[error occurred during error reporting (printing stack bounds), id 0xc0000005]

Native frames: (J=compiled Java code, j=interpreted, Vv=VM code, C=native code)


Current CompileTask:
C2:   2372 1491   !   4       com.android.dx.cf.code.Ropper::processBlock (1101 bytes)


---------------  P R O C E S S  ---------------

Java Threads: ( => current thread )
  0x000000001f979000 JavaThread "pool-2-thread-4" [_thread_in_Java, id=1144, stack(0x0000000020620000,0x0000000020720000)]
  0x000000001f8c9000 JavaThread "pool-2-thread-3" [_thread_in_vm, id=11468, stack(0x0000000020520000,0x0000000020620000)]
  0x000000001f890800 JavaThread "pool-2-thread-2" [_thread_in_Java, id=9080, stack(0x0000000020420000,0x0000000020520000)]
  0x000000001f888800 JavaThread "pool-3-thread-1" [_thread_blocked, id=13732, stack(0x0000000020320000,0x0000000020420000)]
  0x000000001f885800 JavaThread "pool-2-thread-1" [_thread_in_Java, id=4232, stack(0x0000000020220000,0x0000000020320000)]
  0x000000001f77f000 JavaThread "Service Thread" daemon [_thread_blocked, id=8236, stack(0x0000000020020000,0x0000000020120000)]
  0x000000001f776000 JavaThread "C1 CompilerThread2" daemon [_thread_blocked, id=10756, stack(0x000000001ff20000,0x0000000020020000)]
  0x000000001e41a800 JavaThread "C2 CompilerThread1" daemon [_thread_in_native, id=3564, stack(0x000000001fe20000,0x000000001ff20000)]
=>0x000000001e3b5000 JavaThread "C2 CompilerThread0" daemon [_thread_in_native, id=5612, stack(0x000000001fd20000,0x000000001fe20000)]
  0x000000001e417800 JavaThread "Attach Listener" daemon [_thread_blocked, id=13108, stack(0x000000001fc20000,0x000000001fd20000)]
  0x000000001e3d1800 JavaThread "Signal Dispatcher" daemon [_thread_blocked, id=14148, stack(0x000000001fb20000,0x000000001fc20000)]
  0x0000000004ce5800 JavaThread "Finalizer" daemon [_thread_blocked, id=10952, stack(0x000000001f620000,0x000000001f720000)]
  0x0000000004ce0000 JavaThread "Reference Handler" daemon [_thread_blocked, id=4548, stack(0x000000001f520000,0x000000001f620000)]
  0x0000000004bf0800 JavaThread "main" [_thread_in_Java, id=11584, stack(0x0000000004620000,0x0000000004720000)]

Other Threads:
  0x000000001e385800 VMThread [stack: 0x000000001f420000,0x000000001f520000] [id=11328]
  0x000000001f781000 WatcherThread [stack: 0x0000000020120000,0x0000000020220000] [id=10552]

VM state:not at safepoint (normal execution)

VM Mutex/Monitor currently owned by a thread: None

Heap:
 PSYoungGen      total 68608K, used 55069K [0x000000076ab00000, 0x000000076f300000, 0x00000007c0000000)
  eden space 63488K, 78% used [0x000000076ab00000,0x000000076dbcc9a0,0x000000076e900000)
  from space 5120K, 99% used [0x000000076e900000,0x000000076edfaaf0,0x000000076ee00000)
  to   space 5120K, 0% used [0x000000076ee00000,0x000000076ee00000,0x000000076f300000)
 ParOldGen       total 84992K, used 27137K [0x00000006c0000000, 0x00000006c5300000, 0x000000076ab00000)
  object space 84992K, 31% used [0x00000006c0000000,0x00000006c1a80470,0x00000006c5300000)
 Metaspace       used 5998K, capacity 7088K, committed 7296K, reserved 1056768K
  class space    used 568K, capacity 616K, committed 640K, reserved 1048576K

Card table byte_map: [0x00000000140b0000,0x00000000148c0000] byte_map_base: 0x0000000010ab0000

Marking Bits: (ParMarkBitMap*) 0x00000000688618f0
 Begin Bits: [0x0000000015220000, 0x0000000019220000)
 End Bits:   [0x0000000019220000, 0x000000001d220000)

Polling page: 0x0000000002d50000

CodeCache: size=245760Kb used=6836Kb max_used=6849Kb free=238923Kb
 bounds [0x0000000004cf0000, 0x00000000053b0000, 0x0000000013cf0000]
 total_blobs=1848 nmethods=1583 adapters=178
 compilation: enabled

Compilation events (10 events):
Event: 2.172 Thread 0x000000001f776000 1560       2       com.android.dx.ssa.Dominators::<init> (55 bytes)
Event: 2.172 Thread 0x000000001f776000 nmethod 1560 0x0000000005354750 code [0x00000000053548c0, 0x0000000005354b90]
Event: 2.174 Thread 0x000000001f776000 1561       2       com.android.dx.ssa.ConstCollector$1::compare (13 bytes)
Event: 2.174 Thread 0x000000001f776000 nmethod 1561 0x0000000005354cd0 code [0x0000000005354e40, 0x0000000005355008]
Event: 2.176 Thread 0x000000001f776000 1562       1       com.android.dx.cf.code.SwitchList::size (5 bytes)
Event: 2.176 Thread 0x000000001f776000 nmethod 1562 0x0000000005336350 code [0x00000000053364a0, 0x00000000053365b0]
Event: 2.176 Thread 0x000000001f776000 1563       1       com.android.dx.command.dexer.Main::access$1900 (5 bytes)
Event: 2.176 Thread 0x000000001f776000 nmethod 1563 0x00000000053550d0 code [0x0000000005355220, 0x0000000005355310]
Event: 2.176 Thread 0x000000001f776000 1564       1       com.android.dx.command.dexer.Main::access$2000 (5 bytes)
Event: 2.176 Thread 0x000000001f776000 nmethod 1564 0x0000000005355390 code [0x00000000053554e0, 0x00000000053555d0]

GC Heap History (6 events):
Event: 0.655 GC heap before
{Heap before GC invocations=1 (full 0):
 PSYoungGen      total 36864K, used 31744K [0x000000076ab00000, 0x000000076d400000, 0x00000007c0000000)
  eden space 31744K, 100% used [0x000000076ab00000,0x000000076ca00000,0x000000076ca00000)
  from space 5120K, 0% used [0x000000076cf00000,0x000000076cf00000,0x000000076d400000)
  to   space 5120K, 0% used [0x000000076ca00000,0x000000076ca00000,0x000000076cf00000)
 ParOldGen       total 84992K, used 0K [0x00000006c0000000, 0x00000006c5300000, 0x000000076ab00000)
  object space 84992K, 0% used [0x00000006c0000000,0x00000006c0000000,0x00000006c5300000)
 Metaspace       used 5758K, capacity 6896K, committed 7040K, reserved 1056768K
  class space    used 564K, capacity 616K, committed 640K, reserved 1048576K
Event: 0.780 GC heap after
Heap after GC invocations=1 (full 0):
 PSYoungGen      total 36864K, used 5106K [0x000000076ab00000, 0x000000076f300000, 0x00000007c0000000)
  eden space 31744K, 0% used [0x000000076ab00000,0x000000076ab00000,0x000000076ca00000)
  from space 5120K, 99% used [0x000000076ca00000,0x000000076cefcbc0,0x000000076cf00000)
  to   space 5120K, 0% used [0x000000076ee00000,0x000000076ee00000,0x000000076f300000)
 ParOldGen       total 84992K, used 3599K [0x00000006c0000000, 0x00000006c5300000, 0x000000076ab00000)
  object space 84992K, 4% used [0x00000006c0000000,0x00000006c0383c50,0x00000006c5300000)
 Metaspace       used 5758K, capacity 6896K, committed 7040K, reserved 1056768K
  class space    used 564K, capacity 616K, committed 640K, reserved 1048576K
}
Event: 1.101 GC heap before
{Heap before GC invocations=2 (full 0):
 PSYoungGen      total 36864K, used 36850K [0x000000076ab00000, 0x000000076f300000, 0x00000007c0000000)
  eden space 31744K, 100% used [0x000000076ab00000,0x000000076ca00000,0x000000076ca00000)
  from space 5120K, 99% used [0x000000076ca00000,0x000000076cefcbc0,0x000000076cf00000)
  to   space 5120K, 0% used [0x000000076ee00000,0x000000076ee00000,0x000000076f300000)
 ParOldGen       total 84992K, used 3599K [0x00000006c0000000, 0x00000006c5300000, 0x000000076ab00000)
  object space 84992K, 4% used [0x00000006c0000000,0x00000006c0383c50,0x00000006c5300000)
 Metaspace       used 5869K, capacity 6960K, committed 7040K, reserved 1056768K
  class space    used 566K, capacity 616K, committed 640K, reserved 1048576K
Event: 1.151 GC heap after
Heap after GC invocations=2 (full 0):
 PSYoungGen      total 68608K, used 5111K [0x000000076ab00000, 0x000000076f300000, 0x00000007c0000000)
  eden space 63488K, 0% used [0x000000076ab00000,0x000000076ab00000,0x000000076e900000)
  from space 5120K, 99% used [0x000000076ee00000,0x000000076f2fddb0,0x000000076f300000)
  to   space 5120K, 0% used [0x000000076e900000,0x000000076e900000,0x000000076ee00000)
 ParOldGen       total 84992K, used 13871K [0x00000006c0000000, 0x00000006c5300000, 0x000000076ab00000)
  object space 84992K, 16% used [0x00000006c0000000,0x00000006c0d8bea8,0x00000006c5300000)
 Metaspace       used 5869K, capacity 6960K, committed 7040K, reserved 1056768K
  class space    used 566K, capacity 616K, committed 640K, reserved 1048576K
}
Event: 1.969 GC heap before
{Heap before GC invocations=3 (full 0):
 PSYoungGen      total 68608K, used 68599K [0x000000076ab00000, 0x000000076f300000, 0x00000007c0000000)
  eden space 63488K, 100% used [0x000000076ab00000,0x000000076e900000,0x000000076e900000)
  from space 5120K, 99% used [0x000000076ee00000,0x000000076f2fddb0,0x000000076f300000)
  to   space 5120K, 0% used [0x000000076e900000,0x000000076e900000,0x000000076ee00000)
 ParOldGen       total 84992K, used 13871K [0x00000006c0000000, 0x00000006c5300000, 0x000000076ab00000)
  object space 84992K, 16% used [0x00000006c0000000,0x00000006c0d8bea8,0x00000006c5300000)
 Metaspace       used 5946K, capacity 7024K, committed 7296K, reserved 1056768K
  class space    used 568K, capacity 616K, committed 640K, reserved 1048576K
Event: 2.122 GC heap after
Heap after GC invocations=3 (full 0):
 PSYoungGen      total 68608K, used 5098K [0x000000076ab00000, 0x000000076f300000, 0x00000007c0000000)
  eden space 63488K, 0% used [0x000000076ab00000,0x000000076ab00000,0x000000076e900000)
  from space 5120K, 99% used [0x000000076e900000,0x000000076edfaaf0,0x000000076ee00000)
  to   space 5120K, 0% used [0x000000076ee00000,0x000000076ee00000,0x000000076f300000)
 ParOldGen       total 84992K, used 27137K [0x00000006c0000000, 0x00000006c5300000, 0x000000076ab00000)
  object space 84992K, 31% used [0x00000006c0000000,0x00000006c1a80470,0x00000006c5300000)
 Metaspace       used 5946K, capacity 7024K, committed 7296K, reserved 1056768K
  class space    used 568K, capacity 616K, committed 640K, reserved 1048576K
}

Deoptimization events (10 events):
Event: 0.809 Thread 0x0000000004bf0800 Uncommon trap: reason=class_check action=maybe_recompile pc=0x00000000050a5a00 method=com.android.dx.rop.type.Type.equals(Ljava/lang/Object;)Z @ 8
Event: 0.809 Thread 0x0000000004bf0800 Uncommon trap: reason=class_check action=maybe_recompile pc=0x00000000050a5a00 method=com.android.dx.rop.type.Type.equals(Ljava/lang/Object;)Z @ 8
Event: 0.809 Thread 0x0000000004bf0800 Uncommon trap: reason=class_check action=maybe_recompile pc=0x00000000050a5a00 method=com.android.dx.rop.type.Type.equals(Ljava/lang/Object;)Z @ 8
Event: 0.809 Thread 0x0000000004bf0800 Uncommon trap: reason=class_check action=maybe_recompile pc=0x00000000050a5a00 method=com.android.dx.rop.type.Type.equals(Ljava/lang/Object;)Z @ 8
Event: 0.810 Thread 0x0000000004bf0800 Uncommon trap: reason=unstable_if action=reinterpret pc=0x0000000005118040 method=com.android.dx.cf.code.Ropper.labelToResultIndex(I)I @ 34
Event: 0.811 Thread 0x0000000004bf0800 Uncommon trap: reason=null_check action=make_not_entrant pc=0x000000000500d3f8 method=com.android.dx.ssa.SsaRenamer.getLocalForNewReg(I)Lcom/android/dx/rop/code/LocalItem; @ 19
Event: 0.820 Thread 0x000000001f8c9000 Uncommon trap: reason=bimorphic action=maybe_recompile pc=0x00000000050ea9a0 method=java.util.HashMap.getNode(ILjava/lang/Object;)Ljava/util/HashMap$Node; @ 126
Event: 0.867 Thread 0x000000001f8c9000 Uncommon trap: reason=unstable_if action=reinterpret pc=0x00000000050489fc method=com.android.dx.ssa.SsaRenamer$BlockRenamer.addMapping(ILcom/android/dx/rop/code/RegisterSpec;)V @ 120
Event: 1.167 Thread 0x000000001f979000 Uncommon trap: reason=unstable_if action=reinterpret pc=0x0000000005193680 method=com.android.dx.cf.code.ByteCatchList.listFor(I)Lcom/android/dx/cf/code/ByteCatchList; @ 19
Event: 1.486 Thread 0x000000001f8c9000 Uncommon trap: reason=bimorphic action=maybe_recompile pc=0x0000000005283588 method=com.android.dx.ssa.LiteralOpUpgrader.tryReplacingWithConstant(Lcom/android/dx/ssa/NormalSsaInsn;)Z @ 52

Internal exceptions (4 events):
Event: 0.064 Thread 0x0000000004bf0800 Exception <a 'java/lang/NoSuchMethodError': Method sun.misc.Unsafe.defineClass(Ljava/lang/String;[BII)Ljava/lang/Class; name or signature does not match> (0x000000076ab07c78) thrown at [C:\src\android\AOSP-openjdk\external\jetbrains\jdk\hotspot\src\share\v Iπµ.∞?
Event: 0.064 Thread 0x0000000004bf0800 Exception <a 'java/lang/NoSuchMethodError': Method sun.misc.Unsafe.prefetchRead(Ljava/lang/Object;J)V name or signature does not match> (0x000000076ab07f60) thrown at [C:\src\android\AOSP-openjdk\external\jetbrains\jdk\hotspot\src\share\vm\prims\jni.cpp, ll0$m`è‚?
Event: 0.580 Thread 0x000000001f8c9000 Implicit null exception at 0x0000000004f98ea2 to 0x0000000004f98fb1
Event: 0.811 Thread 0x0000000004bf0800 Implicit null exception at 0x000000000500bd87 to 0x000000000500d3c5

Events (10 events):
Event: 2.150 Thread 0x000000001f890800 DEOPT PACKING pc=0x0000000004fa76e5 sp=0x000000002051e680
Event: 2.150 Thread 0x000000001f890800 DEOPT UNPACKING pc=0x0000000004d375bf sp=0x000000002051e3a0 mode 0
Event: 2.156 Thread 0x000000001f890800 DEOPT PACKING pc=0x00000000051d8277 sp=0x000000002051e6d0
Event: 2.156 Thread 0x000000001f890800 DEOPT UNPACKING pc=0x0000000004d375bf sp=0x000000002051e458 mode 0
Event: 2.162 Thread 0x000000001f890800 DEOPT PACKING pc=0x000000000521be7f sp=0x000000002051e9c0
Event: 2.162 Thread 0x000000001f890800 DEOPT UNPACKING pc=0x0000000004d375bf sp=0x000000002051e718 mode 0
Event: 2.167 Thread 0x000000001f885800 DEOPT PACKING pc=0x0000000004fa76e5 sp=0x000000002031eb10
Event: 2.167 Thread 0x000000001f885800 DEOPT UNPACKING pc=0x0000000004d375bf sp=0x000000002031e830 mode 0
Event: 2.175 Thread 0x000000001f979000 DEOPT PACKING pc=0x000000000501c333 sp=0x000000002071e8e0
Event: 2.175 Thread 0x000000001f979000 DEOPT UNPACKING pc=0x0000000004d375bf sp=0x000000002071e6a8 mode 0


Dynamic libraries:
0x00007ff722430000 - 0x00007ff722461000 	C:\Program Files\Android\Android Studio\jre\bin\java.exe
0x00007fffa0ef0000 - 0x00007fffa10d0000 	C:\WINDOWS\SYSTEM32\ntdll.dll
0x00007fff9e8d0000 - 0x00007fff9e97e000 	C:\WINDOWS\System32\KERNEL32.DLL
0x00007fff9de90000 - 0x00007fff9e0f6000 	C:\WINDOWS\System32\KERNELBASE.dll
0x00007fffa09a0000 - 0x00007fffa0a41000 	C:\WINDOWS\System32\ADVAPI32.dll
0x00007fff9f250000 - 0x00007fff9f2ed000 	C:\WINDOWS\System32\msvcrt.dll
0x00007fff9e5c0000 - 0x00007fff9e61b000 	C:\WINDOWS\System32\sechost.dll
0x00007fffa0be0000 - 0x00007fffa0cff000 	C:\WINDOWS\System32\RPCRT4.dll
0x00007fff9e6d0000 - 0x00007fff9e85f000 	C:\WINDOWS\System32\USER32.dll
0x00007fff9d550000 - 0x00007fff9d570000 	C:\WINDOWS\System32\win32u.dll
0x00007fff9e590000 - 0x00007fff9e5b8000 	C:\WINDOWS\System32\GDI32.dll
0x00007fff9e220000 - 0x00007fff9e3b3000 	C:\WINDOWS\System32\gdi32full.dll
0x00007fff9e100000 - 0x00007fff9e19b000 	C:\WINDOWS\System32\msvcp_win.dll
0x00007fff9d3a0000 - 0x00007fff9d496000 	C:\WINDOWS\System32\ucrtbase.dll
0x00007fff8cf90000 - 0x00007fff8d1f9000 	C:\WINDOWS\WinSxS\amd64_microsoft.windows.common-controls_6595b64144ccf1df_6.0.16299.125_none_15cbcf8893620c09\COMCTL32.dll
0x00007fff9ef40000 - 0x00007fff9f248000 	C:\WINDOWS\System32\combase.dll
0x00007fff9e1a0000 - 0x00007fff9e212000 	C:\WINDOWS\System32\bcryptPrimitives.dll
0x00007fff9e560000 - 0x00007fff9e58d000 	C:\WINDOWS\System32\IMM32.DLL
0x0000000068fc0000 - 0x0000000069092000 	C:\Program Files\Android\Android Studio\jre\jre\bin\msvcr100.dll
0x00000000680a0000 - 0x00000000688dc000 	C:\Program Files\Android\Android Studio\jre\jre\bin\server\jvm.dll
0x00007fff9f2f0000 - 0x00007fff9f2f8000 	C:\WINDOWS\System32\PSAPI.DLL
0x00007fff98b70000 - 0x00007fff98b79000 	C:\WINDOWS\SYSTEM32\WSOCK32.dll
0x00007fffa0930000 - 0x00007fffa099c000 	C:\WINDOWS\System32\WS2_32.dll
0x00007fff99350000 - 0x00007fff99373000 	C:\WINDOWS\SYSTEM32\WINMM.dll
0x00007fff9a310000 - 0x00007fff9a31a000 	C:\WINDOWS\SYSTEM32\VERSION.dll
0x00007fff992f0000 - 0x00007fff9931a000 	C:\WINDOWS\SYSTEM32\WINMMBASE.dll
0x00007fff9d2f0000 - 0x00007fff9d33a000 	C:\WINDOWS\System32\cfgmgr32.dll
0x00007fff98b60000 - 0x00007fff98b6f000 	C:\Program Files\Android\Android Studio\jre\jre\bin\verify.dll
0x00007fff8e150000 - 0x00007fff8e179000 	C:\Program Files\Android\Android Studio\jre\jre\bin\java.dll
0x00007fff8e440000 - 0x00007fff8e456000 	C:\Program Files\Android\Android Studio\jre\jre\bin\zip.dll
0x00007fff9f3f0000 - 0x00007fffa0826000 	C:\WINDOWS\System32\SHELL32.dll
0x00007fff9e620000 - 0x00007fff9e6c6000 	C:\WINDOWS\System32\shcore.dll
0x00007fff9d740000 - 0x00007fff9de87000 	C:\WINDOWS\System32\windows.storage.dll
0x00007fffa0830000 - 0x00007fffa0881000 	C:\WINDOWS\System32\shlwapi.dll
0x00007fff9d240000 - 0x00007fff9d251000 	C:\WINDOWS\System32\kernel.appcore.dll
0x00007fff9d2a0000 - 0x00007fff9d2ec000 	C:\WINDOWS\System32\powrprof.dll
0x00007fff9d280000 - 0x00007fff9d29b000 	C:\WINDOWS\System32\profapi.dll

VM Arguments:
jvm_args: -Djava.awt.headless=true -Xmx4g -Dfile.encoding=GBK -Duser.country=CN -Duser.language=zh -Duser.variant 
java_command: com.android.dx.command.Main --dex --force-jumbo --num-threads=4 --multi-dex --output D:\works\ZYJXObject\app\build\intermediates\transforms\dex\debug\folders\1000\5\slice_9 D:\works\ZYJXObject\app\build\intermediates\transforms\instantRunSlicer\debug\folders\1\5\slice_9
java_class_path (initial): C:\Users\User\AppData\Local\Android\sdk\build-tools\26.0.0\lib\dx.jar
Launcher Type: SUN_STANDARD

Environment Variables:
JAVA_HOME=C:\Program Files\Java\jdk1.8.0_45
PATH=C:\ProgramData\Oracle\Java\javapath;C:\WINDOWS\system32;C:\WINDOWS;C:\WINDOWS\System32\Wbem;C:\WINDOWS\System32\WindowsPowerShell\v1.0\;C:\Program Files\Java\jdk1.8.0_45\bin;C:\Program Files\Java\jdk1.8.0_45\jre\bin;C:\Program Files (x86)\GtkSharp\2.12\bin;C:\Users\User\AppData\Local\Microsoft\WindowsApps;C:\Users\User\AppData\Local\GitHubDesktop\bin
USERNAME=User
OS=Windows_NT
PROCESSOR_IDENTIFIER=Intel64 Family 6 Model 158 Stepping 9, GenuineIntel



---------------  S Y S T E M  ---------------

OS: Windows 10.0 , 64 bit Build 16299 (10.0.16299.15)

CPU:total 4 (4 cores per cpu, 1 threads per core) family 6 model 158 stepping 9, cmov, cx8, fxsr, mmx, sse, sse2, sse3, ssse3, sse4.1, sse4.2, popcnt, avx, avx2, aes, clmul, erms, 3dnowpref, lzcnt, tsc, tscinvbit, bmi1, bmi2, adx

Memory: 4k page, physical 8071812k(2039960k free), swap 33237636k(992k free)

vm_info: OpenJDK 64-Bit Server VM (25.112-b06) for windows-amd64 JRE (1.8.0_112-release-b06), built on Dec  8 2016 00:54:26 by "builder" with MS VC++ 10.0 (VS2010)

time: Fri Jan 19 17:31:30 2018
elapsed time: 2 seconds (0d 0h 0m 2s)

