#
# There is insufficient memory for the Java Runtime Environment to continue.
# Native memory allocation (malloc) failed to allocate 65552 bytes for Chunk::new
# Possible reasons:
#   The system is out of physical RAM or swap space
#   In 32 bit mode, the process size limit was hit
# Possible solutions:
#   Reduce memory load on the system
#   Increase physical memory or swap space
#   Check if swap backing store is full
#   Use 64 bit Java on a 64 bit OS
#   Decrease Java heap size (-Xmx/-Xms)
#   Decrease number of Java threads
#   Decrease Java thread stack sizes (-Xss)
#   Set larger code cache with -XX:ReservedCodeCacheSize=
# This output file may be truncated or incomplete.
#
#  Out of Memory Error (allocation.cpp:390), pid=12904, tid=0x0000000000000210
#
# JRE version: OpenJDK Runtime Environment (8.0_112-b06) (build 1.8.0_112-release-b06)
# Java VM: OpenJDK 64-Bit Server VM (25.112-b06 mixed mode windows-amd64 compressed oops)
# Failed to write core dump. Minidumps are not enabled by default on client versions of Windows
#

---------------  T H R E A D  ---------------

Current thread (0x000000001e03b800):  JavaThread "C2 CompilerThread1" daemon [_thread_in_native, id=528, stack(0x000000001fab0000,0x000000001fbb0000)]

Stack: [0x000000001fab0000,0x000000001fbb0000]
[error occurred during error reporting (printing stack bounds), id 0xc0000005]

Native frames: (J=compiled Java code, j=interpreted, Vv=VM code, C=native code)


Current CompileTask:
C2:   2489 1818 %     4       com.android.dx.ssa.SsaConverter::placePhiFunctions @ 131 (394 bytes)


---------------  P R O C E S S  ---------------

Java Threads: ( => current thread )
  0x000000001f626000 JavaThread "pool-2-thread-4" [_thread_blocked, id=1196, stack(0x00000000202b0000,0x00000000203b0000)]
  0x000000001f625800 JavaThread "pool-2-thread-3" [_thread_blocked, id=8976, stack(0x00000000201b0000,0x00000000202b0000)]
  0x000000001f625000 JavaThread "pool-2-thread-2" [_thread_in_Java, id=15068, stack(0x00000000200b0000,0x00000000201b0000)]
  0x000000001f61c000 JavaThread "pool-3-thread-1" [_thread_blocked, id=11308, stack(0x000000001ffb0000,0x00000000200b0000)]
  0x000000001f61b000 JavaThread "pool-2-thread-1" [_thread_blocked, id=12000, stack(0x000000001feb0000,0x000000001ffb0000)]
  0x000000001f40e000 JavaThread "Service Thread" daemon [_thread_blocked, id=11784, stack(0x000000001fcb0000,0x000000001fdb0000)]
  0x000000001f407000 JavaThread "C1 CompilerThread2" daemon [_thread_in_vm, id=11368, stack(0x000000001fbb0000,0x000000001fcb0000)]
=>0x000000001e03b800 JavaThread "C2 CompilerThread1" daemon [_thread_in_native, id=528, stack(0x000000001fab0000,0x000000001fbb0000)]
  0x000000001e038000 JavaThread "C2 CompilerThread0" daemon [_thread_in_native, id=7948, stack(0x000000001f9b0000,0x000000001fab0000)]
  0x000000001e037800 JavaThread "Attach Listener" daemon [_thread_blocked, id=12764, stack(0x000000001f8b0000,0x000000001f9b0000)]
  0x000000001dff1800 JavaThread "Signal Dispatcher" daemon [_thread_blocked, id=9432, stack(0x000000001f7b0000,0x000000001f8b0000)]
  0x0000000004905800 JavaThread "Finalizer" daemon [_thread_blocked, id=9808, stack(0x000000001f240000,0x000000001f340000)]
  0x0000000004900000 JavaThread "Reference Handler" daemon [_thread_blocked, id=14172, stack(0x000000001f140000,0x000000001f240000)]
  0x0000000004810800 JavaThread "main" [_thread_blocked, id=5004, stack(0x0000000004610000,0x0000000004710000)]

Other Threads:
  0x000000001dfa5800 VMThread [stack: 0x000000001f040000,0x000000001f140000] [id=12128]
  0x000000001f410000 WatcherThread [stack: 0x000000001fdb0000,0x000000001feb0000] [id=10428]

VM state:not at safepoint (normal execution)

VM Mutex/Monitor currently owned by a thread: None

Heap:
 PSYoungGen      total 68608K, used 9491K [0x000000076ab00000, 0x0000000774400000, 0x00000007c0000000)
  eden space 63488K, 6% used [0x000000076ab00000,0x000000076af46d40,0x000000076e900000)
  from space 5120K, 99% used [0x000000076e900000,0x000000076edfe0a0,0x000000076ee00000)
  to   space 14848K, 0% used [0x0000000773580000,0x0000000773580000,0x0000000774400000)
 ParOldGen       total 84992K, used 24640K [0x00000006c0000000, 0x00000006c5300000, 0x000000076ab00000)
  object space 84992K, 28% used [0x00000006c0000000,0x00000006c18103b0,0x00000006c5300000)
 Metaspace       used 6316K, capacity 7152K, committed 7296K, reserved 1056768K
  class space    used 580K, capacity 616K, committed 640K, reserved 1048576K

Card table byte_map: [0x0000000013cd0000,0x00000000144e0000] byte_map_base: 0x00000000106d0000

Marking Bits: (ParMarkBitMap*) 0x00000000688618f0
 Begin Bits: [0x0000000014e40000, 0x0000000018e40000)
 End Bits:   [0x0000000018e40000, 0x000000001ce40000)

Polling page: 0x0000000002c20000

CodeCache: size=245760Kb used=7011Kb max_used=7011Kb free=238748Kb
 bounds [0x0000000004910000, 0x0000000004ff0000, 0x0000000013910000]
 total_blobs=2088 nmethods=1816 adapters=184
 compilation: enabled

Compilation events (10 events):
Event: 2.485 Thread 0x000000001f407000 nmethod 1876 0x0000000004fda4d0 code [0x0000000004fda660, 0x0000000004fda928]
Event: 2.485 Thread 0x000000001f407000 1877       2       com.android.dx.dex.file.ClassDefItem::<init> (110 bytes)
Event: 2.485 Thread 0x000000001f407000 nmethod 1877 0x0000000004fd99d0 code [0x0000000004fd9ba0, 0x0000000004fda1e8]
Event: 2.485 Thread 0x000000001f407000 1878   !   2       com.android.dx.dex.cf.AttributeTranslator::getClassAnnotations (135 bytes)
Event: 2.486 Thread 0x000000001f407000 nmethod 1878 0x0000000004fde3d0 code [0x0000000004fde620, 0x0000000004fdf158]
Event: 2.486 Thread 0x000000001f407000 1879       2       com.android.dx.cf.direct.DirectClassFile::getAccessFlags (9 bytes)
Event: 2.486 Thread 0x000000001f407000 nmethod 1879 0x0000000004fde010 code [0x0000000004fde180, 0x0000000004fde308]
Event: 2.486 Thread 0x000000001f407000 1880   !   2       com.android.dx.dex.cf.CfTranslator::processFields (251 bytes)
Event: 2.487 Thread 0x000000001f407000 nmethod 1880 0x0000000004fe8690 code [0x0000000004fe8980, 0x0000000004fe94a8]
Event: 2.487 Thread 0x000000001f407000 1881   !   2       com.android.dx.dex.cf.CfTranslator::processMethods (597 bytes)

GC Heap History (10 events):
Event: 1.236 GC heap before
{Heap before GC invocations=1 (full 0):
 PSYoungGen      total 36864K, used 31744K [0x000000076ab00000, 0x000000076d400000, 0x00000007c0000000)
  eden space 31744K, 100% used [0x000000076ab00000,0x000000076ca00000,0x000000076ca00000)
  from space 5120K, 0% used [0x000000076cf00000,0x000000076cf00000,0x000000076d400000)
  to   space 5120K, 0% used [0x000000076ca00000,0x000000076ca00000,0x000000076cf00000)
 ParOldGen       total 84992K, used 0K [0x00000006c0000000, 0x00000006c5300000, 0x000000076ab00000)
  object space 84992K, 0% used [0x00000006c0000000,0x00000006c0000000,0x00000006c5300000)
 Metaspace       used 5924K, capacity 6832K, committed 7040K, reserved 1056768K
  class space    used 576K, capacity 616K, committed 640K, reserved 1048576K
Event: 1.243 GC heap after
Heap after GC invocations=1 (full 0):
 PSYoungGen      total 36864K, used 5108K [0x000000076ab00000, 0x000000076d400000, 0x00000007c0000000)
  eden space 31744K, 0% used [0x000000076ab00000,0x000000076ab00000,0x000000076ca00000)
  from space 5120K, 99% used [0x000000076ca00000,0x000000076cefd1a8,0x000000076cf00000)
  to   space 5120K, 0% used [0x000000076cf00000,0x000000076cf00000,0x000000076d400000)
 ParOldGen       total 84992K, used 1294K [0x00000006c0000000, 0x00000006c5300000, 0x000000076ab00000)
  object space 84992K, 1% used [0x00000006c0000000,0x00000006c0143868,0x00000006c5300000)
 Metaspace       used 5924K, capacity 6832K, committed 7040K, reserved 1056768K
  class space    used 576K, capacity 616K, committed 640K, reserved 1048576K
}
Event: 1.414 GC heap before
{Heap before GC invocations=2 (full 0):
 PSYoungGen      total 36864K, used 36852K [0x000000076ab00000, 0x000000076d400000, 0x00000007c0000000)
  eden space 31744K, 100% used [0x000000076ab00000,0x000000076ca00000,0x000000076ca00000)
  from space 5120K, 99% used [0x000000076ca00000,0x000000076cefd1a8,0x000000076cf00000)
  to   space 5120K, 0% used [0x000000076cf00000,0x000000076cf00000,0x000000076d400000)
 ParOldGen       total 84992K, used 1294K [0x00000006c0000000, 0x00000006c5300000, 0x000000076ab00000)
  object space 84992K, 1% used [0x00000006c0000000,0x00000006c0143868,0x00000006c5300000)
 Metaspace       used 6075K, capacity 6960K, committed 7040K, reserved 1056768K
  class space    used 577K, capacity 616K, committed 640K, reserved 1048576K
Event: 1.460 GC heap after
Heap after GC invocations=2 (full 0):
 PSYoungGen      total 36864K, used 5106K [0x000000076ab00000, 0x000000076f300000, 0x00000007c0000000)
  eden space 31744K, 0% used [0x000000076ab00000,0x000000076ab00000,0x000000076ca00000)
  from space 5120K, 99% used [0x000000076cf00000,0x000000076d3fcac8,0x000000076d400000)
  to   space 5120K, 0% used [0x000000076ca00000,0x000000076ca00000,0x000000076cf00000)
 ParOldGen       total 84992K, used 6167K [0x00000006c0000000, 0x00000006c5300000, 0x000000076ab00000)
  object space 84992K, 7% used [0x00000006c0000000,0x00000006c0605da8,0x00000006c5300000)
 Metaspace       used 6075K, capacity 6960K, committed 7040K, reserved 1056768K
  class space    used 577K, capacity 616K, committed 640K, reserved 1048576K
}
Event: 1.723 GC heap before
{Heap before GC invocations=3 (full 0):
 PSYoungGen      total 36864K, used 36850K [0x000000076ab00000, 0x000000076f300000, 0x00000007c0000000)
  eden space 31744K, 100% used [0x000000076ab00000,0x000000076ca00000,0x000000076ca00000)
  from space 5120K, 99% used [0x000000076cf00000,0x000000076d3fcac8,0x000000076d400000)
  to   space 5120K, 0% used [0x000000076ca00000,0x000000076ca00000,0x000000076cf00000)
 ParOldGen       total 84992K, used 6167K [0x00000006c0000000, 0x00000006c5300000, 0x000000076ab00000)
  object space 84992K, 7% used [0x00000006c0000000,0x00000006c0605da8,0x00000006c5300000)
 Metaspace       used 6134K, capacity 7024K, committed 7296K, reserved 1056768K
  class space    used 577K, capacity 616K, committed 640K, reserved 1048576K
Event: 1.780 GC heap after
Heap after GC invocations=3 (full 0):
 PSYoungGen      total 36864K, used 5112K [0x000000076ab00000, 0x000000076f300000, 0x00000007c0000000)
  eden space 31744K, 0% used [0x000000076ab00000,0x000000076ab00000,0x000000076ca00000)
  from space 5120K, 99% used [0x000000076ca00000,0x000000076cefe048,0x000000076cf00000)
  to   space 5120K, 0% used [0x000000076ee00000,0x000000076ee00000,0x000000076f300000)
 ParOldGen       total 84992K, used 10636K [0x00000006c0000000, 0x00000006c5300000, 0x000000076ab00000)
  object space 84992K, 12% used [0x00000006c0000000,0x00000006c0a63140,0x00000006c5300000)
 Metaspace       used 6134K, capacity 7024K, committed 7296K, reserved 1056768K
  class space    used 577K, capacity 616K, committed 640K, reserved 1048576K
}
Event: 1.965 GC heap before
{Heap before GC invocations=4 (full 0):
 PSYoungGen      total 36864K, used 36856K [0x000000076ab00000, 0x000000076f300000, 0x00000007c0000000)
  eden space 31744K, 100% used [0x000000076ab00000,0x000000076ca00000,0x000000076ca00000)
  from space 5120K, 99% used [0x000000076ca00000,0x000000076cefe048,0x000000076cf00000)
  to   space 5120K, 0% used [0x000000076ee00000,0x000000076ee00000,0x000000076f300000)
 ParOldGen       total 84992K, used 10636K [0x00000006c0000000, 0x00000006c5300000, 0x000000076ab00000)
  object space 84992K, 12% used [0x00000006c0000000,0x00000006c0a63140,0x00000006c5300000)
 Metaspace       used 6236K, capacity 7088K, committed 7296K, reserved 1056768K
  class space    used 580K, capacity 616K, committed 640K, reserved 1048576K
Event: 2.031 GC heap after
Heap after GC invocations=4 (full 0):
 PSYoungGen      total 68608K, used 5112K [0x000000076ab00000, 0x000000076f300000, 0x00000007c0000000)
  eden space 63488K, 0% used [0x000000076ab00000,0x000000076ab00000,0x000000076e900000)
  from space 5120K, 99% used [0x000000076ee00000,0x000000076f2fe260,0x000000076f300000)
  to   space 5120K, 0% used [0x000000076e900000,0x000000076e900000,0x000000076ee00000)
 ParOldGen       total 84992K, used 16009K [0x00000006c0000000, 0x00000006c5300000, 0x000000076ab00000)
  object space 84992K, 18% used [0x00000006c0000000,0x00000006c0fa2558,0x00000006c5300000)
 Metaspace       used 6236K, capacity 7088K, committed 7296K, reserved 1056768K
  class space    used 580K, capacity 616K, committed 640K, reserved 1048576K
}
Event: 2.392 GC heap before
{Heap before GC invocations=5 (full 0):
 PSYoungGen      total 68608K, used 68600K [0x000000076ab00000, 0x000000076f300000, 0x00000007c0000000)
  eden space 63488K, 100% used [0x000000076ab00000,0x000000076e900000,0x000000076e900000)
  from space 5120K, 99% used [0x000000076ee00000,0x000000076f2fe260,0x000000076f300000)
  to   space 5120K, 0% used [0x000000076e900000,0x000000076e900000,0x000000076ee00000)
 ParOldGen       total 84992K, used 16009K [0x00000006c0000000, 0x00000006c5300000, 0x000000076ab00000)
  object space 84992K, 18% used [0x00000006c0000000,0x00000006c0fa2558,0x00000006c5300000)
 Metaspace       used 6301K, capacity 7152K, committed 7296K, reserved 1056768K
  class space    used 580K, capacity 616K, committed 640K, reserved 1048576K
Event: 2.437 GC heap after
Heap after GC invocations=5 (full 0):
 PSYoungGen      total 68608K, used 5112K [0x000000076ab00000, 0x0000000774400000, 0x00000007c0000000)
  eden space 63488K, 0% used [0x000000076ab00000,0x000000076ab00000,0x000000076e900000)
  from space 5120K, 99% used [0x000000076e900000,0x000000076edfe0a0,0x000000076ee00000)
  to   space 14848K, 0% used [0x0000000773580000,0x0000000773580000,0x0000000774400000)
 ParOldGen       total 84992K, used 24640K [0x00000006c0000000, 0x00000006c5300000, 0x000000076ab00000)
  object space 84992K, 28% used [0x00000006c0000000,0x00000006c18103b0,0x00000006c5300000)
 Metaspace       used 6301K, capacity 7152K, committed 7296K, reserved 1056768K
  class space    used 580K, capacity 616K, committed 640K, reserved 1048576K
}

Deoptimization events (10 events):
Event: 1.354 Thread 0x000000001f626000 Uncommon trap: reason=bimorphic action=maybe_recompile pc=0x0000000004b672ac method=java.util.HashMap.getNode(ILjava/lang/Object;)Ljava/util/HashMap$Node; @ 126
Event: 1.354 Thread 0x000000001f626000 Uncommon trap: reason=bimorphic action=maybe_recompile pc=0x0000000004bcaff8 method=java.util.HashMap.getNode(ILjava/lang/Object;)Ljava/util/HashMap$Node; @ 126
Event: 1.478 Thread 0x0000000004810800 Uncommon trap: reason=unstable_if action=reinterpret pc=0x0000000004d88eb0 method=com.android.dx.ssa.SCCP.simulateStmt(Lcom/android/dx/ssa/SsaInsn;)V @ 53
Event: 1.711 Thread 0x0000000004810800 Uncommon trap: reason=unstable_if action=reinterpret pc=0x0000000004e4bea8 method=com.android.dx.cf.code.ByteCatchList.listFor(I)Lcom/android/dx/cf/code/ByteCatchList; @ 47
Event: 1.713 Thread 0x0000000004810800 Uncommon trap: reason=class_check action=maybe_recompile pc=0x0000000004e33280 method=com.android.dx.ssa.SCCP.simulateBranch(Lcom/android/dx/ssa/SsaInsn;)V @ 145
Event: 1.717 Thread 0x0000000004810800 Uncommon trap: reason=class_check action=maybe_recompile pc=0x0000000004e33280 method=com.android.dx.ssa.SCCP.simulateBranch(Lcom/android/dx/ssa/SsaInsn;)V @ 145
Event: 1.787 Thread 0x000000001f626000 Uncommon trap: reason=class_check action=maybe_recompile pc=0x0000000004e33280 method=com.android.dx.ssa.SCCP.simulateBranch(Lcom/android/dx/ssa/SsaInsn;)V @ 145
Event: 1.815 Thread 0x000000001f626000 Uncommon trap: reason=class_check action=maybe_recompile pc=0x0000000004e33280 method=com.android.dx.ssa.SCCP.simulateBranch(Lcom/android/dx/ssa/SsaInsn;)V @ 145
Event: 2.357 Thread 0x000000001f625000 Uncommon trap: reason=unstable_if action=reinterpret pc=0x0000000004c3688c method=com.android.dx.rop.code.RegisterSpecSet.<init>(I)V @ 2
Event: 2.361 Thread 0x000000001f625000 Uncommon trap: reason=unstable_if action=reinterpret pc=0x0000000004f57ad8 method=java.util.HashMap.putVal(ILjava/lang/Object;Ljava/lang/Object;ZZ)Ljava/lang/Object; @ 94

Internal exceptions (2 events):
Event: 0.292 Thread 0x0000000004810800 Exception <a 'java/lang/NoSuchMethodError': Method sun.misc.Unsafe.defineClass(Ljava/lang/String;[BII)Ljava/lang/Class; name or signature does not match> (0x000000076ab07c78) thrown at [C:\src\android\AOSP-openjdk\external\jetbrains\jdk\hotspot\src\share\vëSŒ¯Ò?
Event: 0.292 Thread 0x0000000004810800 Exception <a 'java/lang/NoSuchMethodError': Method sun.misc.Unsafe.prefetchRead(Ljava/lang/Object;J)V name or signature does not match> (0x000000076ab07f60) thrown at [C:\src\android\AOSP-openjdk\external\jetbrains\jdk\hotspot\src\share\vm\prims\jni.cpp, l`

Events (10 events):
Event: 2.357 Thread 0x000000001f625000 Uncommon trap: trap_request=0xffffff65 fr.pc=0x0000000004c3688c
Event: 2.357 Thread 0x000000001f625000 DEOPT PACKING pc=0x0000000004c3688c sp=0x00000000201aeb70
Event: 2.357 Thread 0x000000001f625000 DEOPT UNPACKING pc=0x000000000495556a sp=0x00000000201aeaa0 mode 2
Event: 2.361 Thread 0x000000001f625000 Uncommon trap: trap_request=0xffffff65 fr.pc=0x0000000004f57ad8
Event: 2.361 Thread 0x000000001f625000 DEOPT PACKING pc=0x0000000004f57ad8 sp=0x00000000201ae770
Event: 2.361 Thread 0x000000001f625000 DEOPT UNPACKING pc=0x000000000495556a sp=0x00000000201ae700 mode 2
Event: 2.364 Thread 0x000000001f625000 DEOPT PACKING pc=0x0000000004c8fe0d sp=0x00000000201ae7b0
Event: 2.364 Thread 0x000000001f625000 DEOPT UNPACKING pc=0x00000000049575bf sp=0x00000000201ae4f8 mode 0
Event: 2.392 Executing VM operation: ParallelGCFailedAllocation
Event: 2.437 Executing VM operation: ParallelGCFailedAllocation done


Dynamic libraries:
0x00007ff722430000 - 0x00007ff722461000 	C:\Program Files\Android\Android Studio\jre\bin\java.exe
0x00007fffa0ef0000 - 0x00007fffa10d0000 	C:\WINDOWS\SYSTEM32\ntdll.dll
0x00007fff9e8d0000 - 0x00007fff9e97e000 	C:\WINDOWS\System32\KERNEL32.DLL
0x00007fff9de90000 - 0x00007fff9e0f6000 	C:\WINDOWS\System32\KERNELBASE.dll
0x00007fffa09a0000 - 0x00007fffa0a41000 	C:\WINDOWS\System32\ADVAPI32.dll
0x00007fff9f250000 - 0x00007fff9f2ed000 	C:\WINDOWS\System32\msvcrt.dll
0x00007fff9e5c0000 - 0x00007fff9e61b000 	C:\WINDOWS\System32\sechost.dll
0x00007fffa0be0000 - 0x00007fffa0cff000 	C:\WINDOWS\System32\RPCRT4.dll
0x00007fff9e6d0000 - 0x00007fff9e85f000 	C:\WINDOWS\System32\USER32.dll
0x00007fff9d550000 - 0x00007fff9d570000 	C:\WINDOWS\System32\win32u.dll
0x00007fff9e590000 - 0x00007fff9e5b8000 	C:\WINDOWS\System32\GDI32.dll
0x00007fff9e220000 - 0x00007fff9e3b3000 	C:\WINDOWS\System32\gdi32full.dll
0x00007fff9e100000 - 0x00007fff9e19b000 	C:\WINDOWS\System32\msvcp_win.dll
0x00007fff9d3a0000 - 0x00007fff9d496000 	C:\WINDOWS\System32\ucrtbase.dll
0x00007fff8cf90000 - 0x00007fff8d1f9000 	C:\WINDOWS\WinSxS\amd64_microsoft.windows.common-controls_6595b64144ccf1df_6.0.16299.125_none_15cbcf8893620c09\COMCTL32.dll
0x00007fff9ef40000 - 0x00007fff9f248000 	C:\WINDOWS\System32\combase.dll
0x00007fff9e1a0000 - 0x00007fff9e212000 	C:\WINDOWS\System32\bcryptPrimitives.dll
0x00007fff9e560000 - 0x00007fff9e58d000 	C:\WINDOWS\System32\IMM32.DLL
0x0000000068fc0000 - 0x0000000069092000 	C:\Program Files\Android\Android Studio\jre\jre\bin\msvcr100.dll
0x00000000680a0000 - 0x00000000688dc000 	C:\Program Files\Android\Android Studio\jre\jre\bin\server\jvm.dll
0x00007fff9f2f0000 - 0x00007fff9f2f8000 	C:\WINDOWS\System32\PSAPI.DLL
0x00007fff98b70000 - 0x00007fff98b79000 	C:\WINDOWS\SYSTEM32\WSOCK32.dll
0x00007fffa0930000 - 0x00007fffa099c000 	C:\WINDOWS\System32\WS2_32.dll
0x00007fff99350000 - 0x00007fff99373000 	C:\WINDOWS\SYSTEM32\WINMM.dll
0x00007fff9a310000 - 0x00007fff9a31a000 	C:\WINDOWS\SYSTEM32\VERSION.dll
0x00007fff992f0000 - 0x00007fff9931a000 	C:\WINDOWS\SYSTEM32\WINMMBASE.dll
0x00007fff9d2f0000 - 0x00007fff9d33a000 	C:\WINDOWS\System32\cfgmgr32.dll
0x00007fff98b60000 - 0x00007fff98b6f000 	C:\Program Files\Android\Android Studio\jre\jre\bin\verify.dll
0x00007fff8e150000 - 0x00007fff8e179000 	C:\Program Files\Android\Android Studio\jre\jre\bin\java.dll
0x00007fff8e440000 - 0x00007fff8e456000 	C:\Program Files\Android\Android Studio\jre\jre\bin\zip.dll
0x00007fff9f3f0000 - 0x00007fffa0826000 	C:\WINDOWS\System32\SHELL32.dll
0x00007fff9e620000 - 0x00007fff9e6c6000 	C:\WINDOWS\System32\shcore.dll
0x00007fff9d740000 - 0x00007fff9de87000 	C:\WINDOWS\System32\windows.storage.dll
0x00007fffa0830000 - 0x00007fffa0881000 	C:\WINDOWS\System32\shlwapi.dll
0x00007fff9d240000 - 0x00007fff9d251000 	C:\WINDOWS\System32\kernel.appcore.dll
0x00007fff9d2a0000 - 0x00007fff9d2ec000 	C:\WINDOWS\System32\powrprof.dll
0x00007fff9d280000 - 0x00007fff9d29b000 	C:\WINDOWS\System32\profapi.dll

VM Arguments:
jvm_args: -Djava.awt.headless=true -Xmx4g -Dfile.encoding=GBK -Duser.country=CN -Duser.language=zh -Duser.variant 
java_command: com.android.dx.command.Main --dex --force-jumbo --num-threads=4 --multi-dex --output D:\works\ZYJXObject\app\build\intermediates\transforms\dex\debug\folders\1000\2\alipaySdk-20170725_57142732f5fc040e53a58072f85839faf083f0ae D:\works\ZYJXObject\app\libs\alipaySdk-20170725.jar
java_class_path (initial): C:\Users\User\AppData\Local\Android\sdk\build-tools\26.0.0\lib\dx.jar
Launcher Type: SUN_STANDARD

Environment Variables:
JAVA_HOME=C:\Program Files\Java\jdk1.8.0_45
PATH=C:\ProgramData\Oracle\Java\javapath;C:\WINDOWS\system32;C:\WINDOWS;C:\WINDOWS\System32\Wbem;C:\WINDOWS\System32\WindowsPowerShell\v1.0\;C:\Program Files\Java\jdk1.8.0_45\bin;C:\Program Files\Java\jdk1.8.0_45\jre\bin;C:\Program Files (x86)\GtkSharp\2.12\bin;C:\Users\User\AppData\Local\Microsoft\WindowsApps;C:\Users\User\AppData\Local\GitHubDesktop\bin
USERNAME=User
OS=Windows_NT
PROCESSOR_IDENTIFIER=Intel64 Family 6 Model 158 Stepping 9, GenuineIntel



---------------  S Y S T E M  ---------------

OS: Windows 10.0 , 64 bit Build 16299 (10.0.16299.15)

CPU:total 4 (4 cores per cpu, 1 threads per core) family 6 model 158 stepping 9, cmov, cx8, fxsr, mmx, sse, sse2, sse3, ssse3, sse4.1, sse4.2, popcnt, avx, avx2, aes, clmul, erms, 3dnowpref, lzcnt, tsc, tscinvbit, bmi1, bmi2, adx

Memory: 4k page, physical 8071812k(1909092k free), swap 33237636k(5260k free)

vm_info: OpenJDK 64-Bit Server VM (25.112-b06) for windows-amd64 JRE (1.8.0_112-release-b06), built on Dec  8 2016 00:54:26 by "builder" with MS VC++ 10.0 (VS2010)

time: Fri Jan 19 17:31:18 2018
elapsed time: 2 seconds (0d 0h 0m 2s)

