#
# There is insufficient memory for the Java Runtime Environment to continue.
# Native memory allocation (malloc) failed to allocate 559776 bytes for Chunk::new
# Possible reasons:
#   The system is out of physical RAM or swap space
#   In 32 bit mode, the process size limit was hit
# Possible solutions:
#   Reduce memory load on the system
#   Increase physical memory or swap space
#   Check if swap backing store is full
#   Use 64 bit Java on a 64 bit OS
#   Decrease Java heap size (-Xmx/-Xms)
#   Decrease number of Java threads
#   Decrease Java thread stack sizes (-Xss)
#   Set larger code cache with -XX:ReservedCodeCacheSize=
# This output file may be truncated or incomplete.
#
#  Out of Memory Error (allocation.cpp:390), pid=12884, tid=0x0000000000002660
#
# JRE version: OpenJDK Runtime Environment (8.0_112-b06) (build 1.8.0_112-release-b06)
# Java VM: OpenJDK 64-Bit Server VM (25.112-b06 mixed mode windows-amd64 compressed oops)
# Failed to write core dump. Minidumps are not enabled by default on client versions of Windows
#

---------------  T H R E A D  ---------------

Current thread (0x000000001e545000):  JavaThread "C2 CompilerThread0" daemon [_thread_in_native, id=9824, stack(0x000000001ff10000,0x0000000020010000)]

Stack: [0x000000001ff10000,0x0000000020010000]
[error occurred during error reporting (printing stack bounds), id 0xc0000005]

Native frames: (J=compiled Java code, j=interpreted, Vv=VM code, C=native code)


Current CompileTask:
C2:  13978 2381   !   4       com.android.dx.cf.code.BytecodeArray::parseInstruction (2764 bytes)


---------------  P R O C E S S  ---------------

Java Threads: ( => current thread )
  0x000000001fb91000 JavaThread "pool-2-thread-4" [_thread_in_Java, id=10656, stack(0x0000000020810000,0x0000000020910000)]
  0x000000001fb8f000 JavaThread "pool-2-thread-3" [_thread_in_Java, id=13388, stack(0x0000000020710000,0x0000000020810000)]
  0x000000001fb8e000 JavaThread "pool-2-thread-2" [_thread_in_Java, id=5264, stack(0x0000000020610000,0x0000000020710000)]
  0x000000001fa82800 JavaThread "pool-3-thread-1" [_thread_blocked, id=6096, stack(0x0000000020510000,0x0000000020610000)]
  0x000000001fa87800 JavaThread "pool-2-thread-1" [_thread_in_Java, id=14216, stack(0x0000000020410000,0x0000000020510000)]
  0x000000001f96f000 JavaThread "Service Thread" daemon [_thread_blocked, id=3660, stack(0x0000000020210000,0x0000000020310000)]
  0x000000001f969800 JavaThread "C1 CompilerThread2" daemon [_thread_blocked, id=13444, stack(0x0000000020110000,0x0000000020210000)]
  0x000000001f963000 JavaThread "C2 CompilerThread1" daemon [_thread_blocked, id=2464, stack(0x0000000020010000,0x0000000020110000)]
=>0x000000001e545000 JavaThread "C2 CompilerThread0" daemon [_thread_in_native, id=9824, stack(0x000000001ff10000,0x0000000020010000)]
  0x000000001e5a7800 JavaThread "Attach Listener" daemon [_thread_blocked, id=13744, stack(0x000000001fe10000,0x000000001ff10000)]
  0x000000001e561800 JavaThread "Signal Dispatcher" daemon [_thread_blocked, id=5332, stack(0x000000001fd10000,0x000000001fe10000)]
  0x0000000004e75800 JavaThread "Finalizer" daemon [_thread_blocked, id=6164, stack(0x000000001f7b0000,0x000000001f8b0000)]
  0x0000000004e70000 JavaThread "Reference Handler" daemon [_thread_blocked, id=1176, stack(0x000000001f6b0000,0x000000001f7b0000)]
  0x0000000004d80800 JavaThread "main" [_thread_in_Java, id=1388, stack(0x0000000004b60000,0x0000000004c60000)]

Other Threads:
  0x000000001e515800 VMThread [stack: 0x000000001f5b0000,0x000000001f6b0000] [id=6128]
  0x000000001f971000 WatcherThread [stack: 0x0000000020310000,0x0000000020410000] [id=3328]

VM state:not at safepoint (normal execution)

VM Mutex/Monitor currently owned by a thread: None

Heap:
 PSYoungGen      total 267776K, used 233587K [0x000000076ab00000, 0x000000078a780000, 0x00000007c0000000)
  eden space 202240K, 83% used [0x000000076ab00000,0x0000000774f1dfb8,0x0000000777080000)
  from space 65536K, 99% used [0x000000077e680000,0x000000078267ee58,0x0000000782680000)
  to   space 120832K, 0% used [0x0000000777080000,0x0000000777080000,0x000000077e680000)
 ParOldGen       total 420352K, used 172389K [0x00000006c0000000, 0x00000006d9a80000, 0x000000076ab00000)
  object space 420352K, 41% used [0x00000006c0000000,0x00000006ca8597c0,0x00000006d9a80000)
 Metaspace       used 6224K, capacity 7216K, committed 7296K, reserved 1056768K
  class space    used 574K, capacity 616K, committed 640K, reserved 1048576K

Card table byte_map: [0x0000000014240000,0x0000000014a50000] byte_map_base: 0x0000000010c40000

Marking Bits: (ParMarkBitMap*) 0x00000000688618f0
 Begin Bits: [0x00000000153b0000, 0x00000000193b0000)
 End Bits:   [0x00000000193b0000, 0x000000001d3b0000)

Polling page: 0x0000000004770000

CodeCache: size=245760Kb used=8577Kb max_used=8669Kb free=237182Kb
 bounds [0x0000000004e80000, 0x0000000005720000, 0x0000000013e80000]
 total_blobs=2101 nmethods=1836 adapters=178
 compilation: enabled

Compilation events (10 events):
Event: 13.817 Thread 0x000000001f969800 nmethod 2376 0x0000000004ff5bd0 code [0x0000000004ff5d40, 0x0000000004ff5f68]
Event: 13.952 Thread 0x000000001f969800 2377       3       com.android.dx.command.dexer.Main$ClassTranslatorTask::call (5 bytes)
Event: 13.952 Thread 0x000000001f969800 nmethod 2377 0x00000000051a9fd0 code [0x00000000051aa140, 0x00000000051aa3c8]
Event: 13.952 Thread 0x000000001f969800 2378       3       com.android.dx.command.dexer.Main$ClassTranslatorTask::call (18 bytes)
Event: 13.953 Thread 0x000000001f969800 nmethod 2378 0x00000000051a9b50 code [0x00000000051a9cc0, 0x00000000051a9ec8]
Event: 13.953 Thread 0x000000001f969800 2379       3       com.android.dx.rop.code.AccessFlags::isAnnotation (14 bytes)
Event: 13.953 Thread 0x000000001f969800 nmethod 2379 0x0000000004ff48d0 code [0x0000000004ff4a20, 0x0000000004ff4bb0]
Event: 13.956 Thread 0x000000001f963000 2380       4       com.android.dx.rop.cst.CstInteger::getValue (5 bytes)
Event: 13.956 Thread 0x000000001f963000 nmethod 2380 0x000000000507f590 code [0x000000000507f6c0, 0x000000000507f718]
Event: 13.957 Thread 0x000000001e545000 2381   !   4       com.android.dx.cf.code.BytecodeArray::parseInstruction (2764 bytes)

GC Heap History (10 events):
Event: 8.843 GC heap before
{Heap before GC invocations=12 (full 3):
 PSYoungGen      total 323072K, used 245240K [0x000000076ab00000, 0x0000000784480000, 0x00000007c0000000)
  eden space 243712K, 100% used [0x000000076ab00000,0x0000000779900000,0x0000000779900000)
  from space 79360K, 1% used [0x0000000779900000,0x0000000779a7e268,0x000000077e680000)
  to   space 65536K, 0% used [0x000000077e680000,0x000000077e680000,0x0000000782680000)
 ParOldGen       total 132608K, used 132177K [0x00000006c0000000, 0x00000006c8180000, 0x000000076ab00000)
  object space 132608K, 99% used [0x00000006c0000000,0x00000006c8114570,0x00000006c8180000)
 Metaspace       used 6163K, capacity 7216K, committed 7296K, reserved 1056768K
  class space    used 574K, capacity 616K, committed 640K, reserved 1048576K
Event: 9.147 GC heap after
Heap after GC invocations=12 (full 3):
 PSYoungGen      total 323072K, used 19293K [0x000000076ab00000, 0x0000000784480000, 0x00000007c0000000)
  eden space 243712K, 7% used [0x000000076ab00000,0x000000076bdd7420,0x0000000779900000)
  from space 79360K, 0% used [0x0000000779900000,0x0000000779900000,0x000000077e680000)
  to   space 65536K, 0% used [0x000000077e680000,0x000000077e680000,0x0000000782680000)
 ParOldGen       total 132608K, used 132581K [0x00000006c0000000, 0x00000006c8180000, 0x000000076ab00000)
  object space 132608K, 99% used [0x00000006c0000000,0x00000006c8179440,0x00000006c8180000)
 Metaspace       used 6163K, capacity 7216K, committed 7296K, reserved 1056768K
  class space    used 574K, capacity 616K, committed 640K, reserved 1048576K
}
Event: 9.535 GC heap before
{Heap before GC invocations=13 (full 4):
 PSYoungGen      total 323072K, used 243712K [0x000000076ab00000, 0x0000000784480000, 0x00000007c0000000)
  eden space 243712K, 100% used [0x000000076ab00000,0x0000000779900000,0x0000000779900000)
  from space 79360K, 0% used [0x0000000779900000,0x0000000779900000,0x000000077e680000)
  to   space 65536K, 0% used [0x000000077e680000,0x000000077e680000,0x0000000782680000)
 ParOldGen       total 132608K, used 132581K [0x00000006c0000000, 0x00000006c8180000, 0x000000076ab00000)
  object space 132608K, 99% used [0x00000006c0000000,0x00000006c8179440,0x00000006c8180000)
 Metaspace       used 6165K, capacity 7216K, committed 7296K, reserved 1056768K
  class space    used 574K, capacity 616K, committed 640K, reserved 1048576K
Event: 10.379 GC heap after
Heap after GC invocations=13 (full 4):
 PSYoungGen      total 323072K, used 42805K [0x000000076ab00000, 0x0000000784480000, 0x00000007c0000000)
  eden space 243712K, 17% used [0x000000076ab00000,0x000000076d4cd7b8,0x0000000779900000)
  from space 79360K, 0% used [0x0000000779900000,0x0000000779900000,0x000000077e680000)
  to   space 65536K, 0% used [0x000000077e680000,0x000000077e680000,0x0000000782680000)
 ParOldGen       total 132608K, used 132209K [0x00000006c0000000, 0x00000006c8180000, 0x000000076ab00000)
  object space 132608K, 99% used [0x00000006c0000000,0x00000006c811c738,0x00000006c8180000)
 Metaspace       used 6165K, capacity 7216K, committed 7296K, reserved 1056768K
  class space    used 574K, capacity 616K, committed 640K, reserved 1048576K
}
Event: 11.314 GC heap before
{Heap before GC invocations=14 (full 5):
 PSYoungGen      total 323072K, used 243712K [0x000000076ab00000, 0x0000000784480000, 0x00000007c0000000)
  eden space 243712K, 100% used [0x000000076ab00000,0x0000000779900000,0x0000000779900000)
  from space 79360K, 0% used [0x0000000779900000,0x0000000779900000,0x000000077e680000)
  to   space 65536K, 0% used [0x000000077e680000,0x000000077e680000,0x0000000782680000)
 ParOldGen       total 132608K, used 132209K [0x00000006c0000000, 0x00000006c8180000, 0x000000076ab00000)
  object space 132608K, 99% used [0x00000006c0000000,0x00000006c811c738,0x00000006c8180000)
 Metaspace       used 6177K, capacity 7216K, committed 7296K, reserved 1056768K
  class space    used 574K, capacity 616K, committed 640K, reserved 1048576K
Event: 11.787 GC heap after
Heap after GC invocations=14 (full 5):
 PSYoungGen      total 323072K, used 49550K [0x000000076ab00000, 0x0000000784480000, 0x00000007c0000000)
  eden space 243712K, 20% used [0x000000076ab00000,0x000000076db63a00,0x0000000779900000)
  from space 79360K, 0% used [0x0000000779900000,0x0000000779900000,0x000000077e680000)
  to   space 65536K, 0% used [0x000000077e680000,0x000000077e680000,0x0000000782680000)
 ParOldGen       total 132608K, used 132139K [0x00000006c0000000, 0x00000006c8180000, 0x000000076ab00000)
  object space 132608K, 99% used [0x00000006c0000000,0x00000006c810ad30,0x00000006c8180000)
 Metaspace       used 6177K, capacity 7216K, committed 7296K, reserved 1056768K
  class space    used 574K, capacity 616K, committed 640K, reserved 1048576K
}
Event: 12.229 GC heap before
{Heap before GC invocations=15 (full 6):
 PSYoungGen      total 323072K, used 243712K [0x000000076ab00000, 0x0000000784480000, 0x00000007c0000000)
  eden space 243712K, 100% used [0x000000076ab00000,0x0000000779900000,0x0000000779900000)
  from space 79360K, 0% used [0x0000000779900000,0x0000000779900000,0x000000077e680000)
  to   space 65536K, 0% used [0x000000077e680000,0x000000077e680000,0x0000000782680000)
 ParOldGen       total 132608K, used 132139K [0x00000006c0000000, 0x00000006c8180000, 0x000000076ab00000)
  object space 132608K, 99% used [0x00000006c0000000,0x00000006c810ad30,0x00000006c8180000)
 Metaspace       used 6180K, capacity 7216K, committed 7296K, reserved 1056768K
  class space    used 574K, capacity 616K, committed 640K, reserved 1048576K
Event: 12.655 GC heap after
Heap after GC invocations=15 (full 6):
 PSYoungGen      total 323072K, used 71715K [0x000000076ab00000, 0x0000000784480000, 0x00000007c0000000)
  eden space 243712K, 29% used [0x000000076ab00000,0x000000076f108d50,0x0000000779900000)
  from space 79360K, 0% used [0x0000000779900000,0x0000000779900000,0x000000077e680000)
  to   space 65536K, 0% used [0x000000077e680000,0x000000077e680000,0x0000000782680000)
 ParOldGen       total 420352K, used 132139K [0x00000006c0000000, 0x00000006d9a80000, 0x000000076ab00000)
  object space 420352K, 31% used [0x00000006c0000000,0x00000006c810ad30,0x00000006d9a80000)
 Metaspace       used 6180K, capacity 7216K, committed 7296K, reserved 1056768K
  class space    used 574K, capacity 616K, committed 640K, reserved 1048576K
}
Event: 13.231 GC heap before
{Heap before GC invocations=16 (full 6):
 PSYoungGen      total 323072K, used 243712K [0x000000076ab00000, 0x0000000784480000, 0x00000007c0000000)
  eden space 243712K, 100% used [0x000000076ab00000,0x0000000779900000,0x0000000779900000)
  from space 79360K, 0% used [0x0000000779900000,0x0000000779900000,0x000000077e680000)
  to   space 65536K, 0% used [0x000000077e680000,0x000000077e680000,0x0000000782680000)
 ParOldGen       total 420352K, used 132139K [0x00000006c0000000, 0x00000006d9a80000, 0x000000076ab00000)
  object space 420352K, 31% used [0x00000006c0000000,0x00000006c810ad30,0x00000006d9a80000)
 Metaspace       used 6204K, capacity 7216K, committed 7296K, reserved 1056768K
  class space    used 574K, capacity 616K, committed 640K, reserved 1048576K
Event: 13.470 GC heap after
Heap after GC invocations=16 (full 6):
 PSYoungGen      total 267776K, used 65531K [0x000000076ab00000, 0x000000078a780000, 0x00000007c0000000)
  eden space 202240K, 0% used [0x000000076ab00000,0x000000076ab00000,0x0000000777080000)
  from space 65536K, 99% used [0x000000077e680000,0x000000078267ee58,0x0000000782680000)
  to   space 120832K, 0% used [0x0000000777080000,0x0000000777080000,0x000000077e680000)
 ParOldGen       total 420352K, used 172389K [0x00000006c0000000, 0x00000006d9a80000, 0x000000076ab00000)
  object space 420352K, 41% used [0x00000006c0000000,0x00000006ca8597c0,0x00000006d9a80000)
 Metaspace       used 6204K, capacity 7216K, committed 7296K, reserved 1056768K
  class space    used 574K, capacity 616K, committed 640K, reserved 1048576K
}

Deoptimization events (10 events):
Event: 13.054 Thread 0x000000001fb8e000 Uncommon trap: reason=class_check action=maybe_recompile pc=0x0000000005614d78 method=com.android.dx.rop.cst.CstKnownNull.equals(Ljava/lang/Object;)Z @ 1
Event: 13.054 Thread 0x000000001fb8e000 Uncommon trap: reason=unloaded action=reinterpret pc=0x000000000509f024 method=com.android.dx.ssa.LiteralOpUpgrader$1.visitNonMoveInsn(Lcom/android/dx/ssa/NormalSsaInsn;)V @ 72
Event: 13.055 Thread 0x000000001fb8e000 Uncommon trap: reason=unstable_if action=reinterpret pc=0x0000000005178fcc method=com.android.dx.ssa.SsaMethod.onSourcesChanged(Lcom/android/dx/ssa/SsaInsn;Lcom/android/dx/rop/code/RegisterSpecList;)V @ 9
Event: 13.055 Thread 0x000000001fb8e000 Uncommon trap: reason=unstable_if action=reinterpret pc=0x0000000005242f9c method=com.android.dx.ssa.SsaMethod.updateOneDefinition(Lcom/android/dx/ssa/SsaInsn;Lcom/android/dx/rop/code/RegisterSpec;)V @ 4
Event: 13.060 Thread 0x0000000004d80800 Uncommon trap: reason=class_check action=maybe_recompile pc=0x0000000005614d78 method=com.android.dx.rop.cst.CstKnownNull.equals(Ljava/lang/Object;)Z @ 1
Event: 13.078 Thread 0x000000001fa87800 Uncommon trap: reason=class_check action=maybe_recompile pc=0x0000000005068e60 method=com.android.dx.cf.code.Merger.mergeType(Lcom/android/dx/rop/type/TypeBearer;Lcom/android/dx/rop/type/TypeBearer;)Lcom/android/dx/rop/type/TypeBearer; @ 28
Event: 13.496 Thread 0x000000001fb8f000 Uncommon trap: reason=unstable_if action=reinterpret pc=0x00000000051f2f80 method=com.android.dx.ssa.back.FirstFitLocalCombiningAllocator.getLocalItemForReg(I)Lcom/android/dx/rop/code/LocalItem; @ 76
Event: 13.956 Thread 0x000000001fa87800 Uncommon trap: reason=bimorphic action=maybe_recompile pc=0x00000000053175cc method=com.android.dx.cf.code.BytecodeArray.parseInstruction(ILcom/android/dx/cf/code/BytecodeArray$Visitor;)I @ 987
Event: 13.956 Thread 0x000000001fa87800 Uncommon trap: reason=bimorphic action=maybe_recompile pc=0x00000000053175cc method=com.android.dx.cf.code.BytecodeArray.parseInstruction(ILcom/android/dx/cf/code/BytecodeArray$Visitor;)I @ 987
Event: 13.956 Thread 0x000000001fa87800 Uncommon trap: reason=class_check action=maybe_recompile pc=0x000000000559f004 method=com.android.dx.cf.code.Ropper.processBlock(Lcom/android/dx/cf/code/ByteBlock;Lcom/android/dx/cf/code/Frame;[I)V @ 777

Internal exceptions (4 events):
Event: 0.063 Thread 0x0000000004d80800 Exception <a 'java/lang/NoSuchMethodError': Method sun.misc.Unsafe.defineClass(Ljava/lang/String;[BII)Ljava/lang/Class; name or signature does not match> (0x000000076ab07c78) thrown at [C:\src\android\AOSP-openjdk\external\jetbrains\jdk\hotspot\src\share\v
íÐ3°?
Event: 0.063 Thread 0x0000000004d80800 Exception <a 'java/lang/NoSuchMethodError': Method sun.misc.Unsafe.prefetchRead(Ljava/lang/Object;J)V name or signature does not match> (0x000000076ab07f60) thrown at [C:\src\android\AOSP-openjdk\external\jetbrains\jdk\hotspot\src\share\vm\prims\jni.cpp, lñ6
Event: 1.012 Thread 0x000000001fb8f000 Implicit null exception at 0x0000000005130562 to 0x0000000005130662
Event: 13.055 Thread 0x000000001fb8e000 Implicit null exception at 0x0000000005178692 to 0x0000000005178fb5

Events (10 events):
Event: 13.738 Thread 0x000000001fa87800 DEOPT UNPACKING pc=0x0000000004ec75bf sp=0x000000002050e7b8 mode 0
Event: 13.956 Thread 0x000000001fa87800 Uncommon trap: trap_request=0xffffffc6 fr.pc=0x00000000053175cc
Event: 13.956 Thread 0x000000001fa87800 DEOPT PACKING pc=0x00000000053175cc sp=0x000000002050e8a0
Event: 13.956 Thread 0x000000001fa87800 DEOPT UNPACKING pc=0x0000000004ec556a sp=0x000000002050e838 mode 2
Event: 13.956 Thread 0x000000001fa87800 Uncommon trap: trap_request=0xffffffc6 fr.pc=0x00000000053175cc
Event: 13.956 Thread 0x000000001fa87800 DEOPT PACKING pc=0x00000000053175cc sp=0x000000002050e930
Event: 13.956 Thread 0x000000001fa87800 DEOPT UNPACKING pc=0x0000000004ec556a sp=0x000000002050e8c8 mode 2
Event: 13.956 Thread 0x000000001fa87800 Uncommon trap: trap_request=0xffffffde fr.pc=0x000000000559f004
Event: 13.956 Thread 0x000000001fa87800 DEOPT PACKING pc=0x000000000559f004 sp=0x000000002050eb10
Event: 13.956 Thread 0x000000001fa87800 DEOPT UNPACKING pc=0x0000000004ec556a sp=0x000000002050eae8 mode 2


Dynamic libraries:
0x00007ff722430000 - 0x00007ff722461000 	C:\Program Files\Android\Android Studio\jre\bin\java.exe
0x00007fffa0ef0000 - 0x00007fffa10d0000 	C:\WINDOWS\SYSTEM32\ntdll.dll
0x00007fff9e8d0000 - 0x00007fff9e97e000 	C:\WINDOWS\System32\KERNEL32.DLL
0x00007fff9de90000 - 0x00007fff9e0f6000 	C:\WINDOWS\System32\KERNELBASE.dll
0x00007fffa09a0000 - 0x00007fffa0a41000 	C:\WINDOWS\System32\ADVAPI32.dll
0x00007fff9f250000 - 0x00007fff9f2ed000 	C:\WINDOWS\System32\msvcrt.dll
0x00007fff9e5c0000 - 0x00007fff9e61b000 	C:\WINDOWS\System32\sechost.dll
0x00007fffa0be0000 - 0x00007fffa0cff000 	C:\WINDOWS\System32\RPCRT4.dll
0x00007fff9e6d0000 - 0x00007fff9e85f000 	C:\WINDOWS\System32\USER32.dll
0x00007fff9d550000 - 0x00007fff9d570000 	C:\WINDOWS\System32\win32u.dll
0x00007fff9e590000 - 0x00007fff9e5b8000 	C:\WINDOWS\System32\GDI32.dll
0x00007fff9e220000 - 0x00007fff9e3b3000 	C:\WINDOWS\System32\gdi32full.dll
0x00007fff9e100000 - 0x00007fff9e19b000 	C:\WINDOWS\System32\msvcp_win.dll
0x00007fff9d3a0000 - 0x00007fff9d496000 	C:\WINDOWS\System32\ucrtbase.dll
0x00007fff8cf90000 - 0x00007fff8d1f9000 	C:\WINDOWS\WinSxS\amd64_microsoft.windows.common-controls_6595b64144ccf1df_6.0.16299.125_none_15cbcf8893620c09\COMCTL32.dll
0x00007fff9ef40000 - 0x00007fff9f248000 	C:\WINDOWS\System32\combase.dll
0x00007fff9e1a0000 - 0x00007fff9e212000 	C:\WINDOWS\System32\bcryptPrimitives.dll
0x00007fff9e560000 - 0x00007fff9e58d000 	C:\WINDOWS\System32\IMM32.DLL
0x0000000068fc0000 - 0x0000000069092000 	C:\Program Files\Android\Android Studio\jre\jre\bin\msvcr100.dll
0x00000000680a0000 - 0x00000000688dc000 	C:\Program Files\Android\Android Studio\jre\jre\bin\server\jvm.dll
0x00007fff9f2f0000 - 0x00007fff9f2f8000 	C:\WINDOWS\System32\PSAPI.DLL
0x00007fff98b70000 - 0x00007fff98b79000 	C:\WINDOWS\SYSTEM32\WSOCK32.dll
0x00007fffa0930000 - 0x00007fffa099c000 	C:\WINDOWS\System32\WS2_32.dll
0x00007fff99350000 - 0x00007fff99373000 	C:\WINDOWS\SYSTEM32\WINMM.dll
0x00007fff9a310000 - 0x00007fff9a31a000 	C:\WINDOWS\SYSTEM32\VERSION.dll
0x00007fff992f0000 - 0x00007fff9931a000 	C:\WINDOWS\SYSTEM32\WINMMBASE.dll
0x00007fff9d2f0000 - 0x00007fff9d33a000 	C:\WINDOWS\System32\cfgmgr32.dll
0x00007fff98b60000 - 0x00007fff98b6f000 	C:\Program Files\Android\Android Studio\jre\jre\bin\verify.dll
0x00007fff8e150000 - 0x00007fff8e179000 	C:\Program Files\Android\Android Studio\jre\jre\bin\java.dll
0x00007fff8e440000 - 0x00007fff8e456000 	C:\Program Files\Android\Android Studio\jre\jre\bin\zip.dll
0x00007fff9f3f0000 - 0x00007fffa0826000 	C:\WINDOWS\System32\SHELL32.dll
0x00007fff9e620000 - 0x00007fff9e6c6000 	C:\WINDOWS\System32\shcore.dll
0x00007fff9d740000 - 0x00007fff9de87000 	C:\WINDOWS\System32\windows.storage.dll
0x00007fffa0830000 - 0x00007fffa0881000 	C:\WINDOWS\System32\shlwapi.dll
0x00007fff9d240000 - 0x00007fff9d251000 	C:\WINDOWS\System32\kernel.appcore.dll
0x00007fff9d2a0000 - 0x00007fff9d2ec000 	C:\WINDOWS\System32\powrprof.dll
0x00007fff9d280000 - 0x00007fff9d29b000 	C:\WINDOWS\System32\profapi.dll

VM Arguments:
jvm_args: -Djava.awt.headless=true -Xmx4g -Dfile.encoding=GBK -Duser.country=CN -Duser.language=zh -Duser.variant 
java_command: com.android.dx.command.Main --dex --force-jumbo --num-threads=4 --multi-dex --output D:\works\ZYJXObject\app\build\intermediates\transforms\dex\debug\folders\1000\5\slice_4 D:\works\ZYJXObject\app\build\intermediates\transforms\instantRunSlicer\debug\folders\1\5\slice_4
java_class_path (initial): C:\Users\User\AppData\Local\Android\sdk\build-tools\26.0.0\lib\dx.jar
Launcher Type: SUN_STANDARD

Environment Variables:
JAVA_HOME=C:\Program Files\Java\jdk1.8.0_45
PATH=C:\ProgramData\Oracle\Java\javapath;C:\WINDOWS\system32;C:\WINDOWS;C:\WINDOWS\System32\Wbem;C:\WINDOWS\System32\WindowsPowerShell\v1.0\;C:\Program Files\Java\jdk1.8.0_45\bin;C:\Program Files\Java\jdk1.8.0_45\jre\bin;C:\Program Files (x86)\GtkSharp\2.12\bin;C:\Users\User\AppData\Local\Microsoft\WindowsApps;C:\Users\User\AppData\Local\GitHubDesktop\bin
USERNAME=User
OS=Windows_NT
PROCESSOR_IDENTIFIER=Intel64 Family 6 Model 158 Stepping 9, GenuineIntel



---------------  S Y S T E M  ---------------

OS: Windows 10.0 , 64 bit Build 16299 (10.0.16299.15)

CPU:total 4 (4 cores per cpu, 1 threads per core) family 6 model 158 stepping 9, cmov, cx8, fxsr, mmx, sse, sse2, sse3, ssse3, sse4.1, sse4.2, popcnt, avx, avx2, aes, clmul, erms, 3dnowpref, lzcnt, tsc, tscinvbit, bmi1, bmi2, adx

Memory: 4k page, physical 8071812k(1909100k free), swap 33237636k(5260k free)

vm_info: OpenJDK 64-Bit Server VM (25.112-b06) for windows-amd64 JRE (1.8.0_112-release-b06), built on Dec  8 2016 00:54:26 by "builder" with MS VC++ 10.0 (VS2010)

time: Fri Jan 19 17:31:18 2018
elapsed time: 13 seconds (0d 0h 0m 13s)

