#
# There is insufficient memory for the Java Runtime Environment to continue.
# Native memory allocation (malloc) failed to allocate 32744 bytes for ChunkPool::allocate
# Possible reasons:
#   The system is out of physical RAM or swap space
#   In 32 bit mode, the process size limit was hit
# Possible solutions:
#   Reduce memory load on the system
#   Increase physical memory or swap space
#   Check if swap backing store is full
#   Use 64 bit Java on a 64 bit OS
#   Decrease Java heap size (-Xmx/-Xms)
#   Decrease number of Java threads
#   Decrease Java thread stack sizes (-Xss)
#   Set larger code cache with -XX:ReservedCodeCacheSize=
# This output file may be truncated or incomplete.
#
#  Out of Memory Error (allocation.cpp:273), pid=4932, tid=0x0000000000001788
#
# JRE version: OpenJDK Runtime Environment (8.0_112-b06) (build 1.8.0_112-release-b06)
# Java VM: OpenJDK 64-Bit Server VM (25.112-b06 mixed mode windows-amd64 compressed oops)
# Failed to write core dump. Minidumps are not enabled by default on client versions of Windows
#

---------------  T H R E A D  ---------------

Current thread (0x000000001fa87000):  JavaThread "C1 CompilerThread2" daemon [_thread_in_native, id=6024, stack(0x0000000020230000,0x0000000020330000)]

Stack: [0x0000000020230000,0x0000000020330000]
[error occurred during error reporting (printing stack bounds), id 0xc0000005]

Native frames: (J=compiled Java code, j=interpreted, Vv=VM code, C=native code)


Current CompileTask:
C1:   1459 1059       3       com.android.dx.ssa.SsaConverter::placePhiFunctions (394 bytes)


---------------  P R O C E S S  ---------------

Java Threads: ( => current thread )
  0x000000001fc7c000 JavaThread "pool-2-thread-4" [_thread_in_Java, id=14632, stack(0x0000000020930000,0x0000000020a30000)]
  0x000000001fc7a800 JavaThread "pool-2-thread-3" [_thread_in_Java, id=492, stack(0x0000000020830000,0x0000000020930000)]
  0x000000001fc76800 JavaThread "pool-2-thread-2" [_thread_in_Java, id=6100, stack(0x0000000020730000,0x0000000020830000)]
  0x000000001fb90000 JavaThread "pool-3-thread-1" [_thread_blocked, id=14868, stack(0x0000000020630000,0x0000000020730000)]
  0x000000001fb88000 JavaThread "pool-2-thread-1" [_thread_in_vm, id=500, stack(0x0000000020530000,0x0000000020630000)]
  0x000000001fa90000 JavaThread "Service Thread" daemon [_thread_blocked, id=7548, stack(0x0000000020330000,0x0000000020430000)]
=>0x000000001fa87000 JavaThread "C1 CompilerThread2" daemon [_thread_in_native, id=6024, stack(0x0000000020230000,0x0000000020330000)]
  0x000000001fa83800 JavaThread "C2 CompilerThread1" daemon [_thread_in_native, id=6608, stack(0x0000000020130000,0x0000000020230000)]
  0x000000001e728000 JavaThread "C2 CompilerThread0" daemon [_thread_in_native, id=12476, stack(0x0000000020030000,0x0000000020130000)]
  0x000000001e727800 JavaThread "Attach Listener" daemon [_thread_blocked, id=6104, stack(0x000000001ff30000,0x0000000020030000)]
  0x000000001e6e1800 JavaThread "Signal Dispatcher" daemon [_thread_blocked, id=12608, stack(0x000000001fe30000,0x000000001ff30000)]
  0x0000000004ff5800 JavaThread "Finalizer" daemon [_thread_blocked, id=1728, stack(0x000000001f930000,0x000000001fa30000)]
  0x0000000004ff0000 JavaThread "Reference Handler" daemon [_thread_blocked, id=3612, stack(0x000000001f830000,0x000000001f930000)]
  0x0000000004f00800 JavaThread "main" [_thread_in_Java, id=15284, stack(0x0000000004e00000,0x0000000004f00000)]

Other Threads:
  0x000000001e695800 VMThread [stack: 0x000000001f730000,0x000000001f830000] [id=4412]
  0x000000001fa92000 WatcherThread [stack: 0x0000000020430000,0x0000000020530000] [id=11916]

VM state:not at safepoint (normal execution)

VM Mutex/Monitor currently owned by a thread: None

Heap:
 PSYoungGen      total 36864K, used 27795K [0x000000076ab00000, 0x000000076d400000, 0x00000007c0000000)
  eden space 31744K, 71% used [0x000000076ab00000,0x000000076c12bb80,0x000000076ca00000)
  from space 5120K, 99% used [0x000000076ca00000,0x000000076cef93d0,0x000000076cf00000)
  to   space 5120K, 0% used [0x000000076cf00000,0x000000076cf00000,0x000000076d400000)
 ParOldGen       total 84992K, used 1526K [0x00000006c0000000, 0x00000006c5300000, 0x000000076ab00000)
  object space 84992K, 1% used [0x00000006c0000000,0x00000006c017da28,0x00000006c5300000)
 Metaspace       used 5760K, capacity 6896K, committed 7040K, reserved 1056768K
  class space    used 567K, capacity 616K, committed 640K, reserved 1048576K

Card table byte_map: [0x00000000143c0000,0x0000000014bd0000] byte_map_base: 0x0000000010dc0000

Marking Bits: (ParMarkBitMap*) 0x00000000688618f0
 Begin Bits: [0x0000000015530000, 0x0000000019530000)
 End Bits:   [0x0000000019530000, 0x000000001d530000)

Polling page: 0x0000000004850000

CodeCache: size=245760Kb used=4050Kb max_used=4050Kb free=241709Kb
 bounds [0x0000000005000000, 0x0000000005400000, 0x0000000014000000]
 total_blobs=1307 nmethods=1043 adapters=178
 compilation: enabled

Compilation events (10 events):
Event: 1.434 Thread 0x000000001fa87000 nmethod 1052 0x00000000053e7410 code [0x00000000053e7580, 0x00000000053e78e8]
Event: 1.434 Thread 0x000000001fa87000 1053       3       java.util.HashMap$EntryIterator::next (5 bytes)
Event: 1.434 Thread 0x000000001fa87000 nmethod 1053 0x00000000053e9950 code [0x00000000053e9ac0, 0x00000000053e9da8]
Event: 1.435 Thread 0x000000001fa87000 1054       3       com.android.dx.ssa.SsaMethod::forEachBlockDepthFirst (194 bytes)
Event: 1.436 Thread 0x000000001fa87000 nmethod 1054 0x00000000053eee90 code [0x00000000053ef320, 0x00000000053f27a8]
Event: 1.436 Thread 0x000000001fa87000 1056       3       com.android.dx.rop.code.RopMethod::calcPredecessors (227 bytes)
Event: 1.437 Thread 0x000000001fa87000 nmethod 1056 0x00000000053f47d0 code [0x00000000053f4ae0, 0x00000000053f6748]
Event: 1.438 Thread 0x000000001fa87000 1058       3       com.android.dx.cf.code.BaseMachine::popArgs (127 bytes)
Event: 1.438 Thread 0x000000001fa87000 nmethod 1058 0x00000000053f7710 code [0x00000000053f7a20, 0x00000000053f9388]
Event: 1.439 Thread 0x000000001fa87000 1059       3       com.android.dx.ssa.SsaConverter::placePhiFunctions (394 bytes)

GC Heap History (2 events):
Event: 1.119 GC heap before
{Heap before GC invocations=1 (full 0):
 PSYoungGen      total 36864K, used 31744K [0x000000076ab00000, 0x000000076d400000, 0x00000007c0000000)
  eden space 31744K, 100% used [0x000000076ab00000,0x000000076ca00000,0x000000076ca00000)
  from space 5120K, 0% used [0x000000076cf00000,0x000000076cf00000,0x000000076d400000)
  to   space 5120K, 0% used [0x000000076ca00000,0x000000076ca00000,0x000000076cf00000)
 ParOldGen       total 84992K, used 0K [0x00000006c0000000, 0x00000006c5300000, 0x000000076ab00000)
  object space 84992K, 0% used [0x00000006c0000000,0x00000006c0000000,0x00000006c5300000)
 Metaspace       used 5713K, capacity 6832K, committed 7040K, reserved 1056768K
  class space    used 567K, capacity 616K, committed 640K, reserved 1048576K
Event: 1.243 GC heap after
Heap after GC invocations=1 (full 0):
 PSYoungGen      total 36864K, used 5092K [0x000000076ab00000, 0x000000076d400000, 0x00000007c0000000)
  eden space 31744K, 0% used [0x000000076ab00000,0x000000076ab00000,0x000000076ca00000)
  from space 5120K, 99% used [0x000000076ca00000,0x000000076cef93d0,0x000000076cf00000)
  to   space 5120K, 0% used [0x000000076cf00000,0x000000076cf00000,0x000000076d400000)
 ParOldGen       total 84992K, used 1526K [0x00000006c0000000, 0x00000006c5300000, 0x000000076ab00000)
  object space 84992K, 1% used [0x00000006c0000000,0x00000006c017da28,0x00000006c5300000)
 Metaspace       used 5713K, capacity 6832K, committed 7040K, reserved 1056768K
  class space    used 567K, capacity 616K, committed 640K, reserved 1048576K
}

Deoptimization events (9 events):
Event: 0.615 Thread 0x000000001fb88000 Uncommon trap: reason=unstable_if action=reinterpret pc=0x0000000005250db4 method=java.util.BitSet.nextSetBit(I)I @ 87
Event: 0.934 Thread 0x000000001fc76800 Uncommon trap: reason=class_check action=maybe_recompile pc=0x00000000052a8224 method=com.android.dx.ssa.NormalSsaInsn.accept(Lcom/android/dx/ssa/SsaInsn$Visitor;)V @ 9
Event: 0.934 Thread 0x000000001fc76800 Uncommon trap: reason=class_check action=maybe_recompile pc=0x00000000052a8224 method=com.android.dx.ssa.NormalSsaInsn.accept(Lcom/android/dx/ssa/SsaInsn$Visitor;)V @ 9
Event: 0.934 Thread 0x000000001fc76800 Uncommon trap: reason=class_check action=maybe_recompile pc=0x00000000052a8224 method=com.android.dx.ssa.NormalSsaInsn.accept(Lcom/android/dx/ssa/SsaInsn$Visitor;)V @ 9
Event: 0.934 Thread 0x000000001fc76800 Uncommon trap: reason=class_check action=maybe_recompile pc=0x00000000052a8224 method=com.android.dx.ssa.NormalSsaInsn.accept(Lcom/android/dx/ssa/SsaInsn$Visitor;)V @ 9
Event: 0.982 Thread 0x0000000004f00800 Uncommon trap: reason=unstable_if action=reinterpret pc=0x000000000517b2e8 method=java.lang.String.<init>([CII)V @ 18
Event: 1.104 Thread 0x0000000004f00800 Uncommon trap: reason=unstable_if action=reinterpret pc=0x0000000005247b34 method=java.lang.String.<init>([CII)V @ 18
Event: 1.285 Thread 0x000000001fc7c000 Uncommon trap: reason=null_check action=make_not_entrant pc=0x0000000005345030 method=com.android.dx.rop.type.Type.equals(Ljava/lang/Object;)Z @ 8
Event: 1.343 Thread 0x000000001fc76800 Uncommon trap: reason=unstable_if action=reinterpret pc=0x0000000005316c78 method=com.android.dx.rop.code.RegisterSpecSet.put(Lcom/android/dx/rop/code/RegisterSpec;)V @ 77

Internal exceptions (3 events):
Event: 0.054 Thread 0x0000000004f00800 Exception <a 'java/lang/NoSuchMethodError': Method sun.misc.Unsafe.defineClass(Ljava/lang/String;[BII)Ljava/lang/Class; name or signature does not match> (0x000000076ab07c78) thrown at [C:\src\android\AOSP-openjdk\external\jetbrains\jdk\hotspot\src\share\vZœÒòIÍ´?
Event: 0.055 Thread 0x0000000004f00800 Exception <a 'java/lang/NoSuchMethodError': Method sun.misc.Unsafe.prefetchRead(Ljava/lang/Object;J)V name or signature does not match> (0x000000076ab07f60) thrown at [C:\src\android\AOSP-openjdk\external\jetbrains\jdk\hotspot\src\share\vm\prims\jni.cpp, lV¬ÈêÙ?
Event: 1.285 Thread 0x000000001fc7c000 Implicit null exception at 0x0000000005344f22 to 0x0000000005345022

Events (10 events):
Event: 1.369 Thread 0x0000000004f00800 DEOPT PACKING pc=0x0000000005252baa sp=0x0000000004efe110
Event: 1.369 Thread 0x0000000004f00800 DEOPT UNPACKING pc=0x00000000050475bf sp=0x0000000004efde78 mode 0
Event: 1.370 Thread 0x0000000004f00800 DEOPT PACKING pc=0x0000000005252baa sp=0x0000000004efe110
Event: 1.370 Thread 0x0000000004f00800 DEOPT UNPACKING pc=0x00000000050475bf sp=0x0000000004efde78 mode 0
Event: 1.370 Thread 0x0000000004f00800 DEOPT PACKING pc=0x0000000005252baa sp=0x0000000004efe110
Event: 1.370 Thread 0x0000000004f00800 DEOPT UNPACKING pc=0x00000000050475bf sp=0x0000000004efde78 mode 0
Event: 1.370 Thread 0x0000000004f00800 DEOPT PACKING pc=0x0000000005252baa sp=0x0000000004efe110
Event: 1.370 Thread 0x0000000004f00800 DEOPT UNPACKING pc=0x00000000050475bf sp=0x0000000004efde78 mode 0
Event: 1.370 Thread 0x0000000004f00800 DEOPT PACKING pc=0x0000000005252baa sp=0x0000000004efe110
Event: 1.370 Thread 0x0000000004f00800 DEOPT UNPACKING pc=0x00000000050475bf sp=0x0000000004efde78 mode 0


Dynamic libraries:
0x00007ff722430000 - 0x00007ff722461000 	C:\Program Files\Android\Android Studio\jre\bin\java.exe
0x00007fffa0ef0000 - 0x00007fffa10d0000 	C:\WINDOWS\SYSTEM32\ntdll.dll
0x00007fff9e8d0000 - 0x00007fff9e97e000 	C:\WINDOWS\System32\KERNEL32.DLL
0x00007fff9de90000 - 0x00007fff9e0f6000 	C:\WINDOWS\System32\KERNELBASE.dll
0x00007fffa09a0000 - 0x00007fffa0a41000 	C:\WINDOWS\System32\ADVAPI32.dll
0x00007fff9f250000 - 0x00007fff9f2ed000 	C:\WINDOWS\System32\msvcrt.dll
0x00007fff9e5c0000 - 0x00007fff9e61b000 	C:\WINDOWS\System32\sechost.dll
0x00007fffa0be0000 - 0x00007fffa0cff000 	C:\WINDOWS\System32\RPCRT4.dll
0x00007fff9e6d0000 - 0x00007fff9e85f000 	C:\WINDOWS\System32\USER32.dll
0x00007fff9d550000 - 0x00007fff9d570000 	C:\WINDOWS\System32\win32u.dll
0x00007fff9e590000 - 0x00007fff9e5b8000 	C:\WINDOWS\System32\GDI32.dll
0x00007fff9e220000 - 0x00007fff9e3b3000 	C:\WINDOWS\System32\gdi32full.dll
0x00007fff9e100000 - 0x00007fff9e19b000 	C:\WINDOWS\System32\msvcp_win.dll
0x00007fff9d3a0000 - 0x00007fff9d496000 	C:\WINDOWS\System32\ucrtbase.dll
0x00007fff8cf90000 - 0x00007fff8d1f9000 	C:\WINDOWS\WinSxS\amd64_microsoft.windows.common-controls_6595b64144ccf1df_6.0.16299.125_none_15cbcf8893620c09\COMCTL32.dll
0x00007fff9ef40000 - 0x00007fff9f248000 	C:\WINDOWS\System32\combase.dll
0x00007fff9e1a0000 - 0x00007fff9e212000 	C:\WINDOWS\System32\bcryptPrimitives.dll
0x00007fff9e560000 - 0x00007fff9e58d000 	C:\WINDOWS\System32\IMM32.DLL
0x0000000068fc0000 - 0x0000000069092000 	C:\Program Files\Android\Android Studio\jre\jre\bin\msvcr100.dll
0x00000000680a0000 - 0x00000000688dc000 	C:\Program Files\Android\Android Studio\jre\jre\bin\server\jvm.dll
0x00007fff9f2f0000 - 0x00007fff9f2f8000 	C:\WINDOWS\System32\PSAPI.DLL
0x00007fff98b70000 - 0x00007fff98b79000 	C:\WINDOWS\SYSTEM32\WSOCK32.dll
0x00007fff99350000 - 0x00007fff99373000 	C:\WINDOWS\SYSTEM32\WINMM.dll
0x00007fff9a310000 - 0x00007fff9a31a000 	C:\WINDOWS\SYSTEM32\VERSION.dll
0x00007fffa0930000 - 0x00007fffa099c000 	C:\WINDOWS\System32\WS2_32.dll
0x00007fff992f0000 - 0x00007fff9931a000 	C:\WINDOWS\SYSTEM32\winmmbase.dll
0x00007fff9d2f0000 - 0x00007fff9d33a000 	C:\WINDOWS\System32\cfgmgr32.dll
0x00007fff98b60000 - 0x00007fff98b6f000 	C:\Program Files\Android\Android Studio\jre\jre\bin\verify.dll
0x00007fff8e150000 - 0x00007fff8e179000 	C:\Program Files\Android\Android Studio\jre\jre\bin\java.dll
0x00007fff8e440000 - 0x00007fff8e456000 	C:\Program Files\Android\Android Studio\jre\jre\bin\zip.dll
0x00007fff9f3f0000 - 0x00007fffa0826000 	C:\WINDOWS\System32\SHELL32.dll
0x00007fff9e620000 - 0x00007fff9e6c6000 	C:\WINDOWS\System32\shcore.dll
0x00007fff9d740000 - 0x00007fff9de87000 	C:\WINDOWS\System32\windows.storage.dll
0x00007fffa0830000 - 0x00007fffa0881000 	C:\WINDOWS\System32\shlwapi.dll
0x00007fff9d240000 - 0x00007fff9d251000 	C:\WINDOWS\System32\kernel.appcore.dll
0x00007fff9d2a0000 - 0x00007fff9d2ec000 	C:\WINDOWS\System32\powrprof.dll
0x00007fff9d280000 - 0x00007fff9d29b000 	C:\WINDOWS\System32\profapi.dll

VM Arguments:
jvm_args: -Djava.awt.headless=true -Xmx4g -Dfile.encoding=GBK -Duser.country=CN -Duser.language=zh -Duser.variant 
java_command: com.android.dx.command.Main --dex --force-jumbo --num-threads=4 --multi-dex --output D:\works\ZYJXObject\app\build\intermediates\transforms\dex\debug\folders\1000\5\slice_4 D:\works\ZYJXObject\app\build\intermediates\transforms\instantRunSlicer\debug\folders\1\5\slice_4
java_class_path (initial): C:\Users\User\AppData\Local\Android\sdk\build-tools\26.0.0\lib\dx.jar
Launcher Type: SUN_STANDARD

Environment Variables:
JAVA_HOME=C:\Program Files\Java\jdk1.8.0_45
PATH=C:\ProgramData\Oracle\Java\javapath;C:\WINDOWS\system32;C:\WINDOWS;C:\WINDOWS\System32\Wbem;C:\WINDOWS\System32\WindowsPowerShell\v1.0\;C:\Program Files\Java\jdk1.8.0_45\bin;C:\Program Files\Java\jdk1.8.0_45\jre\bin;C:\Program Files (x86)\GtkSharp\2.12\bin;C:\Users\User\AppData\Local\Microsoft\WindowsApps;C:\Users\User\AppData\Local\GitHubDesktop\bin
USERNAME=User
OS=Windows_NT
PROCESSOR_IDENTIFIER=Intel64 Family 6 Model 158 Stepping 9, GenuineIntel



---------------  S Y S T E M  ---------------

OS: Windows 10.0 , 64 bit Build 16299 (10.0.16299.15)

CPU:total 4 (4 cores per cpu, 1 threads per core) family 6 model 158 stepping 9, cmov, cx8, fxsr, mmx, sse, sse2, sse3, ssse3, sse4.1, sse4.2, popcnt, avx, avx2, aes, clmul, erms, 3dnowpref, lzcnt, tsc, tscinvbit, bmi1, bmi2, adx

Memory: 4k page, physical 8071812k(1967140k free), swap 33237636k(3120k free)

vm_info: OpenJDK 64-Bit Server VM (25.112-b06) for windows-amd64 JRE (1.8.0_112-release-b06), built on Dec  8 2016 00:54:26 by "builder" with MS VC++ 10.0 (VS2010)

time: Fri Jan 19 17:29:57 2018
elapsed time: 1 seconds (0d 0h 0m 1s)

