#
# There is insufficient memory for the Java Runtime Environment to continue.
# Native memory allocation (malloc) failed to allocate 661056 bytes for Chunk::new
# Possible reasons:
#   The system is out of physical RAM or swap space
#   In 32 bit mode, the process size limit was hit
# Possible solutions:
#   Reduce memory load on the system
#   Increase physical memory or swap space
#   Check if swap backing store is full
#   Use 64 bit Java on a 64 bit OS
#   Decrease Java heap size (-Xmx/-Xms)
#   Decrease number of Java threads
#   Decrease Java thread stack sizes (-Xss)
#   Set larger code cache with -XX:ReservedCodeCacheSize=
# This output file may be truncated or incomplete.
#
#  Out of Memory Error (allocation.cpp:390), pid=4236, tid=0x0000000000001558
#
# JRE version: OpenJDK Runtime Environment (8.0_112-b06) (build 1.8.0_112-release-b06)
# Java VM: OpenJDK 64-Bit Server VM (25.112-b06 mixed mode windows-amd64 compressed oops)
# Failed to write core dump. Minidumps are not enabled by default on client versions of Windows
#

---------------  T H R E A D  ---------------

Current thread (0x000000001f64b800):  JavaThread "C2 CompilerThread1" daemon [_thread_in_native, id=5464, stack(0x000000001fd10000,0x000000001fe10000)]

Stack: [0x000000001fd10000,0x000000001fe10000]
[error occurred during error reporting (printing stack bounds), id 0xc0000005]

Native frames: (J=compiled Java code, j=interpreted, Vv=VM code, C=native code)


Current CompileTask:
C2:   3455 1455       4       com.android.dx.ssa.SCCP::simulatePhi (169 bytes)


---------------  P R O C E S S  ---------------

Java Threads: ( => current thread )
  0x000000001f8f8000 JavaThread "pool-2-thread-4" [_thread_in_Java, id=8952, stack(0x0000000020510000,0x0000000020610000)]
  0x000000001f8f7800 JavaThread "pool-2-thread-3" [_thread_blocked, id=12252, stack(0x0000000020410000,0x0000000020510000)]
  0x000000001f8f6800 JavaThread "pool-2-thread-2" [_thread_blocked, id=6872, stack(0x0000000020310000,0x0000000020410000)]
  0x000000001f8f3800 JavaThread "pool-3-thread-1" [_thread_blocked, id=11512, stack(0x0000000020210000,0x0000000020310000)]
  0x000000001f8ec000 JavaThread "pool-2-thread-1" [_thread_blocked, id=824, stack(0x0000000020110000,0x0000000020210000)]
  0x000000001f680000 JavaThread "Service Thread" daemon [_thread_blocked, id=13076, stack(0x000000001ff10000,0x0000000020010000)]
  0x000000001f662800 JavaThread "C1 CompilerThread2" daemon [_thread_blocked, id=10124, stack(0x000000001fe10000,0x000000001ff10000)]
=>0x000000001f64b800 JavaThread "C2 CompilerThread1" daemon [_thread_in_native, id=5464, stack(0x000000001fd10000,0x000000001fe10000)]
  0x000000001e2bc000 JavaThread "C2 CompilerThread0" daemon [_thread_in_native, id=1844, stack(0x000000001fc10000,0x000000001fd10000)]
  0x000000001e309800 JavaThread "Attach Listener" daemon [_thread_blocked, id=13560, stack(0x000000001fb10000,0x000000001fc10000)]
  0x000000001e2a6800 JavaThread "Signal Dispatcher" daemon [_thread_blocked, id=5844, stack(0x000000001fa10000,0x000000001fb10000)]
  0x0000000004adc000 JavaThread "Finalizer" daemon [_thread_blocked, id=1000, stack(0x000000001f510000,0x000000001f610000)]
  0x0000000004ad1000 JavaThread "Reference Handler" daemon [_thread_blocked, id=14232, stack(0x000000001f410000,0x000000001f510000)]
  0x00000000049e0800 JavaThread "main" [_thread_blocked, id=108, stack(0x0000000004560000,0x0000000004660000)]

Other Threads:
  0x000000001e275800 VMThread [stack: 0x000000001f310000,0x000000001f410000] [id=11076]
  0x000000001f681000 WatcherThread [stack: 0x0000000020010000,0x0000000020110000] [id=3408]

VM state:not at safepoint (normal execution)

VM Mutex/Monitor currently owned by a thread: None

Heap:
 PSYoungGen      total 68608K, used 9545K [0x000000076ab00000, 0x000000076f300000, 0x00000007c0000000)
  eden space 63488K, 6% used [0x000000076ab00000,0x000000076af54d90,0x000000076e900000)
  from space 5120K, 99% used [0x000000076ee00000,0x000000076f2fd808,0x000000076f300000)
  to   space 5120K, 0% used [0x000000076e900000,0x000000076e900000,0x000000076ee00000)
 ParOldGen       total 84992K, used 4506K [0x00000006c0000000, 0x00000006c5300000, 0x000000076ab00000)
  object space 84992K, 5% used [0x00000006c0000000,0x00000006c0466ae8,0x00000006c5300000)
 Metaspace       used 5996K, capacity 7024K, committed 7296K, reserved 1056768K
  class space    used 564K, capacity 616K, committed 640K, reserved 1048576K

Card table byte_map: [0x0000000013fa0000,0x00000000147b0000] byte_map_base: 0x00000000109a0000

Marking Bits: (ParMarkBitMap*) 0x00000000688618f0
 Begin Bits: [0x0000000015110000, 0x0000000019110000)
 End Bits:   [0x0000000019110000, 0x000000001d110000)

Polling page: 0x0000000002d50000

CodeCache: size=245760Kb used=5630Kb max_used=5640Kb free=240129Kb
 bounds [0x0000000004be0000, 0x0000000005170000, 0x0000000013be0000]
 total_blobs=1709 nmethods=1445 adapters=178
 compilation: enabled

Compilation events (10 events):
Event: 3.370 Thread 0x000000001e2bc000 nmethod 1417% 0x000000000515c010 code [0x000000000515c1c0, 0x000000000515cb98]
Event: 3.370 Thread 0x000000001e2bc000 1452       4       com.android.dx.ssa.LiteralOpUpgrader$1::visitNonMoveInsn (203 bytes)
Event: 3.377 Thread 0x000000001f64b800 nmethod 1438 0x0000000005159150 code [0x0000000005159320, 0x0000000005159dc8]
Event: 3.377 Thread 0x000000001f64b800 1455       4       com.android.dx.ssa.SCCP::simulatePhi (169 bytes)
Event: 3.387 Thread 0x000000001f662800 1457       2       com.android.dx.cf.direct.FieldListParser::set (30 bytes)
Event: 3.388 Thread 0x000000001f662800 nmethod 1457 0x000000000515b1d0 code [0x000000000515b380, 0x000000000515b8d8]
Event: 3.388 Thread 0x000000001f662800 1458       2       java.util.concurrent.locks.LockSupport::setBlocker (12 bytes)
Event: 3.388 Thread 0x000000001f662800 nmethod 1458 0x0000000005153050 code [0x00000000051531a0, 0x00000000051532f0]
Event: 3.428 Thread 0x000000001e2bc000 nmethod 1452 0x0000000005162690 code [0x0000000005162ae0, 0x0000000005165028]
Event: 3.428 Thread 0x000000001e2bc000 1229       4       com.android.dx.ssa.SCCP::simulateStmt (481 bytes)

GC Heap History (4 events):
Event: 1.858 GC heap before
{Heap before GC invocations=1 (full 0):
 PSYoungGen      total 36864K, used 31744K [0x000000076ab00000, 0x000000076d400000, 0x00000007c0000000)
  eden space 31744K, 100% used [0x000000076ab00000,0x000000076ca00000,0x000000076ca00000)
  from space 5120K, 0% used [0x000000076cf00000,0x000000076cf00000,0x000000076d400000)
  to   space 5120K, 0% used [0x000000076ca00000,0x000000076ca00000,0x000000076cf00000)
 ParOldGen       total 84992K, used 0K [0x00000006c0000000, 0x00000006c5300000, 0x000000076ab00000)
  object space 84992K, 0% used [0x00000006c0000000,0x00000006c0000000,0x00000006c5300000)
 Metaspace       used 5763K, capacity 6832K, committed 7040K, reserved 1056768K
  class space    used 563K, capacity 616K, committed 640K, reserved 1048576K
Event: 2.100 GC heap after
Heap after GC invocations=1 (full 0):
 PSYoungGen      total 36864K, used 5105K [0x000000076ab00000, 0x000000076f300000, 0x00000007c0000000)
  eden space 31744K, 0% used [0x000000076ab00000,0x000000076ab00000,0x000000076ca00000)
  from space 5120K, 99% used [0x000000076ca00000,0x000000076cefc688,0x000000076cf00000)
  to   space 5120K, 0% used [0x000000076ee00000,0x000000076ee00000,0x000000076f300000)
 ParOldGen       total 84992K, used 861K [0x00000006c0000000, 0x00000006c5300000, 0x000000076ab00000)
  object space 84992K, 1% used [0x00000006c0000000,0x00000006c00d74f0,0x00000006c5300000)
 Metaspace       used 5763K, capacity 6832K, committed 7040K, reserved 1056768K
  class space    used 563K, capacity 616K, committed 640K, reserved 1048576K
}
Event: 2.940 GC heap before
{Heap before GC invocations=2 (full 0):
 PSYoungGen      total 36864K, used 36849K [0x000000076ab00000, 0x000000076f300000, 0x00000007c0000000)
  eden space 31744K, 100% used [0x000000076ab00000,0x000000076ca00000,0x000000076ca00000)
  from space 5120K, 99% used [0x000000076ca00000,0x000000076cefc688,0x000000076cf00000)
  to   space 5120K, 0% used [0x000000076ee00000,0x000000076ee00000,0x000000076f300000)
 ParOldGen       total 84992K, used 861K [0x00000006c0000000, 0x00000006c5300000, 0x000000076ab00000)
  object space 84992K, 1% used [0x00000006c0000000,0x00000006c00d74f0,0x00000006c5300000)
 Metaspace       used 5994K, capacity 7024K, committed 7296K, reserved 1056768K
  class space    used 564K, capacity 616K, committed 640K, reserved 1048576K
Event: 3.357 GC heap after
Heap after GC invocations=2 (full 0):
 PSYoungGen      total 68608K, used 5110K [0x000000076ab00000, 0x000000076f300000, 0x00000007c0000000)
  eden space 63488K, 0% used [0x000000076ab00000,0x000000076ab00000,0x000000076e900000)
  from space 5120K, 99% used [0x000000076ee00000,0x000000076f2fd808,0x000000076f300000)
  to   space 5120K, 0% used [0x000000076e900000,0x000000076e900000,0x000000076ee00000)
 ParOldGen       total 84992K, used 4506K [0x00000006c0000000, 0x00000006c5300000, 0x000000076ab00000)
  object space 84992K, 5% used [0x00000006c0000000,0x00000006c0466ae8,0x00000006c5300000)
 Metaspace       used 5994K, capacity 7024K, committed 7296K, reserved 1056768K
  class space    used 564K, capacity 616K, committed 640K, reserved 1048576K
}

Deoptimization events (10 events):
Event: 1.158 Thread 0x00000000049e0800 Uncommon trap: reason=unstable_if action=reinterpret pc=0x0000000004d586a8 method=java.lang.String.compareTo(Ljava/lang/String;)I @ 38
Event: 1.500 Thread 0x000000001f8ec000 Uncommon trap: reason=unstable_if action=reinterpret pc=0x0000000004e48a40 method=java.util.HashMap.getNode(ILjava/lang/Object;)Ljava/util/HashMap$Node; @ 129
Event: 2.109 Thread 0x000000001f8f6800 Uncommon trap: reason=class_check action=maybe_recompile pc=0x0000000004fd15ac method=com.android.dx.ssa.NormalSsaInsn.accept(Lcom/android/dx/ssa/SsaInsn$Visitor;)V @ 9
Event: 2.109 Thread 0x000000001f8f6800 Uncommon trap: reason=class_check action=maybe_recompile pc=0x0000000004e81df0 method=com.android.dx.ssa.NormalSsaInsn.accept(Lcom/android/dx/ssa/SsaInsn$Visitor;)V @ 9
Event: 2.109 Thread 0x000000001f8f6800 Uncommon trap: reason=class_check action=maybe_recompile pc=0x0000000004e81df0 method=com.android.dx.ssa.NormalSsaInsn.accept(Lcom/android/dx/ssa/SsaInsn$Visitor;)V @ 9
Event: 2.109 Thread 0x000000001f8f6800 Uncommon trap: reason=class_check action=maybe_recompile pc=0x0000000004e81df0 method=com.android.dx.ssa.NormalSsaInsn.accept(Lcom/android/dx/ssa/SsaInsn$Visitor;)V @ 9
Event: 2.125 Thread 0x00000000049e0800 Uncommon trap: reason=class_check action=maybe_recompile pc=0x0000000004fd15ac method=com.android.dx.ssa.NormalSsaInsn.accept(Lcom/android/dx/ssa/SsaInsn$Visitor;)V @ 9
Event: 2.691 Thread 0x00000000049e0800 Uncommon trap: reason=class_check action=maybe_recompile pc=0x0000000004ebd7b8 method=com.android.dx.ssa.NormalSsaInsn.accept(Lcom/android/dx/ssa/SsaInsn$Visitor;)V @ 9
Event: 2.709 Thread 0x000000001f8f7800 Uncommon trap: reason=null_check action=make_not_entrant pc=0x0000000004f50830 method=com.android.dx.rop.type.Type.equals(Ljava/lang/Object;)Z @ 8
Event: 2.762 Thread 0x000000001f8f7800 Uncommon trap: reason=unstable_if action=reinterpret pc=0x00000000050ae544 method=com.android.dx.dex.code.RopTranslator.outputBlock(Lcom/android/dx/rop/code/BasicBlock;I)V @ 132

Internal exceptions (3 events):
Event: 0.484 Thread 0x00000000049e0800 Exception <a 'java/lang/NoSuchMethodError': Method sun.misc.Unsafe.defineClass(Ljava/lang/String;[BII)Ljava/lang/Class; name or signature does not match> (0x000000076ab07c78) thrown at [C:\src\android\AOSP-openjdk\external\jetbrains\jdk\hotspot\src\share\v=‚jò÷ÿÞ?
Event: 0.484 Thread 0x00000000049e0800 Exception <a 'java/lang/NoSuchMethodError': Method sun.misc.Unsafe.prefetchRead(Ljava/lang/Object;J)V name or signature does not match> (0x000000076ab07f60) thrown at [C:\src\android\AOSP-openjdk\external\jetbrains\jdk\hotspot\src\share\vm\prims\jni.cpp, lzM…ß)¬@
Event: 2.709 Thread 0x000000001f8f7800 Implicit null exception at 0x0000000004f50722 to 0x0000000004f50822

Events (10 events):
Event: 2.691 Thread 0x00000000049e0800 DEOPT PACKING pc=0x0000000004ebd7b8 sp=0x000000000465e6e0
Event: 2.691 Thread 0x00000000049e0800 DEOPT UNPACKING pc=0x0000000004c2556a sp=0x000000000465e620 mode 2
Event: 2.709 Thread 0x000000001f8f7800 Uncommon trap: trap_request=0xfffffff4 fr.pc=0x0000000004f50830
Event: 2.709 Thread 0x000000001f8f7800 DEOPT PACKING pc=0x0000000004f50830 sp=0x000000002050e350
Event: 2.709 Thread 0x000000001f8f7800 DEOPT UNPACKING pc=0x0000000004c2556a sp=0x000000002050e2d8 mode 2
Event: 2.762 Thread 0x000000001f8f7800 Uncommon trap: trap_request=0xffffff65 fr.pc=0x00000000050ae544
Event: 2.762 Thread 0x000000001f8f7800 DEOPT PACKING pc=0x00000000050ae544 sp=0x000000002050e920
Event: 2.762 Thread 0x000000001f8f7800 DEOPT UNPACKING pc=0x0000000004c2556a sp=0x000000002050e908 mode 2
Event: 2.794 Executing VM operation: ParallelGCFailedAllocation
Event: 3.358 Executing VM operation: ParallelGCFailedAllocation done


Dynamic libraries:
0x00007ff722430000 - 0x00007ff722461000 	C:\Program Files\Android\Android Studio\jre\bin\java.exe
0x00007fffa0ef0000 - 0x00007fffa10d0000 	C:\WINDOWS\SYSTEM32\ntdll.dll
0x00007fff9e8d0000 - 0x00007fff9e97e000 	C:\WINDOWS\System32\KERNEL32.DLL
0x00007fff9de90000 - 0x00007fff9e0f6000 	C:\WINDOWS\System32\KERNELBASE.dll
0x00007fffa09a0000 - 0x00007fffa0a41000 	C:\WINDOWS\System32\ADVAPI32.dll
0x00007fff9f250000 - 0x00007fff9f2ed000 	C:\WINDOWS\System32\msvcrt.dll
0x00007fff9e5c0000 - 0x00007fff9e61b000 	C:\WINDOWS\System32\sechost.dll
0x00007fffa0be0000 - 0x00007fffa0cff000 	C:\WINDOWS\System32\RPCRT4.dll
0x00007fff9e6d0000 - 0x00007fff9e85f000 	C:\WINDOWS\System32\USER32.dll
0x00007fff9d550000 - 0x00007fff9d570000 	C:\WINDOWS\System32\win32u.dll
0x00007fff9e590000 - 0x00007fff9e5b8000 	C:\WINDOWS\System32\GDI32.dll
0x00007fff9e220000 - 0x00007fff9e3b3000 	C:\WINDOWS\System32\gdi32full.dll
0x00007fff9e100000 - 0x00007fff9e19b000 	C:\WINDOWS\System32\msvcp_win.dll
0x00007fff9d3a0000 - 0x00007fff9d496000 	C:\WINDOWS\System32\ucrtbase.dll
0x00007fff8cf90000 - 0x00007fff8d1f9000 	C:\WINDOWS\WinSxS\amd64_microsoft.windows.common-controls_6595b64144ccf1df_6.0.16299.125_none_15cbcf8893620c09\COMCTL32.dll
0x00007fff9ef40000 - 0x00007fff9f248000 	C:\WINDOWS\System32\combase.dll
0x00007fff9e1a0000 - 0x00007fff9e212000 	C:\WINDOWS\System32\bcryptPrimitives.dll
0x00007fff9e560000 - 0x00007fff9e58d000 	C:\WINDOWS\System32\IMM32.DLL
0x0000000068fc0000 - 0x0000000069092000 	C:\Program Files\Android\Android Studio\jre\jre\bin\msvcr100.dll
0x00000000680a0000 - 0x00000000688dc000 	C:\Program Files\Android\Android Studio\jre\jre\bin\server\jvm.dll
0x00007fff9f2f0000 - 0x00007fff9f2f8000 	C:\WINDOWS\System32\PSAPI.DLL
0x00007fff9a310000 - 0x00007fff9a31a000 	C:\WINDOWS\SYSTEM32\VERSION.dll
0x00007fff98b70000 - 0x00007fff98b79000 	C:\WINDOWS\SYSTEM32\WSOCK32.dll
0x00007fffa0930000 - 0x00007fffa099c000 	C:\WINDOWS\System32\WS2_32.dll
0x00007fff99350000 - 0x00007fff99373000 	C:\WINDOWS\SYSTEM32\WINMM.dll
0x00007fff992f0000 - 0x00007fff9931a000 	C:\WINDOWS\SYSTEM32\winmmbase.dll
0x00007fff9d2f0000 - 0x00007fff9d33a000 	C:\WINDOWS\System32\cfgmgr32.dll
0x00007fff98b60000 - 0x00007fff98b6f000 	C:\Program Files\Android\Android Studio\jre\jre\bin\verify.dll
0x00007fff8e150000 - 0x00007fff8e179000 	C:\Program Files\Android\Android Studio\jre\jre\bin\java.dll
0x00007fff8e440000 - 0x00007fff8e456000 	C:\Program Files\Android\Android Studio\jre\jre\bin\zip.dll
0x00007fff9f3f0000 - 0x00007fffa0826000 	C:\WINDOWS\System32\SHELL32.dll
0x00007fff9e620000 - 0x00007fff9e6c6000 	C:\WINDOWS\System32\shcore.dll
0x00007fff9d740000 - 0x00007fff9de87000 	C:\WINDOWS\System32\windows.storage.dll
0x00007fffa0830000 - 0x00007fffa0881000 	C:\WINDOWS\System32\shlwapi.dll
0x00007fff9d240000 - 0x00007fff9d251000 	C:\WINDOWS\System32\kernel.appcore.dll
0x00007fff9d2a0000 - 0x00007fff9d2ec000 	C:\WINDOWS\System32\powrprof.dll
0x00007fff9d280000 - 0x00007fff9d29b000 	C:\WINDOWS\System32\profapi.dll

VM Arguments:
jvm_args: -Djava.awt.headless=true -Xmx4g -Dfile.encoding=GBK -Duser.country=CN -Duser.language=zh -Duser.variant 
java_command: com.android.dx.command.Main --dex --force-jumbo --num-threads=4 --multi-dex --output D:\works\ZYJXObject\app\build\intermediates\transforms\dex\debug\folders\1000\8\hyphenatechat_3.3.4_52bdffcdd10fc6a583b5a90745ae56d3f562285e D:\works\ZYJXObject\easeui\build\intermediates\bundles\default\libs\hyphenatechat_3.3.4.jar
java_class_path (initial): C:\Users\User\AppData\Local\Android\sdk\build-tools\26.0.0\lib\dx.jar
Launcher Type: SUN_STANDARD

Environment Variables:
JAVA_HOME=C:\Program Files\Java\jdk1.8.0_45
PATH=C:\ProgramData\Oracle\Java\javapath;C:\WINDOWS\system32;C:\WINDOWS;C:\WINDOWS\System32\Wbem;C:\WINDOWS\System32\WindowsPowerShell\v1.0\;C:\Program Files\Java\jdk1.8.0_45\bin;C:\Program Files\Java\jdk1.8.0_45\jre\bin;C:\Program Files (x86)\GtkSharp\2.12\bin;C:\Users\User\AppData\Local\Microsoft\WindowsApps;C:\Users\User\AppData\Local\GitHubDesktop\bin
USERNAME=User
OS=Windows_NT
PROCESSOR_IDENTIFIER=Intel64 Family 6 Model 158 Stepping 9, GenuineIntel



---------------  S Y S T E M  ---------------

OS: Windows 10.0 , 64 bit Build 16299 (10.0.16299.15)

CPU:total 4 (4 cores per cpu, 1 threads per core) family 6 model 158 stepping 9, cmov, cx8, fxsr, mmx, sse, sse2, sse3, ssse3, sse4.1, sse4.2, popcnt, avx, avx2, aes, clmul, erms, 3dnowpref, lzcnt, tsc, tscinvbit, bmi1, bmi2, adx

Memory: 4k page, physical 8071812k(2066308k free), swap 33237636k(4316k free)

vm_info: OpenJDK 64-Bit Server VM (25.112-b06) for windows-amd64 JRE (1.8.0_112-release-b06), built on Dec  8 2016 00:54:26 by "builder" with MS VC++ 10.0 (VS2010)

time: Fri Jan 19 17:31:48 2018
elapsed time: 3 seconds (0d 0h 0m 3s)

