#
# There is insufficient memory for the Java Runtime Environment to continue.
# Native memory allocation (malloc) failed to allocate 88160 bytes for Chunk::new
# Possible reasons:
#   The system is out of physical RAM or swap space
#   In 32 bit mode, the process size limit was hit
# Possible solutions:
#   Reduce memory load on the system
#   Increase physical memory or swap space
#   Check if swap backing store is full
#   Use 64 bit Java on a 64 bit OS
#   Decrease Java heap size (-Xmx/-Xms)
#   Decrease number of Java threads
#   Decrease Java thread stack sizes (-Xss)
#   Set larger code cache with -XX:ReservedCodeCacheSize=
# This output file may be truncated or incomplete.
#
#  Out of Memory Error (allocation.cpp:390), pid=10384, tid=0x00000000000030bc
#
# JRE version: OpenJDK Runtime Environment (8.0_112-b06) (build 1.8.0_112-release-b06)
# Java VM: OpenJDK 64-Bit Server VM (25.112-b06 mixed mode windows-amd64 compressed oops)
# Failed to write core dump. Minidumps are not enabled by default on client versions of Windows
#

---------------  T H R E A D  ---------------

Current thread (0x000000001f3e7000):  JavaThread "C2 CompilerThread1" daemon [_thread_in_native, id=12476, stack(0x000000001fa90000,0x000000001fb90000)]

Stack: [0x000000001fa90000,0x000000001fb90000]
[error occurred during error reporting (printing stack bounds), id 0xc0000005]

Native frames: (J=compiled Java code, j=interpreted, Vv=VM code, C=native code)


Current CompileTask:
C2:   1482  733       4       com.android.dx.ssa.NormalSsaInsn::mapSourceRegisters (48 bytes)


---------------  P R O C E S S  ---------------

Java Threads: ( => current thread )
  0x000000001f508800 JavaThread "pool-2-thread-4" [_thread_in_Java, id=492, stack(0x0000000020290000,0x0000000020390000)]
  0x000000001f508000 JavaThread "pool-2-thread-3" [_thread_blocked, id=6100, stack(0x0000000020190000,0x0000000020290000)]
  0x000000001f507800 JavaThread "pool-2-thread-2" [_thread_in_vm, id=14868, stack(0x0000000020090000,0x0000000020190000)]
  0x000000001f4f7000 JavaThread "pool-3-thread-1" [_thread_blocked, id=500, stack(0x000000001ff90000,0x0000000020090000)]
  0x000000001f4f5000 JavaThread "pool-2-thread-1" [_thread_in_Java, id=11916, stack(0x000000001fe90000,0x000000001ff90000)]
  0x000000001f3f0000 JavaThread "Service Thread" daemon [_thread_blocked, id=6024, stack(0x000000001fc90000,0x000000001fd90000)]
  0x000000001f3ea800 JavaThread "C1 CompilerThread2" daemon [_thread_in_vm, id=6608, stack(0x000000001fb90000,0x000000001fc90000)]
=>0x000000001f3e7000 JavaThread "C2 CompilerThread1" daemon [_thread_in_native, id=12476, stack(0x000000001fa90000,0x000000001fb90000)]
  0x000000001e03c000 JavaThread "C2 CompilerThread0" daemon [_thread_in_vm, id=12608, stack(0x000000001f990000,0x000000001fa90000)]
  0x000000001e089800 JavaThread "Attach Listener" daemon [_thread_blocked, id=1728, stack(0x000000001f890000,0x000000001f990000)]
  0x000000001e026800 JavaThread "Signal Dispatcher" daemon [_thread_blocked, id=3612, stack(0x000000001f790000,0x000000001f890000)]
  0x0000000004956800 JavaThread "Finalizer" daemon [_thread_blocked, id=12680, stack(0x000000001f290000,0x000000001f390000)]
  0x0000000004951000 JavaThread "Reference Handler" daemon [_thread_blocked, id=15284, stack(0x000000001f190000,0x000000001f290000)]
  0x0000000004860800 JavaThread "main" [_thread_blocked, id=9500, stack(0x0000000004590000,0x0000000004690000)]

Other Threads:
  0x000000001dff5800 VMThread [stack: 0x000000001f090000,0x000000001f190000] [id=10652]
  0x000000001f3f1800 WatcherThread [stack: 0x000000001fd90000,0x000000001fe90000] [id=7548]

VM state:not at safepoint (normal execution)

VM Mutex/Monitor currently owned by a thread: None

Heap:
 PSYoungGen      total 36864K, used 19075K [0x000000076ab00000, 0x000000076d400000, 0x00000007c0000000)
  eden space 31744K, 60% used [0x000000076ab00000,0x000000076bda0f58,0x000000076ca00000)
  from space 5120K, 0% used [0x000000076cf00000,0x000000076cf00000,0x000000076d400000)
  to   space 5120K, 0% used [0x000000076ca00000,0x000000076ca00000,0x000000076cf00000)
 ParOldGen       total 84992K, used 0K [0x00000006c0000000, 0x00000006c5300000, 0x000000076ab00000)
  object space 84992K, 0% used [0x00000006c0000000,0x00000006c0000000,0x00000006c5300000)
 Metaspace       used 5505K, capacity 6672K, committed 6784K, reserved 1056768K
  class space    used 546K, capacity 584K, committed 640K, reserved 1048576K

Card table byte_map: [0x0000000013d20000,0x0000000014530000] byte_map_base: 0x0000000010720000

Marking Bits: (ParMarkBitMap*) 0x00000000688618f0
 Begin Bits: [0x0000000014e90000, 0x0000000018e90000)
 End Bits:   [0x0000000018e90000, 0x000000001ce90000)

Polling page: 0x0000000002be0000

CodeCache: size=245760Kb used=3121Kb max_used=3121Kb free=242638Kb
 bounds [0x0000000004960000, 0x0000000004c70000, 0x0000000013960000]
 total_blobs=1038 nmethods=775 adapters=177
 compilation: enabled

Compilation events (10 events):
Event: 1.478 Thread 0x000000001f3ea800  754       3       com.android.dx.ssa.SsaRenamer::access$500 (6 bytes)
Event: 1.478 Thread 0x000000001f3ea800 nmethod 754 0x0000000004c686d0 code [0x0000000004c68880, 0x0000000004c68e38]
Event: 1.478 Thread 0x000000001f3ea800  755       3       com.android.dx.ssa.SsaRenamer::getLocalForNewReg (25 bytes)
Event: 1.479 Thread 0x000000001f3ea800 nmethod 755 0x0000000004c69290 code [0x0000000004c69440, 0x0000000004c69998]
Event: 1.479 Thread 0x000000001f3ea800  756       3       com.android.dx.ssa.SsaRenamer::access$600 (6 bytes)
Event: 1.479 Thread 0x000000001f3ea800 nmethod 756 0x0000000004c69d10 code [0x0000000004c69e80, 0x0000000004c6a1a8]
Event: 1.479 Thread 0x000000001f3ea800  762       3       com.android.dx.rop.code.ThrowingCstInsn::accept (8 bytes)
Event: 1.479 Thread 0x000000001f3ea800 nmethod 762 0x0000000004c6a2d0 code [0x0000000004c6a440, 0x0000000004c6a668]
Event: 1.479 Thread 0x000000001f3ea800  775       3       com.android.dx.rop.cst.CstLiteral32::equals (35 bytes)
Event: 1.479 Thread 0x000000001f3ea800 nmethod 775 0x0000000004c6a750 code [0x0000000004c6a8c0, 0x0000000004c6ad10]

GC Heap History (0 events):
No events

Deoptimization events (0 events):
No events

Internal exceptions (2 events):
Event: 0.330 Thread 0x0000000004860800 Exception <a 'java/lang/NoSuchMethodError': Method sun.misc.Unsafe.defineClass(Ljava/lang/String;[BII)Ljava/lang/Class; name or signature does not match> (0x000000076ab07c78) thrown at [C:\src\android\AOSP-openjdk\external\jetbrains\jdk\hotspot\src\share\vPÌNR€&’?
Event: 0.330 Thread 0x0000000004860800 Exception <a 'java/lang/NoSuchMethodError': Method sun.misc.Unsafe.prefetchRead(Ljava/lang/Object;J)V name or signature does not match> (0x000000076ab07f60) thrown at [C:\src\android\AOSP-openjdk\external\jetbrains\jdk\hotspot\src\share\vm\prims\jni.cpp, l

Events (10 events):
Event: 1.431 loading class java/util/concurrent/locks/LockSupport
Event: 1.431 loading class java/util/concurrent/locks/LockSupport done
Event: 1.431 loading class sun/nio/ch/Interruptible
Event: 1.431 loading class sun/nio/ch/Interruptible done
Event: 1.438 loading class java/util/HashMap$KeySet
Event: 1.438 loading class java/util/HashMap$KeySet done
Event: 1.438 loading class java/util/HashMap$KeyIterator
Event: 1.438 loading class java/util/HashMap$KeyIterator done
Event: 1.438 loading class java/util/DualPivotQuicksort
Event: 1.439 loading class java/util/DualPivotQuicksort done


Dynamic libraries:
0x00007ff722430000 - 0x00007ff722461000 	C:\Program Files\Android\Android Studio\jre\bin\java.exe
0x00007fffa0ef0000 - 0x00007fffa10d0000 	C:\WINDOWS\SYSTEM32\ntdll.dll
0x00007fff9e8d0000 - 0x00007fff9e97e000 	C:\WINDOWS\System32\KERNEL32.DLL
0x00007fff9de90000 - 0x00007fff9e0f6000 	C:\WINDOWS\System32\KERNELBASE.dll
0x00007fffa09a0000 - 0x00007fffa0a41000 	C:\WINDOWS\System32\ADVAPI32.dll
0x00007fff9f250000 - 0x00007fff9f2ed000 	C:\WINDOWS\System32\msvcrt.dll
0x00007fff9e5c0000 - 0x00007fff9e61b000 	C:\WINDOWS\System32\sechost.dll
0x00007fffa0be0000 - 0x00007fffa0cff000 	C:\WINDOWS\System32\RPCRT4.dll
0x00007fff9e6d0000 - 0x00007fff9e85f000 	C:\WINDOWS\System32\USER32.dll
0x00007fff9d550000 - 0x00007fff9d570000 	C:\WINDOWS\System32\win32u.dll
0x00007fff9e590000 - 0x00007fff9e5b8000 	C:\WINDOWS\System32\GDI32.dll
0x00007fff9e220000 - 0x00007fff9e3b3000 	C:\WINDOWS\System32\gdi32full.dll
0x00007fff9e100000 - 0x00007fff9e19b000 	C:\WINDOWS\System32\msvcp_win.dll
0x00007fff9d3a0000 - 0x00007fff9d496000 	C:\WINDOWS\System32\ucrtbase.dll
0x00007fff8cf90000 - 0x00007fff8d1f9000 	C:\WINDOWS\WinSxS\amd64_microsoft.windows.common-controls_6595b64144ccf1df_6.0.16299.125_none_15cbcf8893620c09\COMCTL32.dll
0x00007fff9ef40000 - 0x00007fff9f248000 	C:\WINDOWS\System32\combase.dll
0x00007fff9e1a0000 - 0x00007fff9e212000 	C:\WINDOWS\System32\bcryptPrimitives.dll
0x00007fff9e560000 - 0x00007fff9e58d000 	C:\WINDOWS\System32\IMM32.DLL
0x0000000068fc0000 - 0x0000000069092000 	C:\Program Files\Android\Android Studio\jre\jre\bin\msvcr100.dll
0x00000000680a0000 - 0x00000000688dc000 	C:\Program Files\Android\Android Studio\jre\jre\bin\server\jvm.dll
0x00007fff9f2f0000 - 0x00007fff9f2f8000 	C:\WINDOWS\System32\PSAPI.DLL
0x00007fff98b70000 - 0x00007fff98b79000 	C:\WINDOWS\SYSTEM32\WSOCK32.dll
0x00007fffa0930000 - 0x00007fffa099c000 	C:\WINDOWS\System32\WS2_32.dll
0x00007fff99350000 - 0x00007fff99373000 	C:\WINDOWS\SYSTEM32\WINMM.dll
0x00007fff9a310000 - 0x00007fff9a31a000 	C:\WINDOWS\SYSTEM32\VERSION.dll
0x00007fff992f0000 - 0x00007fff9931a000 	C:\WINDOWS\SYSTEM32\WINMMBASE.dll
0x00007fff9d2f0000 - 0x00007fff9d33a000 	C:\WINDOWS\System32\cfgmgr32.dll
0x00007fff98b60000 - 0x00007fff98b6f000 	C:\Program Files\Android\Android Studio\jre\jre\bin\verify.dll
0x00007fff8e150000 - 0x00007fff8e179000 	C:\Program Files\Android\Android Studio\jre\jre\bin\java.dll
0x00007fff8e440000 - 0x00007fff8e456000 	C:\Program Files\Android\Android Studio\jre\jre\bin\zip.dll
0x00007fff9f3f0000 - 0x00007fffa0826000 	C:\WINDOWS\System32\SHELL32.dll
0x00007fff9e620000 - 0x00007fff9e6c6000 	C:\WINDOWS\System32\shcore.dll
0x00007fff9d740000 - 0x00007fff9de87000 	C:\WINDOWS\System32\windows.storage.dll
0x00007fffa0830000 - 0x00007fffa0881000 	C:\WINDOWS\System32\shlwapi.dll
0x00007fff9d240000 - 0x00007fff9d251000 	C:\WINDOWS\System32\kernel.appcore.dll
0x00007fff9d2a0000 - 0x00007fff9d2ec000 	C:\WINDOWS\System32\powrprof.dll
0x00007fff9d280000 - 0x00007fff9d29b000 	C:\WINDOWS\System32\profapi.dll

VM Arguments:
jvm_args: -Djava.awt.headless=true -Xmx4g -Dfile.encoding=GBK -Duser.country=CN -Duser.language=zh -Duser.variant 
java_command: com.android.dx.command.Main --dex --force-jumbo --num-threads=4 --multi-dex --output D:\works\ZYJXObject\app\build\intermediates\transforms\dex\debug\folders\1000\8\alicloud-android-sdk-httpdns-1.0.7_07eb84d3583f0bf7096e9d923708b59fe4414d68 D:\works\ZYJXObject\PushSDK\build\intermediates\bundles\default\libs\alicloud-android-sdk-httpdns-1.0.7.jar
java_class_path (initial): C:\Users\User\AppData\Local\Android\sdk\build-tools\26.0.0\lib\dx.jar
Launcher Type: SUN_STANDARD

Environment Variables:
JAVA_HOME=C:\Program Files\Java\jdk1.8.0_45
PATH=C:\ProgramData\Oracle\Java\javapath;C:\WINDOWS\system32;C:\WINDOWS;C:\WINDOWS\System32\Wbem;C:\WINDOWS\System32\WindowsPowerShell\v1.0\;C:\Program Files\Java\jdk1.8.0_45\bin;C:\Program Files\Java\jdk1.8.0_45\jre\bin;C:\Program Files (x86)\GtkSharp\2.12\bin;C:\Users\User\AppData\Local\Microsoft\WindowsApps;C:\Users\User\AppData\Local\GitHubDesktop\bin
USERNAME=User
OS=Windows_NT
PROCESSOR_IDENTIFIER=Intel64 Family 6 Model 158 Stepping 9, GenuineIntel



---------------  S Y S T E M  ---------------

OS: Windows 10.0 , 64 bit Build 16299 (10.0.16299.15)

CPU:total 4 (4 cores per cpu, 1 threads per core) family 6 model 158 stepping 9, cmov, cx8, fxsr, mmx, sse, sse2, sse3, ssse3, sse4.1, sse4.2, popcnt, avx, avx2, aes, clmul, erms, 3dnowpref, lzcnt, tsc, tscinvbit, bmi1, bmi2, adx

Memory: 4k page, physical 8071812k(1912352k free), swap 33237636k(516k free)

vm_info: OpenJDK 64-Bit Server VM (25.112-b06) for windows-amd64 JRE (1.8.0_112-release-b06), built on Dec  8 2016 00:54:26 by "builder" with MS VC++ 10.0 (VS2010)

time: Fri Jan 19 17:31:12 2018
elapsed time: 1 seconds (0d 0h 0m 1s)

