#
# There is insufficient memory for the Java Runtime Environment to continue.
# Native memory allocation (malloc) failed to allocate 1464976 bytes for Chunk::new
# Possible reasons:
#   The system is out of physical RAM or swap space
#   In 32 bit mode, the process size limit was hit
# Possible solutions:
#   Reduce memory load on the system
#   Increase physical memory or swap space
#   Check if swap backing store is full
#   Use 64 bit Java on a 64 bit OS
#   Decrease Java heap size (-Xmx/-Xms)
#   Decrease number of Java threads
#   Decrease Java thread stack sizes (-Xss)
#   Set larger code cache with -XX:ReservedCodeCacheSize=
# This output file may be truncated or incomplete.
#
#  Out of Memory Error (allocation.cpp:390), pid=664, tid=0x0000000000003a5c
#
# JRE version: OpenJDK Runtime Environment (8.0_112-b06) (build 1.8.0_112-release-b06)
# Java VM: OpenJDK 64-Bit Server VM (25.112-b06 mixed mode windows-amd64 compressed oops)
# Failed to write core dump. Minidumps are not enabled by default on client versions of Windows
#

---------------  T H R E A D  ---------------

Current thread (0x000000001e53c000):  JavaThread "C2 CompilerThread1" daemon [_thread_in_native, id=14940, stack(0x000000001ff40000,0x0000000020040000)]

Stack: [0x000000001ff40000,0x0000000020040000]
[error occurred during error reporting (printing stack bounds), id 0xc0000005]

Native frames: (J=compiled Java code, j=interpreted, Vv=VM code, C=native code)


Current CompileTask:
C2:   1785 1775   !   4       com.android.dx.cf.code.Ropper::processBlock (1101 bytes)


---------------  P R O C E S S  ---------------

Java Threads: ( => current thread )
  0x000000001fb1d800 JavaThread "pool-2-thread-4" [_thread_blocked, id=10224, stack(0x0000000020740000,0x0000000020840000)]
  0x000000001fb02800 JavaThread "pool-2-thread-3" [_thread_blocked, id=12836, stack(0x0000000020640000,0x0000000020740000)]
  0x000000001faca000 JavaThread "pool-2-thread-2" [_thread_blocked, id=8940, stack(0x0000000020540000,0x0000000020640000)]
  0x000000001fac9800 JavaThread "pool-3-thread-1" [_thread_blocked, id=12856, stack(0x0000000020440000,0x0000000020540000)]
  0x000000001facd000 JavaThread "pool-2-thread-1" [_thread_blocked, id=4380, stack(0x0000000020340000,0x0000000020440000)]
  0x000000001f8c3000 JavaThread "Service Thread" daemon [_thread_blocked, id=12760, stack(0x0000000020140000,0x0000000020240000)]
  0x000000001f850800 JavaThread "C1 CompilerThread2" daemon [_thread_blocked, id=11924, stack(0x0000000020040000,0x0000000020140000)]
=>0x000000001e53c000 JavaThread "C2 CompilerThread1" daemon [_thread_in_native, id=14940, stack(0x000000001ff40000,0x0000000020040000)]
  0x000000001e538800 JavaThread "C2 CompilerThread0" daemon [_thread_in_native, id=10352, stack(0x000000001fe40000,0x000000001ff40000)]
  0x000000001f848800 JavaThread "Attach Listener" daemon [_thread_blocked, id=8668, stack(0x000000001fd40000,0x000000001fe40000)]
  0x000000001e4ed800 JavaThread "Signal Dispatcher" daemon [_thread_blocked, id=3668, stack(0x000000001fc40000,0x000000001fd40000)]
  0x0000000004e0c000 JavaThread "Finalizer" daemon [_thread_blocked, id=13012, stack(0x000000001f740000,0x000000001f840000)]
  0x0000000004e01000 JavaThread "Reference Handler" daemon [_thread_blocked, id=14268, stack(0x000000001f640000,0x000000001f740000)]
  0x0000000004d10800 JavaThread "main" [_thread_in_vm, id=4800, stack(0x0000000004c10000,0x0000000004d10000)]

Other Threads:
  0x000000001e4a5800 VMThread [stack: 0x000000001f540000,0x000000001f640000] [id=14276]
  0x000000001f8c4000 WatcherThread [stack: 0x0000000020240000,0x0000000020340000] [id=10992]

VM state:not at safepoint (normal execution)

VM Mutex/Monitor currently owned by a thread: None

Heap:
 PSYoungGen      total 68608K, used 55273K [0x000000076ab00000, 0x0000000774700000, 0x00000007c0000000)
  eden space 63488K, 79% used [0x000000076ab00000,0x000000076dbfe730,0x000000076e900000)
  from space 5120K, 99% used [0x000000076e900000,0x000000076edfbfe0,0x000000076ee00000)
  to   space 16384K, 0% used [0x0000000773700000,0x0000000773700000,0x0000000774700000)
 ParOldGen       total 84992K, used 21777K [0x00000006c0000000, 0x00000006c5300000, 0x000000076ab00000)
  object space 84992K, 25% used [0x00000006c0000000,0x00000006c1544760,0x00000006c5300000)
 Metaspace       used 6255K, capacity 7152K, committed 7296K, reserved 1056768K
  class space    used 585K, capacity 616K, committed 640K, reserved 1048576K

Card table byte_map: [0x00000000141d0000,0x00000000149e0000] byte_map_base: 0x0000000010bd0000

Marking Bits: (ParMarkBitMap*) 0x00000000688618f0
 Begin Bits: [0x0000000015340000, 0x0000000019340000)
 End Bits:   [0x0000000019340000, 0x000000001d340000)

Polling page: 0x0000000002cc0000

CodeCache: size=245760Kb used=7029Kb max_used=7033Kb free=238730Kb
 bounds [0x0000000004e10000, 0x0000000005500000, 0x0000000013e10000]
 total_blobs=2030 nmethods=1765 adapters=178
 compilation: enabled

Compilation events (10 events):
Event: 1.715 Thread 0x000000001f850800 1825       1       com.android.dx.cf.attrib.AttSignature::byteLength (3 bytes)
Event: 1.715 Thread 0x000000001f850800 nmethod 1825 0x00000000054b1210 code [0x00000000054b1360, 0x00000000054b1470]
Event: 1.716 Thread 0x000000001f850800 1826       1       java.lang.AbstractStringBuilder::length (5 bytes)
Event: 1.716 Thread 0x000000001f850800 nmethod 1826 0x00000000054b0f50 code [0x00000000054b10a0, 0x00000000054b11b0]
Event: 1.717 Thread 0x000000001f850800 1827       1       java.util.concurrent.locks.AbstractOwnableSynchronizer::setExclusiveOwnerThread (6 bytes)
Event: 1.717 Thread 0x000000001f850800 nmethod 1827 0x00000000054b0c90 code [0x00000000054b0de0, 0x00000000054b0f10]
Event: 1.720 Thread 0x000000001f850800 1828       2       java.util.concurrent.locks.ReentrantLock$NonfairSync::lock (25 bytes)
Event: 1.720 Thread 0x000000001f850800 nmethod 1828 0x00000000054b0710 code [0x00000000054b08a0, 0x00000000054b0b18]
Event: 1.721 Thread 0x000000001f850800 1829       1       com.android.dx.util.ByteArray::access$000 (5 bytes)
Event: 1.721 Thread 0x000000001f850800 nmethod 1829 0x00000000054b0450 code [0x00000000054b05a0, 0x00000000054b0690]

GC Heap History (10 events):
Event: 0.443 GC heap before
{Heap before GC invocations=1 (full 0):
 PSYoungGen      total 36864K, used 31744K [0x000000076ab00000, 0x000000076d400000, 0x00000007c0000000)
  eden space 31744K, 100% used [0x000000076ab00000,0x000000076ca00000,0x000000076ca00000)
  from space 5120K, 0% used [0x000000076cf00000,0x000000076cf00000,0x000000076d400000)
  to   space 5120K, 0% used [0x000000076ca00000,0x000000076ca00000,0x000000076cf00000)
 ParOldGen       total 84992K, used 0K [0x00000006c0000000, 0x00000006c5300000, 0x000000076ab00000)
  object space 84992K, 0% used [0x00000006c0000000,0x00000006c0000000,0x00000006c5300000)
 Metaspace       used 5741K, capacity 6832K, committed 7040K, reserved 1056768K
  class space    used 560K, capacity 616K, committed 640K, reserved 1048576K
Event: 0.448 GC heap after
Heap after GC invocations=1 (full 0):
 PSYoungGen      total 36864K, used 5102K [0x000000076ab00000, 0x000000076d400000, 0x00000007c0000000)
  eden space 31744K, 0% used [0x000000076ab00000,0x000000076ab00000,0x000000076ca00000)
  from space 5120K, 99% used [0x000000076ca00000,0x000000076cefb888,0x000000076cf00000)
  to   space 5120K, 0% used [0x000000076cf00000,0x000000076cf00000,0x000000076d400000)
 ParOldGen       total 84992K, used 145K [0x00000006c0000000, 0x00000006c5300000, 0x000000076ab00000)
  object space 84992K, 0% used [0x00000006c0000000,0x00000006c00247a0,0x00000006c5300000)
 Metaspace       used 5741K, capacity 6832K, committed 7040K, reserved 1056768K
  class space    used 560K, capacity 616K, committed 640K, reserved 1048576K
}
Event: 0.636 GC heap before
{Heap before GC invocations=2 (full 0):
 PSYoungGen      total 36864K, used 36846K [0x000000076ab00000, 0x000000076d400000, 0x00000007c0000000)
  eden space 31744K, 100% used [0x000000076ab00000,0x000000076ca00000,0x000000076ca00000)
  from space 5120K, 99% used [0x000000076ca00000,0x000000076cefb888,0x000000076cf00000)
  to   space 5120K, 0% used [0x000000076cf00000,0x000000076cf00000,0x000000076d400000)
 ParOldGen       total 84992K, used 145K [0x00000006c0000000, 0x00000006c5300000, 0x000000076ab00000)
  object space 84992K, 0% used [0x00000006c0000000,0x00000006c00247a0,0x00000006c5300000)
 Metaspace       used 5985K, capacity 7024K, committed 7296K, reserved 1056768K
  class space    used 564K, capacity 616K, committed 640K, reserved 1048576K
Event: 0.651 GC heap after
Heap after GC invocations=2 (full 0):
 PSYoungGen      total 36864K, used 5106K [0x000000076ab00000, 0x000000076f300000, 0x00000007c0000000)
  eden space 31744K, 0% used [0x000000076ab00000,0x000000076ab00000,0x000000076ca00000)
  from space 5120K, 99% used [0x000000076cf00000,0x000000076d3fcaa0,0x000000076d400000)
  to   space 5120K, 0% used [0x000000076ca00000,0x000000076ca00000,0x000000076cf00000)
 ParOldGen       total 84992K, used 2507K [0x00000006c0000000, 0x00000006c5300000, 0x000000076ab00000)
  object space 84992K, 2% used [0x00000006c0000000,0x00000006c0272c50,0x00000006c5300000)
 Metaspace       used 5985K, capacity 7024K, committed 7296K, reserved 1056768K
  class space    used 564K, capacity 616K, committed 640K, reserved 1048576K
}
Event: 0.832 GC heap before
{Heap before GC invocations=3 (full 0):
 PSYoungGen      total 36864K, used 36850K [0x000000076ab00000, 0x000000076f300000, 0x00000007c0000000)
  eden space 31744K, 100% used [0x000000076ab00000,0x000000076ca00000,0x000000076ca00000)
  from space 5120K, 99% used [0x000000076cf00000,0x000000076d3fcaa0,0x000000076d400000)
  to   space 5120K, 0% used [0x000000076ca00000,0x000000076ca00000,0x000000076cf00000)
 ParOldGen       total 84992K, used 2507K [0x00000006c0000000, 0x00000006c5300000, 0x000000076ab00000)
  object space 84992K, 2% used [0x00000006c0000000,0x00000006c0272c50,0x00000006c5300000)
 Metaspace       used 6062K, capacity 7088K, committed 7296K, reserved 1056768K
  class space    used 565K, capacity 616K, committed 640K, reserved 1048576K
Event: 0.850 GC heap after
Heap after GC invocations=3 (full 0):
 PSYoungGen      total 36864K, used 5116K [0x000000076ab00000, 0x000000076f300000, 0x00000007c0000000)
  eden space 31744K, 0% used [0x000000076ab00000,0x000000076ab00000,0x000000076ca00000)
  from space 5120K, 99% used [0x000000076ca00000,0x000000076ceff0c8,0x000000076cf00000)
  to   space 5120K, 0% used [0x000000076ee00000,0x000000076ee00000,0x000000076f300000)
 ParOldGen       total 84992K, used 6578K [0x00000006c0000000, 0x00000006c5300000, 0x000000076ab00000)
  object space 84992K, 7% used [0x00000006c0000000,0x00000006c066cb78,0x00000006c5300000)
 Metaspace       used 6062K, capacity 7088K, committed 7296K, reserved 1056768K
  class space    used 565K, capacity 616K, committed 640K, reserved 1048576K
}
Event: 0.989 GC heap before
{Heap before GC invocations=4 (full 0):
 PSYoungGen      total 36864K, used 36860K [0x000000076ab00000, 0x000000076f300000, 0x00000007c0000000)
  eden space 31744K, 100% used [0x000000076ab00000,0x000000076ca00000,0x000000076ca00000)
  from space 5120K, 99% used [0x000000076ca00000,0x000000076ceff0c8,0x000000076cf00000)
  to   space 5120K, 0% used [0x000000076ee00000,0x000000076ee00000,0x000000076f300000)
 ParOldGen       total 84992K, used 6578K [0x00000006c0000000, 0x00000006c5300000, 0x000000076ab00000)
  object space 84992K, 7% used [0x00000006c0000000,0x00000006c066cb78,0x00000006c5300000)
 Metaspace       used 6201K, capacity 7152K, committed 7296K, reserved 1056768K
  class space    used 583K, capacity 616K, committed 640K, reserved 1048576K
Event: 0.998 GC heap after
Heap after GC invocations=4 (full 0):
 PSYoungGen      total 68608K, used 5103K [0x000000076ab00000, 0x000000076f300000, 0x00000007c0000000)
  eden space 63488K, 0% used [0x000000076ab00000,0x000000076ab00000,0x000000076e900000)
  from space 5120K, 99% used [0x000000076ee00000,0x000000076f2fbfe0,0x000000076f300000)
  to   space 5120K, 0% used [0x000000076e900000,0x000000076e900000,0x000000076ee00000)
 ParOldGen       total 84992K, used 11961K [0x00000006c0000000, 0x00000006c5300000, 0x000000076ab00000)
  object space 84992K, 14% used [0x00000006c0000000,0x00000006c0bae720,0x00000006c5300000)
 Metaspace       used 6201K, capacity 7152K, committed 7296K, reserved 1056768K
  class space    used 583K, capacity 616K, committed 640K, reserved 1048576K
}
Event: 1.206 GC heap before
{Heap before GC invocations=5 (full 0):
 PSYoungGen      total 68608K, used 68591K [0x000000076ab00000, 0x000000076f300000, 0x00000007c0000000)
  eden space 63488K, 100% used [0x000000076ab00000,0x000000076e900000,0x000000076e900000)
  from space 5120K, 99% used [0x000000076ee00000,0x000000076f2fbfe0,0x000000076f300000)
  to   space 5120K, 0% used [0x000000076e900000,0x000000076e900000,0x000000076ee00000)
 ParOldGen       total 84992K, used 11961K [0x00000006c0000000, 0x00000006c5300000, 0x000000076ab00000)
  object space 84992K, 14% used [0x00000006c0000000,0x00000006c0bae720,0x00000006c5300000)
 Metaspace       used 6247K, capacity 7152K, committed 7296K, reserved 1056768K
  class space    used 585K, capacity 616K, committed 640K, reserved 1048576K
Event: 1.221 GC heap after
Heap after GC invocations=5 (full 0):
 PSYoungGen      total 68608K, used 5103K [0x000000076ab00000, 0x0000000774700000, 0x00000007c0000000)
  eden space 63488K, 0% used [0x000000076ab00000,0x000000076ab00000,0x000000076e900000)
  from space 5120K, 99% used [0x000000076e900000,0x000000076edfbfe0,0x000000076ee00000)
  to   space 16384K, 0% used [0x0000000773700000,0x0000000773700000,0x0000000774700000)
 ParOldGen       total 84992K, used 21777K [0x00000006c0000000, 0x00000006c5300000, 0x000000076ab00000)
  object space 84992K, 25% used [0x00000006c0000000,0x00000006c1544760,0x00000006c5300000)
 Metaspace       used 6247K, capacity 7152K, committed 7296K, reserved 1056768K
  class space    used 585K, capacity 616K, committed 640K, reserved 1048576K
}

Deoptimization events (10 events):
Event: 0.866 Thread 0x000000001fb02800 Uncommon trap: reason=bimorphic action=maybe_recompile pc=0x00000000050a5fac method=java.util.HashMap.getNode(ILjava/lang/Object;)Ljava/util/HashMap$Node; @ 126
Event: 0.866 Thread 0x000000001fb02800 Uncommon trap: reason=bimorphic action=maybe_recompile pc=0x00000000050675dc method=java.util.HashMap.getNode(ILjava/lang/Object;)Ljava/util/HashMap$Node; @ 126
Event: 0.875 Thread 0x000000001fb02800 Uncommon trap: reason=unstable_if action=reinterpret pc=0x00000000051018c8 method=java.util.HashMap.putVal(ILjava/lang/Object;Ljava/lang/Object;ZZ)Ljava/lang/Object; @ 162
Event: 0.878 Thread 0x000000001fb02800 Uncommon trap: reason=unstable_if action=reinterpret pc=0x00000000053d9d24 method=java.util.HashMap.getNode(ILjava/lang/Object;)Ljava/util/HashMap$Node; @ 84
Event: 0.879 Thread 0x000000001fb02800 Uncommon trap: reason=unstable_if action=reinterpret pc=0x00000000053c8a64 method=java.util.HashMap.getNode(ILjava/lang/Object;)Ljava/util/HashMap$Node; @ 84
Event: 0.910 Thread 0x000000001facd000 Uncommon trap: reason=unstable_if action=reinterpret pc=0x00000000053cd884 method=java.util.HashMap.putVal(ILjava/lang/Object;Ljava/lang/Object;ZZ)Ljava/lang/Object; @ 109
Event: 1.706 Thread 0x000000001facd000 Uncommon trap: reason=bimorphic action=maybe_recompile pc=0x000000000546fa30 method=com.android.dx.cf.code.BytecodeArray.parseInstruction(ILcom/android/dx/cf/code/BytecodeArray$Visitor;)I @ 2281
Event: 1.707 Thread 0x000000001facd000 Uncommon trap: reason=bimorphic action=maybe_recompile pc=0x000000000546fa30 method=com.android.dx.cf.code.BytecodeArray.parseInstruction(ILcom/android/dx/cf/code/BytecodeArray$Visitor;)I @ 2281
Event: 1.707 Thread 0x000000001facd000 Uncommon trap: reason=bimorphic action=maybe_recompile pc=0x000000000546fa30 method=com.android.dx.cf.code.BytecodeArray.parseInstruction(ILcom/android/dx/cf/code/BytecodeArray$Visitor;)I @ 2281
Event: 1.707 Thread 0x000000001facd000 Uncommon trap: reason=bimorphic action=maybe_recompile pc=0x000000000546fa30 method=com.android.dx.cf.code.BytecodeArray.parseInstruction(ILcom/android/dx/cf/code/BytecodeArray$Visitor;)I @ 2281

Internal exceptions (6 events):
Event: 0.033 Thread 0x0000000004d10800 Exception <a 'java/lang/NoSuchMethodError': Method sun.misc.Unsafe.defineClass(Ljava/lang/String;[BII)Ljava/lang/Class; name or signature does not match> (0x000000076ab07c78) thrown at [C:\src\android\AOSP-openjdk\external\jetbrains\jdk\hotspot\src\share\v§\,°?
Event: 0.033 Thread 0x0000000004d10800 Exception <a 'java/lang/NoSuchMethodError': Method sun.misc.Unsafe.prefetchRead(Ljava/lang/Object;J)V name or signature does not match> (0x000000076ab07f60) thrown at [C:\src\android\AOSP-openjdk\external\jetbrains\jdk\hotspot\src\share\vm\prims\jni.cpp, lÀVÅARt”?
Event: 0.304 Thread 0x000000001facd000 Implicit null exception at 0x00000000050b6ee2 to 0x00000000050b6fe2
Event: 0.876 Thread 0x000000001fb02800 Exception <a 'java/lang/ArrayIndexOutOfBoundsException': 18> (0x000000076b201728) thrown at [C:\src\android\AOSP-openjdk\external\jetbrains\jdk\hotspot\src\share\vm\interpreter\interpreterRuntime.cpp, line 366]
Event: 0.877 Thread 0x000000001fb02800 Exception <a 'java/lang/ArrayIndexOutOfBoundsException': 145> (0x000000076b2032a8) thrown at [C:\src\android\AOSP-openjdk\external\jetbrains\jdk\hotspot\src\share\vm\interpreter\interpreterRuntime.cpp, line 366]
Event: 0.877 Thread 0x000000001fb02800 Exception <a 'java/lang/ArrayIndexOutOfBoundsException'> (0x000000076b204590) thrown at [C:\src\android\AOSP-openjdk\external\jetbrains\jdk\hotspot\src\share\vm\runtime\sharedRuntime.cpp, line 605]

Events (10 events):
Event: 1.707 Thread 0x000000001facd000 DEOPT PACKING pc=0x000000000546fa30 sp=0x000000002043e200
Event: 1.707 Thread 0x000000001facd000 DEOPT UNPACKING pc=0x0000000004e5556a sp=0x000000002043e1c0 mode 2
Event: 1.707 Thread 0x000000001facd000 Uncommon trap: trap_request=0xffffffc6 fr.pc=0x000000000546fa30
Event: 1.707 Thread 0x000000001facd000 DEOPT PACKING pc=0x000000000546fa30 sp=0x000000002043e060
Event: 1.707 Thread 0x000000001facd000 DEOPT UNPACKING pc=0x0000000004e5556a sp=0x000000002043e020 mode 2
Event: 1.707 Thread 0x000000001facd000 Uncommon trap: trap_request=0xffffffc6 fr.pc=0x000000000546fa30
Event: 1.707 Thread 0x000000001facd000 DEOPT PACKING pc=0x000000000546fa30 sp=0x000000002043e060
Event: 1.707 Thread 0x000000001facd000 DEOPT UNPACKING pc=0x0000000004e5556a sp=0x000000002043e020 mode 2
Event: 1.709 Thread 0x000000001faca000 DEOPT PACKING pc=0x00000000051e6d1c sp=0x000000002063ec00
Event: 1.709 Thread 0x000000001faca000 DEOPT UNPACKING pc=0x0000000004e575bf sp=0x000000002063e980 mode 0


Dynamic libraries:
0x00007ff722430000 - 0x00007ff722461000 	C:\Program Files\Android\Android Studio\jre\bin\java.exe
0x00007fffa0ef0000 - 0x00007fffa10d0000 	C:\WINDOWS\SYSTEM32\ntdll.dll
0x00007fff9e8d0000 - 0x00007fff9e97e000 	C:\WINDOWS\System32\KERNEL32.DLL
0x00007fff9de90000 - 0x00007fff9e0f6000 	C:\WINDOWS\System32\KERNELBASE.dll
0x00007fffa09a0000 - 0x00007fffa0a41000 	C:\WINDOWS\System32\ADVAPI32.dll
0x00007fff9f250000 - 0x00007fff9f2ed000 	C:\WINDOWS\System32\msvcrt.dll
0x00007fff9e5c0000 - 0x00007fff9e61b000 	C:\WINDOWS\System32\sechost.dll
0x00007fffa0be0000 - 0x00007fffa0cff000 	C:\WINDOWS\System32\RPCRT4.dll
0x00007fff9e6d0000 - 0x00007fff9e85f000 	C:\WINDOWS\System32\USER32.dll
0x00007fff9d550000 - 0x00007fff9d570000 	C:\WINDOWS\System32\win32u.dll
0x00007fff9e590000 - 0x00007fff9e5b8000 	C:\WINDOWS\System32\GDI32.dll
0x00007fff9e220000 - 0x00007fff9e3b3000 	C:\WINDOWS\System32\gdi32full.dll
0x00007fff9e100000 - 0x00007fff9e19b000 	C:\WINDOWS\System32\msvcp_win.dll
0x00007fff9d3a0000 - 0x00007fff9d496000 	C:\WINDOWS\System32\ucrtbase.dll
0x00007fff8cf90000 - 0x00007fff8d1f9000 	C:\WINDOWS\WinSxS\amd64_microsoft.windows.common-controls_6595b64144ccf1df_6.0.16299.125_none_15cbcf8893620c09\COMCTL32.dll
0x00007fff9ef40000 - 0x00007fff9f248000 	C:\WINDOWS\System32\combase.dll
0x00007fff9e1a0000 - 0x00007fff9e212000 	C:\WINDOWS\System32\bcryptPrimitives.dll
0x00007fff9e560000 - 0x00007fff9e58d000 	C:\WINDOWS\System32\IMM32.DLL
0x0000000068fc0000 - 0x0000000069092000 	C:\Program Files\Android\Android Studio\jre\jre\bin\msvcr100.dll
0x00000000680a0000 - 0x00000000688dc000 	C:\Program Files\Android\Android Studio\jre\jre\bin\server\jvm.dll
0x00007fff9f2f0000 - 0x00007fff9f2f8000 	C:\WINDOWS\System32\PSAPI.DLL
0x00007fff98b70000 - 0x00007fff98b79000 	C:\WINDOWS\SYSTEM32\WSOCK32.dll
0x00007fffa0930000 - 0x00007fffa099c000 	C:\WINDOWS\System32\WS2_32.dll
0x00007fff99350000 - 0x00007fff99373000 	C:\WINDOWS\SYSTEM32\WINMM.dll
0x00007fff9a310000 - 0x00007fff9a31a000 	C:\WINDOWS\SYSTEM32\VERSION.dll
0x00007fff992f0000 - 0x00007fff9931a000 	C:\WINDOWS\SYSTEM32\WINMMBASE.dll
0x00007fff9d2f0000 - 0x00007fff9d33a000 	C:\WINDOWS\System32\cfgmgr32.dll
0x00007fff98b60000 - 0x00007fff98b6f000 	C:\Program Files\Android\Android Studio\jre\jre\bin\verify.dll
0x00007fff8e150000 - 0x00007fff8e179000 	C:\Program Files\Android\Android Studio\jre\jre\bin\java.dll
0x00007fff8e440000 - 0x00007fff8e456000 	C:\Program Files\Android\Android Studio\jre\jre\bin\zip.dll
0x00007fff9f3f0000 - 0x00007fffa0826000 	C:\WINDOWS\System32\SHELL32.dll
0x00007fff9e620000 - 0x00007fff9e6c6000 	C:\WINDOWS\System32\shcore.dll
0x00007fff9d740000 - 0x00007fff9de87000 	C:\WINDOWS\System32\windows.storage.dll
0x00007fffa0830000 - 0x00007fffa0881000 	C:\WINDOWS\System32\shlwapi.dll
0x00007fff9d240000 - 0x00007fff9d251000 	C:\WINDOWS\System32\kernel.appcore.dll
0x00007fff9d2a0000 - 0x00007fff9d2ec000 	C:\WINDOWS\System32\powrprof.dll
0x00007fff9d280000 - 0x00007fff9d29b000 	C:\WINDOWS\System32\profapi.dll

VM Arguments:
jvm_args: -Djava.awt.headless=true -Xmx4g -Dfile.encoding=GBK -Duser.country=CN -Duser.language=zh -Duser.variant 
java_command: com.android.dx.command.Main --dex --force-jumbo --num-threads=4 --multi-dex --output D:\works\ZYJXObject\app\build\intermediates\transforms\dex\debug\folders\1000\8\MiPush_SDK_Client_3_4_5_10a932b7103f3abd82ec0abe59ea69d1da6551e6 D:\works\ZYJXObject\easeui\build\intermediates\bundles\default\libs\MiPush_SDK_Client_3_4_5.jar
java_class_path (initial): C:\Users\User\AppData\Local\Android\sdk\build-tools\26.0.0\lib\dx.jar
Launcher Type: SUN_STANDARD

Environment Variables:
JAVA_HOME=C:\Program Files\Java\jdk1.8.0_45
PATH=C:\ProgramData\Oracle\Java\javapath;C:\WINDOWS\system32;C:\WINDOWS;C:\WINDOWS\System32\Wbem;C:\WINDOWS\System32\WindowsPowerShell\v1.0\;C:\Program Files\Java\jdk1.8.0_45\bin;C:\Program Files\Java\jdk1.8.0_45\jre\bin;C:\Program Files (x86)\GtkSharp\2.12\bin;C:\Users\User\AppData\Local\Microsoft\WindowsApps;C:\Users\User\AppData\Local\GitHubDesktop\bin
USERNAME=User
OS=Windows_NT
PROCESSOR_IDENTIFIER=Intel64 Family 6 Model 158 Stepping 9, GenuineIntel



---------------  S Y S T E M  ---------------

OS: Windows 10.0 , 64 bit Build 16299 (10.0.16299.15)

CPU:total 4 (4 cores per cpu, 1 threads per core) family 6 model 158 stepping 9, cmov, cx8, fxsr, mmx, sse, sse2, sse3, ssse3, sse4.1, sse4.2, popcnt, avx, avx2, aes, clmul, erms, 3dnowpref, lzcnt, tsc, tscinvbit, bmi1, bmi2, adx

Memory: 4k page, physical 8071812k(2327788k free), swap 33237636k(5496k free)

vm_info: OpenJDK 64-Bit Server VM (25.112-b06) for windows-amd64 JRE (1.8.0_112-release-b06), built on Dec  8 2016 00:54:26 by "builder" with MS VC++ 10.0 (VS2010)

time: Fri Jan 19 17:31:03 2018
elapsed time: 1 seconds (0d 0h 0m 1s)

