#
# There is insufficient memory for the Java Runtime Environment to continue.
# Native memory allocation (malloc) failed to allocate 1091056 bytes for Chunk::new
# Possible reasons:
#   The system is out of physical RAM or swap space
#   In 32 bit mode, the process size limit was hit
# Possible solutions:
#   Reduce memory load on the system
#   Increase physical memory or swap space
#   Check if swap backing store is full
#   Use 64 bit Java on a 64 bit OS
#   Decrease Java heap size (-Xmx/-Xms)
#   Decrease number of Java threads
#   Decrease Java thread stack sizes (-Xss)
#   Set larger code cache with -XX:ReservedCodeCacheSize=
# This output file may be truncated or incomplete.
#
#  Out of Memory Error (allocation.cpp:390), pid=13756, tid=0x0000000000001720
#
# JRE version: OpenJDK Runtime Environment (8.0_112-b06) (build 1.8.0_112-release-b06)
# Java VM: OpenJDK 64-Bit Server VM (25.112-b06 mixed mode windows-amd64 compressed oops)
# Failed to write core dump. Minidumps are not enabled by default on client versions of Windows
#

---------------  T H R E A D  ---------------

Current thread (0x000000001e43a800):  JavaThread "C2 CompilerThread1" daemon [_thread_in_native, id=5920, stack(0x000000001fe60000,0x000000001ff60000)]

Stack: [0x000000001fe60000,0x000000001ff60000]
[error occurred during error reporting (printing stack bounds), id 0xc0000005]

Native frames: (J=compiled Java code, j=interpreted, Vv=VM code, C=native code)


Current CompileTask:
C2:   5042 2081 %     4       com.android.dx.ssa.SCCP::run @ 13 (298 bytes)


---------------  P R O C E S S  ---------------

Java Threads: ( => current thread )
  0x000000001fa78800 JavaThread "pool-1-thread-1" [_thread_in_Java, id=5440, stack(0x0000000022f00000,0x0000000023000000)]
  0x000000001f7dd000 JavaThread "Service Thread" daemon [_thread_blocked, id=1888, stack(0x0000000020060000,0x0000000020160000)]
  0x000000001f788000 JavaThread "C1 CompilerThread2" daemon [_thread_blocked, id=4368, stack(0x000000001ff60000,0x0000000020060000)]
=>0x000000001e43a800 JavaThread "C2 CompilerThread1" daemon [_thread_in_native, id=5920, stack(0x000000001fe60000,0x000000001ff60000)]
  0x000000001e3d5000 JavaThread "C2 CompilerThread0" daemon [_thread_in_native, id=14472, stack(0x000000001fd60000,0x000000001fe60000)]
  0x000000001e437800 JavaThread "Attach Listener" daemon [_thread_blocked, id=13872, stack(0x000000001fc60000,0x000000001fd60000)]
  0x000000001e3f1800 JavaThread "Signal Dispatcher" daemon [_thread_blocked, id=14116, stack(0x000000001fb60000,0x000000001fc60000)]
  0x0000000004d0b000 JavaThread "Finalizer" daemon [_thread_blocked, id=10292, stack(0x000000001f660000,0x000000001f760000)]
  0x0000000004d00000 JavaThread "Reference Handler" daemon [_thread_blocked, id=11036, stack(0x000000001f560000,0x000000001f660000)]
  0x0000000004c10800 JavaThread "main" [_thread_blocked, id=5908, stack(0x0000000004b10000,0x0000000004c10000)]

Other Threads:
  0x000000001e3a5800 VMThread [stack: 0x000000001f460000,0x000000001f560000] [id=12320]
  0x000000001f800000 WatcherThread [stack: 0x0000000020160000,0x0000000020260000] [id=7136]

VM state:not at safepoint (normal execution)

VM Mutex/Monitor currently owned by a thread: None

Heap:
 PSYoungGen      total 275968K, used 74652K [0x000000076ab00000, 0x0000000788780000, 0x00000007c0000000)
  eden space 242176K, 27% used [0x000000076ab00000,0x000000076eaf2ce0,0x0000000779780000)
  from space 33792K, 27% used [0x0000000779780000,0x000000077a0744c8,0x000000077b880000)
  to   space 50176K, 0% used [0x0000000785680000,0x0000000785680000,0x0000000788780000)
 ParOldGen       total 84992K, used 84978K [0x00000006c0000000, 0x00000006c5300000, 0x000000076ab00000)
  object space 84992K, 99% used [0x00000006c0000000,0x00000006c52fc970,0x00000006c5300000)
 Metaspace       used 6682K, capacity 7472K, committed 7552K, reserved 1056768K
  class space    used 605K, capacity 616K, committed 640K, reserved 1048576K

Card table byte_map: [0x00000000140d0000,0x00000000148e0000] byte_map_base: 0x0000000010ad0000

Marking Bits: (ParMarkBitMap*) 0x00000000688618f0
 Begin Bits: [0x0000000015240000, 0x0000000019240000)
 End Bits:   [0x0000000019240000, 0x000000001d240000)

Polling page: 0x0000000002cb0000

CodeCache: size=245760Kb used=10434Kb max_used=10434Kb free=235325Kb
 bounds [0x0000000004d10000, 0x0000000005750000, 0x0000000013d10000]
 total_blobs=2687 nmethods=2422 adapters=178
 compilation: enabled

Compilation events (10 events):
Event: 5.028 Thread 0x000000001e3d5000 nmethod 2382 0x00000000056c90d0 code [0x00000000056c9200, 0x00000000056c9278]
Event: 5.028 Thread 0x000000001e3d5000 2394       4       com.android.dx.dex.code.ZeroSizeInsn::<init> (12 bytes)
Event: 5.028 Thread 0x000000001f788000 nmethod 2399 0x0000000005714ed0 code [0x00000000057150a0, 0x00000000057158e8]
Event: 5.028 Thread 0x000000001f788000 2395       1       com.android.dx.dex.code.CodeAddress::getBindsClosely (5 bytes)
Event: 5.028 Thread 0x000000001f788000 nmethod 2395 0x0000000005714c10 code [0x0000000005714d60, 0x0000000005714e70]
Event: 5.028 Thread 0x000000001f788000 2389       3       com.android.dx.dex.code.TargetInsn::getTargetOffset (13 bytes)
Event: 5.028 Thread 0x000000001e3d5000 nmethod 2394 0x0000000005716610 code [0x0000000005716760, 0x0000000005716818]
Event: 5.028 Thread 0x000000001e3d5000 2393       4       com.android.dx.dex.code.SimpleInsn::<init> (8 bytes)
Event: 5.028 Thread 0x000000001f788000 nmethod 2389 0x0000000005725810 code [0x00000000057259a0, 0x0000000005725eb8]
Event: 5.028 Thread 0x000000001f788000 2392       3       com.android.dx.dex.code.form.Form22c::isCompatible (99 bytes)

GC Heap History (10 events):
Event: 2.540 GC heap before
{Heap before GC invocations=6 (full 0):
 PSYoungGen      total 68608K, used 68585K [0x000000076ab00000, 0x0000000774600000, 0x00000007c0000000)
  eden space 63488K, 100% used [0x000000076ab00000,0x000000076e900000,0x000000076e900000)
  from space 5120K, 99% used [0x000000076e900000,0x000000076edfa518,0x000000076ee00000)
  to   space 15872K, 0% used [0x0000000773680000,0x0000000773680000,0x0000000774600000)
 ParOldGen       total 84992K, used 21694K [0x00000006c0000000, 0x00000006c5300000, 0x000000076ab00000)
  object space 84992K, 25% used [0x00000006c0000000,0x00000006c152f9c0,0x00000006c5300000)
 Metaspace       used 6314K, capacity 7152K, committed 7296K, reserved 1056768K
  class space    used 585K, capacity 616K, committed 640K, reserved 1048576K
Event: 2.558 GC heap after
Heap after GC invocations=6 (full 0):
 PSYoungGen      total 140288K, used 15177K [0x000000076ab00000, 0x0000000774b00000, 0x00000007c0000000)
  eden space 124416K, 0% used [0x000000076ab00000,0x000000076ab00000,0x0000000772480000)
  from space 15872K, 95% used [0x0000000773680000,0x0000000774552518,0x0000000774600000)
  to   space 18432K, 0% used [0x0000000772480000,0x0000000772480000,0x0000000773680000)
 ParOldGen       total 84992K, used 21694K [0x00000006c0000000, 0x00000006c5300000, 0x000000076ab00000)
  object space 84992K, 25% used [0x00000006c0000000,0x00000006c152f9c0,0x00000006c5300000)
 Metaspace       used 6314K, capacity 7152K, committed 7296K, reserved 1056768K
  class space    used 585K, capacity 616K, committed 640K, reserved 1048576K
}
Event: 2.835 GC heap before
{Heap before GC invocations=7 (full 0):
 PSYoungGen      total 140288K, used 139593K [0x000000076ab00000, 0x0000000774b00000, 0x00000007c0000000)
  eden space 124416K, 100% used [0x000000076ab00000,0x0000000772480000,0x0000000772480000)
  from space 15872K, 95% used [0x0000000773680000,0x0000000774552518,0x0000000774600000)
  to   space 18432K, 0% used [0x0000000772480000,0x0000000772480000,0x0000000773680000)
 ParOldGen       total 84992K, used 21694K [0x00000006c0000000, 0x00000006c5300000, 0x000000076ab00000)
  object space 84992K, 25% used [0x00000006c0000000,0x00000006c152f9c0,0x00000006c5300000)
 Metaspace       used 6365K, capacity 7216K, committed 7296K, reserved 1056768K
  class space    used 588K, capacity 616K, committed 640K, reserved 1048576K
Event: 2.887 GC heap after
Heap after GC invocations=7 (full 0):
 PSYoungGen      total 142848K, used 18402K [0x000000076ab00000, 0x000000077d300000, 0x00000007c0000000)
  eden space 124416K, 0% used [0x000000076ab00000,0x000000076ab00000,0x0000000772480000)
  from space 18432K, 99% used [0x0000000772480000,0x0000000773678958,0x0000000773680000)
  to   space 27136K, 0% used [0x000000077b880000,0x000000077b880000,0x000000077d300000)
 ParOldGen       total 84992K, used 33477K [0x00000006c0000000, 0x00000006c5300000, 0x000000076ab00000)
  object space 84992K, 39% used [0x00000006c0000000,0x00000006c20b1780,0x00000006c5300000)
 Metaspace       used 6365K, capacity 7216K, committed 7296K, reserved 1056768K
  class space    used 588K, capacity 616K, committed 640K, reserved 1048576K
}
Event: 3.139 GC heap before
{Heap before GC invocations=8 (full 0):
 PSYoungGen      total 142848K, used 142818K [0x000000076ab00000, 0x000000077d300000, 0x00000007c0000000)
  eden space 124416K, 100% used [0x000000076ab00000,0x0000000772480000,0x0000000772480000)
  from space 18432K, 99% used [0x0000000772480000,0x0000000773678958,0x0000000773680000)
  to   space 27136K, 0% used [0x000000077b880000,0x000000077b880000,0x000000077d300000)
 ParOldGen       total 84992K, used 33477K [0x00000006c0000000, 0x00000006c5300000, 0x000000076ab00000)
  object space 84992K, 39% used [0x00000006c0000000,0x00000006c20b1780,0x00000006c5300000)
 Metaspace       used 6381K, capacity 7216K, committed 7296K, reserved 1056768K
  class space    used 589K, capacity 616K, committed 640K, reserved 1048576K
Event: 3.165 GC heap after
Heap after GC invocations=8 (full 0):
 PSYoungGen      total 269312K, used 27109K [0x000000076ab00000, 0x000000077e000000, 0x00000007c0000000)
  eden space 242176K, 0% used [0x000000076ab00000,0x000000076ab00000,0x0000000779780000)
  from space 27136K, 99% used [0x000000077b880000,0x000000077d2f9448,0x000000077d300000)
  to   space 33792K, 0% used [0x0000000779780000,0x0000000779780000,0x000000077b880000)
 ParOldGen       total 84992K, used 38377K [0x00000006c0000000, 0x00000006c5300000, 0x000000076ab00000)
  object space 84992K, 45% used [0x00000006c0000000,0x00000006c257a528,0x00000006c5300000)
 Metaspace       used 6381K, capacity 7216K, committed 7296K, reserved 1056768K
  class space    used 589K, capacity 616K, committed 640K, reserved 1048576K
}
Event: 3.745 GC heap before
{Heap before GC invocations=9 (full 0):
 PSYoungGen      total 269312K, used 269285K [0x000000076ab00000, 0x000000077e000000, 0x00000007c0000000)
  eden space 242176K, 100% used [0x000000076ab00000,0x0000000779780000,0x0000000779780000)
  from space 27136K, 99% used [0x000000077b880000,0x000000077d2f9448,0x000000077d300000)
  to   space 33792K, 0% used [0x0000000779780000,0x0000000779780000,0x000000077b880000)
 ParOldGen       total 84992K, used 38377K [0x00000006c0000000, 0x00000006c5300000, 0x000000076ab00000)
  object space 84992K, 45% used [0x00000006c0000000,0x00000006c257a528,0x00000006c5300000)
 Metaspace       used 6398K, capacity 7216K, committed 7296K, reserved 1056768K
  class space    used 589K, capacity 616K, committed 640K, reserved 1048576K
Event: 3.805 GC heap after
Heap after GC invocations=9 (full 0):
 PSYoungGen      total 275968K, used 33762K [0x000000076ab00000, 0x0000000788780000, 0x00000007c0000000)
  eden space 242176K, 0% used [0x000000076ab00000,0x000000076ab00000,0x0000000779780000)
  from space 33792K, 99% used [0x0000000779780000,0x000000077b878928,0x000000077b880000)
  to   space 50176K, 0% used [0x0000000785680000,0x0000000785680000,0x0000000788780000)
 ParOldGen       total 84992K, used 66075K [0x00000006c0000000, 0x00000006c5300000, 0x000000076ab00000)
  object space 84992K, 77% used [0x00000006c0000000,0x00000006c4086ff0,0x00000006c5300000)
 Metaspace       used 6398K, capacity 7216K, committed 7296K, reserved 1056768K
  class space    used 589K, capacity 616K, committed 640K, reserved 1048576K
}
Event: 3.805 GC heap before
{Heap before GC invocations=10 (full 1):
 PSYoungGen      total 275968K, used 33762K [0x000000076ab00000, 0x0000000788780000, 0x00000007c0000000)
  eden space 242176K, 0% used [0x000000076ab00000,0x000000076ab00000,0x0000000779780000)
  from space 33792K, 99% used [0x0000000779780000,0x000000077b878928,0x000000077b880000)
  to   space 50176K, 0% used [0x0000000785680000,0x0000000785680000,0x0000000788780000)
 ParOldGen       total 84992K, used 66075K [0x00000006c0000000, 0x00000006c5300000, 0x000000076ab00000)
  object space 84992K, 77% used [0x00000006c0000000,0x00000006c4086ff0,0x00000006c5300000)
 Metaspace       used 6398K, capacity 7216K, committed 7296K, reserved 1056768K
  class space    used 589K, capacity 616K, committed 640K, reserved 1048576K
Event: 4.235 GC heap after
Heap after GC invocations=10 (full 1):
 PSYoungGen      total 275968K, used 9169K [0x000000076ab00000, 0x0000000788780000, 0x00000007c0000000)
  eden space 242176K, 0% used [0x000000076ab00000,0x000000076ab00000,0x0000000779780000)
  from space 33792K, 27% used [0x0000000779780000,0x000000077a0744c8,0x000000077b880000)
  to   space 50176K, 0% used [0x0000000785680000,0x0000000785680000,0x0000000788780000)
 ParOldGen       total 84992K, used 84978K [0x00000006c0000000, 0x00000006c5300000, 0x000000076ab00000)
  object space 84992K, 99% used [0x00000006c0000000,0x00000006c52fc970,0x00000006c5300000)
 Metaspace       used 6398K, capacity 7216K, committed 7296K, reserved 1056768K
  class space    used 589K, capacity 616K, committed 640K, reserved 1048576K
}

Deoptimization events (10 events):
Event: 4.845 Thread 0x000000001fa78800 Uncommon trap: reason=unstable_if action=reinterpret pc=0x00000000056a3248 method=java.util.HashMap.putVal(ILjava/lang/Object;Ljava/lang/Object;ZZ)Ljava/lang/Object; @ 94
Event: 4.993 Thread 0x000000001fa78800 Uncommon trap: reason=speculate_class_check action=maybe_recompile pc=0x0000000005091e00 method=com.android.dx.util.FixedSizeList.equals(Ljava/lang/Object;)Z @ 25
Event: 4.993 Thread 0x000000001fa78800 Uncommon trap: reason=class_check action=maybe_recompile pc=0x0000000005096a28 method=java.util.Arrays.equals([Ljava/lang/Object;[Ljava/lang/Object;)Z @ 62
Event: 4.993 Thread 0x000000001fa78800 Uncommon trap: reason=speculate_class_check action=maybe_recompile pc=0x0000000005091e00 method=com.android.dx.util.FixedSizeList.equals(Ljava/lang/Object;)Z @ 25
Event: 4.993 Thread 0x000000001fa78800 Uncommon trap: reason=class_check action=maybe_recompile pc=0x0000000005096a28 method=java.util.Arrays.equals([Ljava/lang/Object;[Ljava/lang/Object;)Z @ 62
Event: 4.993 Thread 0x000000001fa78800 Uncommon trap: reason=speculate_class_check action=maybe_recompile pc=0x0000000005091e00 method=com.android.dx.util.FixedSizeList.equals(Ljava/lang/Object;)Z @ 25
Event: 4.993 Thread 0x000000001fa78800 Uncommon trap: reason=class_check action=maybe_recompile pc=0x0000000005096a28 method=java.util.Arrays.equals([Ljava/lang/Object;[Ljava/lang/Object;)Z @ 62
Event: 4.993 Thread 0x000000001fa78800 Uncommon trap: reason=speculate_class_check action=maybe_recompile pc=0x0000000005091e00 method=com.android.dx.util.FixedSizeList.equals(Ljava/lang/Object;)Z @ 25
Event: 4.993 Thread 0x000000001fa78800 Uncommon trap: reason=class_check action=maybe_recompile pc=0x0000000005096a28 method=java.util.Arrays.equals([Ljava/lang/Object;[Ljava/lang/Object;)Z @ 62
Event: 5.004 Thread 0x000000001fa78800 Uncommon trap: reason=unstable_if action=reinterpret pc=0x000000000531c0ec method=com.android.dx.rop.code.RegisterSpecSet.equals(Ljava/lang/Object;)Z @ 30

Internal exceptions (6 events):
Event: 0.029 Thread 0x0000000004c10800 Exception <a 'java/lang/NoSuchMethodError': Method sun.misc.Unsafe.defineClass(Ljava/lang/String;[BII)Ljava/lang/Class; name or signature does not match> (0x000000076ab07c78) thrown at [C:\src\android\AOSP-openjdk\external\jetbrains\jdk\hotspot\src\share\v"™EË\ù?
Event: 0.029 Thread 0x0000000004c10800 Exception <a 'java/lang/NoSuchMethodError': Method sun.misc.Unsafe.prefetchRead(Ljava/lang/Object;J)V name or signature does not match> (0x000000076ab07f60) thrown at [C:\src\android\AOSP-openjdk\external\jetbrains\jdk\hotspot\src\share\vm\prims\jni.cpp, lµ=Â¨u–¯?
Event: 1.551 Thread 0x000000001fa76800 Implicit null exception at 0x0000000005115fa2 to 0x00000000051160a2
Event: 2.036 Thread 0x000000001fa76800 Exception <a 'java/lang/ArrayIndexOutOfBoundsException': 18> (0x000000076c4be270) thrown at [C:\src\android\AOSP-openjdk\external\jetbrains\jdk\hotspot\src\share\vm\interpreter\interpreterRuntime.cpp, line 366]
Event: 2.037 Thread 0x000000001fa76800 Exception <a 'java/lang/ArrayIndexOutOfBoundsException'> (0x000000076c4bfdf0) thrown at [C:\src\android\AOSP-openjdk\external\jetbrains\jdk\hotspot\src\share\vm\runtime\sharedRuntime.cpp, line 605]
Event: 2.037 Thread 0x000000001fa76800 Exception <a 'java/lang/ArrayIndexOutOfBoundsException'> (0x000000076c4c10d8) thrown at [C:\src\android\AOSP-openjdk\external\jetbrains\jdk\hotspot\src\share\vm\runtime\sharedRuntime.cpp, line 605]

Events (10 events):
Event: 4.993 Thread 0x000000001fa78800 DEOPT UNPACKING pc=0x0000000004d5556a sp=0x0000000022ffe7c0 mode 2
Event: 4.993 loading class com/android/dx/dex/code/CatchTable$Entry
Event: 4.993 loading class com/android/dx/dex/code/CatchTable$Entry done
Event: 4.994 loading class com/android/dx/util/ByteArrayAnnotatedOutput
Event: 4.994 loading class com/android/dx/util/ByteArrayAnnotatedOutput done
Event: 5.004 Thread 0x000000001fa78800 Uncommon trap: trap_request=0xffffff65 fr.pc=0x000000000531c0ec
Event: 5.004 Thread 0x000000001fa78800 DEOPT PACKING pc=0x000000000531c0ec sp=0x0000000022ffe680
Event: 5.004 Thread 0x000000001fa78800 DEOPT UNPACKING pc=0x0000000004d5556a sp=0x0000000022ffe610 mode 2
Event: 5.025 loading class com/android/dx/rop/code/RegisterSpecList$Expander
Event: 5.025 loading class com/android/dx/rop/code/RegisterSpecList$Expander done


Dynamic libraries:
0x00007ff722430000 - 0x00007ff722461000 	C:\Program Files\Android\Android Studio\jre\bin\java.exe
0x00007fffa0ef0000 - 0x00007fffa10d0000 	C:\WINDOWS\SYSTEM32\ntdll.dll
0x00007fff9e8d0000 - 0x00007fff9e97e000 	C:\WINDOWS\System32\KERNEL32.DLL
0x00007fff9de90000 - 0x00007fff9e0f6000 	C:\WINDOWS\System32\KERNELBASE.dll
0x00007fffa09a0000 - 0x00007fffa0a41000 	C:\WINDOWS\System32\ADVAPI32.dll
0x00007fff9f250000 - 0x00007fff9f2ed000 	C:\WINDOWS\System32\msvcrt.dll
0x00007fff9e5c0000 - 0x00007fff9e61b000 	C:\WINDOWS\System32\sechost.dll
0x00007fffa0be0000 - 0x00007fffa0cff000 	C:\WINDOWS\System32\RPCRT4.dll
0x00007fff9e6d0000 - 0x00007fff9e85f000 	C:\WINDOWS\System32\USER32.dll
0x00007fff9d550000 - 0x00007fff9d570000 	C:\WINDOWS\System32\win32u.dll
0x00007fff9e590000 - 0x00007fff9e5b8000 	C:\WINDOWS\System32\GDI32.dll
0x00007fff9e220000 - 0x00007fff9e3b3000 	C:\WINDOWS\System32\gdi32full.dll
0x00007fff9e100000 - 0x00007fff9e19b000 	C:\WINDOWS\System32\msvcp_win.dll
0x00007fff9d3a0000 - 0x00007fff9d496000 	C:\WINDOWS\System32\ucrtbase.dll
0x00007fff8cf90000 - 0x00007fff8d1f9000 	C:\WINDOWS\WinSxS\amd64_microsoft.windows.common-controls_6595b64144ccf1df_6.0.16299.125_none_15cbcf8893620c09\COMCTL32.dll
0x00007fff9ef40000 - 0x00007fff9f248000 	C:\WINDOWS\System32\combase.dll
0x00007fff9e1a0000 - 0x00007fff9e212000 	C:\WINDOWS\System32\bcryptPrimitives.dll
0x00007fff9e560000 - 0x00007fff9e58d000 	C:\WINDOWS\System32\IMM32.DLL
0x0000000068fc0000 - 0x0000000069092000 	C:\Program Files\Android\Android Studio\jre\jre\bin\msvcr100.dll
0x00000000680a0000 - 0x00000000688dc000 	C:\Program Files\Android\Android Studio\jre\jre\bin\server\jvm.dll
0x00007fff9f2f0000 - 0x00007fff9f2f8000 	C:\WINDOWS\System32\PSAPI.DLL
0x00007fff99350000 - 0x00007fff99373000 	C:\WINDOWS\SYSTEM32\WINMM.dll
0x00007fff98b70000 - 0x00007fff98b79000 	C:\WINDOWS\SYSTEM32\WSOCK32.dll
0x00007fffa0930000 - 0x00007fffa099c000 	C:\WINDOWS\System32\WS2_32.dll
0x00007fff9a310000 - 0x00007fff9a31a000 	C:\WINDOWS\SYSTEM32\VERSION.dll
0x00007fff992f0000 - 0x00007fff9931a000 	C:\WINDOWS\SYSTEM32\WINMMBASE.dll
0x00007fff9d2f0000 - 0x00007fff9d33a000 	C:\WINDOWS\System32\cfgmgr32.dll
0x00007fff98b60000 - 0x00007fff98b6f000 	C:\Program Files\Android\Android Studio\jre\jre\bin\verify.dll
0x00007fff8e150000 - 0x00007fff8e179000 	C:\Program Files\Android\Android Studio\jre\jre\bin\java.dll
0x00007fff8e440000 - 0x00007fff8e456000 	C:\Program Files\Android\Android Studio\jre\jre\bin\zip.dll
0x00007fff9f3f0000 - 0x00007fffa0826000 	C:\WINDOWS\System32\SHELL32.dll
0x00007fff9e620000 - 0x00007fff9e6c6000 	C:\WINDOWS\System32\shcore.dll
0x00007fff9d740000 - 0x00007fff9de87000 	C:\WINDOWS\System32\windows.storage.dll
0x00007fffa0830000 - 0x00007fffa0881000 	C:\WINDOWS\System32\shlwapi.dll
0x00007fff9d240000 - 0x00007fff9d251000 	C:\WINDOWS\System32\kernel.appcore.dll
0x00007fff9d2a0000 - 0x00007fff9d2ec000 	C:\WINDOWS\System32\powrprof.dll
0x00007fff9d280000 - 0x00007fff9d29b000 	C:\WINDOWS\System32\profapi.dll

VM Arguments:
jvm_args: -Djava.awt.headless=true -Xmx4g -Dfile.encoding=GBK -Duser.country=CN -Duser.language=zh -Duser.variant 
java_command: com.android.dx.command.Main --dex --force-jumbo --num-threads=4 --multi-dex --output D:\works\ZYJXObject\app\build\intermediates\transforms\dex\debug\folders\1000\8\com.umeng.message_3.1.2a_6baf23660c2f2662dfa9ab20f0760896903d989a D:\works\ZYJXObject\PushSDK\build\intermediates\bundles\default\libs\com.umeng.message_3.1.2a.jar
java_class_path (initial): C:\Users\User\AppData\Local\Android\sdk\build-tools\26.0.0\lib\dx.jar
Launcher Type: SUN_STANDARD

Environment Variables:
JAVA_HOME=C:\Program Files\Java\jdk1.8.0_45
PATH=C:\ProgramData\Oracle\Java\javapath;C:\WINDOWS\system32;C:\WINDOWS;C:\WINDOWS\System32\Wbem;C:\WINDOWS\System32\WindowsPowerShell\v1.0\;C:\Program Files\Java\jdk1.8.0_45\bin;C:\Program Files\Java\jdk1.8.0_45\jre\bin;C:\Program Files (x86)\GtkSharp\2.12\bin;C:\Users\User\AppData\Local\Microsoft\WindowsApps;C:\Users\User\AppData\Local\GitHubDesktop\bin
USERNAME=User
OS=Windows_NT
PROCESSOR_IDENTIFIER=Intel64 Family 6 Model 158 Stepping 9, GenuineIntel



---------------  S Y S T E M  ---------------

OS: Windows 10.0 , 64 bit Build 16299 (10.0.16299.15)

CPU:total 4 (4 cores per cpu, 1 threads per core) family 6 model 158 stepping 9, cmov, cx8, fxsr, mmx, sse, sse2, sse3, ssse3, sse4.1, sse4.2, popcnt, avx, avx2, aes, clmul, erms, 3dnowpref, lzcnt, tsc, tscinvbit, bmi1, bmi2, adx

Memory: 4k page, physical 8071812k(1856640k free), swap 33237636k(3960k free)

vm_info: OpenJDK 64-Bit Server VM (25.112-b06) for windows-amd64 JRE (1.8.0_112-release-b06), built on Dec  8 2016 00:54:26 by "builder" with MS VC++ 10.0 (VS2010)

time: Fri Jan 19 17:32:16 2018
elapsed time: 5 seconds (0d 0h 0m 5s)

