#
# There is insufficient memory for the Java Runtime Environment to continue.
# Native memory allocation (malloc) failed to allocate 552416 bytes for Chunk::new
# Possible reasons:
#   The system is out of physical RAM or swap space
#   In 32 bit mode, the process size limit was hit
# Possible solutions:
#   Reduce memory load on the system
#   Increase physical memory or swap space
#   Check if swap backing store is full
#   Use 64 bit Java on a 64 bit OS
#   Decrease Java heap size (-Xmx/-Xms)
#   Decrease number of Java threads
#   Decrease Java thread stack sizes (-Xss)
#   Set larger code cache with -XX:ReservedCodeCacheSize=
# This output file may be truncated or incomplete.
#
#  Out of Memory Error (allocation.cpp:390), pid=2620, tid=0x0000000000000ab8
#
# JRE version: OpenJDK Runtime Environment (8.0_112-b06) (build 1.8.0_112-release-b06)
# Java VM: OpenJDK 64-Bit Server VM (25.112-b06 mixed mode windows-amd64 compressed oops)
# Failed to write core dump. Minidumps are not enabled by default on client versions of Windows
#

---------------  T H R E A D  ---------------

Current thread (0x000000001e5ac000):  JavaThread "C2 CompilerThread0" daemon [_thread_in_native, id=2744, stack(0x000000001ff80000,0x0000000020080000)]

Stack: [0x000000001ff80000,0x0000000020080000]
[error occurred during error reporting (printing stack bounds), id 0xc0000005]

Native frames: (J=compiled Java code, j=interpreted, Vv=VM code, C=native code)


Current CompileTask:
C2:   5515 2134       4       com.android.dx.ssa.SsaInsn::mapRegisters (35 bytes)


---------------  P R O C E S S  ---------------

Java Threads: ( => current thread )
  0x000000001fcb8800 JavaThread "pool-1-thread-1" [_thread_in_vm, id=11832, stack(0x0000000022150000,0x0000000022250000)]
  0x000000001f9de000 JavaThread "Service Thread" daemon [_thread_blocked, id=312, stack(0x0000000020280000,0x0000000020380000)]
  0x000000001f9da800 JavaThread "C1 CompilerThread2" daemon [_thread_in_vm, id=1512, stack(0x0000000020180000,0x0000000020280000)]
  0x000000001f9cf000 JavaThread "C2 CompilerThread1" daemon [_thread_in_native, id=5268, stack(0x0000000020080000,0x0000000020180000)]
=>0x000000001e5ac000 JavaThread "C2 CompilerThread0" daemon [_thread_in_native, id=2744, stack(0x000000001ff80000,0x0000000020080000)]
  0x000000001e5f9800 JavaThread "Attach Listener" daemon [_thread_blocked, id=7040, stack(0x000000001fe80000,0x000000001ff80000)]
  0x000000001e596800 JavaThread "Signal Dispatcher" daemon [_thread_blocked, id=10196, stack(0x000000001fd80000,0x000000001fe80000)]
  0x0000000004e7c000 JavaThread "Finalizer" daemon [_thread_blocked, id=7788, stack(0x000000001f820000,0x000000001f920000)]
  0x0000000004e71000 JavaThread "Reference Handler" daemon [_thread_blocked, id=1860, stack(0x000000001f720000,0x000000001f820000)]
  0x0000000004d80800 JavaThread "main" [_thread_blocked, id=7208, stack(0x0000000004c20000,0x0000000004d20000)]

Other Threads:
  0x000000001e565800 VMThread [stack: 0x000000001f620000,0x000000001f720000] [id=8740]
  0x000000001f9df000 WatcherThread [stack: 0x0000000020380000,0x0000000020480000] [id=10864]

VM state:not at safepoint (normal execution)

VM Mutex/Monitor currently owned by a thread: None

Heap:
 PSYoungGen      total 277504K, used 64244K [0x000000076ab00000, 0x0000000788880000, 0x00000007c0000000)
  eden space 245248K, 23% used [0x000000076ab00000,0x000000076e3c48e8,0x0000000779a80000)
  from space 32256K, 18% used [0x0000000779a80000,0x000000077a0789c8,0x000000077ba00000)
  to   space 48128K, 0% used [0x0000000785980000,0x0000000785980000,0x0000000788880000)
 ParOldGen       total 153088K, used 84881K [0x00000006c0000000, 0x00000006c9580000, 0x000000076ab00000)
  object space 153088K, 55% used [0x00000006c0000000,0x00000006c52e47f8,0x00000006c9580000)
 Metaspace       used 6448K, capacity 7280K, committed 7552K, reserved 1056768K
  class space    used 594K, capacity 616K, committed 640K, reserved 1048576K

Card table byte_map: [0x0000000014240000,0x0000000014a50000] byte_map_base: 0x0000000010c40000

Marking Bits: (ParMarkBitMap*) 0x00000000688618f0
 Begin Bits: [0x00000000153b0000, 0x00000000193b0000)
 End Bits:   [0x00000000193b0000, 0x000000001d3b0000)

Polling page: 0x0000000004d20000

CodeCache: size=245760Kb used=9164Kb max_used=9170Kb free=236595Kb
 bounds [0x0000000004e80000, 0x0000000005780000, 0x0000000013e80000]
 total_blobs=2361 nmethods=2096 adapters=178
 compilation: enabled

Compilation events (10 events):
Event: 5.456 Thread 0x000000001e5ac000 nmethod 2053 0x000000000574ef50 code [0x000000000574f0a0, 0x000000000574f518]
Event: 5.456 Thread 0x000000001e5ac000 1931       4       com.android.dx.ssa.back.FirstFitLocalCombiningAllocator::findNextUnreservedRopReg (68 bytes)
Event: 5.461 Thread 0x000000001e5ac000 nmethod 1931 0x000000000574e5d0 code [0x000000000574e720, 0x000000000574eb58]
Event: 5.461 Thread 0x000000001e5ac000 1919       4       java.util.ArrayList::removeRange (75 bytes)
Event: 5.462 Thread 0x000000001e5ac000 nmethod 1919 0x000000000574fbd0 code [0x000000000574fd20, 0x000000000574fe98]
Event: 5.462 Thread 0x000000001e5ac000 1902       4       com.android.dx.cf.code.RopperMachine::jopToRopOpcode (1103 bytes)
Event: 5.472 Thread 0x000000001e5ac000 nmethod 1902 0x000000000577ac10 code [0x000000000577b580, 0x000000000577beb8]
Event: 5.472 Thread 0x000000001e5ac000 1900       4       com.android.dx.rop.code.RegisterSpec$ForComparison::equals (31 bytes)
Event: 5.473 Thread 0x000000001e5ac000 nmethod 1900 0x0000000005752bd0 code [0x0000000005752d20, 0x0000000005752e38]
Event: 5.473 Thread 0x000000001e5ac000 2134       4       com.android.dx.ssa.SsaInsn::mapRegisters (35 bytes)

GC Heap History (10 events):
Event: 2.814 GC heap before
{Heap before GC invocations=6 (full 0):
 PSYoungGen      total 68608K, used 68577K [0x000000076ab00000, 0x0000000774600000, 0x00000007c0000000)
  eden space 63488K, 100% used [0x000000076ab00000,0x000000076e900000,0x000000076e900000)
  from space 5120K, 99% used [0x000000076e900000,0x000000076edf8530,0x000000076ee00000)
  to   space 15872K, 0% used [0x0000000773680000,0x0000000773680000,0x0000000774600000)
 ParOldGen       total 84992K, used 22207K [0x00000006c0000000, 0x00000006c5300000, 0x000000076ab00000)
  object space 84992K, 26% used [0x00000006c0000000,0x00000006c15afd18,0x00000006c5300000)
 Metaspace       used 6325K, capacity 7216K, committed 7296K, reserved 1056768K
  class space    used 585K, capacity 616K, committed 640K, reserved 1048576K
Event: 2.854 GC heap after
Heap after GC invocations=6 (full 0):
 PSYoungGen      total 141312K, used 14097K [0x000000076ab00000, 0x0000000774900000, 0x00000007c0000000)
  eden space 125440K, 0% used [0x000000076ab00000,0x000000076ab00000,0x0000000772580000)
  from space 15872K, 88% used [0x0000000773680000,0x0000000774444520,0x0000000774600000)
  to   space 17408K, 0% used [0x0000000772580000,0x0000000772580000,0x0000000773680000)
 ParOldGen       total 84992K, used 22207K [0x00000006c0000000, 0x00000006c5300000, 0x000000076ab00000)
  object space 84992K, 26% used [0x00000006c0000000,0x00000006c15afd18,0x00000006c5300000)
 Metaspace       used 6325K, capacity 7216K, committed 7296K, reserved 1056768K
  class space    used 585K, capacity 616K, committed 640K, reserved 1048576K
}
Event: 3.308 GC heap before
{Heap before GC invocations=7 (full 0):
 PSYoungGen      total 141312K, used 139537K [0x000000076ab00000, 0x0000000774900000, 0x00000007c0000000)
  eden space 125440K, 100% used [0x000000076ab00000,0x0000000772580000,0x0000000772580000)
  from space 15872K, 88% used [0x0000000773680000,0x0000000774444520,0x0000000774600000)
  to   space 17408K, 0% used [0x0000000772580000,0x0000000772580000,0x0000000773680000)
 ParOldGen       total 84992K, used 22207K [0x00000006c0000000, 0x00000006c5300000, 0x000000076ab00000)
  object space 84992K, 26% used [0x00000006c0000000,0x00000006c15afd18,0x00000006c5300000)
 Metaspace       used 6381K, capacity 7216K, committed 7296K, reserved 1056768K
  class space    used 589K, capacity 616K, committed 640K, reserved 1048576K
Event: 3.383 GC heap after
Heap after GC invocations=7 (full 0):
 PSYoungGen      total 142848K, used 17392K [0x000000076ab00000, 0x000000077d400000, 0x00000007c0000000)
  eden space 125440K, 0% used [0x000000076ab00000,0x000000076ab00000,0x0000000772580000)
  from space 17408K, 99% used [0x0000000772580000,0x000000077367c3a0,0x0000000773680000)
  to   space 26624K, 0% used [0x000000077ba00000,0x000000077ba00000,0x000000077d400000)
 ParOldGen       total 84992K, used 35370K [0x00000006c0000000, 0x00000006c5300000, 0x000000076ab00000)
  object space 84992K, 41% used [0x00000006c0000000,0x00000006c228a9d8,0x00000006c5300000)
 Metaspace       used 6381K, capacity 7216K, committed 7296K, reserved 1056768K
  class space    used 589K, capacity 616K, committed 640K, reserved 1048576K
}
Event: 3.664 GC heap before
{Heap before GC invocations=8 (full 0):
 PSYoungGen      total 142848K, used 142832K [0x000000076ab00000, 0x000000077d400000, 0x00000007c0000000)
  eden space 125440K, 100% used [0x000000076ab00000,0x0000000772580000,0x0000000772580000)
  from space 17408K, 99% used [0x0000000772580000,0x000000077367c3a0,0x0000000773680000)
  to   space 26624K, 0% used [0x000000077ba00000,0x000000077ba00000,0x000000077d400000)
 ParOldGen       total 84992K, used 35370K [0x00000006c0000000, 0x00000006c5300000, 0x000000076ab00000)
  object space 84992K, 41% used [0x00000006c0000000,0x00000006c228a9d8,0x00000006c5300000)
 Metaspace       used 6389K, capacity 7216K, committed 7296K, reserved 1056768K
  class space    used 589K, capacity 616K, committed 640K, reserved 1048576K
Event: 3.723 GC heap after
Heap after GC invocations=8 (full 0):
 PSYoungGen      total 271872K, used 26623K [0x000000076ab00000, 0x000000077df00000, 0x00000007c0000000)
  eden space 245248K, 0% used [0x000000076ab00000,0x000000076ab00000,0x0000000779a80000)
  from space 26624K, 99% used [0x000000077ba00000,0x000000077d3ffca0,0x000000077d400000)
  to   space 32256K, 0% used [0x0000000779a80000,0x0000000779a80000,0x000000077ba00000)
 ParOldGen       total 84992K, used 38779K [0x00000006c0000000, 0x00000006c5300000, 0x000000076ab00000)
  object space 84992K, 45% used [0x00000006c0000000,0x00000006c25dedd0,0x00000006c5300000)
 Metaspace       used 6389K, capacity 7216K, committed 7296K, reserved 1056768K
  class space    used 589K, capacity 616K, committed 640K, reserved 1048576K
}
Event: 4.670 GC heap before
{Heap before GC invocations=9 (full 0):
 PSYoungGen      total 271872K, used 271871K [0x000000076ab00000, 0x000000077df00000, 0x00000007c0000000)
  eden space 245248K, 100% used [0x000000076ab00000,0x0000000779a80000,0x0000000779a80000)
  from space 26624K, 99% used [0x000000077ba00000,0x000000077d3ffca0,0x000000077d400000)
  to   space 32256K, 0% used [0x0000000779a80000,0x0000000779a80000,0x000000077ba00000)
 ParOldGen       total 84992K, used 38779K [0x00000006c0000000, 0x00000006c5300000, 0x000000076ab00000)
  object space 84992K, 45% used [0x00000006c0000000,0x00000006c25dedd0,0x00000006c5300000)
 Metaspace       used 6407K, capacity 7216K, committed 7296K, reserved 1056768K
  class space    used 589K, capacity 616K, committed 640K, reserved 1048576K
Event: 4.784 GC heap after
Heap after GC invocations=9 (full 0):
 PSYoungGen      total 277504K, used 32245K [0x000000076ab00000, 0x0000000788880000, 0x00000007c0000000)
  eden space 245248K, 0% used [0x000000076ab00000,0x000000076ab00000,0x0000000779a80000)
  from space 32256K, 99% used [0x0000000779a80000,0x000000077b9fd490,0x000000077ba00000)
  to   space 48128K, 0% used [0x0000000785980000,0x0000000785980000,0x0000000788880000)
 ParOldGen       total 84992K, used 64697K [0x00000006c0000000, 0x00000006c5300000, 0x000000076ab00000)
  object space 84992K, 76% used [0x00000006c0000000,0x00000006c3f2e720,0x00000006c5300000)
 Metaspace       used 6407K, capacity 7216K, committed 7296K, reserved 1056768K
  class space    used 589K, capacity 616K, committed 640K, reserved 1048576K
}
Event: 4.784 GC heap before
{Heap before GC invocations=10 (full 1):
 PSYoungGen      total 277504K, used 32245K [0x000000076ab00000, 0x0000000788880000, 0x00000007c0000000)
  eden space 245248K, 0% used [0x000000076ab00000,0x000000076ab00000,0x0000000779a80000)
  from space 32256K, 99% used [0x0000000779a80000,0x000000077b9fd490,0x000000077ba00000)
  to   space 48128K, 0% used [0x0000000785980000,0x0000000785980000,0x0000000788880000)
 ParOldGen       total 84992K, used 64697K [0x00000006c0000000, 0x00000006c5300000, 0x000000076ab00000)
  object space 84992K, 76% used [0x00000006c0000000,0x00000006c3f2e720,0x00000006c5300000)
 Metaspace       used 6407K, capacity 7216K, committed 7296K, reserved 1056768K
  class space    used 589K, capacity 616K, committed 640K, reserved 1048576K
Event: 5.353 GC heap after
Heap after GC invocations=10 (full 1):
 PSYoungGen      total 277504K, used 6114K [0x000000076ab00000, 0x0000000788880000, 0x00000007c0000000)
  eden space 245248K, 0% used [0x000000076ab00000,0x000000076ab00000,0x0000000779a80000)
  from space 32256K, 18% used [0x0000000779a80000,0x000000077a0789c8,0x000000077ba00000)
  to   space 48128K, 0% used [0x0000000785980000,0x0000000785980000,0x0000000788880000)
 ParOldGen       total 153088K, used 84881K [0x00000006c0000000, 0x00000006c9580000, 0x000000076ab00000)
  object space 153088K, 55% used [0x00000006c0000000,0x00000006c52e47f8,0x00000006c9580000)
 Metaspace       used 6407K, capacity 7216K, committed 7296K, reserved 1056768K
  class space    used 589K, capacity 616K, committed 640K, reserved 1048576K
}

Deoptimization events (10 events):
Event: 3.010 Thread 0x000000001fcbd800 Uncommon trap: reason=unstable_if action=reinterpret pc=0x000000000549c814 method=com.android.dx.ssa.SsaMethod.onInsnRemoved(Lcom/android/dx/ssa/SsaInsn;)V @ 29
Event: 3.025 Thread 0x000000001fcbd800 Uncommon trap: reason=unstable_if action=reinterpret pc=0x00000000056296ac method=com.android.dx.ssa.DeadCodeRemover.pruneDeadInstructions()V @ 49
Event: 3.196 Thread 0x000000001fcbb800 Uncommon trap: reason=unstable_if action=reinterpret pc=0x000000000557086c method=java.util.HashMap.putVal(ILjava/lang/Object;Ljava/lang/Object;ZZ)Ljava/lang/Object; @ 109
Event: 3.394 Thread 0x000000001fcbd800 Uncommon trap: reason=unstable_if action=reinterpret pc=0x0000000005640610 method=com.android.dx.rop.code.RegisterSpecSet.<init>(I)V @ 2
Event: 3.394 Thread 0x000000001fcbd800 Uncommon trap: reason=unstable_if action=reinterpret pc=0x00000000051b8d4c method=com.android.dx.rop.code.RegisterSpecSet.<init>(I)V @ 2
Event: 4.125 Thread 0x000000001fcbd800 Uncommon trap: reason=class_check action=maybe_recompile pc=0x000000000551be28 method=com.android.dx.ssa.SCCP.simulateBranch(Lcom/android/dx/ssa/SsaInsn;)V @ 339
Event: 4.125 Thread 0x000000001fcbd800 Uncommon trap: reason=class_check action=maybe_recompile pc=0x000000000551be28 method=com.android.dx.ssa.SCCP.simulateBranch(Lcom/android/dx/ssa/SsaInsn;)V @ 339
Event: 4.126 Thread 0x000000001fcbc000 Uncommon trap: reason=class_check action=maybe_recompile pc=0x000000000551be28 method=com.android.dx.ssa.SCCP.simulateBranch(Lcom/android/dx/ssa/SsaInsn;)V @ 339
Event: 4.132 Thread 0x000000001fcbc000 Uncommon trap: reason=class_check action=maybe_recompile pc=0x000000000551be28 method=com.android.dx.ssa.SCCP.simulateBranch(Lcom/android/dx/ssa/SsaInsn;)V @ 339
Event: 4.587 Thread 0x000000001fcbd800 Uncommon trap: reason=unstable_if action=reinterpret pc=0x00000000056490e4 method=com.android.dx.ssa.SCCP.simulateStmt(Lcom/android/dx/ssa/SsaInsn;)V @ 435

Internal exceptions (6 events):
Event: 0.030 Thread 0x0000000004d80800 Exception <a 'java/lang/NoSuchMethodError': Method sun.misc.Unsafe.defineClass(Ljava/lang/String;[BII)Ljava/lang/Class; name or signature does not match> (0x000000076ab07c78) thrown at [C:\src\android\AOSP-openjdk\external\jetbrains\jdk\hotspot\src\share\v¬b·ü?
Event: 0.030 Thread 0x0000000004d80800 Exception <a 'java/lang/NoSuchMethodError': Method sun.misc.Unsafe.prefetchRead(Ljava/lang/Object;J)V name or signature does not match> (0x000000076ab07f60) thrown at [C:\src\android\AOSP-openjdk\external\jetbrains\jdk\hotspot\src\share\vm\prims\jni.cpp, leºlÃê†@
Event: 2.453 Thread 0x000000001fcbb800 Exception <a 'java/lang/ArrayIndexOutOfBoundsException': 18> (0x000000076c28e470) thrown at [C:\src\android\AOSP-openjdk\external\jetbrains\jdk\hotspot\src\share\vm\interpreter\interpreterRuntime.cpp, line 366]
Event: 2.454 Thread 0x000000001fcbb800 Exception <a 'java/lang/ArrayIndexOutOfBoundsException': 145> (0x000000076c28fff0) thrown at [C:\src\android\AOSP-openjdk\external\jetbrains\jdk\hotspot\src\share\vm\interpreter\interpreterRuntime.cpp, line 366]
Event: 2.454 Thread 0x000000001fcbb800 Exception <a 'java/lang/ArrayIndexOutOfBoundsException': 40> (0x000000076c2912d8) thrown at [C:\src\android\AOSP-openjdk\external\jetbrains\jdk\hotspot\src\share\vm\interpreter\interpreterRuntime.cpp, line 366]
Event: 3.010 Thread 0x000000001fcbd800 Implicit null exception at 0x000000000549adc2 to 0x000000000549c7dd

Events (10 events):
Event: 5.428 loading class java/util/HashMap$KeyIterator
Event: 5.428 loading class java/util/HashMap$KeyIterator done
Event: 5.428 Thread 0x000000001fcbb800 Thread exited: 0x000000001fcbb800
Event: 5.429 Thread 0x000000001fcb3000 Thread exited: 0x000000001fcb3000
Event: 5.430 Thread 0x000000001fcbc000 Thread exited: 0x000000001fcbc000
Event: 5.439 Thread 0x000000001fcb8800 Thread exited: 0x000000001fcb8800
Event: 5.439 loading class com/android/dx/command/dexer/Main$DexWriter
Event: 5.439 loading class com/android/dx/command/dexer/Main$DexWriter done
Event: 5.439 Thread 0x000000001fcb8800 Thread added: 0x000000001fcb8800
Event: 5.440 Thread 0x000000001fcbd800 Thread exited: 0x000000001fcbd800


Dynamic libraries:
0x00007ff722430000 - 0x00007ff722461000 	C:\Program Files\Android\Android Studio\jre\bin\java.exe
0x00007fffa0ef0000 - 0x00007fffa10d0000 	C:\WINDOWS\SYSTEM32\ntdll.dll
0x00007fff9e8d0000 - 0x00007fff9e97e000 	C:\WINDOWS\System32\KERNEL32.DLL
0x00007fff9de90000 - 0x00007fff9e0f6000 	C:\WINDOWS\System32\KERNELBASE.dll
0x00007fffa09a0000 - 0x00007fffa0a41000 	C:\WINDOWS\System32\ADVAPI32.dll
0x00007fff9f250000 - 0x00007fff9f2ed000 	C:\WINDOWS\System32\msvcrt.dll
0x00007fff9e5c0000 - 0x00007fff9e61b000 	C:\WINDOWS\System32\sechost.dll
0x00007fffa0be0000 - 0x00007fffa0cff000 	C:\WINDOWS\System32\RPCRT4.dll
0x00007fff9e6d0000 - 0x00007fff9e85f000 	C:\WINDOWS\System32\USER32.dll
0x00007fff9d550000 - 0x00007fff9d570000 	C:\WINDOWS\System32\win32u.dll
0x00007fff9e590000 - 0x00007fff9e5b8000 	C:\WINDOWS\System32\GDI32.dll
0x00007fff9e220000 - 0x00007fff9e3b3000 	C:\WINDOWS\System32\gdi32full.dll
0x00007fff9e100000 - 0x00007fff9e19b000 	C:\WINDOWS\System32\msvcp_win.dll
0x00007fff9d3a0000 - 0x00007fff9d496000 	C:\WINDOWS\System32\ucrtbase.dll
0x00007fff8cf90000 - 0x00007fff8d1f9000 	C:\WINDOWS\WinSxS\amd64_microsoft.windows.common-controls_6595b64144ccf1df_6.0.16299.125_none_15cbcf8893620c09\COMCTL32.dll
0x00007fff9ef40000 - 0x00007fff9f248000 	C:\WINDOWS\System32\combase.dll
0x00007fff9e1a0000 - 0x00007fff9e212000 	C:\WINDOWS\System32\bcryptPrimitives.dll
0x00007fff9e560000 - 0x00007fff9e58d000 	C:\WINDOWS\System32\IMM32.DLL
0x0000000068fc0000 - 0x0000000069092000 	C:\Program Files\Android\Android Studio\jre\jre\bin\msvcr100.dll
0x00000000680a0000 - 0x00000000688dc000 	C:\Program Files\Android\Android Studio\jre\jre\bin\server\jvm.dll
0x00007fff9f2f0000 - 0x00007fff9f2f8000 	C:\WINDOWS\System32\PSAPI.DLL
0x00007fff98b70000 - 0x00007fff98b79000 	C:\WINDOWS\SYSTEM32\WSOCK32.dll
0x00007fffa0930000 - 0x00007fffa099c000 	C:\WINDOWS\System32\WS2_32.dll
0x00007fff99350000 - 0x00007fff99373000 	C:\WINDOWS\SYSTEM32\WINMM.dll
0x00007fff9a310000 - 0x00007fff9a31a000 	C:\WINDOWS\SYSTEM32\VERSION.dll
0x00007fff992f0000 - 0x00007fff9931a000 	C:\WINDOWS\SYSTEM32\WINMMBASE.dll
0x00007fff9d2f0000 - 0x00007fff9d33a000 	C:\WINDOWS\System32\cfgmgr32.dll
0x00007fff98b60000 - 0x00007fff98b6f000 	C:\Program Files\Android\Android Studio\jre\jre\bin\verify.dll
0x00007fff8e150000 - 0x00007fff8e179000 	C:\Program Files\Android\Android Studio\jre\jre\bin\java.dll
0x00007fff8e440000 - 0x00007fff8e456000 	C:\Program Files\Android\Android Studio\jre\jre\bin\zip.dll
0x00007fff9f3f0000 - 0x00007fffa0826000 	C:\WINDOWS\System32\SHELL32.dll
0x00007fff9e620000 - 0x00007fff9e6c6000 	C:\WINDOWS\System32\shcore.dll
0x00007fff9d740000 - 0x00007fff9de87000 	C:\WINDOWS\System32\windows.storage.dll
0x00007fffa0830000 - 0x00007fffa0881000 	C:\WINDOWS\System32\shlwapi.dll
0x00007fff9d240000 - 0x00007fff9d251000 	C:\WINDOWS\System32\kernel.appcore.dll
0x00007fff9d2a0000 - 0x00007fff9d2ec000 	C:\WINDOWS\System32\powrprof.dll
0x00007fff9d280000 - 0x00007fff9d29b000 	C:\WINDOWS\System32\profapi.dll

VM Arguments:
jvm_args: -Djava.awt.headless=true -Xmx4g -Dfile.encoding=GBK -Duser.country=CN -Duser.language=zh -Duser.variant 
java_command: com.android.dx.command.Main --dex --force-jumbo --num-threads=4 --multi-dex --output D:\works\ZYJXObject\app\build\intermediates\transforms\dex\debug\folders\1000\8\com.umeng.message_3.1.2a_6baf23660c2f2662dfa9ab20f0760896903d989a D:\works\ZYJXObject\PushSDK\build\intermediates\bundles\default\libs\com.umeng.message_3.1.2a.jar
java_class_path (initial): C:\Users\User\AppData\Local\Android\sdk\build-tools\26.0.0\lib\dx.jar
Launcher Type: SUN_STANDARD

Environment Variables:
JAVA_HOME=C:\Program Files\Java\jdk1.8.0_45
PATH=C:\ProgramData\Oracle\Java\javapath;C:\WINDOWS\system32;C:\WINDOWS;C:\WINDOWS\System32\Wbem;C:\WINDOWS\System32\WindowsPowerShell\v1.0\;C:\Program Files\Java\jdk1.8.0_45\bin;C:\Program Files\Java\jdk1.8.0_45\jre\bin;C:\Program Files (x86)\GtkSharp\2.12\bin;C:\Users\User\AppData\Local\Microsoft\WindowsApps;C:\Users\User\AppData\Local\GitHubDesktop\bin
USERNAME=User
OS=Windows_NT
PROCESSOR_IDENTIFIER=Intel64 Family 6 Model 158 Stepping 9, GenuineIntel



---------------  S Y S T E M  ---------------

OS: Windows 10.0 , 64 bit Build 16299 (10.0.16299.15)

CPU:total 4 (4 cores per cpu, 1 threads per core) family 6 model 158 stepping 9, cmov, cx8, fxsr, mmx, sse, sse2, sse3, ssse3, sse4.1, sse4.2, popcnt, avx, avx2, aes, clmul, erms, 3dnowpref, lzcnt, tsc, tscinvbit, bmi1, bmi2, adx

Memory: 4k page, physical 8071812k(2021460k free), swap 33237636k(4420k free)

vm_info: OpenJDK 64-Bit Server VM (25.112-b06) for windows-amd64 JRE (1.8.0_112-release-b06), built on Dec  8 2016 00:54:26 by "builder" with MS VC++ 10.0 (VS2010)

time: Fri Jan 19 17:31:27 2018
elapsed time: 5 seconds (0d 0h 0m 5s)

