#
# There is insufficient memory for the Java Runtime Environment to continue.
# Native memory allocation (malloc) failed to allocate 607616 bytes for Chunk::new
# Possible reasons:
#   The system is out of physical RAM or swap space
#   In 32 bit mode, the process size limit was hit
# Possible solutions:
#   Reduce memory load on the system
#   Increase physical memory or swap space
#   Check if swap backing store is full
#   Use 64 bit Java on a 64 bit OS
#   Decrease Java heap size (-Xmx/-Xms)
#   Decrease number of Java threads
#   Decrease Java thread stack sizes (-Xss)
#   Set larger code cache with -XX:ReservedCodeCacheSize=
# This output file may be truncated or incomplete.
#
#  Out of Memory Error (allocation.cpp:390), pid=11584, tid=0x0000000000002df8
#
# JRE version: OpenJDK Runtime Environment (8.0_112-b06) (build 1.8.0_112-release-b06)
# Java VM: OpenJDK 64-Bit Server VM (25.112-b06 mixed mode windows-amd64 compressed oops)
# Failed to write core dump. Minidumps are not enabled by default on client versions of Windows
#

---------------  T H R E A D  ---------------

Current thread (0x000000001f728800):  JavaThread "C2 CompilerThread1" daemon [_thread_in_native, id=11768, stack(0x000000001fdd0000,0x000000001fed0000)]

Stack: [0x000000001fdd0000,0x000000001fed0000]
[error occurred during error reporting (printing stack bounds), id 0xc0000005]

Native frames: (J=compiled Java code, j=interpreted, Vv=VM code, C=native code)


Current CompileTask:
C2:   1493 1560       4       com.android.dx.ssa.SCCP::simulateStmt (481 bytes)


---------------  P R O C E S S  ---------------

Java Threads: ( => current thread )
  0x000000001fa54000 JavaThread "pool-2-thread-4" [_thread_in_Java, id=936, stack(0x00000000205d0000,0x00000000206d0000)]
  0x000000001f9b9000 JavaThread "pool-2-thread-3" [_thread_blocked, id=9196, stack(0x00000000204d0000,0x00000000205d0000)]
  0x000000001f9b4000 JavaThread "pool-2-thread-2" [_thread_blocked, id=13708, stack(0x00000000203d0000,0x00000000204d0000)]
  0x000000001f9b1800 JavaThread "pool-3-thread-1" [_thread_blocked, id=968, stack(0x00000000202d0000,0x00000000203d0000)]
  0x000000001f989800 JavaThread "pool-2-thread-1" [_thread_in_Java, id=6540, stack(0x00000000201d0000,0x00000000202d0000)]
  0x000000001f730800 JavaThread "Service Thread" daemon [_thread_blocked, id=10652, stack(0x000000001ffd0000,0x00000000200d0000)]
  0x000000001f72b800 JavaThread "C1 CompilerThread2" daemon [_thread_blocked, id=9172, stack(0x000000001fed0000,0x000000001ffd0000)]
=>0x000000001f728800 JavaThread "C2 CompilerThread1" daemon [_thread_in_native, id=11768, stack(0x000000001fdd0000,0x000000001fed0000)]
  0x000000001e25a800 JavaThread "C2 CompilerThread0" daemon [_thread_in_native, id=14140, stack(0x000000001fcd0000,0x000000001fdd0000)]
  0x000000001e1f9000 JavaThread "Attach Listener" daemon [_thread_blocked, id=6852, stack(0x000000001fbd0000,0x000000001fcd0000)]
  0x000000001e215800 JavaThread "Signal Dispatcher" daemon [_thread_blocked, id=4760, stack(0x000000001fad0000,0x000000001fbd0000)]
  0x0000000004adc000 JavaThread "Finalizer" daemon [_thread_blocked, id=11456, stack(0x000000001f470000,0x000000001f570000)]
  0x0000000004ad1000 JavaThread "Reference Handler" daemon [_thread_blocked, id=15064, stack(0x000000001f370000,0x000000001f470000)]
  0x00000000049e0800 JavaThread "main" [_thread_in_Java, id=3012, stack(0x00000000048e0000,0x00000000049e0000)]

Other Threads:
  0x000000001e1c5800 VMThread [stack: 0x000000001f270000,0x000000001f370000] [id=9500]
  0x000000001f732000 WatcherThread [stack: 0x00000000200d0000,0x00000000201d0000] [id=14764]

VM state:not at safepoint (normal execution)

VM Mutex/Monitor currently owned by a thread: None

Heap:
 PSYoungGen      total 68608K, used 65127K [0x000000076ab00000, 0x000000076f300000, 0x00000007c0000000)
  eden space 63488K, 94% used [0x000000076ab00000,0x000000076e59be60,0x000000076e900000)
  from space 5120K, 99% used [0x000000076e900000,0x000000076edfe048,0x000000076ee00000)
  to   space 5120K, 0% used [0x000000076ee00000,0x000000076ee00000,0x000000076f300000)
 ParOldGen       total 84992K, used 11390K [0x00000006c0000000, 0x00000006c5300000, 0x000000076ab00000)
  object space 84992K, 13% used [0x00000006c0000000,0x00000006c0b1fb68,0x00000006c5300000)
 Metaspace       used 6201K, capacity 7088K, committed 7296K, reserved 1056768K
  class space    used 584K, capacity 616K, committed 640K, reserved 1048576K

Card table byte_map: [0x0000000013ea0000,0x00000000146b0000] byte_map_base: 0x00000000108a0000

Marking Bits: (ParMarkBitMap*) 0x00000000688618f0
 Begin Bits: [0x0000000015010000, 0x0000000019010000)
 End Bits:   [0x0000000019010000, 0x000000001d010000)

Polling page: 0x0000000002c70000

CodeCache: size=245760Kb used=6570Kb max_used=6578Kb free=239189Kb
 bounds [0x0000000004ae0000, 0x0000000005160000, 0x0000000013ae0000]
 total_blobs=1898 nmethods=1633 adapters=178
 compilation: enabled

Compilation events (10 events):
Event: 1.275 Thread 0x000000001e25a800 nmethod 1692 0x000000000513a610 code [0x000000000513a760, 0x000000000513a938]
Event: 1.275 Thread 0x000000001e25a800 1658       4       com.android.dx.ssa.SsaMethod::computeReachability (131 bytes)
Event: 1.294 Thread 0x000000001e25a800 nmethod 1658 0x0000000005142810 code [0x00000000051429c0, 0x0000000005143838]
Event: 1.294 Thread 0x000000001e25a800 1545   !   4       com.android.dx.cf.code.Ropper::processBlock (1101 bytes)
Event: 1.359 Thread 0x000000001f728800 nmethod 1561 0x0000000005149dd0 code [0x000000000514a2a0, 0x000000000514de60]
Event: 1.359 Thread 0x000000001f728800 1595       4       com.android.dx.ssa.MoveParamCombiner$1::visitNonMoveInsn (213 bytes)
Event: 1.388 Thread 0x000000001f728800 nmethod 1595 0x00000000051531d0 code [0x00000000051534a0, 0x0000000005154d70]
Event: 1.388 Thread 0x000000001f728800 1577       4       com.android.dx.rop.cst.Constant::compareTo (9 bytes)
Event: 1.389 Thread 0x000000001f728800 nmethod 1577 0x0000000005138b10 code [0x0000000005138c80, 0x0000000005138ef8]
Event: 1.389 Thread 0x000000001f728800 1560       4       com.android.dx.ssa.SCCP::simulateStmt (481 bytes)

GC Heap History (6 events):
Event: 0.580 GC heap before
{Heap before GC invocations=1 (full 0):
 PSYoungGen      total 36864K, used 31744K [0x000000076ab00000, 0x000000076d400000, 0x00000007c0000000)
  eden space 31744K, 100% used [0x000000076ab00000,0x000000076ca00000,0x000000076ca00000)
  from space 5120K, 0% used [0x000000076cf00000,0x000000076cf00000,0x000000076d400000)
  to   space 5120K, 0% used [0x000000076ca00000,0x000000076ca00000,0x000000076cf00000)
 ParOldGen       total 84992K, used 0K [0x00000006c0000000, 0x00000006c5300000, 0x000000076ab00000)
  object space 84992K, 0% used [0x00000006c0000000,0x00000006c0000000,0x00000006c5300000)
 Metaspace       used 5758K, capacity 6832K, committed 7040K, reserved 1056768K
  class space    used 559K, capacity 616K, committed 640K, reserved 1048576K
Event: 0.603 GC heap after
Heap after GC invocations=1 (full 0):
 PSYoungGen      total 36864K, used 5106K [0x000000076ab00000, 0x000000076f300000, 0x00000007c0000000)
  eden space 31744K, 0% used [0x000000076ab00000,0x000000076ab00000,0x000000076ca00000)
  from space 5120K, 99% used [0x000000076ca00000,0x000000076cefca48,0x000000076cf00000)
  to   space 5120K, 0% used [0x000000076ee00000,0x000000076ee00000,0x000000076f300000)
 ParOldGen       total 84992K, used 395K [0x00000006c0000000, 0x00000006c5300000, 0x000000076ab00000)
  object space 84992K, 0% used [0x00000006c0000000,0x00000006c0062e20,0x00000006c5300000)
 Metaspace       used 5758K, capacity 6832K, committed 7040K, reserved 1056768K
  class space    used 559K, capacity 616K, committed 640K, reserved 1048576K
}
Event: 0.765 GC heap before
{Heap before GC invocations=2 (full 0):
 PSYoungGen      total 36864K, used 36850K [0x000000076ab00000, 0x000000076f300000, 0x00000007c0000000)
  eden space 31744K, 100% used [0x000000076ab00000,0x000000076ca00000,0x000000076ca00000)
  from space 5120K, 99% used [0x000000076ca00000,0x000000076cefca48,0x000000076cf00000)
  to   space 5120K, 0% used [0x000000076ee00000,0x000000076ee00000,0x000000076f300000)
 ParOldGen       total 84992K, used 395K [0x00000006c0000000, 0x00000006c5300000, 0x000000076ab00000)
  object space 84992K, 0% used [0x00000006c0000000,0x00000006c0062e20,0x00000006c5300000)
 Metaspace       used 5969K, capacity 7024K, committed 7296K, reserved 1056768K
  class space    used 565K, capacity 616K, committed 640K, reserved 1048576K
Event: 0.774 GC heap after
Heap after GC invocations=2 (full 0):
 PSYoungGen      total 68608K, used 5090K [0x000000076ab00000, 0x000000076f300000, 0x00000007c0000000)
  eden space 63488K, 0% used [0x000000076ab00000,0x000000076ab00000,0x000000076e900000)
  from space 5120K, 99% used [0x000000076ee00000,0x000000076f2f8ae8,0x000000076f300000)
  to   space 5120K, 0% used [0x000000076e900000,0x000000076e900000,0x000000076ee00000)
 ParOldGen       total 84992K, used 3416K [0x00000006c0000000, 0x00000006c5300000, 0x000000076ab00000)
  object space 84992K, 4% used [0x00000006c0000000,0x00000006c0356378,0x00000006c5300000)
 Metaspace       used 5969K, capacity 7024K, committed 7296K, reserved 1056768K
  class space    used 565K, capacity 616K, committed 640K, reserved 1048576K
}
Event: 1.152 GC heap before
{Heap before GC invocations=3 (full 0):
 PSYoungGen      total 68608K, used 68578K [0x000000076ab00000, 0x000000076f300000, 0x00000007c0000000)
  eden space 63488K, 100% used [0x000000076ab00000,0x000000076e900000,0x000000076e900000)
  from space 5120K, 99% used [0x000000076ee00000,0x000000076f2f8ae8,0x000000076f300000)
  to   space 5120K, 0% used [0x000000076e900000,0x000000076e900000,0x000000076ee00000)
 ParOldGen       total 84992K, used 3416K [0x00000006c0000000, 0x00000006c5300000, 0x000000076ab00000)
  object space 84992K, 4% used [0x00000006c0000000,0x00000006c0356378,0x00000006c5300000)
 Metaspace       used 6061K, capacity 7088K, committed 7296K, reserved 1056768K
  class space    used 565K, capacity 616K, committed 640K, reserved 1048576K
Event: 1.168 GC heap after
Heap after GC invocations=3 (full 0):
 PSYoungGen      total 68608K, used 5112K [0x000000076ab00000, 0x000000076f300000, 0x00000007c0000000)
  eden space 63488K, 0% used [0x000000076ab00000,0x000000076ab00000,0x000000076e900000)
  from space 5120K, 99% used [0x000000076e900000,0x000000076edfe048,0x000000076ee00000)
  to   space 5120K, 0% used [0x000000076ee00000,0x000000076ee00000,0x000000076f300000)
 ParOldGen       total 84992K, used 11390K [0x00000006c0000000, 0x00000006c5300000, 0x000000076ab00000)
  object space 84992K, 13% used [0x00000006c0000000,0x00000006c0b1fb68,0x00000006c5300000)
 Metaspace       used 6061K, capacity 7088K, committed 7296K, reserved 1056768K
  class space    used 565K, capacity 616K, committed 640K, reserved 1048576K
}

Deoptimization events (10 events):
Event: 0.759 Thread 0x00000000049e0800 Uncommon trap: reason=class_check action=maybe_recompile pc=0x0000000004ef3498 method=java.util.HashMap.putVal(ILjava/lang/Object;Ljava/lang/Object;ZZ)Ljava/lang/Object; @ 203
Event: 0.759 Thread 0x00000000049e0800 Uncommon trap: reason=bimorphic action=maybe_recompile pc=0x0000000004d16754 method=java.util.HashMap.getNode(ILjava/lang/Object;)Ljava/util/HashMap$Node; @ 126
Event: 0.759 Thread 0x00000000049e0800 Uncommon trap: reason=class_check action=maybe_recompile pc=0x0000000004ef3498 method=java.util.HashMap.putVal(ILjava/lang/Object;Ljava/lang/Object;ZZ)Ljava/lang/Object; @ 203
Event: 0.759 Thread 0x00000000049e0800 Uncommon trap: reason=bimorphic action=maybe_recompile pc=0x0000000004da352c method=java.util.HashMap.getNode(ILjava/lang/Object;)Ljava/util/HashMap$Node; @ 126
Event: 0.820 Thread 0x000000001f9b9000 Uncommon trap: reason=class_check action=maybe_recompile pc=0x0000000004d78bd8 method=com.android.dx.ssa.NormalSsaInsn.accept(Lcom/android/dx/ssa/SsaInsn$Visitor;)V @ 9
Event: 1.079 Thread 0x000000001f989800 Uncommon trap: reason=uninitialized action=reinterpret pc=0x00000000050b7a90 method=com.android.dx.cf.code.BytecodeArray.parseInstruction(ILcom/android/dx/cf/code/BytecodeArray$Visitor;)I @ 1063
Event: 1.107 Thread 0x000000001f9b4000 Uncommon trap: reason=unstable_if action=reinterpret pc=0x00000000050b12dc method=java.util.HashMap.putVal(ILjava/lang/Object;Ljava/lang/Object;ZZ)Ljava/lang/Object; @ 94
Event: 1.207 Thread 0x000000001f9b9000 Uncommon trap: reason=unstable_if action=reinterpret pc=0x0000000004edc468 method=com.android.dx.cf.code.Merger.mergeType(Lcom/android/dx/rop/type/TypeBearer;Lcom/android/dx/rop/type/TypeBearer;)Lcom/android/dx/rop/type/TypeBearer; @ 52
Event: 1.236 Thread 0x000000001fa54000 Uncommon trap: reason=unstable_if action=reinterpret pc=0x0000000004df9ce0 method=java.util.HashMap.putVal(ILjava/lang/Object;Ljava/lang/Object;ZZ)Ljava/lang/Object; @ 162
Event: 1.239 Thread 0x000000001fa54000 Uncommon trap: reason=unstable_if action=reinterpret pc=0x00000000050b1fa4 method=java.util.HashMap.getNode(ILjava/lang/Object;)Ljava/util/HashMap$Node; @ 84

Internal exceptions (5 events):
Event: 0.030 Thread 0x00000000049e0800 Exception <a 'java/lang/NoSuchMethodError': Method sun.misc.Unsafe.defineClass(Ljava/lang/String;[BII)Ljava/lang/Class; name or signature does not match> (0x000000076ab07c78) thrown at [C:\src\android\AOSP-openjdk\external\jetbrains\jdk\hotspot\src\share\v9K8•¡§û?
Event: 0.030 Thread 0x00000000049e0800 Exception <a 'java/lang/NoSuchMethodError': Method sun.misc.Unsafe.prefetchRead(Ljava/lang/Object;J)V name or signature does not match> (0x000000076ab07f60) thrown at [C:\src\android\AOSP-openjdk\external\jetbrains\jdk\hotspot\src\share\vm\prims\jni.cpp, lgrièŒÛ?
Event: 1.238 Thread 0x000000001fa54000 Exception <a 'java/lang/ArrayIndexOutOfBoundsException': 18> (0x000000076c74d2b8) thrown at [C:\src\android\AOSP-openjdk\external\jetbrains\jdk\hotspot\src\share\vm\interpreter\interpreterRuntime.cpp, line 366]
Event: 1.238 Thread 0x000000001fa54000 Exception <a 'java/lang/ArrayIndexOutOfBoundsException': 145> (0x000000076c74ee38) thrown at [C:\src\android\AOSP-openjdk\external\jetbrains\jdk\hotspot\src\share\vm\interpreter\interpreterRuntime.cpp, line 366]
Event: 1.238 Thread 0x000000001fa54000 Exception <a 'java/lang/ArrayIndexOutOfBoundsException'> (0x000000076c750120) thrown at [C:\src\android\AOSP-openjdk\external\jetbrains\jdk\hotspot\src\share\vm\runtime\sharedRuntime.cpp, line 605]

Events (10 events):
Event: 1.245 Thread 0x00000000049e0800 DEOPT PACKING pc=0x0000000004e78ce1 sp=0x00000000049de410
Event: 1.245 Thread 0x00000000049e0800 DEOPT UNPACKING pc=0x0000000004b275bf sp=0x00000000049de1d8 mode 0
Event: 1.257 Thread 0x00000000049e0800 DEOPT PACKING pc=0x0000000004e78f9c sp=0x00000000049de410
Event: 1.257 Thread 0x00000000049e0800 DEOPT UNPACKING pc=0x0000000004b275bf sp=0x00000000049de1d8 mode 0
Event: 1.261 Thread 0x00000000049e0800 DEOPT PACKING pc=0x0000000004e78f9c sp=0x00000000049de540
Event: 1.261 Thread 0x00000000049e0800 DEOPT UNPACKING pc=0x0000000004b275bf sp=0x00000000049de308 mode 0
Event: 1.269 Thread 0x000000001fa54000 DEOPT PACKING pc=0x0000000004e78fb3 sp=0x00000000206ce550
Event: 1.269 Thread 0x000000001fa54000 DEOPT UNPACKING pc=0x0000000004b275bf sp=0x00000000206ce318 mode 0
Event: 1.269 Thread 0x000000001fa54000 DEOPT PACKING pc=0x00000000050522bb sp=0x00000000206ce650
Event: 1.269 Thread 0x000000001fa54000 DEOPT UNPACKING pc=0x0000000004b275bf sp=0x00000000206ce400 mode 0


Dynamic libraries:
0x00007ff722430000 - 0x00007ff722461000 	C:\Program Files\Android\Android Studio\jre\bin\java.exe
0x00007fffa0ef0000 - 0x00007fffa10d0000 	C:\WINDOWS\SYSTEM32\ntdll.dll
0x00007fff9e8d0000 - 0x00007fff9e97e000 	C:\WINDOWS\System32\KERNEL32.DLL
0x00007fff9de90000 - 0x00007fff9e0f6000 	C:\WINDOWS\System32\KERNELBASE.dll
0x00007fffa09a0000 - 0x00007fffa0a41000 	C:\WINDOWS\System32\ADVAPI32.dll
0x00007fff9f250000 - 0x00007fff9f2ed000 	C:\WINDOWS\System32\msvcrt.dll
0x00007fff9e5c0000 - 0x00007fff9e61b000 	C:\WINDOWS\System32\sechost.dll
0x00007fffa0be0000 - 0x00007fffa0cff000 	C:\WINDOWS\System32\RPCRT4.dll
0x00007fff9e6d0000 - 0x00007fff9e85f000 	C:\WINDOWS\System32\USER32.dll
0x00007fff9d550000 - 0x00007fff9d570000 	C:\WINDOWS\System32\win32u.dll
0x00007fff9e590000 - 0x00007fff9e5b8000 	C:\WINDOWS\System32\GDI32.dll
0x00007fff9e220000 - 0x00007fff9e3b3000 	C:\WINDOWS\System32\gdi32full.dll
0x00007fff9e100000 - 0x00007fff9e19b000 	C:\WINDOWS\System32\msvcp_win.dll
0x00007fff9d3a0000 - 0x00007fff9d496000 	C:\WINDOWS\System32\ucrtbase.dll
0x00007fff8cf90000 - 0x00007fff8d1f9000 	C:\WINDOWS\WinSxS\amd64_microsoft.windows.common-controls_6595b64144ccf1df_6.0.16299.125_none_15cbcf8893620c09\COMCTL32.dll
0x00007fff9ef40000 - 0x00007fff9f248000 	C:\WINDOWS\System32\combase.dll
0x00007fff9e1a0000 - 0x00007fff9e212000 	C:\WINDOWS\System32\bcryptPrimitives.dll
0x00007fff9e560000 - 0x00007fff9e58d000 	C:\WINDOWS\System32\IMM32.DLL
0x0000000068fc0000 - 0x0000000069092000 	C:\Program Files\Android\Android Studio\jre\jre\bin\msvcr100.dll
0x00000000680a0000 - 0x00000000688dc000 	C:\Program Files\Android\Android Studio\jre\jre\bin\server\jvm.dll
0x00007fff9f2f0000 - 0x00007fff9f2f8000 	C:\WINDOWS\System32\PSAPI.DLL
0x00007fff98b70000 - 0x00007fff98b79000 	C:\WINDOWS\SYSTEM32\WSOCK32.dll
0x00007fffa0930000 - 0x00007fffa099c000 	C:\WINDOWS\System32\WS2_32.dll
0x00007fff99350000 - 0x00007fff99373000 	C:\WINDOWS\SYSTEM32\WINMM.dll
0x00007fff9a310000 - 0x00007fff9a31a000 	C:\WINDOWS\SYSTEM32\VERSION.dll
0x00007fff992f0000 - 0x00007fff9931a000 	C:\WINDOWS\SYSTEM32\WINMMBASE.dll
0x00007fff9d2f0000 - 0x00007fff9d33a000 	C:\WINDOWS\System32\cfgmgr32.dll
0x00007fff98b60000 - 0x00007fff98b6f000 	C:\Program Files\Android\Android Studio\jre\jre\bin\verify.dll
0x00007fff8e150000 - 0x00007fff8e179000 	C:\Program Files\Android\Android Studio\jre\jre\bin\java.dll
0x00007fff8e440000 - 0x00007fff8e456000 	C:\Program Files\Android\Android Studio\jre\jre\bin\zip.dll
0x00007fff9f3f0000 - 0x00007fffa0826000 	C:\WINDOWS\System32\SHELL32.dll
0x00007fff9e620000 - 0x00007fff9e6c6000 	C:\WINDOWS\System32\shcore.dll
0x00007fff9d740000 - 0x00007fff9de87000 	C:\WINDOWS\System32\windows.storage.dll
0x00007fffa0830000 - 0x00007fffa0881000 	C:\WINDOWS\System32\shlwapi.dll
0x00007fff9d240000 - 0x00007fff9d251000 	C:\WINDOWS\System32\kernel.appcore.dll
0x00007fff9d2a0000 - 0x00007fff9d2ec000 	C:\WINDOWS\System32\powrprof.dll
0x00007fff9d280000 - 0x00007fff9d29b000 	C:\WINDOWS\System32\profapi.dll

VM Arguments:
jvm_args: -Djava.awt.headless=true -Xmx4g -Dfile.encoding=GBK -Duser.country=CN -Duser.language=zh -Duser.variant 
java_command: com.android.dx.command.Main --dex --force-jumbo --num-threads=4 --multi-dex --output D:\works\ZYJXObject\app\build\intermediates\transforms\dex\debug\folders\1000\8\BaiduLBS_Android_e819e1c08187a6cf8686960077d863c364b5309a D:\works\ZYJXObject\easeui\build\intermediates\bundles\default\libs\BaiduLBS_Android.jar
java_class_path (initial): C:\Users\User\AppData\Local\Android\sdk\build-tools\26.0.0\lib\dx.jar
Launcher Type: SUN_STANDARD

Environment Variables:
JAVA_HOME=C:\Program Files\Java\jdk1.8.0_45
PATH=C:\ProgramData\Oracle\Java\javapath;C:\WINDOWS\system32;C:\WINDOWS;C:\WINDOWS\System32\Wbem;C:\WINDOWS\System32\WindowsPowerShell\v1.0\;C:\Program Files\Java\jdk1.8.0_45\bin;C:\Program Files\Java\jdk1.8.0_45\jre\bin;C:\Program Files (x86)\GtkSharp\2.12\bin;C:\Users\User\AppData\Local\Microsoft\WindowsApps;C:\Users\User\AppData\Local\GitHubDesktop\bin
USERNAME=User
OS=Windows_NT
PROCESSOR_IDENTIFIER=Intel64 Family 6 Model 158 Stepping 9, GenuineIntel



---------------  S Y S T E M  ---------------

OS: Windows 10.0 , 64 bit Build 16299 (10.0.16299.15)

CPU:total 4 (4 cores per cpu, 1 threads per core) family 6 model 158 stepping 9, cmov, cx8, fxsr, mmx, sse, sse2, sse3, ssse3, sse4.1, sse4.2, popcnt, avx, avx2, aes, clmul, erms, 3dnowpref, lzcnt, tsc, tscinvbit, bmi1, bmi2, adx

Memory: 4k page, physical 8071812k(1966604k free), swap 33237636k(3128k free)

vm_info: OpenJDK 64-Bit Server VM (25.112-b06) for windows-amd64 JRE (1.8.0_112-release-b06), built on Dec  8 2016 00:54:26 by "builder" with MS VC++ 10.0 (VS2010)

time: Fri Jan 19 17:29:57 2018
elapsed time: 1 seconds (0d 0h 0m 1s)

