#
# There is insufficient memory for the Java Runtime Environment to continue.
# Native memory allocation (malloc) failed to allocate 131088 bytes for Chunk::new
# Possible reasons:
#   The system is out of physical RAM or swap space
#   In 32 bit mode, the process size limit was hit
# Possible solutions:
#   Reduce memory load on the system
#   Increase physical memory or swap space
#   Check if swap backing store is full
#   Use 64 bit Java on a 64 bit OS
#   Decrease Java heap size (-Xmx/-Xms)
#   Decrease number of Java threads
#   Decrease Java thread stack sizes (-Xss)
#   Set larger code cache with -XX:ReservedCodeCacheSize=
# This output file may be truncated or incomplete.
#
#  Out of Memory Error (allocation.cpp:390), pid=15316, tid=0x0000000000002d5c
#
# JRE version: OpenJDK Runtime Environment (8.0_112-b06) (build 1.8.0_112-release-b06)
# Java VM: OpenJDK 64-Bit Server VM (25.112-b06 mixed mode windows-amd64 compressed oops)
# Failed to write core dump. Minidumps are not enabled by default on client versions of Windows
#

---------------  T H R E A D  ---------------

Current thread (0x000000001e4ea000):  JavaThread "C2 CompilerThread1" daemon [_thread_in_native, id=11612, stack(0x000000001fee0000,0x000000001ffe0000)]

Stack: [0x000000001fee0000,0x000000001ffe0000]
[error occurred during error reporting (printing stack bounds), id 0xc0000005]

Native frames: (J=compiled Java code, j=interpreted, Vv=VM code, C=native code)


Current CompileTask:
C2:   1910 1167   !   4       com.android.dx.cf.code.BytecodeArray::parseInstruction (2764 bytes)


---------------  P R O C E S S  ---------------

Java Threads: ( => current thread )
  0x000000001fb29800 JavaThread "pool-2-thread-4" [_thread_in_Java, id=5200, stack(0x00000000206e0000,0x00000000207e0000)]
  0x000000001fb28800 JavaThread "pool-2-thread-3" [_thread_blocked, id=14804, stack(0x00000000205e0000,0x00000000206e0000)]
  0x000000001fb27000 JavaThread "pool-2-thread-2" [_thread_in_Java, id=12952, stack(0x00000000204e0000,0x00000000205e0000)]
  0x000000001faa9800 JavaThread "pool-3-thread-1" [_thread_blocked, id=13344, stack(0x00000000203e0000,0x00000000204e0000)]
  0x000000001fa93800 JavaThread "pool-2-thread-1" [_thread_blocked, id=14228, stack(0x00000000202e0000,0x00000000203e0000)]
  0x000000001f844800 JavaThread "Service Thread" daemon [_thread_blocked, id=13576, stack(0x00000000200e0000,0x00000000201e0000)]
  0x000000001f841000 JavaThread "C1 CompilerThread2" daemon [_thread_in_native, id=7684, stack(0x000000001ffe0000,0x00000000200e0000)]
=>0x000000001e4ea000 JavaThread "C2 CompilerThread1" daemon [_thread_in_native, id=11612, stack(0x000000001fee0000,0x000000001ffe0000)]
  0x000000001e485000 JavaThread "C2 CompilerThread0" daemon [_thread_in_native, id=9748, stack(0x000000001fde0000,0x000000001fee0000)]
  0x000000001e4e7800 JavaThread "Attach Listener" daemon [_thread_blocked, id=8392, stack(0x000000001fce0000,0x000000001fde0000)]
  0x000000001e4a1800 JavaThread "Signal Dispatcher" daemon [_thread_blocked, id=10984, stack(0x000000001fbe0000,0x000000001fce0000)]
  0x0000000004db5800 JavaThread "Finalizer" daemon [_thread_blocked, id=8756, stack(0x000000001f6e0000,0x000000001f7e0000)]
  0x0000000004db0000 JavaThread "Reference Handler" daemon [_thread_blocked, id=14824, stack(0x000000001f5e0000,0x000000001f6e0000)]
  0x0000000004cc0800 JavaThread "main" [_thread_blocked, id=1016, stack(0x0000000004bc0000,0x0000000004cc0000)]

Other Threads:
  0x000000001e455800 VMThread [stack: 0x000000001f4e0000,0x000000001f5e0000] [id=988]
  0x000000001f846000 WatcherThread [stack: 0x00000000201e0000,0x00000000202e0000] [id=12452]

VM state:not at safepoint (normal execution)

VM Mutex/Monitor currently owned by a thread: None

Heap:
 PSYoungGen      total 36864K, used 9117K [0x000000076ab00000, 0x000000076d400000, 0x00000007c0000000)
  eden space 31744K, 12% used [0x000000076ab00000,0x000000076aeeb050,0x000000076ca00000)
  from space 5120K, 99% used [0x000000076ca00000,0x000000076cefc758,0x000000076cf00000)
  to   space 5120K, 0% used [0x000000076cf00000,0x000000076cf00000,0x000000076d400000)
 ParOldGen       total 84992K, used 723K [0x00000006c0000000, 0x00000006c5300000, 0x000000076ab00000)
  object space 84992K, 0% used [0x00000006c0000000,0x00000006c00b4fd0,0x00000006c5300000)
 Metaspace       used 5841K, capacity 6896K, committed 7040K, reserved 1056768K
  class space    used 563K, capacity 616K, committed 640K, reserved 1048576K

Card table byte_map: [0x0000000014180000,0x0000000014990000] byte_map_base: 0x0000000010b80000

Marking Bits: (ParMarkBitMap*) 0x00000000688618f0
 Begin Bits: [0x00000000152f0000, 0x00000000192f0000)
 End Bits:   [0x00000000192f0000, 0x000000001d2f0000)

Polling page: 0x0000000004720000

CodeCache: size=245760Kb used=4669Kb max_used=4669Kb free=241090Kb
 bounds [0x0000000004dc0000, 0x0000000005260000, 0x0000000013dc0000]
 total_blobs=1461 nmethods=1196 adapters=178
 compilation: enabled

Compilation events (10 events):
Event: 1.903 Thread 0x000000001f841000 nmethod 1189 0x000000000523ad50 code [0x000000000523b000, 0x000000000523c3d8]
Event: 1.903 Thread 0x000000001f841000 1190       1       com.android.dx.util.ByteArray::getByte0 (12 bytes)
Event: 1.904 Thread 0x000000001f841000 nmethod 1190 0x000000000523ce50 code [0x000000000523cfa0, 0x000000000523d0d0]
Event: 1.904 Thread 0x000000001f841000 1195       3       com.android.dx.util.ByteArray::getInt (47 bytes)
Event: 1.904 Thread 0x000000001f841000 nmethod 1195 0x000000000523d190 code [0x000000000523d320, 0x000000000523d728]
Event: 1.904 Thread 0x000000001f841000 1191   !   3       com.android.dx.cf.direct.AttributeFactory::parse (248 bytes)
Event: 1.905 Thread 0x000000001f841000 nmethod 1191 0x000000000523d990 code [0x000000000523df80, 0x0000000005241e68]
Event: 1.905 Thread 0x000000001f841000 1192       3       com.android.dx.cf.direct.StdAttributeFactory::parse0 (550 bytes)
Event: 1.908 Thread 0x000000001f841000 nmethod 1192 0x0000000005244d50 code [0x00000000052454e0, 0x00000000052497a8]
Event: 1.908 Thread 0x000000001f841000 1199       3       com.android.dx.ssa.SCCP::simulateStmt (481 bytes)

GC Heap History (2 events):
Event: 1.848 GC heap before
{Heap before GC invocations=1 (full 0):
 PSYoungGen      total 36864K, used 31744K [0x000000076ab00000, 0x000000076d400000, 0x00000007c0000000)
  eden space 31744K, 100% used [0x000000076ab00000,0x000000076ca00000,0x000000076ca00000)
  from space 5120K, 0% used [0x000000076cf00000,0x000000076cf00000,0x000000076d400000)
  to   space 5120K, 0% used [0x000000076ca00000,0x000000076ca00000,0x000000076cf00000)
 ParOldGen       total 84992K, used 0K [0x00000006c0000000, 0x00000006c5300000, 0x000000076ab00000)
  object space 84992K, 0% used [0x00000006c0000000,0x00000006c0000000,0x00000006c5300000)
 Metaspace       used 5789K, capacity 6832K, committed 7040K, reserved 1056768K
  class space    used 563K, capacity 616K, committed 640K, reserved 1048576K
Event: 1.891 GC heap after
Heap after GC invocations=1 (full 0):
 PSYoungGen      total 36864K, used 5105K [0x000000076ab00000, 0x000000076d400000, 0x00000007c0000000)
  eden space 31744K, 0% used [0x000000076ab00000,0x000000076ab00000,0x000000076ca00000)
  from space 5120K, 99% used [0x000000076ca00000,0x000000076cefc758,0x000000076cf00000)
  to   space 5120K, 0% used [0x000000076cf00000,0x000000076cf00000,0x000000076d400000)
 ParOldGen       total 84992K, used 723K [0x00000006c0000000, 0x00000006c5300000, 0x000000076ab00000)
  object space 84992K, 0% used [0x00000006c0000000,0x00000006c00b4fd0,0x00000006c5300000)
 Metaspace       used 5789K, capacity 6832K, committed 7040K, reserved 1056768K
  class space    used 563K, capacity 616K, committed 640K, reserved 1048576K
}

Deoptimization events (4 events):
Event: 0.409 Thread 0x0000000004cc0800 Uncommon trap: reason=unstable_if action=reinterpret pc=0x0000000004f147d8 method=java.lang.String.indexOf(II)I @ 49
Event: 0.436 Thread 0x0000000004cc0800 Uncommon trap: reason=unstable_if action=reinterpret pc=0x0000000004f374a8 method=java.lang.String.compareTo(Ljava/lang/String;)I @ 38
Event: 1.155 Thread 0x0000000004cc0800 Uncommon trap: reason=unstable_if action=reinterpret pc=0x0000000005013a38 method=java.util.HashMap.getNode(ILjava/lang/Object;)Ljava/util/HashMap$Node; @ 129
Event: 1.905 Thread 0x000000001fb29800 Uncommon trap: reason=unstable_if action=reinterpret pc=0x00000000051f89cc method=com.android.dx.ssa.SCCP.simulateStmt(Lcom/android/dx/ssa/SsaInsn;)V @ 418

Internal exceptions (2 events):
Event: 0.034 Thread 0x0000000004cc0800 Exception <a 'java/lang/NoSuchMethodError': Method sun.misc.Unsafe.defineClass(Ljava/lang/String;[BII)Ljava/lang/Class; name or signature does not match> (0x000000076ab07c78) thrown at [C:\src\android\AOSP-openjdk\external\jetbrains\jdk\hotspot\src\share\v-WJ]¡?
Event: 0.034 Thread 0x0000000004cc0800 Exception <a 'java/lang/NoSuchMethodError': Method sun.misc.Unsafe.prefetchRead(Ljava/lang/Object;J)V name or signature does not match> (0x000000076ab07f60) thrown at [C:\src\android\AOSP-openjdk\external\jetbrains\jdk\hotspot\src\share\vm\prims\jni.cpp, l

Events (10 events):
Event: 1.248 loading class com/android/dx/cf/code/BytecodeArray$ConstantParserVisitor done
Event: 1.826 Executing VM operation: ForceSafepoint
Event: 1.845 Executing VM operation: ForceSafepoint done
Event: 1.848 Executing VM operation: ParallelGCFailedAllocation
Event: 1.891 Executing VM operation: ParallelGCFailedAllocation done
Event: 1.897 Thread 0x000000001fb29800 DEOPT PACKING pc=0x00000000050a8faf sp=0x00000000207de7d0
Event: 1.897 Thread 0x000000001fb29800 DEOPT UNPACKING pc=0x0000000004e075bf sp=0x00000000207de5b0 mode 0
Event: 1.905 Thread 0x000000001fb29800 Uncommon trap: trap_request=0xffffff65 fr.pc=0x00000000051f89cc
Event: 1.905 Thread 0x000000001fb29800 DEOPT PACKING pc=0x00000000051f89cc sp=0x00000000207de840
Event: 1.905 Thread 0x000000001fb29800 DEOPT UNPACKING pc=0x0000000004e0556a sp=0x00000000207de810 mode 2


Dynamic libraries:
0x00007ff722430000 - 0x00007ff722461000 	C:\Program Files\Android\Android Studio\jre\bin\java.exe
0x00007fffa0ef0000 - 0x00007fffa10d0000 	C:\WINDOWS\SYSTEM32\ntdll.dll
0x00007fff9e8d0000 - 0x00007fff9e97e000 	C:\WINDOWS\System32\KERNEL32.DLL
0x00007fff9de90000 - 0x00007fff9e0f6000 	C:\WINDOWS\System32\KERNELBASE.dll
0x00007fffa09a0000 - 0x00007fffa0a41000 	C:\WINDOWS\System32\ADVAPI32.dll
0x00007fff9f250000 - 0x00007fff9f2ed000 	C:\WINDOWS\System32\msvcrt.dll
0x00007fff9e5c0000 - 0x00007fff9e61b000 	C:\WINDOWS\System32\sechost.dll
0x00007fffa0be0000 - 0x00007fffa0cff000 	C:\WINDOWS\System32\RPCRT4.dll
0x00007fff9e6d0000 - 0x00007fff9e85f000 	C:\WINDOWS\System32\USER32.dll
0x00007fff9d550000 - 0x00007fff9d570000 	C:\WINDOWS\System32\win32u.dll
0x00007fff9e590000 - 0x00007fff9e5b8000 	C:\WINDOWS\System32\GDI32.dll
0x00007fff9e220000 - 0x00007fff9e3b3000 	C:\WINDOWS\System32\gdi32full.dll
0x00007fff9e100000 - 0x00007fff9e19b000 	C:\WINDOWS\System32\msvcp_win.dll
0x00007fff9d3a0000 - 0x00007fff9d496000 	C:\WINDOWS\System32\ucrtbase.dll
0x00007fff8cf90000 - 0x00007fff8d1f9000 	C:\WINDOWS\WinSxS\amd64_microsoft.windows.common-controls_6595b64144ccf1df_6.0.16299.125_none_15cbcf8893620c09\COMCTL32.dll
0x00007fff9ef40000 - 0x00007fff9f248000 	C:\WINDOWS\System32\combase.dll
0x00007fff9e1a0000 - 0x00007fff9e212000 	C:\WINDOWS\System32\bcryptPrimitives.dll
0x00007fff9e560000 - 0x00007fff9e58d000 	C:\WINDOWS\System32\IMM32.DLL
0x0000000068fc0000 - 0x0000000069092000 	C:\Program Files\Android\Android Studio\jre\jre\bin\msvcr100.dll
0x00000000680a0000 - 0x00000000688dc000 	C:\Program Files\Android\Android Studio\jre\jre\bin\server\jvm.dll
0x00007fff9f2f0000 - 0x00007fff9f2f8000 	C:\WINDOWS\System32\PSAPI.DLL
0x00007fff98b70000 - 0x00007fff98b79000 	C:\WINDOWS\SYSTEM32\WSOCK32.dll
0x00007fffa0930000 - 0x00007fffa099c000 	C:\WINDOWS\System32\WS2_32.dll
0x00007fff99350000 - 0x00007fff99373000 	C:\WINDOWS\SYSTEM32\WINMM.dll
0x00007fff9a310000 - 0x00007fff9a31a000 	C:\WINDOWS\SYSTEM32\VERSION.dll
0x00007fff992f0000 - 0x00007fff9931a000 	C:\WINDOWS\SYSTEM32\WINMMBASE.dll
0x00007fff9d2f0000 - 0x00007fff9d33a000 	C:\WINDOWS\System32\cfgmgr32.dll
0x00007fff98b60000 - 0x00007fff98b6f000 	C:\Program Files\Android\Android Studio\jre\jre\bin\verify.dll
0x00007fff8e150000 - 0x00007fff8e179000 	C:\Program Files\Android\Android Studio\jre\jre\bin\java.dll
0x00007fff8e440000 - 0x00007fff8e456000 	C:\Program Files\Android\Android Studio\jre\jre\bin\zip.dll
0x00007fff9f3f0000 - 0x00007fffa0826000 	C:\WINDOWS\System32\SHELL32.dll
0x00007fff9e620000 - 0x00007fff9e6c6000 	C:\WINDOWS\System32\shcore.dll
0x00007fff9d740000 - 0x00007fff9de87000 	C:\WINDOWS\System32\windows.storage.dll
0x00007fffa0830000 - 0x00007fffa0881000 	C:\WINDOWS\System32\shlwapi.dll
0x00007fff9d240000 - 0x00007fff9d251000 	C:\WINDOWS\System32\kernel.appcore.dll
0x00007fff9d2a0000 - 0x00007fff9d2ec000 	C:\WINDOWS\System32\powrprof.dll
0x00007fff9d280000 - 0x00007fff9d29b000 	C:\WINDOWS\System32\profapi.dll

VM Arguments:
jvm_args: -Djava.awt.headless=true -Xmx4g -Dfile.encoding=GBK -Duser.country=CN -Duser.language=zh -Duser.variant 
java_command: com.android.dx.command.Main --dex --force-jumbo --num-threads=4 --multi-dex --output D:\works\ZYJXObject\app\build\intermediates\transforms\dex\debug\folders\1000\8\hyphenatechat_3.3.4_52bdffcdd10fc6a583b5a90745ae56d3f562285e D:\works\ZYJXObject\easeui\build\intermediates\bundles\default\libs\hyphenatechat_3.3.4.jar
java_class_path (initial): C:\Users\User\AppData\Local\Android\sdk\build-tools\26.0.0\lib\dx.jar
Launcher Type: SUN_STANDARD

Environment Variables:
JAVA_HOME=C:\Program Files\Java\jdk1.8.0_45
PATH=C:\ProgramData\Oracle\Java\javapath;C:\WINDOWS\system32;C:\WINDOWS;C:\WINDOWS\System32\Wbem;C:\WINDOWS\System32\WindowsPowerShell\v1.0\;C:\Program Files\Java\jdk1.8.0_45\bin;C:\Program Files\Java\jdk1.8.0_45\jre\bin;C:\Program Files (x86)\GtkSharp\2.12\bin;C:\Users\User\AppData\Local\Microsoft\WindowsApps;C:\Users\User\AppData\Local\GitHubDesktop\bin
USERNAME=User
OS=Windows_NT
PROCESSOR_IDENTIFIER=Intel64 Family 6 Model 158 Stepping 9, GenuineIntel



---------------  S Y S T E M  ---------------

OS: Windows 10.0 , 64 bit Build 16299 (10.0.16299.15)

CPU:total 4 (4 cores per cpu, 1 threads per core) family 6 model 158 stepping 9, cmov, cx8, fxsr, mmx, sse, sse2, sse3, ssse3, sse4.1, sse4.2, popcnt, avx, avx2, aes, clmul, erms, 3dnowpref, lzcnt, tsc, tscinvbit, bmi1, bmi2, adx

Memory: 4k page, physical 8071812k(2287492k free), swap 33237636k(620k free)

vm_info: OpenJDK 64-Bit Server VM (25.112-b06) for windows-amd64 JRE (1.8.0_112-release-b06), built on Dec  8 2016 00:54:26 by "builder" with MS VC++ 10.0 (VS2010)

time: Fri Jan 19 17:31:03 2018
elapsed time: 1 seconds (0d 0h 0m 1s)

