#
# There is insufficient memory for the Java Runtime Environment to continue.
# Native memory allocation (malloc) failed to allocate 356288 bytes for Chunk::new
# Possible reasons:
#   The system is out of physical RAM or swap space
#   In 32 bit mode, the process size limit was hit
# Possible solutions:
#   Reduce memory load on the system
#   Increase physical memory or swap space
#   Check if swap backing store is full
#   Use 64 bit Java on a 64 bit OS
#   Decrease Java heap size (-Xmx/-Xms)
#   Decrease number of Java threads
#   Decrease Java thread stack sizes (-Xss)
#   Set larger code cache with -XX:ReservedCodeCacheSize=
# This output file may be truncated or incomplete.
#
#  Out of Memory Error (allocation.cpp:390), pid=11368, tid=0x0000000000003668
#
# JRE version: OpenJDK Runtime Environment (8.0_112-b06) (build 1.8.0_112-release-b06)
# Java VM: OpenJDK 64-Bit Server VM (25.112-b06 mixed mode windows-amd64 compressed oops)
# Failed to write core dump. Minidumps are not enabled by default on client versions of Windows
#

---------------  T H R E A D  ---------------

Current thread (0x000000001dd98000):  JavaThread "C2 CompilerThread0" daemon [_thread_in_native, id=13928, stack(0x000000001f690000,0x000000001f790000)]

Stack: [0x000000001f690000,0x000000001f790000]
[error occurred during error reporting (printing stack bounds), id 0xc0000005]

Native frames: (J=compiled Java code, j=interpreted, Vv=VM code, C=native code)


Current CompileTask:
C2:   3743 1761       4       com.android.dx.cf.code.Simulator$SimVisitor::visitNoArgs (2136 bytes)


---------------  P R O C E S S  ---------------

Java Threads: ( => current thread )
  0x000000001f302800 JavaThread "pool-2-thread-4" [_thread_blocked, id=2024, stack(0x000000001ff90000,0x0000000020090000)]
  0x000000001f2f0800 JavaThread "pool-2-thread-3" [_thread_blocked, id=8820, stack(0x000000001fe90000,0x000000001ff90000)]
  0x000000001f206800 JavaThread "pool-2-thread-2" [_thread_blocked, id=7892, stack(0x000000001fd90000,0x000000001fe90000)]
  0x000000001f20a000 JavaThread "pool-3-thread-1" [_thread_blocked, id=7716, stack(0x000000001fc90000,0x000000001fd90000)]
  0x000000001f209800 JavaThread "pool-2-thread-1" [_thread_blocked, id=7160, stack(0x000000001fb90000,0x000000001fc90000)]
  0x000000001f0eb800 JavaThread "Service Thread" daemon [_thread_blocked, id=13724, stack(0x000000001f990000,0x000000001fa90000)]
  0x000000001f0e7000 JavaThread "C1 CompilerThread2" daemon [_thread_blocked, id=12280, stack(0x000000001f890000,0x000000001f990000)]
  0x000000001f0e3800 JavaThread "C2 CompilerThread1" daemon [_thread_blocked, id=10968, stack(0x000000001f790000,0x000000001f890000)]
=>0x000000001dd98000 JavaThread "C2 CompilerThread0" daemon [_thread_in_native, id=13928, stack(0x000000001f690000,0x000000001f790000)]
  0x000000001dd97800 JavaThread "Attach Listener" daemon [_thread_blocked, id=1820, stack(0x000000001f590000,0x000000001f690000)]
  0x000000001dd51800 JavaThread "Signal Dispatcher" daemon [_thread_blocked, id=12448, stack(0x000000001f490000,0x000000001f590000)]
  0x0000000004665800 JavaThread "Finalizer" daemon [_thread_blocked, id=9900, stack(0x000000001ef90000,0x000000001f090000)]
  0x0000000004660000 JavaThread "Reference Handler" daemon [_thread_blocked, id=7492, stack(0x000000001ee90000,0x000000001ef90000)]
  0x0000000004570800 JavaThread "main" [_thread_in_native, id=4064, stack(0x0000000003ed0000,0x0000000003fd0000)]

Other Threads:
  0x000000001dd05800 VMThread [stack: 0x000000001ed90000,0x000000001ee90000] [id=10304]
  0x000000001f0ed800 WatcherThread [stack: 0x000000001fa90000,0x000000001fb90000] [id=2068]

VM state:not at safepoint (normal execution)

VM Mutex/Monitor currently owned by a thread: None

Heap:
 PSYoungGen      total 68608K, used 17272K [0x000000076ab00000, 0x0000000773100000, 0x00000007c0000000)
  eden space 63488K, 19% used [0x000000076ab00000,0x000000076b6de8e8,0x000000076e900000)
  from space 5120K, 99% used [0x000000076e900000,0x000000076edffa00,0x000000076ee00000)
  to   space 5120K, 0% used [0x0000000772c00000,0x0000000772c00000,0x0000000773100000)
 ParOldGen       total 84992K, used 28770K [0x00000006c0000000, 0x00000006c5300000, 0x000000076ab00000)
  object space 84992K, 33% used [0x00000006c0000000,0x00000006c1c18928,0x00000006c5300000)
 Metaspace       used 5995K, capacity 7088K, committed 7296K, reserved 1056768K
  class space    used 568K, capacity 616K, committed 640K, reserved 1048576K

Card table byte_map: [0x0000000013a30000,0x0000000014240000] byte_map_base: 0x0000000010430000

Marking Bits: (ParMarkBitMap*) 0x00000000688618f0
 Begin Bits: [0x0000000014ba0000, 0x0000000018ba0000)
 End Bits:   [0x0000000018ba0000, 0x000000001cba0000)

Polling page: 0x0000000003fd0000

CodeCache: size=245760Kb used=8034Kb max_used=8045Kb free=237725Kb
 bounds [0x0000000004670000, 0x0000000004e60000, 0x0000000013670000]
 total_blobs=2015 nmethods=1751 adapters=178
 compilation: enabled

Compilation events (10 events):
Event: 3.608 Thread 0x000000001dd98000 1756       4       com.android.dx.dex.code.RopTranslator$TranslationVisitor::visitThrowingCstInsn (246 bytes)
Event: 3.621 Thread 0x000000001f0e3800 nmethod 1757 0x0000000004e1b110 code [0x0000000004e1b340, 0x0000000004e1c4d8]
Event: 3.634 Thread 0x000000001dd98000 nmethod 1756 0x0000000004e50b10 code [0x0000000004e50d60, 0x0000000004e528c0]
Event: 3.646 Thread 0x000000001f0e3800 1759       4       com.android.dx.rop.code.PlainCstInsn::<init> (50 bytes)
Event: 3.646 Thread 0x000000001f0e7000 1760       3       com.android.dx.rop.code.Rops::opGetStatic (97 bytes)
Event: 3.647 Thread 0x000000001f0e7000 nmethod 1760 0x0000000004e16410 code [0x0000000004e16640, 0x0000000004e172b8]
Event: 3.647 Thread 0x000000001f0e3800 nmethod 1759 0x0000000004e12090 code [0x0000000004e121e0, 0x0000000004e12378]
Event: 3.648 Thread 0x000000001dd98000 1761       4       com.android.dx.cf.code.Simulator$SimVisitor::visitNoArgs (2136 bytes)
Event: 3.713 Thread 0x000000001f0e7000 1762       3       java.util.concurrent.locks.AbstractQueuedSynchronizer::compareAndSetWaitStatus (13 bytes)
Event: 3.713 Thread 0x000000001f0e7000 nmethod 1762 0x0000000004e20ed0 code [0x0000000004e21020, 0x0000000004e21170]

GC Heap History (6 events):
Event: 1.310 GC heap before
{Heap before GC invocations=1 (full 0):
 PSYoungGen      total 36864K, used 31744K [0x000000076ab00000, 0x000000076d400000, 0x00000007c0000000)
  eden space 31744K, 100% used [0x000000076ab00000,0x000000076ca00000,0x000000076ca00000)
  from space 5120K, 0% used [0x000000076cf00000,0x000000076cf00000,0x000000076d400000)
  to   space 5120K, 0% used [0x000000076ca00000,0x000000076ca00000,0x000000076cf00000)
 ParOldGen       total 84992K, used 0K [0x00000006c0000000, 0x00000006c5300000, 0x000000076ab00000)
  object space 84992K, 0% used [0x00000006c0000000,0x00000006c0000000,0x00000006c5300000)
 Metaspace       used 5731K, capacity 6832K, committed 7040K, reserved 1056768K
  class space    used 561K, capacity 616K, committed 640K, reserved 1048576K
Event: 1.332 GC heap after
Heap after GC invocations=1 (full 0):
 PSYoungGen      total 36864K, used 5115K [0x000000076ab00000, 0x000000076f300000, 0x00000007c0000000)
  eden space 31744K, 0% used [0x000000076ab00000,0x000000076ab00000,0x000000076ca00000)
  from space 5120K, 99% used [0x000000076ca00000,0x000000076cefef60,0x000000076cf00000)
  to   space 5120K, 0% used [0x000000076ee00000,0x000000076ee00000,0x000000076f300000)
 ParOldGen       total 84992K, used 5573K [0x00000006c0000000, 0x00000006c5300000, 0x000000076ab00000)
  object space 84992K, 6% used [0x00000006c0000000,0x00000006c0571550,0x00000006c5300000)
 Metaspace       used 5731K, capacity 6832K, committed 7040K, reserved 1056768K
  class space    used 561K, capacity 616K, committed 640K, reserved 1048576K
}
Event: 1.699 GC heap before
{Heap before GC invocations=2 (full 0):
 PSYoungGen      total 36864K, used 36859K [0x000000076ab00000, 0x000000076f300000, 0x00000007c0000000)
  eden space 31744K, 100% used [0x000000076ab00000,0x000000076ca00000,0x000000076ca00000)
  from space 5120K, 99% used [0x000000076ca00000,0x000000076cefef60,0x000000076cf00000)
  to   space 5120K, 0% used [0x000000076ee00000,0x000000076ee00000,0x000000076f300000)
 ParOldGen       total 84992K, used 5573K [0x00000006c0000000, 0x00000006c5300000, 0x000000076ab00000)
  object space 84992K, 6% used [0x00000006c0000000,0x00000006c0571550,0x00000006c5300000)
 Metaspace       used 5796K, capacity 6896K, committed 7040K, reserved 1056768K
  class space    used 564K, capacity 616K, committed 640K, reserved 1048576K
Event: 1.708 GC heap after
Heap after GC invocations=2 (full 0):
 PSYoungGen      total 68608K, used 5099K [0x000000076ab00000, 0x000000076f300000, 0x00000007c0000000)
  eden space 63488K, 0% used [0x000000076ab00000,0x000000076ab00000,0x000000076e900000)
  from space 5120K, 99% used [0x000000076ee00000,0x000000076f2faf50,0x000000076f300000)
  to   space 5120K, 0% used [0x000000076e900000,0x000000076e900000,0x000000076ee00000)
 ParOldGen       total 84992K, used 15395K [0x00000006c0000000, 0x00000006c5300000, 0x000000076ab00000)
  object space 84992K, 18% used [0x00000006c0000000,0x00000006c0f08f20,0x00000006c5300000)
 Metaspace       used 5796K, capacity 6896K, committed 7040K, reserved 1056768K
  class space    used 564K, capacity 616K, committed 640K, reserved 1048576K
}
Event: 2.886 GC heap before
{Heap before GC invocations=3 (full 0):
 PSYoungGen      total 68608K, used 68587K [0x000000076ab00000, 0x000000076f300000, 0x00000007c0000000)
  eden space 63488K, 100% used [0x000000076ab00000,0x000000076e900000,0x000000076e900000)
  from space 5120K, 99% used [0x000000076ee00000,0x000000076f2faf50,0x000000076f300000)
  to   space 5120K, 0% used [0x000000076e900000,0x000000076e900000,0x000000076ee00000)
 ParOldGen       total 84992K, used 15395K [0x00000006c0000000, 0x00000006c5300000, 0x000000076ab00000)
  object space 84992K, 18% used [0x00000006c0000000,0x00000006c0f08f20,0x00000006c5300000)
 Metaspace       used 5984K, capacity 7024K, committed 7296K, reserved 1056768K
  class space    used 568K, capacity 616K, committed 640K, reserved 1048576K
Event: 2.902 GC heap after
Heap after GC invocations=3 (full 0):
 PSYoungGen      total 68608K, used 5118K [0x000000076ab00000, 0x0000000773100000, 0x00000007c0000000)
  eden space 63488K, 0% used [0x000000076ab00000,0x000000076ab00000,0x000000076e900000)
  from space 5120K, 99% used [0x000000076e900000,0x000000076edffa00,0x000000076ee00000)
  to   space 5120K, 0% used [0x0000000772c00000,0x0000000772c00000,0x0000000773100000)
 ParOldGen       total 84992K, used 28770K [0x00000006c0000000, 0x00000006c5300000, 0x000000076ab00000)
  object space 84992K, 33% used [0x00000006c0000000,0x00000006c1c18928,0x00000006c5300000)
 Metaspace       used 5984K, capacity 7024K, committed 7296K, reserved 1056768K
  class space    used 568K, capacity 616K, committed 640K, reserved 1048576K
}

Deoptimization events (10 events):
Event: 1.798 Thread 0x000000001f2f0800 Uncommon trap: reason=unstable_if action=reinterpret pc=0x00000000049c733c method=com.android.dx.ssa.SsaRenamer$BlockRenamer.addMapping(ILcom/android/dx/rop/code/RegisterSpec;)V @ 120
Event: 1.798 Thread 0x000000001f2f0800 Uncommon trap: reason=unstable_if action=reinterpret pc=0x0000000004aee24c method=com.android.dx.ssa.SsaRenamer$BlockRenamer.addMapping(ILcom/android/dx/rop/code/RegisterSpec;)V @ 120
Event: 1.902 Thread 0x000000001f2f0800 Uncommon trap: reason=class_check action=maybe_recompile pc=0x0000000004be486c method=com.android.dx.cf.code.BaseMachine.getLocalTarget(Z)Lcom/android/dx/rop/code/RegisterSpec; @ 70
Event: 1.907 Thread 0x000000001f2f0800 Uncommon trap: reason=null_check action=make_not_entrant pc=0x0000000004b75750 method=com.android.dx.ssa.SsaRenamer.getLocalForNewReg(I)Lcom/android/dx/rop/code/LocalItem; @ 19
Event: 2.056 Thread 0x000000001f206800 Uncommon trap: reason=bimorphic action=maybe_recompile pc=0x0000000004c52834 method=com.android.dx.cf.code.BytecodeArray.parseInstruction(ILcom/android/dx/cf/code/BytecodeArray$Visitor;)I @ 2281
Event: 2.127 Thread 0x0000000004570800 Uncommon trap: reason=unstable_if action=reinterpret pc=0x00000000048ada74 method=java.lang.String.<init>([CII)V @ 18
Event: 2.136 Thread 0x000000001f302800 Uncommon trap: reason=unstable_if action=reinterpret pc=0x0000000004cb88f4 method=java.util.BitSet.clone()Ljava/lang/Object; @ 4
Event: 2.453 Thread 0x000000001f2f0800 Uncommon trap: reason=unstable_if action=reinterpret pc=0x0000000004ab1c04 method=java.util.BitSet.clone()Ljava/lang/Object; @ 4
Event: 2.792 Thread 0x000000001f302800 Uncommon trap: reason=bimorphic action=maybe_recompile pc=0x0000000004b1a920 method=com.android.dx.ssa.LiteralOpUpgrader.tryReplacingWithConstant(Lcom/android/dx/ssa/NormalSsaInsn;)Z @ 52
Event: 2.792 Thread 0x000000001f302800 Uncommon trap: reason=unstable_if action=reinterpret pc=0x0000000004c4bde8 method=com.android.dx.dex.code.RopToDop.dopFor(Lcom/android/dx/rop/code/Insn;)Lcom/android/dx/dex/code/Dop; @ 755

Internal exceptions (4 events):
Event: 0.287 Thread 0x0000000004570800 Exception <a 'java/lang/NoSuchMethodError': Method sun.misc.Unsafe.defineClass(Ljava/lang/String;[BII)Ljava/lang/Class; name or signature does not match> (0x000000076ab07c78) thrown at [C:\src\android\AOSP-openjdk\external\jetbrains\jdk\hotspot\src\share\v\•¡‡^Ò?
Event: 0.287 Thread 0x0000000004570800 Exception <a 'java/lang/NoSuchMethodError': Method sun.misc.Unsafe.prefetchRead(Ljava/lang/Object;J)V name or signature does not match> (0x000000076ab07f60) thrown at [C:\src\android\AOSP-openjdk\external\jetbrains\jdk\hotspot\src\share\vm\prims\jni.cpp, lxV?Ÿô?
Event: 1.253 Thread 0x000000001f302800 Implicit null exception at 0x000000000499e0e2 to 0x000000000499e1f1
Event: 1.907 Thread 0x000000001f2f0800 Implicit null exception at 0x0000000004b740c7 to 0x0000000004b7571d

Events (10 events):
Event: 2.884 Thread 0x000000001f2f0800 DEOPT PACKING pc=0x0000000004b668e3 sp=0x000000001ff8f010
Event: 2.884 Thread 0x000000001f2f0800 DEOPT UNPACKING pc=0x00000000046b75bf sp=0x000000001ff8ed30 mode 0
Event: 2.885 Executing VM operation: ParallelGCFailedAllocation
Event: 2.902 Executing VM operation: ParallelGCFailedAllocation done
Event: 3.032 Thread 0x000000001f206800 DEOPT PACKING pc=0x0000000004bb6ba2 sp=0x000000001fe8edb0
Event: 3.032 Thread 0x000000001f206800 DEOPT UNPACKING pc=0x00000000046b75bf sp=0x000000001fe8eb90 mode 0
Event: 3.288 Thread 0x000000001f302800 DEOPT PACKING pc=0x0000000004aa94d7 sp=0x000000002008e700
Event: 3.288 Thread 0x000000001f302800 DEOPT UNPACKING pc=0x00000000046b75bf sp=0x000000002008e4b0 mode 0
Event: 3.561 Thread 0x000000001f2f0800 DEOPT PACKING pc=0x0000000004b6f51d sp=0x000000001ff8eed0
Event: 3.561 Thread 0x000000001f2f0800 DEOPT UNPACKING pc=0x00000000046b75bf sp=0x000000001ff8ec38 mode 0


Dynamic libraries:
0x00007ff722430000 - 0x00007ff722461000 	C:\Program Files\Android\Android Studio\jre\bin\java.exe
0x00007fffa0ef0000 - 0x00007fffa10d0000 	C:\WINDOWS\SYSTEM32\ntdll.dll
0x00007fff9e8d0000 - 0x00007fff9e97e000 	C:\WINDOWS\System32\KERNEL32.DLL
0x00007fff9de90000 - 0x00007fff9e0f6000 	C:\WINDOWS\System32\KERNELBASE.dll
0x00007fffa09a0000 - 0x00007fffa0a41000 	C:\WINDOWS\System32\ADVAPI32.dll
0x00007fff9f250000 - 0x00007fff9f2ed000 	C:\WINDOWS\System32\msvcrt.dll
0x00007fff9e5c0000 - 0x00007fff9e61b000 	C:\WINDOWS\System32\sechost.dll
0x00007fffa0be0000 - 0x00007fffa0cff000 	C:\WINDOWS\System32\RPCRT4.dll
0x00007fff9e6d0000 - 0x00007fff9e85f000 	C:\WINDOWS\System32\USER32.dll
0x00007fff9d550000 - 0x00007fff9d570000 	C:\WINDOWS\System32\win32u.dll
0x00007fff9e590000 - 0x00007fff9e5b8000 	C:\WINDOWS\System32\GDI32.dll
0x00007fff9e220000 - 0x00007fff9e3b3000 	C:\WINDOWS\System32\gdi32full.dll
0x00007fff9e100000 - 0x00007fff9e19b000 	C:\WINDOWS\System32\msvcp_win.dll
0x00007fff9d3a0000 - 0x00007fff9d496000 	C:\WINDOWS\System32\ucrtbase.dll
0x00007fff8cf90000 - 0x00007fff8d1f9000 	C:\WINDOWS\WinSxS\amd64_microsoft.windows.common-controls_6595b64144ccf1df_6.0.16299.125_none_15cbcf8893620c09\COMCTL32.dll
0x00007fff9ef40000 - 0x00007fff9f248000 	C:\WINDOWS\System32\combase.dll
0x00007fff9e1a0000 - 0x00007fff9e212000 	C:\WINDOWS\System32\bcryptPrimitives.dll
0x00007fff9e560000 - 0x00007fff9e58d000 	C:\WINDOWS\System32\IMM32.DLL
0x0000000068fc0000 - 0x0000000069092000 	C:\Program Files\Android\Android Studio\jre\jre\bin\msvcr100.dll
0x00000000680a0000 - 0x00000000688dc000 	C:\Program Files\Android\Android Studio\jre\jre\bin\server\jvm.dll
0x00007fff9f2f0000 - 0x00007fff9f2f8000 	C:\WINDOWS\System32\PSAPI.DLL
0x00007fff98b70000 - 0x00007fff98b79000 	C:\WINDOWS\SYSTEM32\WSOCK32.dll
0x00007fffa0930000 - 0x00007fffa099c000 	C:\WINDOWS\System32\WS2_32.dll
0x00007fff99350000 - 0x00007fff99373000 	C:\WINDOWS\SYSTEM32\WINMM.dll
0x00007fff9a310000 - 0x00007fff9a31a000 	C:\WINDOWS\SYSTEM32\VERSION.dll
0x00007fff992f0000 - 0x00007fff9931a000 	C:\WINDOWS\SYSTEM32\WINMMBASE.dll
0x00007fff9d2f0000 - 0x00007fff9d33a000 	C:\WINDOWS\System32\cfgmgr32.dll
0x00007fff98b60000 - 0x00007fff98b6f000 	C:\Program Files\Android\Android Studio\jre\jre\bin\verify.dll
0x00007fff8e150000 - 0x00007fff8e179000 	C:\Program Files\Android\Android Studio\jre\jre\bin\java.dll
0x00007fff8e440000 - 0x00007fff8e456000 	C:\Program Files\Android\Android Studio\jre\jre\bin\zip.dll
0x00007fff9f3f0000 - 0x00007fffa0826000 	C:\WINDOWS\System32\SHELL32.dll
0x00007fff9e620000 - 0x00007fff9e6c6000 	C:\WINDOWS\System32\shcore.dll
0x00007fff9d740000 - 0x00007fff9de87000 	C:\WINDOWS\System32\windows.storage.dll
0x00007fffa0830000 - 0x00007fffa0881000 	C:\WINDOWS\System32\shlwapi.dll
0x00007fff9d240000 - 0x00007fff9d251000 	C:\WINDOWS\System32\kernel.appcore.dll
0x00007fff9d2a0000 - 0x00007fff9d2ec000 	C:\WINDOWS\System32\powrprof.dll
0x00007fff9d280000 - 0x00007fff9d29b000 	C:\WINDOWS\System32\profapi.dll

VM Arguments:
jvm_args: -Djava.awt.headless=true -Xmx4g -Dfile.encoding=GBK -Duser.country=CN -Duser.language=zh -Duser.variant 
java_command: com.android.dx.command.Main --dex --force-jumbo --num-threads=4 --multi-dex --output D:\works\ZYJXObject\app\build\intermediates\transforms\dex\debug\folders\1000\5\slice_9 D:\works\ZYJXObject\app\build\intermediates\transforms\instantRunSlicer\debug\folders\1\5\slice_9
java_class_path (initial): C:\Users\User\AppData\Local\Android\sdk\build-tools\26.0.0\lib\dx.jar
Launcher Type: SUN_STANDARD

Environment Variables:
JAVA_HOME=C:\Program Files\Java\jdk1.8.0_45
PATH=C:\ProgramData\Oracle\Java\javapath;C:\WINDOWS\system32;C:\WINDOWS;C:\WINDOWS\System32\Wbem;C:\WINDOWS\System32\WindowsPowerShell\v1.0\;C:\Program Files\Java\jdk1.8.0_45\bin;C:\Program Files\Java\jdk1.8.0_45\jre\bin;C:\Program Files (x86)\GtkSharp\2.12\bin;C:\Users\User\AppData\Local\Microsoft\WindowsApps;C:\Users\User\AppData\Local\GitHubDesktop\bin
USERNAME=User
OS=Windows_NT
PROCESSOR_IDENTIFIER=Intel64 Family 6 Model 158 Stepping 9, GenuineIntel



---------------  S Y S T E M  ---------------

OS: Windows 10.0 , 64 bit Build 16299 (10.0.16299.15)

CPU:total 4 (4 cores per cpu, 1 threads per core) family 6 model 158 stepping 9, cmov, cx8, fxsr, mmx, sse, sse2, sse3, ssse3, sse4.1, sse4.2, popcnt, avx, avx2, aes, clmul, erms, 3dnowpref, lzcnt, tsc, tscinvbit, bmi1, bmi2, adx

Memory: 4k page, physical 8071812k(2037696k free), swap 33237636k(7672k free)

vm_info: OpenJDK 64-Bit Server VM (25.112-b06) for windows-amd64 JRE (1.8.0_112-release-b06), built on Dec  8 2016 00:54:26 by "builder" with MS VC++ 10.0 (VS2010)

time: Fri Jan 19 17:32:21 2018
elapsed time: 3 seconds (0d 0h 0m 3s)

