#
# There is insufficient memory for the Java Runtime Environment to continue.
# Native memory allocation (malloc) failed to allocate 3680 bytes for AllocateHeap
# Possible reasons:
#   The system is out of physical RAM or swap space
#   In 32 bit mode, the process size limit was hit
# Possible solutions:
#   Reduce memory load on the system
#   Increase physical memory or swap space
#   Check if swap backing store is full
#   Use 64 bit Java on a 64 bit OS
#   Decrease Java heap size (-Xmx/-Xms)
#   Decrease number of Java threads
#   Decrease Java thread stack sizes (-Xss)
#   Set larger code cache with -XX:ReservedCodeCacheSize=
# This output file may be truncated or incomplete.
#
#  Out of Memory Error (memory/allocation.inline.hpp:61), pid=13232, tid=0x00000000000036f8
#
# JRE version: OpenJDK Runtime Environment (8.0_112-b06) (build 1.8.0_112-release-b06)
# Java VM: OpenJDK 64-Bit Server VM (25.112-b06 mixed mode windows-amd64 compressed oops)
# Failed to write core dump. Minidumps are not enabled by default on client versions of Windows
#

---------------  T H R E A D  ---------------

Current thread (0x000000001ffba800):  JavaThread "C1 CompilerThread2" daemon [_thread_in_vm, id=14072, stack(0x0000000020760000,0x0000000020860000)]

Stack: [0x0000000020760000,0x0000000020860000]
[error occurred during error reporting (printing stack bounds), id 0xc0000005]

Native frames: (J=compiled Java code, j=interpreted, Vv=VM code, C=native code)


Current CompileTask:
C1:   3532 1421       3       com.android.dx.cf.code.BasicBlocker::visitBranch (98 bytes)


---------------  P R O C E S S  ---------------

Java Threads: ( => current thread )
  0x00000000201bd000 JavaThread "pool-2-thread-4" [_thread_blocked, id=8264, stack(0x0000000021660000,0x0000000021760000)]
  0x00000000201bc000 JavaThread "pool-2-thread-3" [_thread_blocked, id=8588, stack(0x0000000021560000,0x0000000021660000)]
  0x0000000020242000 JavaThread "pool-2-thread-2" [_thread_blocked, id=12100, stack(0x0000000021460000,0x0000000021560000)]
  0x000000002023f000 JavaThread "pool-3-thread-1" [_thread_blocked, id=4508, stack(0x0000000021360000,0x0000000021460000)]
  0x000000002020d000 JavaThread "pool-2-thread-1" [_thread_blocked, id=14244, stack(0x0000000021260000,0x0000000021360000)]
  0x000000001ffc0000 JavaThread "Service Thread" daemon [_thread_blocked, id=9368, stack(0x0000000020860000,0x0000000020960000)]
=>0x000000001ffba800 JavaThread "C1 CompilerThread2" daemon [_thread_in_vm, id=14072, stack(0x0000000020760000,0x0000000020860000)]
  0x000000001ffaf000 JavaThread "C2 CompilerThread1" daemon [_thread_in_vm, id=792, stack(0x0000000020660000,0x0000000020760000)]
  0x000000001ebc1800 JavaThread "C2 CompilerThread0" daemon [_thread_in_vm, id=10284, stack(0x0000000020560000,0x0000000020660000)]
  0x000000001ebc1000 JavaThread "Attach Listener" daemon [_thread_blocked, id=13828, stack(0x0000000020460000,0x0000000020560000)]
  0x000000001ff68800 JavaThread "Signal Dispatcher" daemon [_thread_blocked, id=14832, stack(0x0000000020360000,0x0000000020460000)]
  0x00000000054dd000 JavaThread "Finalizer" daemon [_thread_blocked, id=10676, stack(0x000000001fe00000,0x000000001ff00000)]
  0x00000000054d1000 JavaThread "Reference Handler" daemon [_thread_blocked, id=11524, stack(0x000000001fd00000,0x000000001fe00000)]
  0x00000000053e0800 JavaThread "main" [_thread_blocked, id=1624, stack(0x0000000004ee0000,0x0000000004fe0000)]

Other Threads:
  0x000000001eb75800 VMThread [stack: 0x000000001fc00000,0x000000001fd00000] [id=5316]
  0x000000001ffc3000 WatcherThread [stack: 0x0000000020960000,0x0000000020a60000] [id=1128]

VM state:not at safepoint (normal execution)

VM Mutex/Monitor currently owned by a thread:  ([mutex/lock_event])
[0x000000000508b750] CodeCache_lock - owner thread: 0x000000001ffba800
[0x000000000508cd30] Compile_lock - owner thread: 0x000000001ffba800
[0x000000000508dfb0] MethodCompileQueue_lock - owner thread: 0x000000001ffba800

Heap:
 PSYoungGen      total 36864K, used 34780K [0x000000076ab00000, 0x000000076f300000, 0x00000007c0000000)
  eden space 31744K, 93% used [0x000000076ab00000,0x000000076c7fa9a0,0x000000076ca00000)
  from space 5120K, 99% used [0x000000076ca00000,0x000000076cefc940,0x000000076cf00000)
  to   space 5120K, 0% used [0x000000076ee00000,0x000000076ee00000,0x000000076f300000)
 ParOldGen       total 84992K, used 343K [0x00000006c0000000, 0x00000006c5300000, 0x000000076ab00000)
  object space 84992K, 0% used [0x00000006c0000000,0x00000006c0055e80,0x00000006c5300000)
 Metaspace       used 5975K, capacity 7024K, committed 7296K, reserved 1056768K
  class space    used 564K, capacity 616K, committed 640K, reserved 1048576K

Card table byte_map: [0x00000000148a0000,0x00000000150b0000] byte_map_base: 0x00000000112a0000

Marking Bits: (ParMarkBitMap*) 0x00000000688618f0
 Begin Bits: [0x0000000015a10000, 0x0000000019a10000)
 End Bits:   [0x0000000019a10000, 0x000000001da10000)

Polling page: 0x0000000004fe0000

CodeCache: size=245760Kb used=5775Kb max_used=5775Kb free=239984Kb
 bounds [0x00000000054e0000, 0x0000000005a90000, 0x00000000144e0000]
 total_blobs=1676 nmethods=1409 adapters=179
 compilation: enabled

Compilation events (10 events):
Event: 3.524 Thread 0x000000001ffba800 nmethod 1417 0x0000000005a54b90 code [0x0000000005a54d00, 0x0000000005a550b0]
Event: 3.525 Thread 0x000000001ffba800 1418       3       com.android.dx.cf.code.Simulator$SimVisitor::visitBranch (341 bytes)
Event: 3.525 Thread 0x000000001ffba800 nmethod 1418 0x0000000005a869d0 code [0x0000000005a86c60, 0x0000000005a87d88]
Event: 3.525 Thread 0x000000001ebc1800 nmethod 1386 0x0000000005a52990 code [0x0000000005a52b20, 0x0000000005a530b8]
Event: 3.525 Thread 0x000000001ffba800 1420       1       com.android.dx.rop.cst.CstKnownNull::getType (4 bytes)
Event: 3.525 Thread 0x000000001ebc1800 1248   !   4       com.android.dx.rop.code.BasicBlock::<init> (273 bytes)
Event: 3.525 Thread 0x000000001ffba800 nmethod 1420 0x0000000005a526d0 code [0x0000000005a52820, 0x0000000005a52930]
Event: 3.525 Thread 0x000000001ffba800 1419       3       com.android.dx.cf.code.BaseMachine::auxTargetArg (6 bytes)
Event: 3.526 Thread 0x000000001ffba800 nmethod 1419 0x0000000005a522d0 code [0x0000000005a52420, 0x0000000005a52570]
Event: 3.526 Thread 0x000000001ffba800 1421       3       com.android.dx.cf.code.BasicBlocker::visitBranch (98 bytes)

GC Heap History (2 events):
Event: 2.918 GC heap before
{Heap before GC invocations=1 (full 0):
 PSYoungGen      total 36864K, used 31744K [0x000000076ab00000, 0x000000076d400000, 0x00000007c0000000)
  eden space 31744K, 100% used [0x000000076ab00000,0x000000076ca00000,0x000000076ca00000)
  from space 5120K, 0% used [0x000000076cf00000,0x000000076cf00000,0x000000076d400000)
  to   space 5120K, 0% used [0x000000076ca00000,0x000000076ca00000,0x000000076cf00000)
 ParOldGen       total 84992K, used 0K [0x00000006c0000000, 0x00000006c5300000, 0x000000076ab00000)
  object space 84992K, 0% used [0x00000006c0000000,0x00000006c0000000,0x00000006c5300000)
 Metaspace       used 5690K, capacity 6768K, committed 7040K, reserved 1056768K
  class space    used 564K, capacity 616K, committed 640K, reserved 1048576K
Event: 3.037 GC heap after
Heap after GC invocations=1 (full 0):
 PSYoungGen      total 36864K, used 5106K [0x000000076ab00000, 0x000000076f300000, 0x00000007c0000000)
  eden space 31744K, 0% used [0x000000076ab00000,0x000000076ab00000,0x000000076ca00000)
  from space 5120K, 99% used [0x000000076ca00000,0x000000076cefc940,0x000000076cf00000)
  to   space 5120K, 0% used [0x000000076ee00000,0x000000076ee00000,0x000000076f300000)
 ParOldGen       total 84992K, used 343K [0x00000006c0000000, 0x00000006c5300000, 0x000000076ab00000)
  object space 84992K, 0% used [0x00000006c0000000,0x00000006c0055e80,0x00000006c5300000)
 Metaspace       used 5690K, capacity 6768K, committed 7040K, reserved 1056768K
  class space    used 564K, capacity 616K, committed 640K, reserved 1048576K
}

Deoptimization events (7 events):
Event: 1.159 Thread 0x00000000053e0800 Uncommon trap: reason=unstable_if action=reinterpret pc=0x0000000005630798 method=java.lang.String.indexOf(II)I @ 49
Event: 1.211 Thread 0x00000000053e0800 Uncommon trap: reason=unstable_if action=reinterpret pc=0x0000000005643aa8 method=java.lang.String.compareTo(Ljava/lang/String;)I @ 38
Event: 1.451 Thread 0x000000002020d000 Uncommon trap: reason=unstable_if action=reinterpret pc=0x00000000056fdb3c method=java.util.HashMap.getNode(ILjava/lang/Object;)Ljava/util/HashMap$Node; @ 62
Event: 3.043 Thread 0x00000000201bd000 Uncommon trap: reason=null_check action=make_not_entrant pc=0x00000000057db69c method=com.android.dx.ssa.SsaRenamer.getLocalForNewReg(I)Lcom/android/dx/rop/code/LocalItem; @ 19
Event: 3.259 Thread 0x00000000201bc000 Uncommon trap: reason=unstable_if action=reinterpret pc=0x0000000005833b50 method=com.android.dx.rop.code.RegisterSpecSet.put(Lcom/android/dx/rop/code/RegisterSpec;)V @ 77
Event: 3.311 Thread 0x000000002020d000 Uncommon trap: reason=unstable_if action=reinterpret pc=0x000000000593b91c method=com.android.dx.rop.cst.Constant.compareTo(Lcom/android/dx/rop/cst/Constant;)I @ 12
Event: 3.516 Thread 0x000000002020d000 Uncommon trap: reason=unstable_if action=reinterpret pc=0x0000000005836e1c method=com.android.dx.ssa.SsaMethod.updateOneDefinition(Lcom/android/dx/ssa/SsaInsn;Lcom/android/dx/rop/code/RegisterSpec;)V @ 4

Internal exceptions (3 events):
Event: 0.481 Thread 0x00000000053e0800 Exception <a 'java/lang/NoSuchMethodError': Method sun.misc.Unsafe.defineClass(Ljava/lang/String;[BII)Ljava/lang/Class; name or signature does not match> (0x000000076ab07c78) thrown at [C:\src\android\AOSP-openjdk\external\jetbrains\jdk\hotspot\src\share\v!è!ØlÃÞ?
Event: 0.481 Thread 0x00000000053e0800 Exception <a 'java/lang/NoSuchMethodError': Method sun.misc.Unsafe.prefetchRead(Ljava/lang/Object;J)V name or signature does not match> (0x000000076ab07f60) thrown at [C:\src\android\AOSP-openjdk\external\jetbrains\jdk\hotspot\src\share\vm\prims\jni.cpp, l¡©
ùõW@
Event: 3.043 Thread 0x00000000201bd000 Implicit null exception at 0x00000000057d8d78 to 0x00000000057db67d

Events (10 events):
Event: 3.311 Thread 0x000000002020d000 Uncommon trap: trap_request=0xffffff65 fr.pc=0x000000000593b91c
Event: 3.311 Thread 0x000000002020d000 DEOPT PACKING pc=0x000000000593b91c sp=0x000000002135e770
Event: 3.311 Thread 0x000000002020d000 DEOPT UNPACKING pc=0x000000000552556a sp=0x000000002135e710 mode 2
Event: 3.344 Executing VM operation: ForceSafepoint
Event: 3.512 Executing VM operation: ForceSafepoint done
Event: 3.515 loading class com/android/dx/rop/code/RegOps
Event: 3.515 loading class com/android/dx/rop/code/RegOps done
Event: 3.516 Thread 0x000000002020d000 Uncommon trap: trap_request=0xffffff65 fr.pc=0x0000000005836e1c
Event: 3.516 Thread 0x000000002020d000 DEOPT PACKING pc=0x0000000005836e1c sp=0x000000002135e850
Event: 3.516 Thread 0x000000002020d000 DEOPT UNPACKING pc=0x000000000552556a sp=0x000000002135e7f8 mode 2


Dynamic libraries:
0x00007ff722430000 - 0x00007ff722461000 	C:\Program Files\Android\Android Studio\jre\bin\java.exe
0x00007fffa0ef0000 - 0x00007fffa10d0000 	C:\WINDOWS\SYSTEM32\ntdll.dll
0x00007fff9e8d0000 - 0x00007fff9e97e000 	C:\WINDOWS\System32\KERNEL32.DLL
0x00007fff9de90000 - 0x00007fff9e0f6000 	C:\WINDOWS\System32\KERNELBASE.dll
0x00007fffa09a0000 - 0x00007fffa0a41000 	C:\WINDOWS\System32\ADVAPI32.dll
0x00007fff9f250000 - 0x00007fff9f2ed000 	C:\WINDOWS\System32\msvcrt.dll
0x00007fff9e5c0000 - 0x00007fff9e61b000 	C:\WINDOWS\System32\sechost.dll
0x00007fffa0be0000 - 0x00007fffa0cff000 	C:\WINDOWS\System32\RPCRT4.dll
0x00007fff9e6d0000 - 0x00007fff9e85f000 	C:\WINDOWS\System32\USER32.dll
0x00007fff9d550000 - 0x00007fff9d570000 	C:\WINDOWS\System32\win32u.dll
0x00007fff9e590000 - 0x00007fff9e5b8000 	C:\WINDOWS\System32\GDI32.dll
0x00007fff9e220000 - 0x00007fff9e3b3000 	C:\WINDOWS\System32\gdi32full.dll
0x00007fff9e100000 - 0x00007fff9e19b000 	C:\WINDOWS\System32\msvcp_win.dll
0x00007fff9d3a0000 - 0x00007fff9d496000 	C:\WINDOWS\System32\ucrtbase.dll
0x00007fff8cf90000 - 0x00007fff8d1f9000 	C:\WINDOWS\WinSxS\amd64_microsoft.windows.common-controls_6595b64144ccf1df_6.0.16299.125_none_15cbcf8893620c09\COMCTL32.dll
0x00007fff9ef40000 - 0x00007fff9f248000 	C:\WINDOWS\System32\combase.dll
0x00007fff9e1a0000 - 0x00007fff9e212000 	C:\WINDOWS\System32\bcryptPrimitives.dll
0x00007fff9e560000 - 0x00007fff9e58d000 	C:\WINDOWS\System32\IMM32.DLL
0x0000000068fc0000 - 0x0000000069092000 	C:\Program Files\Android\Android Studio\jre\jre\bin\msvcr100.dll
0x00000000680a0000 - 0x00000000688dc000 	C:\Program Files\Android\Android Studio\jre\jre\bin\server\jvm.dll
0x00007fff9f2f0000 - 0x00007fff9f2f8000 	C:\WINDOWS\System32\PSAPI.DLL
0x00007fff99350000 - 0x00007fff99373000 	C:\WINDOWS\SYSTEM32\WINMM.dll
0x00007fff9a310000 - 0x00007fff9a31a000 	C:\WINDOWS\SYSTEM32\VERSION.dll
0x00007fff98b70000 - 0x00007fff98b79000 	C:\WINDOWS\SYSTEM32\WSOCK32.dll
0x00007fffa0930000 - 0x00007fffa099c000 	C:\WINDOWS\System32\WS2_32.dll
0x00007fff992f0000 - 0x00007fff9931a000 	C:\WINDOWS\SYSTEM32\winmmbase.dll
0x00007fff9d2f0000 - 0x00007fff9d33a000 	C:\WINDOWS\System32\cfgmgr32.dll
0x00007fff98b60000 - 0x00007fff98b6f000 	C:\Program Files\Android\Android Studio\jre\jre\bin\verify.dll
0x00007fff8e150000 - 0x00007fff8e179000 	C:\Program Files\Android\Android Studio\jre\jre\bin\java.dll
0x00007fff8e440000 - 0x00007fff8e456000 	C:\Program Files\Android\Android Studio\jre\jre\bin\zip.dll
0x00007fff9f3f0000 - 0x00007fffa0826000 	C:\WINDOWS\System32\SHELL32.dll
0x00007fff9e620000 - 0x00007fff9e6c6000 	C:\WINDOWS\System32\shcore.dll
0x00007fff9d740000 - 0x00007fff9de87000 	C:\WINDOWS\System32\windows.storage.dll
0x00007fffa0830000 - 0x00007fffa0881000 	C:\WINDOWS\System32\shlwapi.dll
0x00007fff9d240000 - 0x00007fff9d251000 	C:\WINDOWS\System32\kernel.appcore.dll
0x00007fff9d2a0000 - 0x00007fff9d2ec000 	C:\WINDOWS\System32\powrprof.dll
0x00007fff9d280000 - 0x00007fff9d29b000 	C:\WINDOWS\System32\profapi.dll

VM Arguments:
jvm_args: -Djava.awt.headless=true -Xmx4g -Dfile.encoding=GBK -Duser.country=CN -Duser.language=zh -Duser.variant 
java_command: com.android.dx.command.Main --dex --force-jumbo --num-threads=4 --multi-dex --output D:\works\ZYJXObject\app\build\intermediates\transforms\dex\debug\folders\1000\8\google-play-services_3657343dc4ab8e664907bf871fac575b58006ce8 D:\works\ZYJXObject\easeui\build\intermediates\bundles\default\libs\google-play-services.jar
java_class_path (initial): C:\Users\User\AppData\Local\Android\sdk\build-tools\26.0.0\lib\dx.jar
Launcher Type: SUN_STANDARD

Environment Variables:
JAVA_HOME=C:\Program Files\Java\jdk1.8.0_45
PATH=C:\ProgramData\Oracle\Java\javapath;C:\WINDOWS\system32;C:\WINDOWS;C:\WINDOWS\System32\Wbem;C:\WINDOWS\System32\WindowsPowerShell\v1.0\;C:\Program Files\Java\jdk1.8.0_45\bin;C:\Program Files\Java\jdk1.8.0_45\jre\bin;C:\Program Files (x86)\GtkSharp\2.12\bin;C:\Users\User\AppData\Local\Microsoft\WindowsApps;C:\Users\User\AppData\Local\GitHubDesktop\bin
USERNAME=User
OS=Windows_NT
PROCESSOR_IDENTIFIER=Intel64 Family 6 Model 158 Stepping 9, GenuineIntel



---------------  S Y S T E M  ---------------

OS: Windows 10.0 , 64 bit Build 16299 (10.0.16299.15)

CPU:total 4 (4 cores per cpu, 1 threads per core) family 6 model 158 stepping 9, cmov, cx8, fxsr, mmx, sse, sse2, sse3, ssse3, sse4.1, sse4.2, popcnt, avx, avx2, aes, clmul, erms, 3dnowpref, lzcnt, tsc, tscinvbit, bmi1, bmi2, adx

Memory: 4k page, physical 8071812k(2064084k free), swap 33237636k(3872k free)

vm_info: OpenJDK 64-Bit Server VM (25.112-b06) for windows-amd64 JRE (1.8.0_112-release-b06), built on Dec  8 2016 00:54:26 by "builder" with MS VC++ 10.0 (VS2010)

time: Fri Jan 19 17:31:48 2018
elapsed time: 3 seconds (0d 0h 0m 3s)

