#
# There is insufficient memory for the Java Runtime Environment to continue.
# Native memory allocation (malloc) failed to allocate 684976 bytes for Chunk::new
# Possible reasons:
#   The system is out of physical RAM or swap space
#   In 32 bit mode, the process size limit was hit
# Possible solutions:
#   Reduce memory load on the system
#   Increase physical memory or swap space
#   Check if swap backing store is full
#   Use 64 bit Java on a 64 bit OS
#   Decrease Java heap size (-Xmx/-Xms)
#   Decrease number of Java threads
#   Decrease Java thread stack sizes (-Xss)
#   Set larger code cache with -XX:ReservedCodeCacheSize=
# This output file may be truncated or incomplete.
#
#  Out of Memory Error (allocation.cpp:390), pid=7428, tid=0x0000000000000e00
#
# JRE version: OpenJDK Runtime Environment (8.0_112-b06) (build 1.8.0_112-release-b06)
# Java VM: OpenJDK 64-Bit Server VM (25.112-b06 mixed mode windows-amd64 compressed oops)
# Failed to write core dump. Minidumps are not enabled by default on client versions of Windows
#

---------------  T H R E A D  ---------------

Current thread (0x000000001ecb5000):  JavaThread "C2 CompilerThread0" daemon [_thread_in_native, id=3584, stack(0x0000000020620000,0x0000000020720000)]

Stack: [0x0000000020620000,0x0000000020720000]
[error occurred during error reporting (printing stack bounds), id 0xc0000005]

Native frames: (J=compiled Java code, j=interpreted, Vv=VM code, C=native code)


Current CompileTask:
C2:   1922 1293   !   4       com.android.dx.cf.code.BytecodeArray::parseInstruction (2764 bytes)


---------------  P R O C E S S  ---------------

Java Threads: ( => current thread )
  0x00000000054f0800 JavaThread "DestroyJavaVM" [_thread_blocked, id=8524, stack(0x0000000004eb0000,0x0000000004fb0000)]
  0x000000002007f000 JavaThread "Service Thread" daemon [_thread_blocked, id=6848, stack(0x0000000020920000,0x0000000020a20000)]
  0x0000000020079800 JavaThread "C1 CompilerThread2" daemon [_thread_blocked, id=7496, stack(0x0000000020820000,0x0000000020920000)]
  0x0000000020073000 JavaThread "C2 CompilerThread1" daemon [_thread_in_native, id=592, stack(0x0000000020720000,0x0000000020820000)]
=>0x000000001ecb5000 JavaThread "C2 CompilerThread0" daemon [_thread_in_native, id=3584, stack(0x0000000020620000,0x0000000020720000)]
  0x000000001ed17800 JavaThread "Attach Listener" daemon [_thread_blocked, id=13016, stack(0x0000000020520000,0x0000000020620000)]
  0x000000001ecd1800 JavaThread "Signal Dispatcher" daemon [_thread_blocked, id=13420, stack(0x0000000020420000,0x0000000020520000)]
  0x00000000055e5800 JavaThread "Finalizer" daemon [_thread_blocked, id=11352, stack(0x000000001ff20000,0x0000000020020000)]
  0x00000000055e0000 JavaThread "Reference Handler" daemon [_thread_blocked, id=11208, stack(0x000000001fe20000,0x000000001ff20000)]

Other Threads:
  0x000000001ec85800 VMThread [stack: 0x000000001fd20000,0x000000001fe20000] [id=15032]
  0x0000000020080000 WatcherThread [stack: 0x0000000020a20000,0x0000000020b20000] [id=13752]

VM state:not at safepoint (normal execution)

VM Mutex/Monitor currently owned by a thread: None

Heap:
 PSYoungGen      total 36864K, used 17133K [0x000000076ab00000, 0x000000076d400000, 0x00000007c0000000)
  eden space 31744K, 37% used [0x000000076ab00000,0x000000076b6bb780,0x000000076ca00000)
  from space 5120K, 99% used [0x000000076ca00000,0x000000076ceffcd8,0x000000076cf00000)
  to   space 5120K, 0% used [0x000000076cf00000,0x000000076cf00000,0x000000076d400000)
 ParOldGen       total 84992K, used 1173K [0x00000006c0000000, 0x00000006c5300000, 0x000000076ab00000)
  object space 84992K, 1% used [0x00000006c0000000,0x00000006c0125610,0x00000006c5300000)
 Metaspace       used 6561K, capacity 7320K, committed 7680K, reserved 1056768K
  class space    used 624K, capacity 656K, committed 768K, reserved 1048576K

Card table byte_map: [0x00000000149b0000,0x00000000151c0000] byte_map_base: 0x00000000113b0000

Marking Bits: (ParMarkBitMap*) 0x00000000688618f0
 Begin Bits: [0x0000000015b20000, 0x0000000019b20000)
 End Bits:   [0x0000000019b20000, 0x000000001db20000)

Polling page: 0x0000000003350000

CodeCache: size=245760Kb used=6099Kb max_used=6099Kb free=239660Kb
 bounds [0x00000000055f0000, 0x0000000005bf0000, 0x00000000145f0000]
 total_blobs=1884 nmethods=1609 adapters=188
 compilation: enabled

Compilation events (10 events):
Event: 1.734 Thread 0x0000000020079800 nmethod 1342 0x0000000005b56d50 code [0x0000000005b56ea0, 0x0000000005b56fb0]
Event: 1.734 Thread 0x0000000020079800 1349       3       com.android.dx.rop.cst.CstType::<init> (46 bytes)
Event: 1.734 Thread 0x0000000020079800 nmethod 1349 0x0000000005b57010 code [0x0000000005b571c0, 0x0000000005b57658]
Event: 1.734 Thread 0x0000000020079800 1355       3       java.util.HashMap$HashIterator::nextNode (100 bytes)
Event: 1.734 Thread 0x0000000020079800 nmethod 1355 0x0000000005b57850 code [0x0000000005b57a00, 0x0000000005b57ef8]
Event: 1.734 Thread 0x0000000020079800 1356       3       com.android.dx.dex.code.OutputFinisher::addConstants (68 bytes)
Event: 1.735 Thread 0x0000000020079800 nmethod 1356 0x0000000005b58110 code [0x0000000005b583c0, 0x0000000005b59908]
Event: 1.735 Thread 0x0000000020079800 1350       1       com.android.dx.rop.code.LocalItem::getSignature (5 bytes)
Event: 1.735 Thread 0x0000000020079800 nmethod 1350 0x0000000005b5a490 code [0x0000000005b5a5e0, 0x0000000005b5a6f0]
Event: 1.735 Thread 0x0000000020079800 1347       3       com.android.dx.rop.annotation.NameValuePair::hashCode (19 bytes)

GC Heap History (2 events):
Event: 1.589 GC heap before
{Heap before GC invocations=1 (full 0):
 PSYoungGen      total 36864K, used 31744K [0x000000076ab00000, 0x000000076d400000, 0x00000007c0000000)
  eden space 31744K, 100% used [0x000000076ab00000,0x000000076ca00000,0x000000076ca00000)
  from space 5120K, 0% used [0x000000076cf00000,0x000000076cf00000,0x000000076d400000)
  to   space 5120K, 0% used [0x000000076ca00000,0x000000076ca00000,0x000000076cf00000)
 ParOldGen       total 84992K, used 0K [0x00000006c0000000, 0x00000006c5300000, 0x000000076ab00000)
  object space 84992K, 0% used [0x00000006c0000000,0x00000006c0000000,0x00000006c5300000)
 Metaspace       used 5895K, capacity 6960K, committed 7040K, reserved 1056768K
  class space    used 569K, capacity 616K, committed 640K, reserved 1048576K
Event: 1.607 GC heap after
Heap after GC invocations=1 (full 0):
 PSYoungGen      total 36864K, used 5119K [0x000000076ab00000, 0x000000076d400000, 0x00000007c0000000)
  eden space 31744K, 0% used [0x000000076ab00000,0x000000076ab00000,0x000000076ca00000)
  from space 5120K, 99% used [0x000000076ca00000,0x000000076ceffcd8,0x000000076cf00000)
  to   space 5120K, 0% used [0x000000076cf00000,0x000000076cf00000,0x000000076d400000)
 ParOldGen       total 84992K, used 1173K [0x00000006c0000000, 0x00000006c5300000, 0x000000076ab00000)
  object space 84992K, 1% used [0x00000006c0000000,0x00000006c0125610,0x00000006c5300000)
 Metaspace       used 5895K, capacity 6960K, committed 7040K, reserved 1056768K
  class space    used 569K, capacity 616K, committed 640K, reserved 1048576K
}

Deoptimization events (10 events):
Event: 1.730 Thread 0x00000000201d5800 Uncommon trap: reason=class_check action=maybe_recompile pc=0x0000000005b48eec method=java.util.Arrays.hashCode([Ljava/lang/Object;)I @ 43
Event: 1.730 Thread 0x00000000201d5800 Uncommon trap: reason=class_check action=maybe_recompile pc=0x0000000005b48eec method=java.util.Arrays.hashCode([Ljava/lang/Object;)I @ 43
Event: 1.730 Thread 0x00000000201d5800 Uncommon trap: reason=class_check action=maybe_recompile pc=0x0000000005b48eec method=java.util.Arrays.hashCode([Ljava/lang/Object;)I @ 43
Event: 1.730 Thread 0x00000000201d5800 Uncommon trap: reason=class_check action=maybe_recompile pc=0x0000000005b48eec method=java.util.Arrays.hashCode([Ljava/lang/Object;)I @ 43
Event: 1.730 Thread 0x00000000201d5800 Uncommon trap: reason=class_check action=maybe_recompile pc=0x0000000005a37690 method=java.util.Arrays.hashCode([Ljava/lang/Object;)I @ 43
Event: 1.732 Thread 0x00000000201d5800 Uncommon trap: reason=class_check action=maybe_recompile pc=0x0000000005a66bf4 method=java.util.HashMap.putVal(ILjava/lang/Object;Ljava/lang/Object;ZZ)Ljava/lang/Object; @ 203
Event: 1.732 Thread 0x00000000201d5800 Uncommon trap: reason=class_check action=maybe_recompile pc=0x0000000005a66bf4 method=java.util.HashMap.putVal(ILjava/lang/Object;Ljava/lang/Object;ZZ)Ljava/lang/Object; @ 203
Event: 1.732 Thread 0x00000000201d5800 Uncommon trap: reason=class_check action=maybe_recompile pc=0x0000000005a66bf4 method=java.util.HashMap.putVal(ILjava/lang/Object;Ljava/lang/Object;ZZ)Ljava/lang/Object; @ 203
Event: 1.732 Thread 0x00000000201d5800 Uncommon trap: reason=class_check action=maybe_recompile pc=0x0000000005a66bf4 method=java.util.HashMap.putVal(ILjava/lang/Object;Ljava/lang/Object;ZZ)Ljava/lang/Object; @ 203
Event: 1.732 Thread 0x00000000201d5800 Uncommon trap: reason=class_check action=maybe_recompile pc=0x0000000005a0b128 method=java.util.HashMap.putVal(ILjava/lang/Object;Ljava/lang/Object;ZZ)Ljava/lang/Object; @ 203

Internal exceptions (3 events):
Event: 0.285 Thread 0x00000000054f0800 Exception <a 'java/lang/NoSuchMethodError': Method sun.misc.Unsafe.defineClass(Ljava/lang/String;[BII)Ljava/lang/Class; name or signature does not match> (0x000000076ab07c78) thrown at [C:\src\android\AOSP-openjdk\external\jetbrains\jdk\hotspot\src\share\v¨ÒúzDÒ?
Event: 0.285 Thread 0x00000000054f0800 Exception <a 'java/lang/NoSuchMethodError': Method sun.misc.Unsafe.prefetchRead(Ljava/lang/Object;J)V name or signature does not match> (0x000000076ab07f60) thrown at [C:\src\android\AOSP-openjdk\external\jetbrains\jdk\hotspot\src\share\vm\prims\jni.cpp, l„kç¢^ú?
Event: 1.648 Thread 0x00000000201c2800 Implicit null exception at 0x0000000005905ee2 to 0x0000000005905fe2

Events (10 events):
Event: 1.732 Thread 0x00000000201d5800 DEOPT PACKING pc=0x0000000005a66bf4 sp=0x00000000228eeeb0
Event: 1.732 Thread 0x00000000201d5800 DEOPT UNPACKING pc=0x000000000563556a sp=0x00000000228eede8 mode 2
Event: 1.732 Thread 0x00000000201d5800 Uncommon trap: trap_request=0xffffffde fr.pc=0x0000000005a66bf4
Event: 1.732 Thread 0x00000000201d5800 DEOPT PACKING pc=0x0000000005a66bf4 sp=0x00000000228eeeb0
Event: 1.732 Thread 0x00000000201d5800 DEOPT UNPACKING pc=0x000000000563556a sp=0x00000000228eede8 mode 2
Event: 1.732 Thread 0x00000000201d5800 Uncommon trap: trap_request=0xffffffde fr.pc=0x0000000005a0b128
Event: 1.732 Thread 0x00000000201d5800 DEOPT PACKING pc=0x0000000005a0b128 sp=0x00000000228eee30
Event: 1.732 Thread 0x00000000201d5800 DEOPT UNPACKING pc=0x000000000563556a sp=0x00000000228eede8 mode 2
Event: 1.733 loading class com/android/dx/dex/file/CatchStructs
Event: 1.733 loading class com/android/dx/dex/file/CatchStructs done


Dynamic libraries:
0x00007ff722430000 - 0x00007ff722461000 	C:\Program Files\Android\Android Studio\jre\bin\java.exe
0x00007fffa0ef0000 - 0x00007fffa10d0000 	C:\WINDOWS\SYSTEM32\ntdll.dll
0x00007fff9e8d0000 - 0x00007fff9e97e000 	C:\WINDOWS\System32\KERNEL32.DLL
0x00007fff9de90000 - 0x00007fff9e0f6000 	C:\WINDOWS\System32\KERNELBASE.dll
0x00007fffa09a0000 - 0x00007fffa0a41000 	C:\WINDOWS\System32\ADVAPI32.dll
0x00007fff9f250000 - 0x00007fff9f2ed000 	C:\WINDOWS\System32\msvcrt.dll
0x00007fff9e5c0000 - 0x00007fff9e61b000 	C:\WINDOWS\System32\sechost.dll
0x00007fffa0be0000 - 0x00007fffa0cff000 	C:\WINDOWS\System32\RPCRT4.dll
0x00007fff9e6d0000 - 0x00007fff9e85f000 	C:\WINDOWS\System32\USER32.dll
0x00007fff9d550000 - 0x00007fff9d570000 	C:\WINDOWS\System32\win32u.dll
0x00007fff9e590000 - 0x00007fff9e5b8000 	C:\WINDOWS\System32\GDI32.dll
0x00007fff9e220000 - 0x00007fff9e3b3000 	C:\WINDOWS\System32\gdi32full.dll
0x00007fff9e100000 - 0x00007fff9e19b000 	C:\WINDOWS\System32\msvcp_win.dll
0x00007fff9d3a0000 - 0x00007fff9d496000 	C:\WINDOWS\System32\ucrtbase.dll
0x00007fff8cf90000 - 0x00007fff8d1f9000 	C:\WINDOWS\WinSxS\amd64_microsoft.windows.common-controls_6595b64144ccf1df_6.0.16299.125_none_15cbcf8893620c09\COMCTL32.dll
0x00007fff9ef40000 - 0x00007fff9f248000 	C:\WINDOWS\System32\combase.dll
0x00007fff9e1a0000 - 0x00007fff9e212000 	C:\WINDOWS\System32\bcryptPrimitives.dll
0x00007fff9e560000 - 0x00007fff9e58d000 	C:\WINDOWS\System32\IMM32.DLL
0x0000000068fc0000 - 0x0000000069092000 	C:\Program Files\Android\Android Studio\jre\jre\bin\msvcr100.dll
0x00000000680a0000 - 0x00000000688dc000 	C:\Program Files\Android\Android Studio\jre\jre\bin\server\jvm.dll
0x00007fff9f2f0000 - 0x00007fff9f2f8000 	C:\WINDOWS\System32\PSAPI.DLL
0x00007fff98b70000 - 0x00007fff98b79000 	C:\WINDOWS\SYSTEM32\WSOCK32.dll
0x00007fffa0930000 - 0x00007fffa099c000 	C:\WINDOWS\System32\WS2_32.dll
0x00007fff99350000 - 0x00007fff99373000 	C:\WINDOWS\SYSTEM32\WINMM.dll
0x00007fff9a310000 - 0x00007fff9a31a000 	C:\WINDOWS\SYSTEM32\VERSION.dll
0x00007fff992f0000 - 0x00007fff9931a000 	C:\WINDOWS\SYSTEM32\WINMMBASE.dll
0x00007fff9d2f0000 - 0x00007fff9d33a000 	C:\WINDOWS\System32\cfgmgr32.dll
0x00007fff98b60000 - 0x00007fff98b6f000 	C:\Program Files\Android\Android Studio\jre\jre\bin\verify.dll
0x00007fff8e150000 - 0x00007fff8e179000 	C:\Program Files\Android\Android Studio\jre\jre\bin\java.dll
0x00007fff8e440000 - 0x00007fff8e456000 	C:\Program Files\Android\Android Studio\jre\jre\bin\zip.dll
0x00007fff9f3f0000 - 0x00007fffa0826000 	C:\WINDOWS\System32\SHELL32.dll
0x00007fff9e620000 - 0x00007fff9e6c6000 	C:\WINDOWS\System32\shcore.dll
0x00007fff9d740000 - 0x00007fff9de87000 	C:\WINDOWS\System32\windows.storage.dll
0x00007fffa0830000 - 0x00007fffa0881000 	C:\WINDOWS\System32\shlwapi.dll
0x00007fff9d240000 - 0x00007fff9d251000 	C:\WINDOWS\System32\kernel.appcore.dll
0x00007fff9d2a0000 - 0x00007fff9d2ec000 	C:\WINDOWS\System32\powrprof.dll
0x00007fff9d280000 - 0x00007fff9d29b000 	C:\WINDOWS\System32\profapi.dll

VM Arguments:
jvm_args: -Djava.awt.headless=true -Xmx4g -Dfile.encoding=GBK -Duser.country=CN -Duser.language=zh -Duser.variant 
java_command: com.android.dx.command.Main --dex --force-jumbo --num-threads=4 --multi-dex --output D:\works\ZYJXObject\app\build\intermediates\transforms\dex\debug\folders\1000\2\umeng_shareboard_widget_b5c8c2bcac396d70e139e766492fd94e00ababc1 D:\works\ZYJXObject\app\libs\umeng_shareboard_widget.jar
java_class_path (initial): C:\Users\User\AppData\Local\Android\sdk\build-tools\26.0.0\lib\dx.jar
Launcher Type: SUN_STANDARD

Environment Variables:
JAVA_HOME=C:\Program Files\Java\jdk1.8.0_45
PATH=C:\ProgramData\Oracle\Java\javapath;C:\WINDOWS\system32;C:\WINDOWS;C:\WINDOWS\System32\Wbem;C:\WINDOWS\System32\WindowsPowerShell\v1.0\;C:\Program Files\Java\jdk1.8.0_45\bin;C:\Program Files\Java\jdk1.8.0_45\jre\bin;C:\Program Files (x86)\GtkSharp\2.12\bin;C:\Users\User\AppData\Local\Microsoft\WindowsApps;C:\Users\User\AppData\Local\GitHubDesktop\bin
USERNAME=User
OS=Windows_NT
PROCESSOR_IDENTIFIER=Intel64 Family 6 Model 158 Stepping 9, GenuineIntel



---------------  S Y S T E M  ---------------

OS: Windows 10.0 , 64 bit Build 16299 (10.0.16299.15)

CPU:total 4 (4 cores per cpu, 1 threads per core) family 6 model 158 stepping 9, cmov, cx8, fxsr, mmx, sse, sse2, sse3, ssse3, sse4.1, sse4.2, popcnt, avx, avx2, aes, clmul, erms, 3dnowpref, lzcnt, tsc, tscinvbit, bmi1, bmi2, adx

Memory: 4k page, physical 8071812k(2258996k free), swap 33237636k(787824k free)

vm_info: OpenJDK 64-Bit Server VM (25.112-b06) for windows-amd64 JRE (1.8.0_112-release-b06), built on Dec  8 2016 00:54:26 by "builder" with MS VC++ 10.0 (VS2010)

time: Fri Jan 19 17:32:21 2018
elapsed time: 1 seconds (0d 0h 0m 1s)

